1861685 -69
1862189 -65
1862690 -65
1863199 -64
1863706 -68
1864213 -67
1864715 -64
1865222 -69
1865728 -68
1866237 -63
1866746 -64
1867257 -64
1867761 -63
1868270 -64
1868773 -63
1869275 -63
1869777 -64
1870284 -64
1870790 -63
1871298 -63
1871797 -64
1872301 -64
1872803 -62
1873307 -64
1873810 -67
1874319 -63
1874820 -65
1875332 -64
1875834 -63
1876336 -64
1876846 -64
1877355 -63
1877864 -64
1878370 -66
1878874 -63
1879378 -64
1879884 -64
1880386 -63
1880895 -63
1881403 -64
1881914 -65
1882420 -63
1882926 -64
1883437 -64
1883944 -63
1884449 -65
1884955 -68
1885457 -62
1885957 -64
1886466 -64
1886966 -62
1887465 -64
1887976 -64
1888485 -62
1889496 -64
1890000 -64
1890500 -62
1891005 -64
1891516 -68
1892026 -64
1893035 -70
1893543 -72
1894043 -77
1894551 -76
1895051 -70
1895551 -76
1896054 -71
1896562 -70
1897066 -77
1897569 -72
1898074 -69
1898580 -77
1899089 -71
1899592 -71
1900094 -70
1900601 -75
1901103 -73
1901605 -69
1902113 -76
1902619 -72
1903125 -69
1903624 -76
1904129 -73
1905143 -78
1905650 -72
1906151 -70
1906651 -76
1907162 -73
1907662 -69
1908166 -76
1908671 -73
1909176 -70
1909682 -76
1910185 -74
1910693 -74
1911202 -70
1911707 -76
1912214 -74
1912717 -70
1913218 -76
1913721 -73
1914224 -70
1914723 -77
1915229 -73
1915737 -70
1916239 -78
1916750 -73
1917256 -70
1917761 -77
1918267 -74
1918773 -70
1919281 -77
1919791 -74
1920292 -74
1920795 -70
1921295 -78
1921802 -73
1922310 -70
1922813 -75
1923323 -71
1923823 -74
1924326 -83
1924835 -78
1925342 -72
1925851 -80
1926356 -76
1926863 -73
1927369 -77
1927872 -77
1928380 -72
1928883 -78
1929899 -77
1930404 -71
1930904 -77
1931411 -77
1931911 -72
1932416 -77
1932920 -77
1933426 -71
1933927 -77
1934437 -77
1934938 -72
1935446 -77
1936459 -72
1936961 -77
1937468 -77
1938474 -77
1939485 -73
1939990 -77
1940493 -77
1941000 -75
1941503 -73
1942009 -77
1942514 -77
1943019 -73
1943519 -78
1944023 -76
1944527 -73
1945030 -78
1945533 -76
1946041 -72
1946547 -77
1947051 -76
1947551 -72
1948055 -77
1948567 -77
1949069 -72
1949569 -77
1950081 -76
1950586 -72
1951093 -73
1951594 -77
1952098 -76
1952599 -73
1953100 -82
1953610 -76
1954111 -76
1954614 -79
1955119 -82
1956631 -80
1957131 -74
1958146 -80
1958652 -74
1959152 -90
1959655 -80
1960155 -74
1960655 -88
1961158 -80
1961659 -74
1962674 -79
1963177 -74
1964192 -79
1964700 -79
1965204 -75
1966210 -80
1966716 -74
1967723 -80
1968229 -74
1969238 -80
1969738 -74
1970755 -80
1971256 -74
1972263 -79
1972763 -74
1973772 -79
1974277 -74
1975286 -79
1975790 -74
1976298 -74
1977310 -79
1977817 -74
1978822 -79
1979323 -74
1980338 -79
1980843 -74
1981853 -79
1982357 -73
1982857 -81
