48733 -67
49233 -66
51768 -67
52277 -70
52782 -65
53282 -67
53791 -70
54297 -66
54799 -67
55311 -70
55815 -66
56315 -67
56824 -70
57333 -66
60368 -76
60875 -70
61382 -72
61885 -75
62390 -69
62896 -72
63401 -74
63905 -69
64406 -73
64915 -74
65926 -73
66429 -75
66932 -69
69464 -73
69973 -77
70482 -71
70991 -72
71498 -75
72003 -72
72505 -72
73016 -74
73525 -72
74529 -74
79066 -72
79578 -74
80083 -70
80588 -72
81093 -72
81601 -72
82106 -72
82615 -76
83120 -72
83627 -72
87665 -76
88172 -72
89184 -76
89686 -72
90188 -75
90693 -74
91699 -77
92205 -75
93208 -77
93716 -75
94221 -74
94723 -77
95230 -75
95733 -74
98265 -77
98769 -75
99781 -77
100285 -80
100788 -76
101290 -78
101793 -81
102302 -79
102805 -83
103315 -84
103821 -80
104325 -84
107367 -80
107870 -83
108375 -85
108875 -80
109383 -82
109893 -89
110400 -75
110901 -78
111914 -81
112414 -79
112916 -81
113415 -82
113915 -80
114422 -81
114926 -83
115428 -80
118967 -80
119471 -81
119972 -82
120478 -85
120983 -77
