140042 -64
140546 -65
141055 -67
141566 -64
142070 -65
142577 -69
143079 -73
143584 -68
144084 -70
148634 -68
149135 -70
149638 -67
150147 -68
150651 -70
151158 -67
151659 -75
152161 -74
152664 -76
153167 -72
153668 -76
154172 -73
154678 -71
155183 -75
155690 -73
156189 -72
156688 -76
160233 -75
160745 -75
161245 -75
161745 -73
162253 -71
162761 -73
163269 -73
163774 -72
164276 -74
164776 -73
165780 -73
166281 -73
166785 -71
167288 -73
167789 -73
172332 -72
172836 -72
173344 -74
173850 -72
174353 -72
174857 -74
175360 -72
175868 -72
176377 -73
176878 -72
177383 -72
181432 -76
181938 -78
182443 -78
182949 -72
183452 -73
183958 -79
184460 -73
184969 -74
185469 -78
185973 -72
186473 -74
186981 -78
191535 -76
192043 -88
192552 -77
193055 -81
193563 -84
194073 -77
194574 -80
195077 -83
195583 -78
200636 -77
201144 -84
201650 -85
202156 -79
202664 -77
203165 -82
203675 -81
204177 -82
204679 -81
205185 -80
209234 -81
209742 -81
210247 -82
211255 -82
211759 -82
212262 -81
212763 -81
213268 -82
213773 -75
214275 -86
