27524 -74
28033 -82
28537 -66
29042 -72
31070 -73
31572 -83
32080 -66
32581 -73
33089 -84
33596 -66
34101 -72
35607 -72
36111 -81
36616 -66
37118 -72
37626 -82
38136 -71
38645 -82
41174 -85
41684 -74
42188 -86
42694 -87
43203 -74
43708 -85
44207 -88
44712 -73
45222 -85
45726 -85
46229 -74
46733 -84
47235 -87
47745 -76
50773 -78
51283 -75
51791 -81
52292 -77
53307 -81
53807 -77
54317 -75
54817 -81
55320 -77
55831 -75
56333 -82
56833 -76
57343 -76
57844 -78
60368 -78
60874 -80
61382 -81
61891 -79
62395 -80
62899 -81
63402 -78
63905 -79
64916 -78
65425 -80
65928 -80
66431 -77
66941 -80
69468 -87
69970 -84
70474 -76
70977 -85
71479 -85
71985 -75
72494 -85
72996 -84
73498 -76
73998 -86
74504 -83
75010 -76
75519 -84
76019 -85
76522 -75
77024 -84
77526 -83
78037 -85
78545 -84
79044 -88
83071 -78
84587 -78
86098 -78
87614 -78
88116 -88
89630 -93
90129 -86
90633 -81
91646 -86
93669 -88
94177 -81
94686 -89
95692 -81
96201 -89
96708 -88
97213 -81
97721 -88
98230 -87
98733 -78
