1922841 -82
1922916 -84
1922939 -84
1923007 -83
1923030 -83
1923104 -82
1923129 -82
1923223 -84
1923244 -84
1923328 -82
1923402 -82
1923429 -82
1923502 -84
1923529 -84
1923604 -83
1923625 -83
1923722 -83
1923750 -83
1923803 -84
1923826 -85
1923846 -85
1923922 -83
1923949 -83
1924022 -83
1924048 -82
1924122 -84
1924148 -84
1924202 -84
1924224 -84
1924246 -84
1924301 -83
1924324 -83
1924403 -84
1924431 -84
1924503 -83
1924527 -84
1924605 -82
1924626 -82
1924703 -83
1924732 -83
1924807 -81
1924831 -81
1924925 -81
1925009 -82
1925040 -82
1925114 -81
1925134 -81
1925208 -80
1925231 -80
1925303 -81
1925332 -81
1925410 -81
1925435 -81
1925509 -81
1925539 -80
1925613 -82
1925706 -82
1925729 -82
1925804 -80
1925829 -80
1925927 -82
1926017 -82
1926040 -82
1926111 -80
1926133 -80
1926213 -83
1926237 -83
1926306 -82
1926404 -80
1926427 -81
1926450 -80
1926524 -82
1926548 -82
1926604 -81
1926633 -81
1926711 -80
1926737 -80
1926818 -82
1926845 -82
1926913 -81
1926939 -81
1927019 -80
1927042 -80
1927121 -82
1927147 -82
1927224 -81
1927246 -82
1927316 -80
1927343 -80
1927442 -82
1927515 -81
1927539 -82
1927612 -79
1927632 -80
1927702 -82
1927726 -82
1927805 -82
1927833 -82
1927909 -80
1927938 -79
1928015 -82
1928044 -82
1928120 -82
1928148 -82
1928230 -80
1928306 -82
1928332 -82
1928402 -83
1928423 -83
1928449 -82
1928525 -80
1928546 -80
1928621 -83
1928641 -83
1928711 -82
1928741 -82
1928822 -80
1928844 -80
1928916 -83
1928945 -83
1929010 -83
1929034 -82
1929107 -80
1929136 -80
1929216 -83
1929244 -83
1929314 -83
1929335 -83
1929408 -80
1929431 -80
1929522 -83
1929549 -83
1929625 -82
1929650 -83
1929727 -80
1929750 -80
1929816 -83
1929838 -83
1929919 -83
1929945 -83
1930019 -80
1930046 -80
1930111 -83
1930133 -83
1930202 -82
1930231 -83
1930330 -80
1930404 -83
1930433 -83
1930512 -82
1930534 -83
1930607 -80
1930635 -80
1930710 -83
1930737 -83
1930813 -82
1930837 -82
1930904 -80
1930934 -80
1931013 -83
1931041 -83
1931106 -82
1931127 -82
1931203 -80
1931224 -79
1931250 -80
1931328 -83
1931406 -82
1931431 -82
1931505 -80
1931530 -80
1931604 -83
1931625 -83
1931704 -82
1931729 -83
1931806 -80
1931828 -80
1931904 -83
1931924 -83
1931949 -83
1932013 -82
1932038 -83
1932110 -80
1932138 -80
1932209 -83
1932236 -83
1932313 -83
1932415 -80
1932438 -80
1932514 -83
1932538 -84
1932613 -83
1932634 -83
1932711 -80
1932735 -80
1932830 -83
1932914 -83
1932938 -83
1933012 -80
1933038 -80
1933113 -83
1933136 -83
1933214 -83
1933243 -83
1933315 -80
1933344 -81
1933417 -83
1933443 -84
1933515 -84
1933538 -85
1933611 -81
1933636 -82
1933708 -83
1933735 -83
1933833 -86
1933904 -83
1933927 -83
1934012 -82
1934038 -83
1934115 -87
1934135 -87
1934205 -85
1934228 -86
1934250 -87
1934318 -87
1934339 -88
1934410 -87
1934512 -84
1934541 -85
1934624 -87
1934647 -85
1934738 -89
1934813 -84
1934841 -84
1934920 -87
1934941 -86
1935113 -87
1935134 -87
1935209 -86
1935232 -86
1935334 -89
1935409 -87
1935439 -87
1935525 -86
1935546 -86
1935617 -89
1935645 -88
1935728 -86
1935814 -86
1935840 -85
1935919 -88
1936021 -85
1936049 -85
1936103 -84
1936128 -85
1936211 -88
1936239 -88
1936303 -84
1936332 -85
1936402 -85
1936430 -85
1936503 -88
1936610 -84
1936639 -85
1936708 -84
1936731 -85
1936824 -87
1936848 -88
1936903 -84
1936928 -85
1936950 -85
1937003 -85
1937027 -85
1937103 -88
1937128 -87
1937205 -85
1937228 -85
1937249 -85
1937321 -85
1937347 -85
1937424 -88
1937450 -89
1937502 -84
1937529 -84
1937626 -85
1937721 -87
1937746 -88
1937817 -84
1937846 -84
1937918 -85
1937943 -84
1938043 -88
1938120 -84
1938143 -84
1938215 -85
1938244 -84
1938314 -89
1938334 -88
1938421 -85
1938444 -84
1938521 -85
1938541 -85
1938609 -87
1938628 -88
1938650 -87
1938724 -84
1938750 -84
1938802 -84
1938824 -85
1938924 -89
1938951 -87
1939018 -84
1939041 -85
1939125 -85
1939149 -85
1939219 -87
1939249 -89
1939322 -85
1939346 -84
1939425 -85
1939510 -87
1939539 -88
1939619 -84
1939648 -84
1939722 -84
1939745 -84
1939822 -88
1939913 -84
1939941 -85
1940017 -84
1940044 -85
1940120 -88
1940143 -87
1940226 -84
1940250 -84
1940304 -85
1940332 -85
1940421 -87
1940444 -88
1940501 -85
1940526 -85
1940605 -85
1940626 -85
1940646 -85
1940723 -88
1940803 -84
1940826 -84
1940928 -85
1941025 -89
1941119 -84
1941144 -85
1941217 -85
1941242 -85
1941344 -90
1941422 -85
1941444 -84
1941521 -84
1941544 -85
1941640 -87
1941715 -85
1941742 -84
1941814 -85
1941840 -85
1941920 -87
1941945 -88
1942021 -85
1942050 -85
1942132 -84
1942206 -88
1942236 -87
1942308 -84
1942335 -84
1942420 -85
1942445 -85
1942512 -88
1942533 -88
1942627 -84
1942707 -85
1942807 -88
1942832 -89
1942905 -85
1942935 -85
1943011 -86
1943041 -86
1943106 -88
1943127 -89
1943148 -89
1943228 -85
1943249 -85
1943306 -86
1943329 -85
1943443 -89
1943517 -87
1943543 -88
1943625 -87
1943708 -86
1943729 -85
1943750 -88
1943820 -86
1943846 -87
1943925 -88
1943950 -87
1944019 -88
1944106 -85
1944133 -85
1944205 -84
1944230 -85
1944503 -85
1944529 -85
1944603 -90
1944626 -90
1944724 -89
1944806 -86
1944832 -87
1945019 -88
1945041 -88
1945114 -90
1945135 -89
1945229 -91
1945319 -89
1945346 -89
1945404 -90
1945427 -90
1945449 -90
1945540 -90
1945624 -90
1945725 -89
1945918 -89
1945943 -89
1946021 -89
1946044 -91
1946228 -89
1946304 -89
1946327 -90
1946349 -89
1946520 -89
1946603 -89
1946623 -89
1946643 -89
1946830 -90
1946916 -89
1947222 -89
1947506 -89
1947535 -89
1947728 -90
1947805 -89
1947834 -89
1948122 -90
1948149 -89
1948413 -90
1948440 -89
1948608 -89
1948632 -89
1948740 -89
1948908 -90
1948932 -90
1949002 -89
1949027 -88
1949244 -90
1949319 -89
1949344 -89
1949520 -90
1949605 -89
1949633 -89
1949831 -89
1949913 -89
1950113 -90
1950207 -89
1950231 -89
1950414 -90
1950541 -89
1950806 -89
1950835 -89
1951112 -90
1951134 -90
1951306 -89
1951408 -89
1951434 -89
1951609 -89
1951711 -89
1951738 -89
1952003 -89
1952026 -89
1952046 -89
1952245 -90
1952324 -90
1952350 -89
1952536 -90
1952614 -89
1952640 -89
1952905 -89
1952925 -89
1953112 -90
1953136 -90
1953217 -90
1953239 -90
1953521 -92
1953548 -91
1953628 -88
1953706 -85
1953731 -85
1953801 -86
1953830 -87
1953928 -90
1954004 -90
1954027 -90
1954049 -89
1954103 -87
1954133 -87
1954307 -91
1954333 -91
1954607 -88
1954627 -89
1954932 -88
1955515 -90
1956110 -90
1956421 -91
1956711 -89
1956740 -90
1957016 -91
1957316 -89
1957616 -90
1957642 -91
1957914 -89
1957938 -90
1958208 -91
1958508 -90
1958535 -91
1959426 -90
1960022 -90
1960042 -90
1960124 -94
1960308 -89
1960333 -88
1960403 -92
1960449 -93
1960705 -93
1960915 -89
1960937 -89
1961032 -92
1961202 -90
1961228 -89
1961347 -92
1961603 -93
1961649 -92
1961801 -90
1961911 -92
1961940 -93
1962112 -90
1962134 -89
1962410 -90
1962702 -90
1962828 -91
1963019 -90
1963123 -92
1963144 -92
1963322 -91
1963604 -89
1963630 -90
1963730 -89
1964019 -89
1964233 -88
1964313 -93
1964508 -89
1964822 -89
1964929 -92
1965120 -87
1965143 -89
1965425 -88
1965446 -89
1965709 -88
1965733 -89
1966033 -89
1966314 -88
1966342 -89
1966608 -89
1966630 -90
1966906 -89
1966932 -90
1967238 -90
1967517 -90
1967538 -90
1967802 -89
1968135 -90
1968417 -89
1968442 -89
1968708 -89
1969005 -89
1969308 -89
1969602 -89
1969903 -89
1970224 -89
1970526 -90
1970806 -88
1970836 -89
1971141 -89
1971426 -89
1971447 -89
1971705 -89
1971730 -89
1972001 -89
1972031 -89
1972321 -89
1972344 -89
1972649 -89
1972916 -89
1972945 -89
1973224 -92
1973909 -89
1973934 -89
1974222 -90
1974427 -89
1974450 -89
1974529 -92
1978735 -94
1982349 -94
1985022 -88
1985048 -88
1986110 -91
1986132 -91
1986413 -90
1987349 -91
1989445 -92
