354301 -52
354329 -53
354411 -53
354437 -53
354503 -56
354626 -53
354697 -53
354718 -53
354795 -61
354818 -61
354840 -61
354895 -51
354923 -52
354993 -52
355018 -52
355040 -51
355114 -61
355139 -61
355203 -54
355223 -52
355297 -52
355326 -52
355410 -57
355436 -58
355508 -52
355531 -52
355614 -52
355641 -54
355708 -57
355732 -57
355807 -52
355829 -52
355907 -52
355932 -52
356001 -63
356026 -59
356100 -52
356125 -52
356195 -52
356215 -52
356236 -52
356316 -55
356339 -58
356402 -53
356425 -51
356500 -53
356521 -52
356599 -57
356619 -57
356640 -57
356714 -53
356741 -52
356810 -52
356839 -55
356910 -57
356936 -58
357010 -53
357036 -53
357118 -53
357200 -56
357229 -61
357305 -51
357326 -53
357406 -52
357433 -52
357510 -58
357533 -58
357600 -53
357627 -53
357704 -52
357725 -52
357802 -59
357825 -59
357896 -53
357922 -53
357995 -53
358015 -53
358038 -53
358111 -56
358136 -56
358205 -52
358225 -52
358316 -53
358337 -53
358410 -57
358433 -57
358513 -52
358541 -52
358592 -53
358617 -53
358715 -56
358740 -56
358817 -52
358841 -52
358921 -53
359001 -57
359025 -57
359098 -52
359124 -52
359197 -53
359219 -53
359295 -60
359322 -58
359405 -52
359430 -51
359515 -52
359541 -52
359615 -57
359637 -57
359708 -52
359734 -52
359811 -52
359834 -52
359892 -58
359916 -58
359939 -58
359996 -52
360019 -52
360101 -52
360126 -52
360202 -57
360228 -58
360307 -52
360333 -50
360407 -52
360437 -52
360514 -57
360535 -59
360610 -52
360635 -52
360715 -53
360737 -52
360813 -57
360833 -57
360909 -51
360933 -52
361012 -52
361034 -53
361118 -57
361196 -51
361225 -51
361298 -52
361319 -52
361340 -52
361414 -57
361439 -57
361493 -51
361514 -51
361541 -52
361619 -52
361640 -52
361712 -57
361742 -57
361796 -51
361818 -51
361911 -52
361934 -52
362015 -57
362037 -57
362104 -51
362125 -52
362198 -53
362223 -52
362314 -57
362341 -57
362395 -52
362421 -52
362500 -52
362523 -52
362608 -57
362633 -57
362704 -52
362727 -52
362802 -52
362825 -52
362907 -57
362933 -57
363010 -52
363034 -52
363108 -55
363137 -52
363208 -57
363233 -57
363303 -52
363326 -52
363402 -52
363426 -52
363500 -57
363530 -57
363604 -52
363627 -52
363698 -52
363721 -52
363796 -57
363825 -59
363893 -52
363921 -52
364003 -52
364033 -52
364110 -57
364131 -57
364204 -52
364232 -52
364300 -52
364322 -52
364394 -60
364419 -60
364513 -53
364540 -53
364606 -53
364635 -53
364709 -58
364733 -64
364808 -54
364830 -54
364901 -55
364924 -55
365008 -59
365030 -59
365114 -56
365135 -56
365220 -58
365301 -66
365330 -65
365401 -55
365421 -55
365499 -56
365528 -56
365602 -59
365623 -59
365698 -55
365724 -55
365815 -55
365841 -55
365892 -66
365914 -66
365936 -65
366005 -57
366027 -57
366102 -57
366126 -57
366205 -68
366225 -68
366301 -57
366322 -57
366399 -57
366425 -57
366498 -64
366527 -63
366595 -57
366625 -57
366703 -58
366726 -57
366812 -63
366841 -68
366911 -56
366932 -56
367005 -57
367026 -57
367099 -68
367126 -68
367196 -56
367220 -56
367241 -56
367295 -58
367325 -57
367402 -63
367424 -68
367497 -56
367522 -57
367596 -58
367624 -58
367712 -68
367737 -68
367808 -57
367831 -56
367912 -58
367942 -58
368015 -63
368039 -63
368111 -57
368139 -57
368212 -58
368232 -58
368302 -63
368323 -70
368411 -57
368432 -57
368516 -58
368595 -68
368619 -68
368639 -68
368701 -57
368723 -57
368808 -58
368835 -58
368911 -64
368932 -64
369013 -57
369037 -57
369105 -58
369127 -58
369202 -63
369227 -63
369300 -57
369329 -57
369408 -58
369435 -58
369507 -68
369535 -67
369637 -57
369711 -58
369738 -58
369821 -63
369894 -57
369915 -56
369936 -58
370009 -58
370031 -58
370103 -68
370124 -67
370210 -57
370238 -57
370313 -58
370336 -58
370408 -63
370429 -63
370506 -56
370530 -56
370598 -57
370622 -57
370693 -63
370715 -68
370794 -56
370817 -56
370841 -56
370918 -57
370940 -57
370993 -68
371020 -68
371097 -56
371124 -56
371213 -57
371235 -57
371321 -68
371396 -56
371416 -56
371442 -56
371511 -57
371538 -57
371610 -63
371637 -68
371708 -56
371736 -56
371805 -57
371826 -57
371896 -63
371921 -68
371996 -56
372024 -56
372100 -57
372126 -57
372194 -63
372219 -68
372296 -56
372321 -56
372397 -57
372423 -57
372506 -63
372534 -68
372607 -56
372632 -56
372704 -57
372728 -57
372811 -68
372839 -68
372912 -56
372942 -56
372995 -57
373022 -57
373100 -68
373128 -68
373196 -56
373217 -56
373240 -56
373310 -57
373337 -57
373413 -68
373438 -68
373511 -56
373534 -56
373613 -57
373641 -57
373707 -67
373734 -68
373809 -56
373832 -56
373910 -57
373934 -57
374009 -68
374037 -68
374114 -56
374134 -56
374203 -57
374227 -57
374299 -64
374325 -63
374396 -56
374426 -57
374505 -58
374528 -58
374608 -64
374629 -64
374705 -57
374732 -57
374810 -58
374833 -58
374910 -68
374933 -68
375012 -58
375038 -58
375112 -61
375136 -61
375213 -71
375238 -65
375307 -58
375332 -58
375410 -61
375438 -61
375506 -70
375530 -65
375597 -60
375626 -61
375705 -61
375733 -61
375830 -62
375910 -62
375937 -61
376007 -62
376032 -62
376104 -61
376134 -65
376208 -62
376230 -62
376308 -62
376337 -62
376410 -63
376430 -64
376501 -62
376597 -62
376622 -61
376699 -64
376720 -66
376792 -61
376821 -61
376911 -61
376937 -61
377004 -65
377029 -65
377109 -61
377135 -61
377210 -62
377232 -61
377303 -67
377330 -70
377402 -60
377427 -60
377507 -61
377534 -63
377612 -72
377635 -72
377711 -60
377740 -60
377813 -61
377893 -67
377916 -68
377935 -67
378009 -60
378038 -60
378114 -61
378136 -61
378197 -67
378217 -67
378292 -60
378317 -59
378341 -60
378411 -61
378434 -61
378513 -66
378540 -66
378593 -60
378617 -60
378693 -61
378715 -61
378737 -61
378810 -65
378837 -65
378915 -60
378938 -60
378994 -61
379023 -61
379098 -70
379122 -65
379196 -59
379221 -60
379242 -60
379314 -60
379413 -65
379511 -60
379536 -59
379603 -60
379629 -60
379702 -65
379724 -70
379812 -62
379836 -58
379919 -60
379941 -60
380016 -65
380037 -65
380119 -59
380204 -60
380224 -60
380303 -66
380325 -70
380398 -59
380418 -62
380440 -59
380511 -60
380537 -60
380611 -65
380632 -70
380705 -59
380725 -59
380807 -61
380831 -60
380907 -70
380936 -70
381011 -60
381039 -59
381094 -60
381122 -61
381193 -70
381221 -70
381292 -59
381315 -60
381397 -60
381497 -70
381519 -65
381597 -59
381618 -59
381641 -59
381720 -60
381797 -66
381824 -66
381894 -59
381923 -59
382018 -60
382111 -70
382131 -66
382208 -59
382237 -58
382308 -60
382336 -60
382409 -65
382437 -65
382512 -59
382538 -59
382613 -60
382641 -60
382711 -65
382739 -70
382812 -60
382836 -59
382916 -60
383017 -69
383113 -59
383141 -59
383217 -60
383239 -60
383317 -67
383339 -65
383396 -59
383421 -59
383519 -60
383541 -60
383614 -68
383712 -59
383737 -60
383793 -61
383820 -61
383901 -69
383922 -69
384001 -60
384023 -59
384092 -60
384117 -61
384139 -61
384194 -65
384214 -69
384292 -59
384322 -59
384416 -61
384440 -61
384496 -72
384521 -72
384596 -62
384623 -62
384695 -60
384722 -59
384805 -63
384828 -68
384913 -61
384937 -62
385020 -61
385112 -63
385136 -62
385217 -62
385297 -63
385320 -63
385395 -67
385424 -68
385494 -63
385523 -63
385610 -63
385631 -64
385708 -70
385730 -68
385801 -63
385830 -63
385910 -63
385933 -63
386006 -68
386035 -68
386109 -62
386131 -62
386205 -63
386230 -62
386307 -66
386332 -66
386400 -62
386422 -62
386513 -63
386538 -62
386615 -66
386635 -66
386717 -62
386815 -63
386911 -66
386936 -66
387011 -62
387034 -62
387105 -62
387128 -62
387200 -66
387222 -68
387314 -62
387416 -63
387440 -62
387495 -66
387523 -66
387596 -62
387616 -62
387641 -62
387694 -62
387718 -64
387798 -66
387822 -66
387901 -62
387928 -62
388004 -63
388027 -61
388104 -66
388132 -66
388209 -62
388232 -61
388301 -62
388323 -62
388393 -66
388421 -66
388493 -61
388521 -62
388614 -62
388699 -70
388721 -70
388804 -61
388830 -62
388900 -62
388922 -62
389001 -66
389029 -66
389097 -62
389125 -62
389209 -62
389239 -62
389318 -66
389411 -61
389433 -61
389505 -62
389528 -62
389610 -66
389635 -66
389710 -61
389736 -61
389800 -62
389829 -62
389900 -66
389926 -70
390005 -61
390029 -62
390104 -62
390127 -62
390195 -66
390215 -66
390295 -61
390321 -62
390398 -62
390426 -62
390502 -66
390532 -66
390604 -61
390633 -62
390710 -62
390732 -62
390810 -65
390832 -70
390930 -61
390997 -62
391024 -62
391094 -70
391125 -70
391194 -61
391215 -61
391310 -62
391331 -62
391399 -65
391427 -70
391494 -61
391516 -61
391595 -62
391617 -62
391710 -70
391734 -65
391809 -61
391834 -61
391910 -62
391934 -62
392017 -65
392095 -61
392121 -61
392211 -62
392311 -70
392334 -66
392408 -61
392433 -62
392508 -62
392534 -62
392601 -65
392625 -65
392704 -61
392727 -62
392812 -62
392836 -62
392907 -70
393000 -61
393025 -62
393098 -62
393125 -62
393208 -66
393233 -65
393313 -61
393338 -62
393393 -62
393421 -62
393506 -66
393536 -70
393603 -61
393629 -62
393700 -62
393728 -62
393804 -66
393830 -70
393900 -61
393925 -62
394012 -62
394034 -62
394115 -66
394139 -66
394212 -62
394235 -61
394305 -62
394327 -62
394398 -66
394418 -70
394541 -62
394594 -62
394618 -62
394703 -66
394725 -66
394801 -61
394825 -62
394894 -62
394924 -62
395005 -65
395033 -65
395113 -61
395137 -61
395220 -62
395242 -63
395315 -65
395393 -64
395416 -62
395439 -61
395516 -58
395541 -58
395616 -64
395639 -64
395712 -62
395740 -61
395818 -59
395839 -60
395899 -68
395922 -68
395995 -61
396023 -61
396106 -61
396127 -62
396197 -70
396218 -70
396241 -70
396310 -63
396332 -63
396403 -61
396423 -61
396502 -69
396526 -69
396626 -67
396703 -63
396723 -63
396800 -72
396823 -72
396911 -67
396940 -67
396993 -63
397017 -63
397094 -72
397119 -71
397212 -67
397313 -62
397333 -62
397409 -72
397430 -72
397501 -66
397528 -66
397599 -63
397625 -62
397693 -72
397716 -72
397793 -66
397822 -67
397893 -63
397917 -62
397942 -62
397997 -72
398026 -71
398105 -67
398128 -67
398198 -63
398218 -63
398292 -71
398317 -71
398409 -67
398438 -67
398521 -63
398598 -71
398628 -71
398713 -66
398733 -66
398809 -62
398838 -62
398913 -71
398941 -72
399008 -66
399035 -66
399111 -62
399133 -62
399207 -71
399236 -71
399303 -66
399326 -66
399403 -62
399428 -62
399500 -71
399525 -71
399603 -66
399627 -66
399700 -62
399723 -62
399807 -71
399829 -71
399904 -67
399931 -66
400006 -62
400034 -62
400112 -71
400132 -71
400208 -67
400228 -67
400312 -62
400335 -62
400412 -71
400436 -71
400502 -67
400529 -67
400605 -63
400627 -63
400707 -71
400728 -71
400804 -67
400832 -67
400909 -63
400935 -63
401040 -71
401102 -67
401124 -67
401198 -62
401219 -63
401310 -71
401335 -71
401406 -67
401426 -67
401495 -63
401517 -62
401602 -71
401623 -71
401701 -68
401728 -67
401804 -62
401830 -62
401904 -71
401930 -71
402000 -68
402021 -68
402096 -62
402124 -63
402202 -71
402225 -71
402296 -67
402319 -67
402402 -65
402426 -63
402502 -71
402523 -71
402608 -68
402631 -68
402711 -63
402734 -62
402815 -71
402914 -67
402938 -68
403011 -63
403032 -63
403101 -71
403122 -71
403195 -68
403223 -68
403295 -63
403325 -63
403400 -71
403422 -71
403493 -68
403519 -68
403541 -68
403616 -63
403699 -71
403720 -71
403795 -68
403824 -68
403902 -65
403923 -65
404010 -68
404033 -68
404109 -65
404138 -65
404193 -64
404222 -64
404296 -67
404325 -67
404396 -65
404416 -65
404438 -65
404513 -63
404534 -63
404604 -65
404632 -70
404708 -68
404732 -68
404813 -63
404838 -64
404906 -66
404928 -68
404998 -64
405019 -63
405102 -65
405124 -64
405202 -70
405231 -70
405306 -69
405333 -67
405408 -67
405432 -67
405513 -71
405537 -71
405618 -67
405706 -68
405727 -67
405796 -87
405820 -86
405916 -67
405937 -67
406011 -66
406035 -66
406111 -74
406132 -74
406206 -67
406230 -68
406305 -66
406331 -66
406396 -75
406419 -75
406440 -75
406517 -67
406538 -67
406619 -66
406640 -66
406716 -79
406813 -67
406837 -67
406906 -67
406929 -67
407013 -78
407093 -67
407115 -67
407141 -67
407197 -67
407218 -67
407241 -67
407309 -77
407332 -77
407408 -67
407429 -67
407501 -67
407523 -67
407606 -76
407633 -76
407711 -68
407741 -68
407804 -67
407828 -67
407909 -74
407934 -74
408013 -68
408095 -67
408120 -67
408196 -73
408219 -73
408315 -68
408337 -68
408416 -66
408496 -72
408518 -72
408595 -67
408621 -68
408698 -66
408721 -66
408792 -72
408818 -72
408838 -72
408914 -68
408936 -68
409006 -66
409036 -66
409112 -72
409139 -72
409217 -68
409239 -68
409319 -66
409414 -72
409436 -71
409512 -68
409598 -66
409626 -66
409705 -71
409734 -72
409809 -68
409833 -68
409912 -66
409938 -66
409995 -72
410015 -72
410037 -72
410107 -68
410128 -68
410208 -66
410231 -66
410300 -72
410322 -71
410400 -68
410423 -68
410493 -66
410520 -66
410541 -66
410593 -71
410619 -71
410792 -66
410816 -66
410914 -71
410934 -71
411017 -68
411041 -68
411115 -66
411135 -66
411214 -71
411306 -67
411333 -68
411412 -66
411441 -66
411499 -72
411521 -72
411541 -72
411614 -68
411639 -68
411707 -66
411727 -66
411820 -73
411895 -68
411916 -68
412000 -67
412020 -67
412097 -73
412118 -73
412194 -68
412215 -67
412309 -66
412332 -66
412414 -73
412439 -72
412511 -68
412532 -68
412610 -66
412636 -66
412708 -72
412732 -72
412802 -68
412831 -68
412903 -66
412931 -66
413000 -72
413028 -72
413106 -68
413135 -68
413209 -66
413233 -66
413300 -72
413327 -72
413404 -68
413424 -68
413505 -66
413535 -66
413608 -72
413628 -72
413707 -67
413735 -68
413811 -66
413839 -66
413914 -72
414013 -68
414093 -66
414119 -66
414141 -66
414201 -72
414223 -72
414298 -68
414321 -68
414403 -66
414424 -66
414504 -72
414529 -71
414599 -68
414625 -68
414710 -66
414741 -66
414809 -71
414835 -71
414903 -67
414926 -67
415000 -65
415023 -65
415102 -71
415125 -71
415201 -66
415230 -65
415307 -70
415328 -71
415397 -70
415422 -69
415507 -63
415533 -64
415602 -65
415624 -65
415700 -70
415729 -66
415800 -69
415825 -68
415896 -67
415920 -66
415995 -80
416023 -76
416115 -66
416135 -68
416211 -72
416233 -73
416312 -68
416338 -72
416392 -63
416415 -63
416442 -63
416497 -67
416525 -68
416626 -69
416705 -68
416729 -68
416799 -70
416828 -69
416902 -72
416926 -72
417001 -67
417024 -67
417120 -67
417194 -72
417218 -72
417295 -67
417319 -67
417416 -67
417518 -72
417541 -72
417615 -67
417636 -67
417711 -67
417733 -67
417812 -72
417838 -72
417906 -67
417926 -67
417994 -66
418023 -66
418107 -72
418129 -72
418202 -67
418231 -67
418304 -66
418328 -66
418404 -72
418427 -72
418509 -66
418535 -66
418616 -65
418700 -71
418728 -71
418798 -66
418819 -66
418916 -65
418937 -65
419010 -71
419038 -71
419103 -66
419128 -66
419207 -65
419234 -65
419314 -71
419416 -66
419438 -66
419506 -65
419531 -65
419610 -71
419634 -71
419708 -66
419736 -66
419801 -65
419830 -65
419908 -71
419931 -71
419994 -67
420019 -67
420098 -65
420125 -65
420195 -71
420216 -71
420241 -71
420315 -66
420336 -66
420411 -65
420432 -65
420510 -72
420539 -72
420608 -66
420631 -66
420701 -65
420729 -65
420807 -72
420829 -72
420905 -67
420928 -66
421004 -65
421029 -65
421102 -72
421128 -72
421206 -66
421234 -66
421310 -65
421336 -65
421414 -72
421434 -72
421501 -66
421521 -66
421541 -66
421596 -65
421620 -65
421699 -72
421723 -72
421793 -66
421814 -66
421836 -66
421910 -65
421931 -65
422005 -72
422029 -72
422104 -66
422129 -66
422215 -65
422238 -65
422316 -72
422336 -72
422412 -66
422434 -66
422503 -65
422527 -65
422606 -72
422635 -72
422709 -66
422739 -66
422818 -65
422840 -65
422914 -72
422995 -66
423018 -66
423095 -65
423118 -65
423139 -65
423192 -72
423220 -72
423241 -72
423312 -66
423337 -66
423416 -65
423437 -65
423516 -72
423541 -72
423608 -66
423632 -66
423708 -65
423736 -65
423814 -72
423913 -66
423938 -66
424001 -65
424025 -65
424115 -72
424212 -66
424236 -66
424317 -65
424337 -65
424436 -73
424506 -66
424527 -67
424605 -66
424633 -65
424708 -73
424731 -73
424801 -66
424824 -67
424898 -66
424922 -66
425000 -73
425022 -73
425118 -66
425214 -65
425236 -65
425314 -69
425336 -72
425408 -72
425431 -73
425509 -63
425538 -62
425616 -68
425636 -67
425717 -62
425738 -62
425794 -61
425816 -60
425896 -66
