7830 -71
7855 -71
7927 -70
7952 -70
8023 -71
8053 -72
8125 -73
8149 -72
8221 -72
8250 -72
8329 -73
8352 -73
8426 -71
8452 -71
8529 -70
8557 -70
8632 -72
8661 -72
8734 -71
8833 -71
8856 -71
8921 -72
8943 -72
9035 -71
9120 -72
9145 -72
9217 -73
9248 -73
9314 -73
9344 -73
9416 -72
9439 -72
9522 -72
9550 -71
9660 -72
9724 -71
9748 -71
9820 -72
9840 -72
9918 -73
9945 -73
10022 -71
10043 -71
10133 -73
10162 -73
10236 -73
10317 -71
10341 -71
10416 -74
10439 -74
10527 -73
10553 -74
10619 -72
10644 -72
10724 -74
10749 -74
10816 -74
10841 -74
10918 -72
10939 -72
10959 -72
11033 -74
11062 -74
11116 -74
11143 -74
11214 -72
11241 -72
11320 -73
11345 -73
11416 -74
11446 -74
11516 -72
11540 -72
11616 -73
11664 -73
11731 -73
11752 -74
11821 -72
11844 -72
11918 -74
11943 -74
12016 -74
12038 -74
12058 -74
12155 -72
12225 -73
12253 -75
12330 -73
12358 -73
12432 -71
12458 -71
12537 -73
12561 -73
12635 -73
12735 -71
12760 -71
12834 -73
12855 -73
12926 -74
12950 -74
13022 -71
13052 -71
13129 -73
13156 -73
13226 -74
13247 -74
13346 -71
13434 -73
13460 -73
13516 -74
13537 -74
13563 -74
13635 -73
13663 -72
13737 -74
13760 -74
13827 -76
13850 -76
13922 -73
13943 -73
14022 -74
14045 -74
14119 -77
14139 -76
14161 -76
14235 -73
14255 -73
14325 -74
14345 -74
14442 -77
14524 -73
14551 -73
14625 -75
14648 -75
14721 -77
14746 -76
14817 -73
14840 -73
14915 -75
14940 -74
14961 -74
15040 -77
15142 -73
15214 -75
15243 -75
15339 -77
15417 -73
15445 -73
15517 -75
15540 -75
15629 -77
15650 -77
15717 -73
15745 -73
15816 -75
15843 -75
15934 -77
16029 -73
16053 -73
16120 -75
16145 -75
16218 -77
16333 -73
16360 -73
16438 -75
16458 -75
16530 -76
16557 -77
16629 -73
16659 -73
16734 -74
16755 -74
16833 -77
16862 -76
16914 -73
16934 -73
16959 -73
17015 -75
17037 -75
17120 -76
17146 -77
17251 -73
17333 -75
17363 -75
17435 -77
17459 -77
17535 -74
17630 -75
17653 -75
17725 -77
17749 -77
17823 -73
17849 -74
17920 -74
17943 -74
18017 -76
18041 -76
18124 -73
18145 -74
18223 -74
18252 -74
18325 -76
18351 -76
18419 -74
18443 -75
18462 -75
18514 -73
18540 -74
18627 -78
18649 -79
18719 -76
18749 -76
18828 -76
18854 -77
18929 -79
18950 -80
19026 -75
19125 -75
19150 -75
19218 -78
19243 -78
19316 -76
19341 -76
19363 -76
19416 -78
19443 -78
19535 -80
19563 -79
19638 -78
19661 -79
19736 -77
19838 -81
19859 -81
19927 -78
19950 -78
20028 -78
20054 -78
20131 -81
20158 -81
20234 -79
20261 -79
20335 -78
20362 -78
20439 -81
20516 -79
20542 -79
20616 -78
20637 -78
20729 -81
20753 -81
20836 -79
20858 -79
20929 -78
20952 -78
21028 -80
21052 -81
21120 -79
21144 -79
21232 -77
21260 -78
21317 -81
21338 -80
21359 -81
21457 -78
21530 -78
21556 -77
21632 -81
21656 -81
21722 -79
21751 -79
21833 -77
21860 -78
21935 -81
21957 -81
22031 -78
22055 -79
22137 -77
22163 -77
22237 -81
22326 -79
22354 -79
22425 -77
22446 -77
22520 -81
22549 -81
22620 -79
22718 -77
22742 -77
22762 -77
22837 -81
22916 -78
22937 -78
22958 -78
23033 -77
23141 -81
23236 -78
23261 -78
23317 -77
23345 -77
23418 -81
23441 -81
23521 -79
23544 -79
23623 -77
23650 -78
23727 -80
23750 -81
23828 -79
23850 -79
23927 -78
23948 -77
24020 -81
24049 -81
24121 -79
24150 -79
24218 -77
24333 -81
24356 -81
24424 -79
24445 -79
24519 -78
24547 -77
24626 -81
24649 -81
24726 -79
24750 -79
24828 -77
24856 -77
24919 -81
24947 -81
25018 -79
25044 -78
25123 -78
25151 -78
25217 -80
25241 -80
25349 -79
25430 -78
25459 -78
25534 -80
25617 -78
25642 -78
25662 -78
25714 -78
25735 -77
25816 -80
25836 -80
25863 -80
25936 -78
25957 -78
26033 -77
26062 -77
26132 -80
26159 -79
26227 -78
26248 -78
26321 -77
26342 -77
26457 -80
26533 -78
26561 -79
26615 -77
26640 -77
26739 -80
26835 -78
26862 -78
26933 -78
26956 -78
27030 -80
27052 -80
27133 -78
27156 -78
27228 -77
27257 -78
27328 -80
27353 -80
27425 -78
27450 -78
27527 -77
27556 -77
27629 -80
27652 -80
27729 -78
27754 -78
27818 -78
27845 -78
27920 -80
27948 -80
28023 -78
28046 -78
28126 -78
28155 -77
28241 -80
28315 -78
28345 -78
28420 -77
28449 -77
28521 -79
28541 -79
28563 -79
28634 -78
28730 -77
28757 -77
28824 -79
28849 -80
28918 -76
29036 -76
29059 -76
29131 -78
29156 -78
29235 -75
29258 -75
29333 -77
29358 -76
29440 -86
29523 -78
29545 -78
29628 -75
29658 -75
29724 -78
29752 -77
29829 -77
29851 -77
29917 -79
29944 -80
30018 -74
30042 -74
30120 -75
30144 -75
30216 -81
30240 -81
30261 -81
30334 -77
30421 -79
30451 -79
30529 -83
30553 -82
30627 -79
30649 -79
30732 -79
30760 -79
30839 -82
30938 -80
30959 -80
31040 -80
31120 -81
31148 -81
31223 -80
31250 -81
31330 -80
31359 -80
31437 -81
31618 -80
31641 -80
31716 -80
31746 -80
31824 -81
31846 -81
31917 -80
31945 -80
32020 -81
32048 -80
32135 -81
32160 -81
32239 -80
32261 -80
32316 -80
32346 -81
32420 -82
32448 -81
32522 -80
32548 -80
32618 -81
32641 -81
32663 -80
32713 -82
32761 -82
32830 -81
32850 -80
32927 -81
32949 -81
33025 -82
33047 -82
33122 -80
33147 -81
33255 -80
33328 -82
33356 -82
33436 -81
33463 -80
33518 -80
33545 -80
33615 -82
33643 -82
33715 -81
33737 -80
33759 -80
33831 -80
33855 -80
33926 -81
33950 -82
34028 -80
34055 -80
34131 -81
34161 -80
34232 -81
34252 -81
34322 -81
34348 -80
34423 -81
34449 -81
34516 -81
34541 -81
34617 -80
34637 -80
34658 -81
34730 -81
34752 -81
34820 -81
34848 -81
34919 -80
35019 -81
35040 -81
35122 -81
35142 -81
35218 -80
35245 -80
35325 -81
35346 -81
35422 -80
35447 -80
35519 -80
35544 -80
35615 -80
35636 -81
35737 -81
35762 -80
35815 -80
35838 -80
35919 -81
35946 -81
36016 -80
36040 -81
36139 -80
36161 -80
36231 -81
36253 -81
36325 -81
36354 -80
36435 -80
36458 -81
36532 -81
36558 -81
36623 -81
36651 -81
36723 -81
36748 -81
36834 -81
36858 -81
36928 -81
36953 -81
37043 -80
37127 -81
37223 -81
37251 -81
37332 -80
37359 -80
37433 -81
37458 -81
37522 -81
37546 -81
37626 -81
37648 -81
37723 -81
37752 -81
37823 -81
37846 -81
37916 -81
37936 -81
37958 -81
38014 -81
38041 -81
38114 -82
38140 -81
38217 -81
38246 -82
38323 -81
38343 -81
38421 -82
38451 -82
38528 -80
38556 -80
38636 -77
38663 -77
38746 -80
38837 -79
38916 -76
38936 -76
39017 -79
39039 -79
39136 -78
39160 -79
39337 -80
39362 -80
39433 -79
39459 -79
39534 -82
39562 -81
39644 -82
39736 -81
39761 -81
39839 -84
39938 -85
39961 -85
40034 -82
40061 -82
40135 -83
40160 -83
40232 -85
40254 -86
40349 -82
40426 -82
40455 -82
40529 -85
40556 -85
40661 -82
40734 -82
40758 -82
40838 -84
40860 -85
40920 -82
40943 -81
41020 -82
41143 -84
41239 -83
41262 -82
41336 -82
41356 -82
41430 -85
41454 -85
41527 -82
41547 -82
41622 -81
41649 -81
41726 -85
41754 -85
41833 -82
41863 -83
41937 -82
41959 -81
42028 -85
42055 -85
42133 -83
42154 -84
42232 -81
42256 -81
42332 -86
42352 -86
42422 -83
42449 -83
42528 -81
42549 -81
42617 -86
42638 -87
42660 -86
42730 -83
42752 -83
42832 -81
42859 -81
42926 -87
42956 -87
43031 -83
43057 -83
43114 -81
43138 -81
43162 -81
43244 -86
43319 -83
43343 -83
43414 -81
43434 -81
43462 -81
43541 -85
43622 -83
43644 -83
43738 -81
43814 -85
43835 -86
43919 -83
43941 -83
44040 -81
44117 -85
44141 -84
44231 -83
44251 -83
44328 -82
44350 -81
44420 -84
44442 -85
44462 -85
44533 -82
44559 -82
44617 -81
44646 -82
44735 -85
44756 -85
44833 -83
44855 -83
44931 -82
44958 -82
45031 -85
45051 -86
45125 -82
45147 -83
45229 -82
45253 -82
45325 -85
45354 -85
45427 -82
45452 -82
45535 -82
45562 -82
45654 -85
45731 -82
45754 -82
45825 -82
45850 -82
45916 -84
45940 -84
46023 -82
46046 -82
46123 -82
46149 -82
46216 -85
46243 -85
46334 -82
46357 -82
46428 -82
46453 -82
46519 -84
46545 -85
46648 -82
46721 -82
46743 -82
46816 -85
46842 -85
46919 -82
46941 -82
47038 -82
47058 -82
47121 -85
47149 -85
47215 -83
47241 -82
47319 -82
47343 -82
47414 -85
47436 -85
47458 -85
47533 -83
47562 -82
47615 -82
47643 -82
47719 -85
47744 -85
47824 -82
47845 -82
47922 -83
47943 -83
48018 -84
48123 -82
48145 -82
48224 -82
48249 -82
48331 -84
48351 -84
48424 -83
48523 -82
48616 -83
48637 -83
48658 -83
48730 -87
48759 -86
48833 -79
48862 -78
48916 -84
48942 -84
49041 -83
49115 -80
49142 -80
49243 -83
49335 -80
49362 -80
49427 -81
49450 -80
49526 -83
49549 -83
49619 -80
49646 -81
49723 -78
49750 -78
49837 -85
49859 -86
49936 -81
49962 -81
50019 -83
50045 -84
50221 -81
50247 -82
50332 -85
50361 -85
50515 -82
50544 -81
50617 -85
50644 -85
50817 -82
50845 -82
50924 -85
50949 -85
51118 -82
51145 -82
51237 -85
51261 -85
51446 -81
51522 -85
51542 -85
51720 -81
51742 -82
51817 -85
51839 -84
52041 -81
52122 -85
52149 -84
52318 -82
52345 -82
52422 -85
52447 -85
52623 -82
52645 -82
52721 -85
52750 -85
52931 -82
52956 -82
53026 -86
53053 -85
53218 -82
53239 -82
53316 -85
53342 -85
53517 -82
53547 -82
53631 -85
53653 -85
53817 -82
53844 -82
53920 -85
53949 -85
54125 -82
54147 -82
54221 -84
54428 -82
54455 -82
54535 -85
54555 -85
54715 -82
54739 -82
54817 -85
54839 -85
54862 -85
55029 -82
55053 -82
55131 -84
55161 -85
55324 -82
55347 -82
55429 -84
55626 -82
55655 -81
55734 -85
55761 -84
55937 -82
55958 -82
56038 -84
56218 -82
56239 -82
56259 -82
56334 -85
56356 -85
56535 -82
56562 -82
56618 -85
56646 -85
56821 -82
56846 -81
56921 -85
56951 -85
57130 -82
57154 -82
57224 -85
57253 -85
57432 -82
57456 -82
57531 -84
57554 -84
57723 -82
57747 -82
57834 -85
57858 -85
58033 -82
58057 -82
58126 -85
58148 -85
58327 -83
58350 -83
58418 -85
58443 -85
58617 -83
58646 -83
58723 -84
58746 -85
58823 -89
58852 -91
58919 -85
58961 -86
59060 -82
59225 -85
59253 -86
59334 -81
59355 -81
59457 -88
59537 -84
59561 -84
59627 -83
59648 -85
59819 -87
59847 -87
59921 -84
59943 -84
60028 -86
60049 -86
60234 -87
60261 -87
60340 -89
60362 -90
60416 -85
60437 -85
60460 -86
60538 -85
60623 -88
60650 -87
60728 -86
60757 -88
60825 -87
60849 -87
60925 -88
61155 -91
61333 -90
61651 -90
61927 -89
61953 -90
62151 -91
62234 -89
62256 -90
62532 -89
62553 -89
62729 -90
62916 -94
63124 -90
63423 -90
63753 -90
64047 -91
64329 -90
64352 -91
64541 -90
64744 -95
64952 -91
65338 -94
65624 -93
66261 -94
67059 -91
67153 -92
68133 -93
68330 -92
68647 -93
68826 -91
68852 -91
68945 -94
69016 -89
69045 -89
69123 -88
69148 -89
69225 -88
69253 -87
69326 -85
69355 -83
69456 -88
69525 -84
69548 -83
69632 -84
69655 -86
69759 -87
69836 -85
69859 -90
69933 -82
69957 -84
70032 -87
70057 -88
70130 -87
70159 -86
70231 -85
70257 -85
70351 -87
70425 -85
70453 -86
70547 -89
70718 -90
70743 -90
70823 -87
70845 -88
71026 -91
71049 -90
71131 -88
71153 -88
71324 -89
71353 -89
71633 -88
71661 -88
71732 -90
71933 -88
71957 -87
72214 -88
72242 -88
72339 -91
72529 -88
72554 -88
72834 -88
72858 -88
73122 -89
73146 -88
73241 -92
73418 -88
73447 -88
73758 -88
73945 -91
74029 -88
74056 -88
74215 -90
74315 -88
74344 -89
74544 -89
74619 -88
74846 -88
74923 -89
74948 -90
75127 -88
75157 -88
75228 -88
75258 -89
75435 -87
75458 -88
75534 -90
75560 -89
75734 -88
75828 -89
76032 -87
76056 -87
76125 -90
76148 -90
76317 -87
76337 -86
76362 -87
76430 -89
76452 -90
76624 -86
76648 -87
76718 -90
76744 -90
76936 -87
76959 -87
77030 -91
77226 -87
77252 -87
77333 -91
77525 -86
77554 -87
77633 -91
77662 -90
77829 -86
77852 -86
77930 -90
78125 -86
78153 -87
78224 -90
78246 -90
78430 -87
78458 -88
78536 -90
78750 -87
78824 -90
78849 -90
79038 -87
79062 -86
79134 -90
79156 -89
79618 -85
79637 -85
79819 -86
79846 -85
79920 -86
79945 -87
80114 -85
80138 -86
80159 -86
