31327 -60
31348 -60
31422 -67
31448 -65
31531 -62
31555 -62
31631 -60
31662 -60
31735 -66
31760 -65
31834 -61
31863 -62
31917 -60
31944 -59
32019 -64
32043 -64
32115 -61
32135 -61
32160 -61
32219 -60
32249 -60
32327 -65
32351 -65
32432 -61
32458 -62
32537 -60
32558 -60
32639 -68
32721 -61
32748 -61
32826 -59
32856 -59
32925 -68
32953 -67
33020 -61
33045 -62
33124 -59
33148 -59
33228 -68
33252 -68
33326 -61
33346 -62
33419 -59
33447 -59
33519 -67
33540 -66
33560 -67
33627 -62
33654 -62
33718 -60
33747 -59
33823 -63
33852 -66
33924 -61
33952 -61
34027 -59
34056 -59
34131 -66
34155 -67
34231 -63
34259 -63
34336 -61
34441 -68
34561 -63
34636 -61
34718 -68
34741 -63
34837 -63
34863 -63
34937 -61
34958 -61
35035 -67
35058 -67
35127 -64
35148 -64
35259 -62
35314 -65
35340 -64
35425 -64
35447 -65
35530 -62
35550 -62
35623 -67
35649 -66
35725 -62
35751 -63
35819 -61
35839 -61
35863 -61
35934 -64
35958 -64
36027 -66
36049 -66
36125 -61
36153 -61
36234 -66
36258 -63
36335 -64
36363 -64
36414 -61
36439 -61
36535 -68
36555 -67
36617 -65
36645 -65
36715 -61
36738 -61
36762 -61
36838 -67
36861 -63
36938 -65
36963 -65
37016 -61
37043 -61
37123 -68
37148 -68
37225 -64
37245 -65
37327 -61
37352 -61
37433 -68
37454 -68
37525 -64
37548 -64
37614 -61
37640 -61
37661 -61
37731 -68
37752 -63
37820 -64
37844 -64
37919 -61
37945 -61
38020 -63
38045 -63
38122 -64
38146 -64
38217 -62
38242 -62
38318 -63
38341 -64
38443 -65
38518 -62
38543 -62
38634 -64
38663 -64
38715 -64
38745 -64
38814 -61
38842 -62
38922 -64
38943 -64
39031 -65
39061 -65
39134 -62
39157 -61
39217 -64
39246 -66
39324 -65
39351 -65
39424 -61
39448 -61
39551 -64
39621 -65
39643 -65
39721 -61
39743 -61
39823 -64
39844 -64
39935 -65
39958 -65
40035 -62
40118 -64
40144 -64
40214 -65
40242 -65
40263 -65
40341 -62
40363 -62
40419 -65
40443 -67
40532 -65
40558 -65
40630 -61
40656 -62
40733 -64
40757 -65
40838 -65
40923 -63
40950 -61
41017 -66
41044 -67
41117 -65
41219 -62
41246 -61
41327 -65
41354 -66
41428 -65
41456 -65
41526 -62
41553 -62
41632 -64
41662 -64
41733 -65
41759 -65
41835 -63
41859 -63
41932 -64
41959 -64
42033 -69
42058 -68
42134 -65
42159 -65
42229 -70
42258 -65
42332 -66
42358 -67
42437 -65
42462 -65
42518 -72
42544 -70
42615 -69
42644 -69
42718 -66
42742 -66
42841 -68
42862 -68
42930 -68
42953 -68
43024 -65
43044 -66
43131 -69
43154 -72
43228 -71
43255 -71
43416 -69
43437 -69
43458 -69
43531 -71
43551 -71
43618 -66
43639 -67
43720 -69
43750 -69
43830 -71
43853 -70
43929 -66
43951 -67
44023 -69
44051 -69
44128 -70
44150 -69
44223 -66
44252 -66
44319 -69
44347 -69
44419 -69
44448 -69
44516 -66
44545 -66
44627 -69
44651 -69
44717 -69
44742 -69
44817 -66
44845 -66
44931 -68
44953 -69
45023 -69
45045 -69
45122 -65
45142 -66
45219 -68
45244 -69
45314 -69
45363 -69
45435 -65
45461 -65
45516 -68
45542 -68
45562 -68
45639 -69
45661 -69
45716 -65
45746 -65
45833 -68
45854 -68
45932 -68
45960 -68
46029 -65
46055 -65
46129 -72
46153 -68
46229 -68
46254 -68
46345 -65
46416 -72
46439 -72
46538 -68
46616 -65
46642 -65
46663 -65
46717 -72
46738 -67
46760 -67
46816 -67
46845 -67
46927 -65
46951 -64
47021 -68
47050 -72
47128 -68
47152 -68
47228 -65
47252 -65
47322 -72
47345 -72
47416 -68
47440 -68
47514 -65
47541 -65
47562 -65
47628 -68
47650 -68
47721 -68
47745 -68
47823 -65
47846 -65
47917 -67
47944 -68
48018 -68
48039 -68
48061 -68
48119 -65
48139 -65
48160 -65
48232 -68
48260 -67
48326 -68
48352 -68
48424 -65
48447 -65
48514 -67
48536 -72
48559 -72
48633 -68
48657 -68
48736 -65
48840 -72
48915 -68
48944 -68
49036 -65
49057 -65
49137 -68
49157 -68
49224 -68
49247 -68
49327 -65
49352 -65
49428 -68
49455 -72
49531 -68
49552 -68
49638 -65
49719 -68
49749 -68
49825 -68
49846 -68
49924 -65
49953 -65
50051 -68
50129 -69
50150 -69
50223 -65
50250 -65
50334 -72
50361 -72
50435 -69
50456 -69
50531 -65
50556 -65
50626 -72
50651 -68
50726 -69
50753 -69
50826 -65
50855 -65
50936 -69
51033 -70
51061 -70
51134 -66
51163 -66
51233 -69
51259 -69
51322 -70
51344 -71
51418 -67
51448 -67
51525 -68
51548 -68
51625 -74
51649 -74
51719 -72
51740 -73
51815 -71
51844 -72
51918 -73
51946 -72
52028 -72
52058 -71
52132 -70
52155 -68
52219 -72
52247 -72
52323 -70
52348 -71
52416 -68
52437 -69
52633 -71
52659 -71
52728 -67
52750 -68
52831 -73
52852 -73
52928 -71
52952 -70
53021 -67
53047 -67
53125 -73
53148 -73
53232 -70
53259 -70
53332 -67
53357 -67
53433 -73
53458 -73
53533 -71
53557 -71
53631 -67
53654 -67
53730 -72
53752 -72
53829 -71
53853 -71
53934 -67
53957 -70
54034 -72
54063 -72
54117 -70
54146 -70
54220 -68
54243 -67
54319 -73
54342 -73
54428 -71
54457 -71
54543 -72
54616 -73
54638 -73
54661 -73
54716 -71
54741 -71
54818 -72
54840 -68
54919 -73
54944 -73
55014 -71
55036 -71
55122 -68
55143 -72
55238 -73
55262 -73
55317 -70
55347 -70
55416 -68
55441 -69
55523 -73
55549 -72
55631 -70
55659 -70
55729 -69
55755 -68
55826 -72
55851 -72
55934 -70
55956 -70
56036 -68
56116 -72
56141 -72
56214 -70
56241 -70
56323 -69
56348 -70
56424 -73
56446 -73
56517 -71
56538 -71
56622 -69
56643 -69
56715 -73
56744 -73
56817 -71
56846 -70
56921 -69
56950 -69
57029 -73
57051 -73
57129 -70
57150 -70
57229 -69
57257 -69
57334 -73
57361 -73
57419 -70
57443 -70
57522 -69
57552 -69
57624 -73
57646 -73
57717 -70
57744 -70
57830 -69
57860 -69
57923 -73
57950 -73
58023 -70
58044 -70
58121 -69
58146 -69
58216 -73
58242 -73
58262 -73
58335 -70
58416 -69
58439 -69
58462 -69
58530 -73
58554 -73
58638 -70
58723 -69
58749 -69
58825 -73
58845 -73
58922 -70
58947 -70
59030 -69
59060 -69
59125 -73
59147 -73
59225 -70
59249 -70
59333 -72
59358 -69
59434 -73
59461 -73
59527 -70
59549 -70
59620 -69
59643 -69
59738 -73
59759 -73
59825 -70
59847 -70
59916 -69
59939 -69
59961 -69
60028 -72
60056 -72
60138 -70
60162 -70
60236 -69
60315 -72
60338 -72
60417 -70
60442 -70
60463 -70
60526 -69
60550 -69
60625 -72
60648 -72
60724 -70
60826 -69
60848 -69
60924 -72
60949 -72
61025 -70
61047 -70
61123 -69
61145 -69
61220 -73
61241 -73
61323 -71
61343 -71
61420 -73
61448 -74
61531 -74
61556 -74
61626 -78
61653 -77
61734 -78
61757 -77
61828 -76
61851 -77
61927 -74
61952 -74
62036 -71
62057 -70
62127 -75
62151 -75
62217 -81
62246 -79
62321 -70
62346 -68
62421 -74
62450 -74
62530 -72
62557 -72
62641 -74
62662 -74
62727 -74
62756 -75
62814 -73
62843 -74
62918 -74
62948 -74
63017 -73
63039 -73
63122 -72
63142 -72
63224 -74
63250 -74
63326 -72
63351 -72
63420 -70
63444 -70
63515 -73
63540 -73
63562 -73
63637 -72
63736 -71
63839 -74
63862 -74
63936 -72
63957 -72
64033 -71
64054 -71
64131 -74
64158 -74
64228 -72
64257 -73
64331 -71
64351 -71
64422 -74
64450 -74
64529 -72
64551 -73
64638 -71
64661 -71
64717 -75
64744 -74
64847 -73
64916 -71
64938 -71
65016 -74
65038 -74
65061 -74
65131 -73
65161 -72
65235 -71
65259 -71
65336 -74
65360 -74
65434 -72
65538 -71
65561 -70
65635 -74
65715 -72
65739 -72
65762 -72
65837 -70
65859 -70
65934 -74
65958 -74
66041 -72
66063 -73
66116 -71
66144 -71
66227 -74
66248 -74
66320 -72
66342 -73
66418 -71
66441 -71
66521 -74
66548 -74
66625 -73
66652 -73
66731 -71
66760 -71
66830 -74
66857 -74
66916 -72
66938 -72
66963 -72
67030 -71
67053 -71
67121 -74
67145 -74
67232 -72
67261 -73
67334 -71
67355 -71
67428 -74
67453 -74
67530 -73
67559 -73
67634 -71
67656 -71
67737 -74
67761 -74
67831 -72
67858 -72
67926 -71
67954 -71
68025 -74
68050 -74
68127 -72
68149 -72
68234 -71
68253 -71
68331 -74
68355 -74
68434 -72
68456 -72
68533 -71
68558 -71
68635 -74
68730 -72
68750 -72
68824 -71
68846 -71
68919 -74
68950 -74
69023 -72
69047 -72
69125 -71
69148 -71
69220 -74
69244 -74
69322 -72
69348 -72
69419 -71
69440 -71
69538 -74
69636 -72
69659 -72
69728 -71
69752 -71
69821 -74
69841 -74
69933 -72
69959 -72
70034 -71
70057 -71
70141 -74
70242 -72
70319 -71
70340 -71
70363 -71
70429 -74
70450 -74
70526 -72
70548 -72
70625 -71
70648 -71
70719 -74
70740 -74
70833 -72
70856 -72
70932 -71
70958 -71
71040 -74
71061 -74
71136 -72
71158 -72
71233 -71
71256 -71
71332 -74
71357 -74
71429 -72
71452 -72
71526 -71
71551 -71
71635 -75
71663 -75
71737 -73
71819 -71
71844 -71
71936 -74
71958 -74
72033 -76
72061 -77
72115 -68
72143 -68
72237 -71
72315 -75
72342 -75
72363 -74
72416 -71
72442 -71
72462 -71
72531 -70
72556 -70
72629 -71
72655 -71
72731 -71
72752 -71
72830 -71
72854 -72
72934 -75
72958 -76
73015 -72
73045 -72
73115 -72
73141 -72
73220 -78
73244 -78
73338 -75
73360 -75
73428 -71
73456 -71
73520 -78
73540 -78
73562 -77
73617 -75
73644 -75
73721 -70
73742 -71
73762 -71
73836 -77
73859 -77
73924 -74
73954 -74
74034 -71
74054 -71
74123 -76
74147 -76
74220 -73
74243 -73
74322 -71
74348 -71
74417 -76
74443 -76
74542 -73
74618 -72
74645 -72
74723 -77
74750 -77
74818 -73
74845 -73
74923 -73
74944 -73
75018 -78
75043 -77
75115 -73
75137 -73
75159 -73
75230 -74
75259 -74
75332 -78
75351 -78
75435 -73
75462 -73
75521 -73
75620 -78
75645 -78
75714 -72
75736 -73
75758 -73
75815 -74
75838 -74
75932 -78
75954 -78
76027 -72
76048 -72
76142 -74
76226 -78
76249 -78
76342 -72
76363 -72
76415 -74
76439 -74
76460 -74
76514 -78
76537 -79
76557 -79
76642 -72
76717 -75
76743 -75
76841 -79
76932 -72
76958 -72
77034 -75
77060 -75
77116 -79
77137 -78
77220 -71
77247 -71
77319 -74
77345 -74
77416 -78
77445 -78
77516 -71
77539 -71
77562 -71
77615 -74
77637 -74
77721 -78
77745 -78
77820 -71
77847 -71
77928 -74
77957 -74
78032 -78
78055 -78
78139 -71
78216 -75
78237 -74
78339 -79
78420 -71
78441 -71
78462 -71
78536 -75
78614 -79
78637 -79
78661 -79
78737 -71
78759 -71
78836 -75
78859 -75
78931 -79
78954 -79
79022 -71
79045 -71
79116 -75
79145 -75
79218 -79
79242 -78
79344 -71
79426 -74
79455 -74
79528 -78
79555 -78
79637 -71
79658 -71
79735 -74
79755 -74
79831 -79
79857 -78
79931 -71
79960 -71
80035 -74
80063 -74
80138 -78
80159 -79
80214 -71
80240 -71
80263 -71
80337 -75
80415 -79
80436 -79
80460 -79
80535 -71
80560 -71
80637 -75
80661 -75
80730 -79
80838 -71
80860 -71
80936 -75
81042 -79
81123 -71
81144 -71
81255 -75
81327 -79
81347 -79
81416 -71
81441 -71
81542 -75
81635 -79
81714 -71
81739 -71
81821 -74
81849 -74
81918 -79
81941 -79
82019 -72
82039 -72
82059 -72
82127 -71
82153 -71
82220 -75
82250 -74
82325 -72
82345 -72
82428 -69
82454 -69
82528 -72
82550 -72
82623 -70
82648 -70
82716 -69
82738 -69
82833 -78
82861 -79
82937 -77
82958 -78
83053 -70
83139 -72
83163 -72
83219 -71
83250 -71
83318 -71
83346 -71
83416 -74
83440 -75
83521 -70
83547 -70
83626 -69
83654 -70
83725 -81
83748 -81
83822 -70
83849 -71
83933 -73
83955 -74
84021 -79
84044 -79
84117 -73
84137 -73
84163 -73
84219 -75
84319 -79
84341 -79
84362 -79
84417 -74
84448 -75
84522 -77
84543 -77
84621 -81
84651 -81
84722 -76
84747 -75
84831 -81
84927 -85
84953 -85
85023 -76
85049 -76
85125 -83
85146 -84
85223 -87
85319 -76
85342 -76
85433 -89
85459 -90
85536 -85
85560 -85
85637 -76
85660 -75
85820 -84
85848 -83
85918 -75
85943 -75
86147 -82
86228 -75
86253 -75
86429 -83
86452 -83
86517 -75
86547 -75
86731 -82
86752 -83
86829 -75
86856 -75
87027 -83
87047 -83
87127 -75
87156 -75
87227 -91
87250 -90
87314 -83
87341 -83
87424 -75
87447 -75
87547 -90
87626 -82
87656 -82
87726 -75
87748 -75
87820 -90
87847 -91
87919 -82
87946 -82
88019 -74
88046 -74
88124 -91
88241 -81
88334 -74
88361 -74
88429 -91
88529 -82
88555 -82
88639 -74
88716 -91
88747 -93
88819 -83
88839 -83
88918 -74
88943 -74
89021 -91
89041 -91
89139 -83
89161 -83
89232 -75
89256 -75
89328 -91
89351 -90
89429 -83
89454 -83
89534 -75
89555 -76
89636 -91
89659 -91
89734 -84
89759 -84
89818 -75
89845 -75
89923 -90
89953 -91
90018 -84
90041 -84
90118 -75
90144 -75
90339 -85
90360 -84
90433 -75
90454 -75
90620 -84
90643 -84
90720 -74
90744 -75
90922 -85
90944 -84
91025 -75
91051 -75
91157 -93
91229 -85
91251 -85
91332 -75
91355 -75
91423 -92
91518 -87
91544 -87
91638 -76
91663 -76
91735 -90
91861 -84
91932 -76
91957 -75
92036 -83
92063 -81
92135 -75
92157 -74
92234 -76
92254 -76
92326 -77
92349 -76
92457 -74
92516 -73
92545 -73
92649 -69
92722 -80
92749 -85
92830 -78
92857 -77
92933 -82
92956 -80
93028 -79
93051 -79
93124 -76
93145 -75
93225 -72
93251 -72
93319 -79
93345 -78
93426 -75
93454 -75
93524 -76
93552 -77
93635 -79
93660 -79
93752 -76
93828 -73
93855 -73
93921 -76
93944 -76
94022 -77
94044 -77
94120 -74
94145 -74
94217 -76
94242 -77
94322 -77
94346 -76
94425 -76
94450 -76
94521 -76
94544 -77
94633 -75
94657 -75
94731 -77
94759 -76
94828 -77
94857 -77
94954 -75
95036 -76
95058 -76
95132 -77
95155 -77
95232 -76
95254 -76
95329 -76
95357 -75
95438 -77
95518 -76
95542 -76
95621 -76
95641 -76
95717 -77
95738 -77
95819 -76
95846 -76
95926 -76
95951 -76
96030 -77
96052 -77
96128 -75
96149 -75
96219 -77
96247 -77
96321 -77
96346 -77
96421 -76
96447 -76
96524 -77
96553 -77
96629 -77
96657 -77
96731 -76
96754 -76
96828 -76
96855 -76
96929 -77
96956 -77
97027 -77
97052 -77
97126 -76
97151 -76
97217 -77
97333 -77
97363 -77
97435 -76
97456 -76
97533 -77
97559 -77
97640 -77
97716 -76
97743 -76
97819 -77
97840 -77
97863 -77
97933 -77
97958 -77
98032 -76
98058 -77
98128 -77
98153 -77
98240 -77
98260 -77
98328 -77
98349 -77
98416 -77
98443 -77
98519 -77
98547 -77
98625 -76
98645 -76
98717 -77
98745 -77
98821 -78
98844 -78
98919 -76
98946 -76
99036 -77
99056 -77
99129 -77
99156 -77
99240 -76
99341 -77
99424 -77
99449 -77
99527 -76
99552 -76
99633 -77
99658 -77
99726 -77
99751 -77
99820 -76
99841 -76
99862 -76
99929 -77
99952 -77
100031 -77
100055 -77
100132 -76
100162 -75
100235 -77
100257 -77
100359 -77
100436 -75
100520 -77
100546 -76
100622 -78
100650 -77
100720 -75
100746 -75
100815 -77
100840 -77
100862 -77
100917 -78
100938 -78
100961 -78
101014 -74
101043 -75
101119 -77
101146 -76
101224 -78
101250 -78
101331 -74
101356 -74
101429 -76
101458 -76
101537 -77
101562 -78
101630 -74
101659 -74
101725 -76
101754 -76
101834 -77
101856 -77
101928 -76
101956 -76
102034 -76
102056 -76
102134 -78
102222 -74
102249 -74
102328 -75
102352 -74
102425 -76
102448 -76
102528 -76
102548 -76
102622 -74
102651 -74
102720 -74
102742 -73
102814 -75
102833 -75
102854 -75
