23723 -76
23750 -76
23802 -76
23825 -76
23906 -80
23929 -80
24003 -77
24024 -77
24044 -77
24122 -76
24145 -76
24250 -78
24321 -76
24348 -77
24422 -76
24506 -78
24530 -78
24620 -76
24641 -76
24726 -76
24748 -77
24819 -81
24848 -81
24915 -77
24935 -77
25005 -77
25033 -76
25109 -80
25134 -79
25207 -76
25227 -76
25328 -76
25406 -80
25426 -79
25450 -79
25520 -76
25543 -76
25616 -77
25638 -77
25717 -82
25743 -81
25818 -77
25843 -78
25912 -77
25937 -77
26008 -83
26037 -83
26110 -77
26136 -77
26218 -77
26243 -77
26321 -82
26346 -82
26409 -77
26432 -77
26503 -75
26532 -75
26606 -80
26629 -80
26714 -78
26740 -78
26824 -77
26850 -76
26907 -83
26929 -83
26951 -83
27028 -78
27107 -77
27134 -76
27212 -83
27234 -83
27309 -78
27337 -78
27410 -77
27435 -77
27509 -84
27535 -84
27610 -78
27634 -78
27702 -77
27723 -77
27747 -77
27845 -84
27916 -78
27942 -78
28020 -77
28043 -77
28122 -84
28147 -84
28215 -78
28244 -78
28322 -77
28350 -77
28404 -83
28431 -83
28505 -78
28530 -78
28607 -77
28627 -77
28702 -83
28727 -83
28750 -83
28816 -78
28845 -78
28902 -77
28929 -77
29001 -83
29027 -83
29047 -83
29128 -78
29207 -77
29233 -77
29313 -84
29341 -83
29404 -78
29424 -78
29450 -78
29527 -77
29614 -83
29640 -84
29711 -78
29741 -78
29824 -77
29903 -84
29931 -83
30006 -78
30031 -78
30106 -77
30130 -77
30207 -84
30233 -83
30315 -78
30343 -78
30422 -77
30446 -77
30521 -83
30546 -83
30613 -77
30636 -78
30708 -77
30731 -77
30803 -83
30908 -77
30929 -77
31008 -77
31036 -77
31103 -83
31125 -83
31147 -83
31220 -77
31245 -77
31315 -77
31343 -77
31417 -83
31445 -83
31512 -77
31533 -77
31608 -77
31631 -77
31704 -82
31729 -83
31802 -77
31825 -77
31925 -77
31947 -77
32006 -82
32035 -82
32113 -77
32137 -77
32210 -77
32231 -77
32313 -82
32336 -83
32408 -77
32435 -78
32507 -77
32531 -77
32607 -83
32628 -82
32719 -77
32743 -77
32816 -76
32846 -77
32914 -82
32934 -82
33009 -77
33032 -77
33124 -77
33223 -82
33302 -77
33324 -77
33347 -77
33408 -77
33437 -77
33510 -82
33621 -77
33647 -77
33726 -77
33808 -82
33833 -83
33903 -77
33927 -77
33950 -77
34005 -78
34028 -77
34107 -82
34128 -82
34204 -77
34233 -77
34313 -78
34336 -78
34410 -82
34431 -82
34523 -78
34545 -79
34623 -79
34650 -80
34706 -80
34734 -80
34804 -81
34832 -81
34910 -82
34939 -82
35038 -83
35132 -79
35213 -77
35237 -77
35308 -82
35329 -81
35417 -80
35439 -80
35523 -78
35549 -78
35625 -83
35717 -81
35741 -81
35818 -80
35839 -80
35920 -84
35948 -84
36021 -82
36047 -82
36119 -80
36146 -80
36221 -84
36246 -84
36317 -82
36346 -82
36403 -80
36425 -80
36448 -80
36520 -84
36546 -84
36617 -82
36640 -82
36718 -80
36739 -80
36818 -83
36847 -83
36917 -83
36947 -83
37022 -80
37050 -80
37123 -84
37149 -84
37210 -83
37235 -83
37303 -80
37327 -80
37402 -83
37424 -83
37446 -83
37548 -82
37603 -79
37627 -80
37705 -83
37727 -83
37749 -83
37818 -82
37844 -82
37920 -80
37945 -80
38004 -83
38026 -83
38048 -83
38119 -82
38138 -82
38216 -80
38237 -80
38315 -83
38336 -83
38410 -82
38436 -82
38516 -80
38540 -80
38638 -83
38709 -82
38731 -82
38803 -80
38832 -80
38904 -84
38927 -84
39001 -82
39030 -82
39127 -80
39149 -80
39221 -84
39242 -84
39318 -82
39340 -82
39412 -80
39433 -80
39507 -84
39534 -84
39603 -82
39626 -82
39722 -80
39805 -84
39831 -83
39910 -82
39936 -82
40016 -80
40039 -80
40105 -83
40125 -83
40150 -83
40215 -82
40241 -83
40309 -80
40334 -80
40412 -83
40434 -83
40509 -82
40534 -82
40618 -79
40638 -80
40708 -83
40731 -83
40822 -82
40846 -82
40922 -79
40950 -79
41019 -83
41041 -83
41111 -82
41140 -82
41210 -79
41236 -80
41306 -83
41327 -83
41417 -82
41441 -82
41519 -80
41541 -80
41614 -84
41641 -83
41723 -82
41747 -82
41804 -80
41830 -80
41909 -83
41929 -83
41951 -83
42027 -82
42111 -79
42140 -79
42225 -83
42303 -82
42328 -82
42349 -82
42419 -79
42440 -80
42517 -83
42544 -83
42608 -82
42633 -82
42703 -79
42731 -80
42808 -83
42832 -84
42921 -82
42950 -82
43016 -80
43038 -80
43114 -83
43137 -84
43212 -82
43235 -83
43312 -80
43339 -80
43418 -84
43443 -83
43514 -82
43539 -83
43621 -79
43648 -79
43715 -83
43737 -83
43811 -82
43834 -82
43916 -79
43939 -80
44011 -84
44038 -83
44109 -82
44130 -82
44205 -80
44225 -80
44301 -84
44327 -84
44422 -82
44449 -82
44502 -81
44527 -81
44548 -81
44625 -84
44703 -80
44729 -80
44805 -81
44833 -81
44907 -83
44931 -83
45007 -80
45028 -80
45049 -80
45104 -81
45125 -81
45226 -79
45247 -79
45323 -80
45343 -80
45423 -83
45450 -83
45528 -82
45549 -82
45621 -83
45643 -82
45719 -82
45748 -82
45802 -85
45824 -85
45844 -86
45909 -84
45934 -85
46010 -83
46040 -83
46123 -91
46146 -91
46213 -84
46240 -85
46340 -83
46422 -93
46442 -91
46513 -85
46540 -84
46625 -84
46647 -83
46728 -91
46749 -91
46849 -84
46920 -84
46942 -84
47015 -91
47041 -91
47116 -84
47138 -85
47204 -85
47347 -91
47418 -84
47441 -85
47540 -84
47620 -92
47648 -91
47743 -84
47820 -84
47840 -84
47909 -92
48008 -84
48034 -84
48108 -85
48128 -84
48306 -85
48327 -85
48432 -84
48514 -92
48610 -85
48638 -85
48723 -85
48921 -85
48945 -85
49025 -85
49129 -91
49220 -85
49250 -84
49301 -84
49324 -84
49422 -93
49519 -85
49542 -86
49621 -84
49643 -84
49804 -85
49827 -85
49906 -84
49930 -84
50006 -93
50029 -92
50107 -85
50129 -85
50203 -85
50402 -84
50425 -84
50502 -85
50602 -92
50630 -92
50711 -85
50735 -86
50841 -85
51022 -85
51046 -85
51120 -85
51145 -85
51220 -91
51250 -91
51302 -84
51325 -84
51348 -84
51426 -85
51614 -85
51643 -85
51724 -85
51821 -92
51911 -85
51934 -85
52006 -85
52031 -85
52135 -92
52209 -85
52234 -84
52329 -85
52423 -93
52446 -92
52511 -84
52536 -85
52613 -85
52741 -92
52813 -84
52917 -85
52944 -85
53016 -92
53040 -93
53110 -84
53138 -85
53221 -84
53245 -85
53342 -91
53416 -85
53442 -85
53511 -85
53533 -85
53613 -92
53704 -85
53726 -85
53807 -85
53828 -85
54012 -85
54041 -85
54125 -85
54146 -85
54245 -90
54318 -84
54346 -83
54422 -84
54515 -82
54541 -82
54616 -81
54639 -82
54715 -81
54740 -81
54814 -81
54837 -82
54923 -83
54944 -83
55022 -83
55042 -84
55138 -82
55206 -85
55228 -85
55309 -85
55402 -88
55425 -88
55448 -89
55513 -85
55534 -85
55605 -85
55627 -85
55816 -85
55841 -85
55922 -85
55948 -86
56016 -89
56041 -89
56116 -86
56144 -86
56202 -84
56229 -85
56250 -85
56331 -88
56404 -86
56434 -86
56514 -84
56535 -84
56607 -87
56634 -88
56715 -85
56741 -86
56818 -84
56839 -84
56906 -88
56926 -88
56949 -88
57017 -85
57045 -85
57121 -84
57145 -84
57216 -88
57237 -88
57306 -85
57331 -85
57413 -84
57438 -84
57547 -88
57645 -85
57744 -84
57820 -88
57841 -88
57909 -85
58004 -84
58029 -85
58106 -88
58130 -88
58209 -85
58236 -85
58311 -84
58336 -84
58415 -89
58443 -88
58504 -85
58534 -86
58615 -84
58636 -84
58711 -88
58736 -88
58808 -85
58910 -84
58938 -84
59017 -88
59046 -88
59147 -85
59304 -88
59328 -88
59420 -85
59446 -85
59516 -84
59539 -84
59616 -87
59710 -85
59740 -85
59814 -84
59838 -84
59907 -88
59927 -88
59948 -88
60003 -85
60028 -85
60103 -84
60129 -84
60209 -88
60230 -88
60317 -85
60336 -85
60414 -84
60435 -84
60510 -88
60537 -88
60616 -85
60639 -85
60718 -84
60741 -84
60812 -88
60834 -88
60906 -85
60929 -85
61008 -84
61030 -84
61112 -88
61133 -88
61218 -84
61244 -85
61316 -84
61344 -85
61414 -88
61434 -88
61507 -85
61530 -85
61612 -84
61641 -84
61718 -89
61739 -89
61807 -85
61831 -85
61905 -84
61935 -84
62020 -88
62121 -85
62141 -85
62210 -84
62238 -84
62413 -85
62436 -84
62514 -84
62537 -84
62604 -88
62627 -88
62705 -85
62731 -85
62814 -84
62840 -84
62901 -88
62930 -88
63021 -84
63047 -85
63120 -84
63149 -84
63221 -88
63317 -85
63337 -85
63410 -84
63520 -89
63541 -89
63613 -85
63635 -85
63708 -84
63737 -84
63813 -88
63841 -88
63906 -85
63932 -85
64012 -84
64041 -85
64112 -86
64136 -86
64209 -84
64235 -84
64304 -85
64327 -86
64419 -83
64446 -82
64521 -84
64546 -84
64625 -83
64705 -83
64727 -84
64825 -86
64908 -83
64933 -83
65002 -86
65025 -85
65046 -85
65115 -87
65144 -88
65216 -83
65237 -84
65321 -87
65347 -87
65523 -84
65545 -84
65620 -88
65648 -88
65801 -84
65824 -85
65917 -88
65942 -88
66111 -85
66135 -86
66208 -87
66308 -93
66413 -86
66438 -86
66521 -87
66541 -87
66619 -90
66716 -86
66742 -86
66814 -87
66842 -87
66922 -92
67018 -86
67045 -85
67125 -87
67306 -85
67328 -85
67348 -86
67442 -87
67640 -85
67718 -87
67739 -87
67907 -87
67930 -85
68012 -88
68041 -88
68202 -86
68231 -85
68327 -88
68347 -88
68521 -85
68548 -85
68616 -88
68642 -88
68816 -85
68844 -85
68916 -88
68944 -88
69113 -84
69141 -85
69211 -88
69236 -88
69420 -85
69440 -85
69514 -88
69539 -88
69711 -85
69739 -85
69811 -89
70018 -85
70044 -85
70114 -88
70337 -85
70412 -88
70432 -88
70610 -85
70639 -85
70714 -88
70739 -89
70906 -86
70932 -85
71024 -89
71045 -89
71213 -85
71236 -86
71323 -88
71343 -88
71510 -85
71530 -86
71633 -89
71824 -86
71907 -88
71933 -88
72114 -85
72141 -86
72220 -88
72242 -89
72421 -86
72447 -85
72519 -89
72546 -89
72711 -85
72741 -85
73022 -85
73048 -85
73117 -88
73138 -88
73310 -85
73337 -85
73410 -89
73440 -89
73613 -86
73641 -85
73717 -89
73742 -88
73919 -85
73948 -85
74004 -89
74035 -89
74220 -85
74243 -85
74313 -89
74333 -88
74521 -86
74541 -85
74626 -89
74846 -88
74924 -84
75215 -84
75235 -84
75441 -88
75519 -91
75912 -90
76613 -90
76636 -90
76925 -90
77046 -93
77138 -90
77307 -92
77541 -90
77919 -93
78043 -90
78241 -93
78323 -90
78349 -91
78514 -93
78538 -93
78715 -91
78824 -91
78922 -90
79038 -90
79120 -93
79241 -90
79321 -90
79348 -89
79402 -92
79425 -92
79641 -90
79711 -93
79736 -93
79939 -90
80039 -93
80204 -90
80227 -90
80304 -93
80642 -93
81141 -90
81242 -93
81407 -90
81430 -89
81511 -93
81539 -93
81716 -89
81811 -93
82026 -90
82331 -90
82904 -90
82933 -89
83007 -93
83128 -93
83208 -91
83230 -91
83521 -90
83846 -90
83917 -95
84144 -90
84503 -91
84531 -91
84602 -91
84911 -88
84934 -88
85014 -88
85037 -89
85112 -86
85140 -86
85217 -91
85801 -90
86128 -91
86221 -86
86244 -87
86316 -92
86336 -92
86514 -84
86542 -85
86611 -90
86637 -90
86823 -84
86843 -84
86914 -89
86943 -89
87106 -84
87128 -85
87236 -90
87419 -85
87448 -84
87514 -90
87719 -84
87739 -85
87820 -90
88005 -85
88032 -85
88111 -90
88323 -85
88343 -84
88413 -89
88438 -90
88611 -85
88635 -85
88705 -90
88725 -91
88749 -90
88915 -85
88936 -84
89015 -89
89041 -90
89213 -85
89236 -85
89306 -90
89506 -84
89535 -84
89608 -90
89635 -90
89830 -85
90101 -85
90125 -85
90148 -85
90220 -90
90241 -89
90418 -85
90444 -85
90529 -89
90710 -85
90732 -85
90824 -90
90848 -90
91025 -85
91049 -84
91104 -90
91126 -89
91308 -85
91333 -84
91407 -89
91610 -85
91637 -85
91713 -89
91736 -90
91935 -85
92019 -91
92041 -90
92215 -85
92237 -85
92335 -91
92508 -85
92530 -85
92607 -90
92627 -90
92808 -85
92831 -85
92937 -90
93115 -84
93141 -85
93218 -90
93244 -90
93421 -84
93445 -84
93503 -91
93530 -90
93704 -85
93801 -90
93829 -90
94008 -85
94108 -90
94130 -90
94316 -85
94339 -85
94410 -91
94435 -90
94609 -85
94634 -85
94706 -92
94912 -85
94935 -85
95006 -92
95202 -89
95226 -90
95513 -87
95541 -86
