199389 -64
199410 -64
199484 -70
199510 -66
199582 -67
199605 -66
199688 -64
199715 -64
199791 -65
199812 -65
199888 -65
199917 -65
199985 -63
200007 -63
200083 -65
200108 -65
200185 -65
200208 -65
200288 -63
200318 -62
200391 -65
200414 -66
200480 -64
200501 -64
200525 -64
200604 -62
200625 -62
200704 -70
200725 -70
200779 -66
200800 -66
200825 -65
200901 -62
200926 -62
200978 -65
201026 -67
201106 -65
201203 -63
201282 -66
201302 -66
201381 -67
201407 -66
201481 -64
201510 -63
201585 -66
201608 -66
201685 -67
201710 -68
201788 -64
201813 -64
201884 -66
201909 -66
201980 -67
202009 -68
202081 -64
202101 -64
202126 -64
202178 -66
202204 -66
202284 -68
202312 -67
202382 -64
202406 -64
202500 -66
202526 -66
202625 -68
202701 -64
202784 -66
202807 -66
202888 -68
202916 -68
203013 -64
203087 -66
203111 -66
203182 -68
203208 -68
203279 -64
203305 -64
203385 -67
203408 -67
203479 -68
203506 -68
203584 -64
203612 -64
203695 -72
203722 -68
203792 -69
203813 -69
203890 -65
203915 -64
203986 -67
204016 -67
204089 -68
204113 -69
204188 -64
204211 -65
204281 -67
204305 -67
204381 -69
204410 -69
204482 -65
204505 -64
204583 -67
204610 -67
204686 -68
204709 -69
204779 -64
204805 -65
204887 -67
204915 -68
204987 -68
205017 -68
205100 -65
205124 -64
205200 -70
205220 -71
205299 -68
205322 -68
205395 -64
205420 -67
205494 -67
205514 -70
205590 -69
205612 -69
205689 -65
205717 -65
205799 -67
205825 -67
205899 -69
205921 -69
205996 -65
206018 -65
206087 -67
206112 -72
206184 -69
206207 -69
206280 -65
206301 -65
206327 -65
206395 -67
206424 -67
206499 -69
206525 -69
206579 -65
206605 -65
206699 -67
206725 -67
206789 -69
206809 -69
206914 -65
206988 -67
207010 -67
207085 -69
207111 -69
207188 -65
207210 -65
207287 -69
207312 -70
207380 -68
207408 -68
207482 -67
207502 -65
207525 -64
207578 -66
207605 -66
207685 -69
207712 -69
207789 -65
207814 -65
207890 -66
207916 -68
208012 -68
208088 -65
208116 -64
208201 -66
208222 -66
208290 -68
208311 -68
208386 -64
208416 -64
208487 -66
208512 -66
208591 -68
208617 -68
208690 -64
208711 -64
208792 -66
208816 -66
208885 -68
208914 -68
208989 -64
209012 -64
209090 -66
209114 -70
209184 -68
209205 -68
209283 -64
209308 -64
209383 -66
209405 -66
209498 -68
209525 -68
209593 -64
209613 -64
209692 -66
209713 -66
209791 -69
209821 -69
209893 -65
209920 -65
209989 -67
210013 -67
210088 -69
210111 -69
210185 -66
210208 -66
210281 -72
210304 -68
210325 -68
210396 -69
210419 -69
210494 -69
210524 -69
210602 -69
210722 -72
210793 -70
210818 -70
210897 -69
210919 -69
210984 -71
211005 -71
211082 -67
211104 -67
211183 -69
211210 -69
211283 -70
211308 -70
211404 -68
211481 -69
211502 -69
211582 -72
211604 -73
211625 -73
211702 -69
211789 -70
211810 -70
211888 -73
211914 -73
211988 -69
212008 -68
212082 -68
212106 -69
212203 -73
212224 -73
212304 -68
212381 -69
212409 -69
212485 -73
212506 -73
212594 -68
212616 -69
212692 -69
212712 -69
212798 -73
212878 -69
212908 -69
212989 -69
213010 -69
213081 -73
213109 -73
213182 -68
213210 -68
213292 -69
213318 -69
213386 -73
213414 -73
213500 -68
213526 -68
213581 -69
213602 -69
213682 -73
213779 -68
213800 -68
213823 -68
213902 -69
213924 -72
213997 -72
214027 -72
214079 -68
214103 -68
214199 -69
214223 -69
214298 -72
214323 -72
214422 -67
214495 -71
214515 -69
214582 -72
214608 -72
214687 -67
214714 -68
214825 -69
214879 -72
214908 -72
214996 -66
215016 -68
215096 -69
215119 -69
215192 -72
215220 -72
215293 -68
215321 -68
215400 -69
215426 -69
215495 -72
215515 -72
215594 -68
215619 -68
215697 -69
215725 -69
215792 -72
215815 -72
215994 -69
216021 -68
216099 -72
216123 -72
216178 -67
216205 -68
216226 -68
216301 -69
216325 -69
216396 -72
216419 -72
216505 -68
216578 -69
216601 -69
216626 -72
216695 -71
216716 -71
216810 -68
216888 -69
216985 -71
217008 -71
217081 -68
217108 -68
217196 -69
217215 -69
217297 -71
217323 -71
217392 -68
217416 -67
217490 -69
217519 -69
217596 -71
217623 -71
217699 -68
217719 -68
217792 -69
217813 -69
217888 -71
217916 -71
217989 -67
218016 -68
218084 -69
218111 -69
218196 -71
218218 -71
218297 -68
218322 -68
218377 -72
218400 -69
218424 -69
218494 -71
218523 -71
218596 -67
218622 -67
218691 -69
218713 -69
218791 -71
218811 -71
218885 -67
218908 -67
218999 -68
219025 -69
219078 -71
219100 -71
219124 -71
219192 -67
219213 -67
219289 -70
219309 -68
219383 -71
219408 -71
219485 -67
219509 -67
219578 -69
219608 -69
219678 -72
219702 -72
219723 -72
219795 -68
219822 -68
219898 -69
219999 -74
220019 -75
220086 -70
220108 -70
220189 -72
220218 -73
220309 -78
220384 -76
220406 -76
220479 -74
220506 -74
220578 -76
220598 -76
220622 -77
220698 -73
220781 -70
220801 -70
220826 -70
220889 -75
220911 -75
220981 -74
221010 -73
221109 -71
221180 -75
221205 -75
221283 -74
221310 -74
221391 -72
221416 -72
221496 -74
221524 -74
221578 -74
221604 -74
221625 -73
221694 -73
221791 -75
221886 -74
221912 -74
221987 -73
222015 -73
222094 -75
222115 -76
222185 -74
222206 -74
222278 -73
222305 -73
222380 -76
222403 -76
222490 -74
222509 -74
222585 -73
222610 -73
222696 -76
222796 -74
222818 -74
222894 -73
222917 -73
222995 -76
223017 -76
223094 -74
223123 -74
223195 -73
223221 -73
223295 -76
223397 -74
223418 -74
223502 -73
223599 -76
223625 -76
223697 -74
223722 -74
223791 -73
223820 -73
223897 -75
223920 -75
223990 -73
224012 -73
224082 -72
224109 -72
224205 -75
224280 -73
224307 -73
224380 -72
224404 -72
224500 -76
224523 -76
224602 -73
224625 -74
224678 -73
224708 -73
224797 -76
224821 -76
224917 -74
224989 -73
225014 -73
225088 -76
225111 -76
225215 -73
225319 -73
225394 -76
225416 -76
225497 -73
225525 -73
225600 -72
225626 -72
225704 -76
225780 -73
225802 -73
225878 -72
225899 -72
225920 -72
225999 -75
226027 -75
226098 -73
226120 -73
226197 -71
226218 -71
226283 -75
226307 -75
226379 -73
226402 -72
226426 -72
226478 -71
226507 -71
226579 -74
226601 -74
226685 -72
226708 -72
226783 -71
226803 -71
226894 -74
226994 -72
227020 -72
227104 -70
227178 -74
227201 -74
227298 -72
227379 -70
227407 -70
227480 -74
227510 -75
227592 -72
227620 -72
227702 -70
227723 -70
227794 -75
227821 -75
227894 -73
227916 -73
227992 -71
228012 -71
228108 -75
228182 -72
228204 -73
228226 -72
228293 -71
228323 -71
228394 -75
228415 -75
228485 -72
228509 -72
228583 -71
228607 -71
228688 -75
228715 -75
228786 -72
228814 -72
228889 -71
228918 -71
228999 -74
229024 -75
229098 -72
229126 -72
229200 -71
229220 -71
229290 -75
229312 -75
229384 -72
229409 -72
229483 -71
229509 -71
229585 -75
229616 -75
229690 -73
229710 -73
229792 -72
229821 -72
229887 -76
229911 -76
229986 -75
230086 -76
230111 -77
230183 -77
230205 -78
230224 -78
230299 -77
230324 -77
230400 -76
230424 -75
230502 -79
230584 -78
230614 -76
230687 -71
230709 -70
230790 -77
230816 -77
230891 -75
230919 -75
231000 -76
231087 -78
231116 -78
231187 -73
231213 -73
231297 -77
231322 -77
231400 -79
231424 -79
231498 -73
231520 -73
231578 -76
231598 -76
231625 -76
231698 -78
231718 -78
231791 -73
231818 -73
231902 -75
231923 -75
231999 -77
232020 -77
232097 -73
232118 -73
232187 -75
232210 -75
232289 -77
232311 -77
232382 -73
232411 -73
232482 -75
232502 -75
232523 -75
232597 -78
232624 -78
232692 -73
232712 -73
232791 -75
232818 -75
232893 -78
232914 -78
232992 -73
233016 -73
233099 -75
233125 -75
233205 -78
233284 -73
233306 -73
233400 -74
233500 -78
233521 -77
233597 -73
233694 -74
233714 -74
233791 -78
233812 -78
233877 -73
233905 -73
233925 -73
233998 -74
234019 -74
234094 -79
234124 -78
234196 -73
234216 -73
234291 -74
234313 -74
234380 -79
234401 -79
234420 -79
234495 -73
234519 -73
234603 -74
234625 -74
234688 -79
234717 -79
234793 -73
234820 -74
234893 -74
234922 -74
235022 -79
235100 -73
235203 -75
235299 -79
235320 -79
235396 -74
235417 -73
235491 -74
235512 -74
235584 -79
235606 -79
235696 -73
235718 -73
235813 -74
235891 -79
235915 -79
235992 -73
236081 -74
236104 -74
236198 -79
236226 -78
236303 -73
236397 -74
236424 -74
236494 -78
236520 -78
236596 -73
236618 -73
236701 -74
236794 -78
236815 -78
236885 -73
236912 -73
236993 -74
237019 -74
237101 -78
237183 -73
237207 -73
237287 -75
237310 -75
237399 -78
237420 -78
237495 -73
237520 -73
237599 -75
237678 -77
237703 -77
237779 -73
237803 -73
237906 -75
237980 -77
238008 -77
238095 -73
238117 -73
238179 -74
238202 -74
238222 -74
238296 -77
238321 -78
238392 -73
238415 -73
238494 -74
238521 -73
238601 -78
238677 -73
238701 -73
238724 -73
238800 -74
238820 -74
238894 -78
238917 -79
238995 -73
239021 -73
239095 -74
239123 -74
239200 -79
239227 -79
239278 -73
239306 -73
239389 -74
239486 -79
239509 -79
239600 -73
239693 -74
239796 -82
239824 -82
239901 -75
239926 -76
239982 -74
240002 -74
240026 -74
240096 -76
240118 -76
240197 -76
240219 -76
240300 -71
240325 -71
240400 -77
240425 -77
240498 -74
240522 -74
240593 -73
240619 -74
240697 -78
240718 -78
240788 -73
240813 -74
240883 -75
240906 -74
240983 -81
241010 -81
241086 -79
241107 -79
241187 -73
241210 -73
241286 -79
241388 -81
241412 -80
241485 -73
241506 -73
241584 -79
241613 -79
241694 -80
241716 -80
241784 -74
241811 -74
241914 -78
241980 -80
242000 -80
242022 -80
242096 -73
242119 -73
242195 -78
242215 -79
242296 -80
242326 -80
242396 -73
242426 -73
242504 -79
242598 -80
242695 -73
242718 -73
242792 -79
242819 -79
242897 -80
242919 -80
243001 -73
243079 -80
243101 -80
243202 -78
243278 -74
243304 -75
243384 -81
243407 -82
243488 -76
243511 -76
243583 -75
243612 -76
243681 -84
243703 -83
243804 -75
243824 -75
243881 -77
243904 -77
244001 -84
244097 -75
244126 -74
244196 -77
244215 -77
244291 -85
244312 -85
244384 -74
244413 -74
244491 -77
244514 -77
244590 -85
244613 -85
244685 -75
244706 -75
244807 -77
244900 -86
244927 -85
244995 -75
245016 -75
245092 -77
245118 -77
245192 -84
245213 -85
245289 -75
245312 -76
245393 -77
245415 -77
245483 -84
245512 -84
245591 -76
245613 -76
245688 -77
245711 -77
245799 -85
245825 -85
245880 -76
245904 -76
245986 -77
246008 -77
246081 -86
246111 -86
246184 -76
246205 -76
246278 -77
246307 -77
246405 -86
246425 -85
246478 -75
246503 -75
246526 -75
246582 -77
246610 -77
246702 -85
246722 -85
246796 -75
246825 -75
246889 -77
246918 -77
247000 -85
247020 -85
247096 -74
247122 -74
247196 -77
247220 -77
247301 -85
247405 -74
247510 -77
247578 -85
247601 -85
247700 -74
247786 -77
247807 -77
247895 -86
247916 -85
247992 -75
248022 -75
248092 -77
248116 -77
248186 -86
248207 -86
248305 -75
248383 -77
248411 -77
248479 -85
248502 -87
248526 -86
248579 -75
248602 -75
248682 -77
248706 -77
248777 -86
248804 -85
248884 -75
248906 -75
248980 -77
249003 -77
249125 -85
249179 -75
249206 -75
249281 -77
249392 -84
249421 -85
249490 -75
249519 -75
249593 -76
249619 -76
249688 -84
249708 -85
249783 -76
249810 -77
249885 -75
249914 -75
249979 -80
250003 -80
250026 -79
250079 -79
250104 -78
250125 -78
250205 -73
250226 -74
250292 -78
250318 -78
250393 -77
250415 -77
250494 -76
250518 -76
250587 -83
250611 -83
250683 -78
250704 -78
250781 -77
250808 -79
250887 -78
250911 -77
250983 -78
251012 -77
251089 -77
251113 -77
251187 -88
251209 -85
251297 -81
251325 -80
251426 -88
251492 -86
251515 -85
251593 -81
251618 -81
251682 -87
251708 -88
251780 -81
251801 -80
251824 -80
251898 -81
251923 -80
251998 -86
252019 -86
252089 -84
252116 -84
252278 -87
252306 -87
252380 -87
252407 -88
252488 -82
252513 -82
252587 -85
252616 -85
252790 -82
252813 -82
252883 -85
253092 -82
253114 -82
253180 -83
253207 -84
253395 -82
253422 -82
253499 -85
253594 -90
253615 -90
253693 -82
253720 -82
253800 -85
253824 -86
253895 -88
253924 -88
254000 -82
254024 -82
254096 -85
254123 -85
254284 -82
254307 -82
254383 -86
254406 -86
254480 -86
254510 -87
254591 -81
254617 -82
254689 -85
254713 -85
254780 -87
254808 -86
254881 -82
254911 -81
254986 -84
255007 -84
255085 -87
255106 -86
255197 -82
255217 -82
255288 -84
255312 -84
255386 -87
255407 -87
255484 -82
255508 -82
255585 -83
255615 -83
255685 -89
255709 -88
255780 -82
255803 -82
255881 -84
255907 -83
255995 -88
256018 -88
256094 -82
256121 -82
256201 -84
256222 -84
256297 -87
256319 -88
256391 -82
256413 -82
256489 -83
256513 -83
256587 -87
256693 -82
256713 -82
256789 -84
256811 -84
256889 -87
256910 -87
256982 -81
257007 -82
257102 -83
257122 -83
257196 -86
257220 -87
257296 -82
257403 -84
257500 -87
257604 -82
257695 -83
257719 -83
257792 -88
257820 -87
257889 -82
257912 -82
257986 -82
258013 -83
258088 -88
258111 -88
258185 -82
258206 -82
258295 -83
258319 -83
258384 -88
258492 -82
258519 -82
258593 -83
258615 -83
258691 -87
258711 -87
258780 -82
258799 -82
258820 -82
258891 -83
258916 -83
258983 -87
259005 -87
259100 -81
259210 -83
259279 -86
259304 -87
259406 -82
259483 -82
259509 -82
259583 -87
259611 -87
259709 -82
259783 -82
259803 -82
259892 -86
259915 -86
260000 -82
260022 -82
260093 -82
260117 -83
260191 -79
260216 -79
260292 -78
260319 -76
260385 -82
260406 -82
260426 -82
260501 -85
260616 -75
260691 -78
260718 -78
260784 -83
260808 -82
260900 -88
260923 -81
261019 -81
261093 -80
261114 -80
261191 -78
261213 -79
261290 -84
261311 -83
261388 -80
261484 -84
261509 -84
261589 -81
261688 -81
261712 -80
261788 -79
261818 -79
261889 -78
261914 -77
261979 -80
262008 -80
262082 -79
262104 -79
262180 -80
262208 -80
262282 -81
262309 -82
262383 -82
262409 -81
262496 -82
262522 -82
262578 -85
262600 -84
262697 -82
262721 -83
262798 -83
262824 -84
262899 -85
262923 -86
263001 -82
263088 -85
263116 -85
263189 -85
263210 -85
263294 -82
263317 -82
263390 -86
263419 -86
263495 -85
263522 -84
263597 -82
263625 -81
263698 -87
263726 -87
263791 -84
263820 -84
263889 -81
263991 -88
264089 -84
264120 -84
264196 -80
264220 -80
264293 -88
264317 -88
264393 -85
264416 -84
264495 -81
264523 -81
264579 -89
264608 -89
264682 -86
264704 -85
264800 -81
264823 -81
264878 -89
264908 -89
264984 -85
265005 -85
265083 -81
265104 -81
265125 -81
265181 -88
265208 -88
265281 -85
265303 -85
265406 -81
265479 -88
265500 -88
265592 -85
265616 -85
265693 -81
265720 -81
265795 -87
265816 -87
265912 -84
266001 -81
266026 -81
266099 -86
266122 -86
266193 -85
266216 -84
266285 -81
266308 -81
266379 -86
266405 -86
266499 -85
266524 -85
266578 -81
266598 -81
266700 -86
266810 -85
266881 -82
266902 -81
266923 -82
267002 -87
267079 -86
267107 -85
267178 -82
267204 -81
267226 -82
267299 -87
267323 -87
267393 -85
267420 -86
267500 -82
267583 -87
267612 -87
267679 -85
267708 -85
267823 -82
267886 -86
267907 -86
267987 -85
268012 -85
268089 -81
268116 -81
268216 -86
268296 -85
268319 -85
268391 -81
268416 -81
268483 -86
268587 -85
268609 -85
268687 -81
268714 -81
268792 -85
268814 -85
268892 -85
268913 -85
268996 -81
269020 -81
269088 -86
269113 -86
269196 -85
269216 -86
269279 -82
269304 -82
269379 -86
269401 -87
269424 -87
269478 -86
269584 -81
269607 -81
269683 -87
269708 -87
269794 -86
269820 -86
269900 -81
270008 -87
270086 -86
270116 -85
270184 -81
270209 -81
270284 -86
270307 -86
270399 -86
270418 -85
270497 -78
270523 -78
270599 -80
270622 -79
270698 -78
270726 -79
270797 -75
270825 -77
270901 -81
270922 -82
271000 -87
271079 -75
271101 -76
271201 -77
271226 -76
271280 -66
271300 -64
271324 -65
