21840 -59
21868 -59
21941 -58
21961 -58
21982 -59
22034 -58
22060 -58
22137 -62
22158 -62
22179 -62
22250 -58
22275 -58
22342 -58
22370 -58
22440 -62
22468 -66
22540 -58
22570 -58
22651 -57
22674 -57
22741 -66
22768 -65
22848 -57
22870 -57
22946 -57
22975 -57
23047 -66
23073 -59
23144 -57
23169 -57
23242 -57
23271 -56
23346 -59
23369 -59
23438 -57
23464 -57
23540 -57
23563 -57
23641 -66
23665 -61
23735 -57
23761 -58
23841 -57
23866 -57
23947 -65
23969 -62
24048 -57
24070 -57
24147 -58
24174 -58
24247 -62
24268 -61
24339 -59
24363 -60
24442 -57
24464 -56
24541 -59
24563 -63
24637 -59
24666 -59
24736 -58
24763 -57
24836 -64
24867 -63
24943 -57
24966 -57
25036 -57
25062 -57
25154 -65
25174 -66
25245 -57
25273 -56
25352 -56
25380 -56
25452 -60
25479 -66
25540 -57
25566 -57
25637 -57
25665 -58
25740 -63
25767 -62
25843 -57
25866 -57
25954 -56
25980 -56
26054 -63
26080 -64
26156 -57
26182 -57
26258 -57
26281 -57
26355 -65
26375 -60
26454 -57
26564 -57
26645 -59
26670 -59
26746 -57
26773 -57
26849 -57
26875 -57
26953 -59
26974 -59
27052 -57
27075 -57
27152 -57
27181 -56
27248 -61
27271 -66
27344 -57
27366 -57
27445 -57
27475 -57
27551 -61
27573 -61
27657 -57
27678 -57
27750 -57
27776 -57
27854 -62
27882 -62
27954 -58
27979 -58
28039 -57
28060 -57
28081 -57
28153 -62
28173 -62
28239 -58
28260 -58
28282 -58
28334 -57
28360 -57
28435 -62
28457 -62
28477 -62
28535 -58
28560 -58
28634 -57
28660 -57
28742 -62
28772 -62
28841 -58
28867 -58
28947 -57
28971 -57
29056 -62
29082 -62
29135 -58
29160 -58
29240 -57
29266 -57
29344 -62
29368 -62
29442 -58
29469 -58
29547 -57
29578 -57
29659 -66
29740 -57
29762 -57
29834 -57
29862 -57
29882 -57
29958 -61
29980 -61
30057 -58
30136 -57
30164 -57
30236 -61
30263 -61
30357 -57
30440 -57
30462 -57
30546 -65
30574 -61
30640 -57
30664 -57
30738 -57
30765 -57
30843 -61
30864 -65
30952 -57
30975 -57
31052 -57
31082 -57
31133 -61
31156 -66
31180 -61
31252 -57
31277 -57
31349 -57
31376 -57
31453 -61
31479 -66
31545 -57
31567 -57
31648 -57
31668 -57
31750 -66
31777 -65
31847 -57
31873 -57
31941 -57
31964 -57
32039 -65
32062 -66
32139 -58
32169 -58
32254 -58
32358 -65
32382 -61
32455 -61
32482 -61
32541 -61
32562 -62
32640 -68
32662 -66
32750 -61
32771 -61
32848 -62
32870 -61
32944 -68
32969 -64
33045 -62
33071 -62
33159 -61
33235 -66
33261 -64
33334 -62
33357 -62
33381 -62
33457 -61
33538 -70
33564 -66
33636 -62
33664 -62
33739 -62
33764 -63
33836 -66
33861 -70
33882 -66
33940 -62
33962 -62
34036 -61
34065 -61
34143 -70
34172 -65
34240 -62
34270 -62
34348 -61
34377 -62
34448 -65
34474 -70
34543 -62
34565 -62
34641 -62
34664 -62
34737 -65
34763 -65
34841 -62
34863 -62
34945 -62
34972 -62
35045 -70
35065 -64
35141 -62
35163 -62
35254 -61
35277 -62
35346 -65
35374 -65
35437 -61
35462 -61
35538 -61
35563 -61
35644 -65
35668 -68
35749 -62
35773 -62
35844 -62
35873 -62
35948 -68
35977 -65
36047 -62
36072 -62
36156 -62
36177 -62
36245 -65
36342 -62
36372 -62
36444 -62
36472 -62
36545 -65
36570 -69
36641 -62
36666 -62
36741 -62
36766 -62
36844 -65
36872 -65
36937 -62
36958 -62
37037 -62
37066 -62
37142 -68
37170 -65
37251 -62
37271 -62
37342 -62
37363 -62
37442 -65
37470 -65
37541 -62
37569 -62
37639 -62
37667 -62
37742 -65
37763 -65
37836 -62
37865 -62
37937 -62
37957 -62
38036 -65
38059 -65
38148 -62
38176 -62
38250 -62
38280 -62
38352 -65
38375 -66
38448 -62
38469 -62
38541 -62
38565 -61
38637 -70
38662 -71
38758 -62
38842 -61
38866 -61
38937 -64
38963 -64
39041 -62
39070 -62
39147 -61
39174 -61
39249 -64
39270 -67
39347 -62
39375 -61
39455 -63
39480 -61
39554 -65
39576 -65
39652 -62
39675 -62
39745 -61
39770 -62
39850 -69
39877 -64
39950 -62
39976 -62
40046 -62
40072 -62
40142 -70
40251 -62
40277 -62
40349 -62
40373 -62
40446 -65
40467 -69
40536 -62
40557 -62
40643 -62
40673 -62
40748 -65
40774 -70
40844 -62
40867 -62
40943 -62
40966 -62
41035 -65
41060 -65
41142 -62
41165 -62
41250 -62
41280 -62
41350 -65
41372 -66
41440 -62
41461 -62
41556 -62
41577 -62
41644 -65
41753 -62
41774 -62
41856 -62
41934 -65
41957 -65
41979 -65
42054 -62
42075 -62
42149 -62
42173 -61
42249 -65
42273 -64
42355 -62
42383 -62
42453 -62
42480 -62
42562 -66
42640 -63
42662 -63
42682 -63
42753 -64
42779 -65
42849 -70
42876 -69
42947 -64
42975 -64
43042 -66
43070 -66
43146 -69
43171 -69
43241 -63
43260 -63
43335 -65
43364 -64
43454 -67
43480 -68
43553 -67
43581 -66
43633 -64
43655 -64
43679 -65
43735 -63
43763 -67
43857 -66
43934 -66
43961 -66
44034 -63
44060 -68
44135 -66
44162 -66
44271 -66
44337 -63
44359 -64
44382 -64
44456 -66
44481 -66
44554 -65
44578 -65
44646 -64
44675 -64
44756 -66
44783 -66
44839 -66
44866 -65
44938 -64
44958 -64
45034 -67
45055 -67
45139 -65
45161 -66
45244 -64
45268 -64
45358 -67
45441 -65
45461 -66
45482 -66
45534 -64
45560 -64
45739 -65
45768 -65
45843 -64
45868 -68
45940 -66
45966 -66
46044 -65
46069 -65
46150 -64
46175 -64
46249 -66
46276 -67
46353 -65
46439 -64
46459 -64
46538 -67
46563 -66
46636 -65
46664 -65
46737 -64
46765 -64
46834 -66
46856 -66
46879 -67
46937 -66
46963 -65
47051 -64
47078 -64
47140 -66
47166 -66
47236 -65
47257 -65
47282 -65
47334 -64
47363 -64
47456 -67
47538 -65
47564 -65
47643 -64
47671 -64
47746 -67
47774 -67
47844 -65
47870 -65
47951 -63
47973 -63
48041 -66
48064 -66
48134 -65
48159 -65
48242 -63
48265 -68
48339 -66
48367 -66
48469 -65
48542 -63
48563 -68
48638 -66
48741 -65
48769 -65
48838 -68
48867 -63
48934 -66
48961 -66
49045 -65
49074 -65
49151 -63
49181 -63
49235 -66
49260 -66
49343 -65
49372 -66
49445 -63
49468 -68
49552 -66
49573 -66
49646 -66
49669 -66
49743 -68
49771 -63
49850 -66
49871 -67
49958 -65
49978 -66
50054 -68
50081 -68
50144 -67
50245 -66
50338 -63
50366 -67
50434 -66
50461 -66
50540 -66
50560 -66
50657 -62
50677 -63
50833 -66
50859 -66
50937 -67
50958 -68
50980 -68
51052 -66
51080 -67
51155 -66
51175 -66
51245 -63
51267 -63
51342 -66
51371 -66
51440 -66
51465 -66
51542 -64
51563 -63
51649 -66
51671 -67
51743 -66
51769 -66
51846 -68
51867 -62
51942 -66
51968 -66
52056 -66
52154 -68
52179 -63
52256 -66
52282 -66
52334 -66
52358 -66
52382 -66
52438 -70
52466 -66
52555 -65
52577 -65
52634 -68
52655 -67
52679 -67
52752 -74
52779 -73
52847 -65
52875 -65
52952 -65
52975 -65
53050 -70
53072 -65
53148 -69
53168 -69
53247 -68
53274 -68
53340 -65
53367 -64
53449 -67
53477 -68
53553 -67
53576 -67
53650 -69
53670 -69
53755 -69
53777 -69
53843 -68
53863 -68
53937 -71
53963 -71
54039 -67
54062 -68
54135 -67
54346 -68
54367 -68
54451 -68
54474 -68
54545 -71
54573 -72
54649 -68
54678 -68
54836 -71
54860 -71
54943 -68
54972 -68
55042 -67
55073 -67
55153 -71
55248 -68
55276 -68
55356 -67
55377 -67
55450 -71
55545 -68
55568 -68
55645 -67
55668 -67
55741 -71
55761 -71
55834 -68
55864 -67
55940 -67
55962 -67
56047 -71
56075 -71
56151 -68
56178 -67
56256 -67
56280 -67
56333 -71
56359 -71
56435 -68
56456 -68
56479 -68
56536 -67
56563 -67
56643 -72
56666 -71
56746 -68
56772 -68
56846 -67
56875 -67
56946 -71
56972 -71
57041 -68
57067 -68
57148 -67
57174 -67
57253 -71
57281 -71
57335 -67
57358 -68
57442 -67
57472 -67
57547 -71
57570 -71
57644 -68
57671 -68
57744 -67
57774 -67
57844 -71
57867 -71
57953 -68
57973 -68
58045 -67
58075 -67
58151 -71
58173 -71
58252 -68
58278 -68
58359 -67
58381 -67
58455 -71
58475 -71
58550 -68
58572 -68
58638 -66
58659 -66
58741 -71
58765 -71
58836 -68
58865 -68
58946 -67
58974 -67
59041 -71
59061 -71
59139 -68
59161 -68
59237 -67
59264 -67
59335 -71
59359 -71
59454 -68
59475 -68
59541 -67
59571 -68
59647 -71
59672 -71
59738 -68
59767 -68
59844 -67
59866 -68
59940 -71
59968 -71
60041 -68
60066 -68
60147 -67
60176 -67
60245 -71
60275 -72
60341 -68
60372 -68
60446 -67
60469 -67
60542 -71
60565 -71
60653 -68
60674 -68
60753 -67
60783 -67
60852 -71
60877 -71
60950 -68
60979 -68
61057 -68
61078 -68
61144 -71
61174 -71
61238 -68
61260 -68
61336 -68
61364 -68
61459 -70
61554 -68
61579 -68
61651 -68
61673 -68
61748 -71
61773 -71
61838 -68
61867 -68
61938 -68
61964 -68
62037 -71
62059 -70
62175 -68
62252 -68
62277 -68
62348 -71
62376 -71
62454 -67
62483 -67
62537 -65
62565 -64
62645 -70
62671 -67
62741 -66
62764 -67
62834 -63
62856 -63
62877 -63
62956 -67
62978 -69
63034 -66
63058 -66
63078 -66
63151 -67
63179 -68
63258 -71
63281 -71
63354 -69
63375 -69
63458 -69
63478 -69
63548 -69
63576 -67
63647 -70
63671 -70
63749 -68
63775 -68
63857 -68
63954 -69
63975 -69
64051 -66
64081 -66
64160 -70
64180 -71
64250 -70
64273 -70
64347 -66
64374 -66
64452 -72
64478 -72
64552 -70
64580 -70
64633 -66
64655 -66
64675 -66
64749 -72
64769 -72
64855 -70
64879 -70
64958 -66
65041 -72
65068 -72
65146 -70
65169 -70
65241 -66
65262 -66
65357 -72
65379 -72
65451 -70
65474 -70
65544 -66
65572 -66
65646 -71
65666 -71
65735 -70
65761 -70
65854 -66
65879 -66
65957 -72
65982 -72
66056 -70
66077 -70
66159 -66
66180 -66
66249 -72
66442 -66
66467 -66
66545 -72
66569 -72
66636 -70
66665 -70
66743 -65
66767 -66
66839 -72
66863 -72
66959 -70
67041 -66
67065 -66
67146 -71
67166 -71
67251 -70
67279 -70
67356 -66
67377 -66
67447 -71
67545 -70
67568 -70
67646 -66
67668 -66
67738 -71
67758 -72
67835 -70
67858 -70
67940 -66
67961 -66
68053 -71
68080 -71
68150 -70
68173 -70
68250 -66
68276 -66
68354 -71
68378 -71
68443 -70
68467 -70
68539 -66
68565 -66
68639 -71
68663 -71
68754 -70
68779 -70
68859 -66
68936 -71
68960 -71
69036 -70
69056 -70
69079 -70
69156 -66
69176 -66
69276 -71
69342 -70
69365 -70
69441 -66
69463 -66
69541 -71
69568 -71
69640 -70
69661 -70
69738 -66
69767 -66
69839 -71
69866 -71
69954 -70
69978 -70
70037 -66
70066 -66
70143 -71
70170 -71
70239 -70
70266 -70
70340 -66
70364 -66
70449 -71
70469 -71
70540 -70
70568 -70
70643 -66
70668 -66
70747 -71
70774 -71
70846 -70
70869 -70
70946 -66
70971 -66
71041 -71
71063 -71
71142 -70
71168 -70
71248 -66
71270 -66
71336 -71
71363 -71
71448 -70
71471 -70
71543 -66
71564 -66
71642 -71
71668 -71
71737 -70
71764 -70
71836 -66
71863 -66
71938 -71
71963 -71
72037 -70
72061 -70
72144 -66
72171 -66
72241 -71
72262 -71
72344 -71
72372 -71
72440 -65
72463 -65
72551 -73
72573 -72
72646 -73
72670 -72
72751 -69
72772 -70
72849 -64
72877 -63
72951 -68
72978 -68
73045 -68
73074 -68
73142 -66
73166 -66
73234 -76
73258 -77
73337 -72
73367 -72
73442 -71
73464 -72
73645 -71
73665 -70
73734 -66
73756 -69
73781 -69
73855 -74
73877 -74
73950 -69
73972 -68
74042 -69
74063 -69
74137 -75
74166 -75
74243 -69
74268 -69
74339 -74
74362 -74
74459 -74
74481 -74
74552 -69
74581 -69
74653 -76
74680 -76
74753 -76
74775 -76
74848 -69
74869 -70
74941 -76
74961 -76
74983 -76
75049 -78
75075 -78
75152 -70
75180 -70
75252 -77
75277 -78
75350 -78
75375 -78
75454 -70
75483 -70
75560 -78
75633 -79
75654 -79
75682 -79
75736 -70
75762 -70
75841 -77
75862 -77
75947 -80
75974 -80
76047 -71
76071 -71
76170 -77
76247 -81
76268 -80
76375 -71
76446 -77
76475 -76
76552 -81
76582 -81
76637 -71
76663 -71
76742 -77
76762 -77
76838 -80
76861 -80
76953 -71
76975 -71
77056 -77
77079 -77
77151 -80
77179 -81
77248 -71
77276 -71
77351 -77
77381 -77
77462 -81
77538 -71
77563 -71
77640 -77
77666 -77
77738 -81
77763 -81
77836 -71
77862 -71
77959 -77
78057 -81
78083 -81
78155 -71
78179 -72
78250 -77
78278 -77
78351 -81
78373 -80
78442 -71
78466 -71
78538 -77
78561 -77
78638 -80
78668 -80
78749 -71
78777 -71
78853 -77
78874 -77
78947 -80
78976 -80
79042 -71
79063 -71
79141 -78
79167 -78
79247 -80
79267 -80
79344 -71
79365 -71
79445 -78
79466 -78
79541 -79
79566 -80
79642 -71
79664 -71
79739 -79
79767 -79
79847 -79
79871 -79
79943 -71
79963 -71
80036 -79
80136 -80
80163 -80
80238 -71
80258 -72
80343 -79
80367 -78
80442 -80
80463 -80
80558 -72
80634 -78
80659 -78
80679 -77
80753 -80
80775 -80
80845 -72
80867 -72
80950 -77
80970 -77
81068 -81
81148 -72
81175 -72
81251 -77
81281 -77
81353 -80
81461 -72
81549 -78
81570 -78
81640 -81
81661 -80
81756 -72
81781 -72
81841 -78
81862 -78
81937 -81
81960 -80
82041 -72
82067 -72
82136 -77
82161 -77
82235 -81
82257 -81
82280 -80
82354 -72
82375 -71
82461 -78
82554 -72
82583 -71
82639 -77
82661 -77
82757 -69
82781 -69
82853 -67
82873 -68
82954 -68
82974 -68
83049 -65
83070 -70
83143 -70
83173 -71
83253 -72
83282 -73
83354 -71
83377 -74
83451 -72
83475 -74
83548 -72
83577 -74
83634 -71
83655 -71
83682 -71
83755 -76
83778 -76
83856 -77
83875 -76
83947 -74
83976 -74
84054 -77
84078 -77
84152 -75
84181 -76
84252 -71
84282 -71
84350 -73
84380 -73
84435 -75
84456 -74
84555 -74
84581 -74
84653 -73
84675 -72
84745 -72
84768 -72
84837 -76
84862 -76
84936 -71
84959 -71
84980 -72
85055 -69
85080 -69
85151 -75
85178 -75
85255 -71
85283 -71
85362 -67
85435 -74
85456 -74
85476 -73
85550 -71
85579 -71
85654 -67
85679 -66
85753 -73
85854 -71
85933 -66
85962 -66
86050 -72
86080 -72
86156 -71
86178 -71
86233 -66
86254 -67
86281 -66
86337 -72
86360 -72
86380 -72
86459 -71
86483 -71
86537 -66
86561 -66
86583 -66
86655 -71
86679 -72
86750 -71
86776 -71
86854 -66
86882 -66
86958 -72
86983 -72
87036 -71
87055 -71
87076 -71
87152 -66
87175 -66
87262 -72
87380 -71
87459 -67
87544 -74
87642 -71
87667 -71
87745 -68
87775 -68
87853 -76
87877 -76
87951 -71
87974 -71
88043 -68
88068 -68
88153 -77
88174 -76
88243 -71
88268 -71
88345 -69
88367 -68
88442 -76
88469 -77
88542 -71
88565 -71
88641 -69
88667 -69
88773 -77
88837 -71
88860 -71
88940 -70
88968 -70
89045 -77
89072 -77
89139 -72
89164 -72
89234 -70
89262 -70
89357 -77
89434 -71
89461 -72
89482 -72
89561 -70
89641 -77
89670 -77
89737 -72
89766 -71
89841 -69
89862 -69
89938 -77
89958 -77
90061 -71
90140 -69
90163 -69
90243 -78
90272 -77
90336 -71
90360 -71
90442 -69
90463 -69
90546 -77
90574 -77
90650 -71
90677 -71
90752 -68
90773 -68
90852 -76
90876 -77
90958 -71
91035 -68
91057 -68
91135 -76
91159 -76
91256 -71
91282 -71
91358 -67
91379 -68
91455 -76
91479 -76
91554 -71
91575 -71
91657 -68
91755 -76
91851 -71
91874 -71
91943 -68
91971 -68
92065 -76
92157 -71
92178 -71
92237 -68
92266 -68
92340 -76
92368 -76
92441 -71
92467 -71
92581 -68
92636 -76
92657 -76
92750 -71
92844 -67
92866 -66
92936 -76
92956 -75
92979 -73
93056 -72
93138 -67
93167 -68
93245 -73
93270 -70
93347 -67
93377 -86
93452 -79
93474 -77
93556 -87
93578 -86
