302127 -46
302202 -53
302231 -54
302300 -62
302328 -62
302402 -60
302428 -61
302502 -61
302522 -61
302614 -66
302708 -62
302733 -61
302810 -61
302893 -66
302917 -65
302940 -69
303013 -63
303093 -62
303117 -63
303138 -63
303291 -64
303312 -64
303333 -64
303411 -61
303432 -61
303506 -67
303537 -68
303606 -61
303631 -60
303708 -58
303736 -57
303792 -61
303817 -66
303893 -64
303921 -69
303997 -66
304016 -64
304118 -54
304138 -54
304213 -56
304239 -56
304291 -57
304314 -58
304336 -58
304413 -57
304437 -57
304508 -61
304534 -61
304610 -59
304632 -60
304710 -59
304795 -61
304826 -60
304900 -58
304996 -58
305025 -57
305091 -64
305116 -63
305138 -63
305210 -60
305234 -61
305291 -56
305314 -61
305335 -62
305405 -59
305494 -56
305514 -56
305535 -56
305606 -53
305636 -53
305716 -59
305810 -58
305832 -58
305911 -54
305938 -54
306007 -56
306029 -55
306116 -54
306199 -53
306218 -58
306297 -55
306323 -55
306393 -54
306416 -54
306437 -54
306505 -58
306535 -55
306599 -55
306620 -55
306692 -55
306721 -55
306791 -54
306812 -54
306896 -57
306917 -57
306939 -58
307013 -57
307139 -54
307219 -57
307297 -54
307324 -54
307400 -57
307425 -59
307499 -55
307525 -55
307623 -53
307697 -58
307725 -52
307794 -55
307821 -55
307893 -54
307916 -53
307940 -53
307992 -59
308020 -57
308114 -55
308198 -54
308218 -54
308302 -52
308323 -56
308393 -56
308415 -54
308512 -54
308534 -54
308618 -54
308726 -54
308813 -53
308833 -54
308908 -54
308931 -52
309002 -55
309028 -55
309108 -54
309127 -54
309213 -54
309291 -55
309321 -55
309403 -54
309423 -54
309498 -57
309524 -58
309597 -55
309696 -55
309726 -55
309801 -53
309828 -58
309897 -56
309927 -56
310006 -55
310027 -55
310105 -58
310129 -53
310202 -56
310226 -56
310297 -55
310324 -55
310399 -53
310423 -53
310495 -56
310522 -56
310607 -55
310631 -55
310705 -53
310730 -53
310803 -56
310824 -56
310901 -55
310992 -53
311012 -53
311107 -57
311131 -56
311212 -56
311237 -56
311309 -54
311332 -54
311406 -57
311435 -57
311511 -56
311534 -56
311613 -54
311739 -58
311816 -57
311899 -54
311920 -54
311998 -59
312020 -61
312102 -59
312129 -58
312210 -56
312237 -56
312298 -61
312326 -61
312399 -60
312429 -59
312497 -61
312517 -61
312591 -61
312616 -61
312707 -58
312730 -58
312804 -55
312829 -55
312901 -56
312925 -56
312996 -56
313017 -55
313120 -56
313191 -57
313217 -57
313311 -55
313333 -56
313405 -64
313434 -63
313508 -58
313532 -59
313606 -61
313634 -61
313712 -66
313735 -62
313803 -60
313831 -61
313911 -61
313937 -61
314013 -62
314037 -61
314109 -63
314134 -63
314204 -59
314229 -58
314312 -59
314336 -59
314404 -62
314433 -62
314492 -58
314516 -58
314593 -59
314623 -59
314699 -60
314720 -60
314798 -58
314898 -59
314928 -59
315006 -61
315029 -61
315096 -58
315124 -58
315191 -59
315219 -59
315294 -61
315391 -59
315415 -62
315439 -59
315494 -59
315515 -59
315539 -59
315611 -61
315638 -61
315691 -59
315714 -59
315738 -59
315812 -59
315835 -59
315906 -62
315932 -61
316012 -63
316093 -60
316114 -59
316210 -62
316237 -61
316292 -58
316322 -57
316401 -58
316424 -63
316491 -58
316515 -58
316540 -58
316613 -56
316634 -56
316708 -58
316734 -63
316814 -58
316911 -56
316936 -56
316997 -58
317020 -58
317094 -58
317119 -58
317193 -56
317216 -57
317296 -63
317324 -58
317396 -59
317421 -60
317499 -57
317522 -57
317598 -59
317622 -64
317692 -60
317716 -60
317793 -58
317820 -58
317893 -59
317922 -63
317994 -62
318015 -63
318037 -62
318112 -59
318135 -59
318210 -66
318239 -66
318301 -62
318331 -62
318406 -59
318435 -59
318505 -62
318534 -60
318607 -62
318630 -61
318708 -59
318732 -59
318809 -61
318830 -64
318905 -62
318932 -62
319015 -59
319118 -60
319194 -62
319224 -62
319291 -59
319318 -59
319338 -59
319414 -65
319438 -66
319511 -62
319538 -62
319611 -59
319633 -58
319710 -65
319738 -63
319802 -61
319829 -61
319911 -58
319938 -58
319997 -59
320019 -59
320091 -61
320117 -62
320137 -64
320214 -59
320239 -59
320310 -63
320337 -63
320416 -62
320437 -62
320491 -59
320518 -59
320594 -60
320615 -60
320638 -63
320707 -61
320736 -62
320814 -58
320908 -59
320937 -59
321006 -62
321028 -60
321098 -58
321125 -58
321200 -59
321222 -59
321295 -61
321321 -61
321414 -58
321435 -58
321494 -59
321522 -62
321593 -62
321617 -62
321639 -62
321715 -60
321737 -61
321812 -65
321834 -65
321909 -64
321937 -64
322012 -62
322036 -61
322116 -61
322137 -61
322205 -63
322232 -62
322313 -60
322396 -65
322419 -66
322519 -60
322601 -58
322625 -58
322707 -66
322736 -60
322818 -59
322896 -57
322918 -57
322999 -58
323026 -58
323093 -57
323121 -58
323200 -63
323224 -65
323303 -70
323328 -64
323404 -65
323505 -61
323534 -60
323601 -61
323626 -61
323726 -63
323793 -62
323814 -62
323898 -64
323924 -61
323991 -63
324014 -63
324092 -62
324113 -63
324138 -62
324214 -61
324238 -61
324334 -65
324391 -64
324417 -64
324493 -61
324516 -61
324598 -64
324627 -64
324705 -63
324730 -63
324808 -63
324835 -63
324909 -62
324938 -62
324995 -62
325016 -62
325093 -59
325116 -59
325192 -62
325212 -62
325293 -62
325315 -61
325339 -61
325394 -59
325419 -59
325495 -62
325515 -62
325540 -62
325595 -61
325623 -61
325695 -59
325723 -59
325820 -62
325892 -63
325918 -62
326019 -59
326091 -62
326120 -62
326197 -62
326227 -62
326300 -59
326325 -59
326393 -63
326418 -62
326491 -62
326515 -62
326596 -59
326620 -59
326692 -63
326716 -63
326800 -62
326831 -62
326905 -60
326928 -63
326995 -63
327017 -63
327092 -62
327118 -62
327197 -60
327225 -62
327302 -63
327324 -63
327401 -62
327422 -62
327506 -59
327533 -59
327590 -63
327618 -62
327692 -62
327719 -61
327816 -59
327895 -62
327921 -62
328002 -61
328032 -61
328103 -59
328128 -59
328204 -62
328228 -62
328294 -62
328322 -62
328413 -59
328516 -63
328594 -62
328619 -62
328693 -67
328717 -62
328812 -63
328839 -63
328896 -62
328918 -62
328999 -65
329028 -65
329103 -63
329125 -63
329203 -63
329232 -63
329314 -65
329339 -65
329416 -63
329436 -64
329505 -63
329534 -63
329615 -61
329715 -64
329797 -63
329825 -63
329895 -61
329924 -60
330033 -63
330104 -62
330134 -62
330210 -60
330234 -62
330317 -63
330415 -62
330437 -62
330509 -63
330535 -62
330603 -63
330627 -63
330698 -62
330724 -62
330807 -60
330832 -61
330904 -63
330926 -63
331000 -62
331024 -63
331095 -66
331124 -61
331199 -64
331226 -63
331298 -63
331329 -63
331403 -66
331426 -65
331500 -64
331526 -64
331601 -64
331625 -64
331706 -61
331729 -61
331802 -67
331826 -66
331904 -67
331926 -67
331996 -67
332023 -68
332096 -67
332118 -67
332203 -69
332226 -69
332304 -64
332330 -64
332403 -65
332426 -66
332503 -64
332530 -63
332605 -61
332632 -61
332703 -66
332732 -66
332809 -66
332834 -65
332912 -66
332934 -64
333006 -64
333032 -65
333112 -63
333132 -65
333210 -70
333237 -72
333303 -65
333333 -67
333408 -77
333430 -78
333504 -65
333602 -78
333632 -79
333714 -71
333738 -72
333810 -68
333837 -68
333906 -72
333925 -72
334003 -73
334026 -73
334098 -70
334120 -70
334196 -70
334217 -70
334292 -72
334316 -72
334395 -73
334496 -70
334522 -69
334602 -71
334626 -71
334709 -71
334735 -71
334811 -70
334834 -70
334907 -70
334933 -71
335008 -71
335035 -71
335103 -71
335131 -71
335208 -71
335237 -71
335291 -71
335319 -72
335394 -71
335415 -71
335439 -72
335493 -71
335521 -71
335599 -71
335625 -71
335706 -73
335728 -73
335810 -72
335833 -72
335905 -70
335932 -70
335998 -73
336022 -73
336093 -72
336119 -72
336205 -72
336234 -72
336300 -71
336330 -71
336412 -71
336434 -71
336502 -73
336524 -73
336594 -70
336617 -71
336708 -71
336730 -71
336810 -72
336835 -72
336905 -71
336925 -71
337004 -70
337026 -70
337100 -71
337123 -71
337193 -71
337220 -71
337315 -70
337339 -70
337409 -71
337434 -71
337500 -71
337529 -71
337607 -71
337632 -71
337701 -71
337726 -71
337802 -71
337830 -71
337905 -71
337925 -71
338006 -71
338030 -71
338102 -71
338127 -71
338198 -71
338227 -71
338304 -70
338330 -70
338394 -72
338416 -73
338491 -70
338518 -70
338599 -68
338624 -68
338696 -73
338722 -73
338795 -69
338820 -69
338897 -67
338921 -72
338997 -73
339022 -73
339099 -69
339128 -69
339205 -67
339229 -68
339295 -73
339324 -73
339399 -70
339424 -70
339505 -70
339530 -71
339606 -71
339630 -71
339703 -70
339723 -71
339798 -73
339820 -73
339896 -70
339919 -70
339996 -71
340020 -71
340108 -73
340132 -73
340204 -70
340232 -70
340313 -71
340334 -71
340409 -74
340433 -74
340502 -70
340525 -70
340595 -70
340617 -70
340640 -70
340694 -73
340715 -72
340798 -70
340823 -70
340910 -70
340938 -70
341010 -70
341036 -70
341099 -71
341126 -71
341202 -70
341227 -70
341301 -69
341327 -69
341397 -72
341423 -72
341497 -70
341520 -70
341593 -69
341615 -70
341637 -70
341712 -71
341739 -71
341817 -71
341897 -73
341918 -73
341940 -73
342015 -69
342095 -70
342119 -70
342209 -76
342231 -75
342297 -68
342324 -68
342400 -66
342421 -66
342491 -71
342511 -70
342540 -73
342592 -71
342620 -70
342696 -74
342725 -74
342796 -69
342819 -72
342839 -66
342891 -68
342918 -68
342993 -69
343022 -72
343097 -64
343124 -67
343200 -67
343219 -64
343338 -66
343417 -76
343438 -76
343504 -75
343525 -81
343609 -84
343629 -80
343703 -67
343724 -67
343797 -77
343820 -76
343896 -72
343919 -72
344007 -71
344031 -71
344106 -70
344134 -71
344210 -76
344238 -76
344291 -71
344318 -70
344339 -70
344412 -75
344431 -75
344500 -73
344520 -73
344602 -69
344627 -69
344703 -80
344728 -80
344800 -74
344823 -74
344898 -69
344920 -69
345011 -81
345035 -81
345118 -76
345201 -68
345229 -68
345301 -82
345326 -81
345393 -78
345422 -78
345499 -68
345527 -72
345597 -81
345623 -81
345700 -78
345722 -78
345802 -67
345826 -67
345895 -80
345921 -80
345999 -78
346025 -78
346094 -69
346124 -70
346195 -82
346217 -82
346239 -83
346314 -78
346412 -67
346434 -67
346505 -85
346530 -86
346606 -78
346634 -78
346706 -68
346729 -67
346829 -89
346904 -79
346928 -79
347001 -72
347030 -67
347095 -87
347125 -86
347202 -81
347225 -81
347297 -67
347318 -67
347393 -84
347422 -85
347502 -80
347530 -79
347599 -66
347622 -66
347698 -84
347723 -84
347801 -79
347829 -79
347914 -66
347935 -66
348016 -80
348098 -79
348127 -78
348204 -66
348226 -66
348296 -82
348318 -83
348392 -80
348420 -80
348493 -70
348518 -70
348592 -84
348616 -84
348636 -84
348705 -82
348729 -81
348804 -72
348833 -68
348904 -85
348928 -85
349000 -82
349027 -81
349104 -68
349125 -68
349203 -85
349233 -85
349303 -81
349328 -81
349402 -69
349422 -69
349498 -82
349518 -82
349602 -83
349626 -82
349707 -68
349731 -72
349806 -83
349832 -83
349915 -81
349994 -67
350015 -70
350118 -82
350139 -81
350211 -81
350232 -81
350299 -69
350327 -70
350400 -79
350424 -79
350506 -83
350528 -83
350600 -72
350623 -67
350697 -80
350723 -80
350795 -85
350825 -84
350901 -69
350927 -69
351003 -82
351033 -82
351101 -84
351125 -83
351196 -69
351217 -71
351311 -83
351338 -83
351395 -83
351418 -84
351495 -69
351516 -69
351615 -82
351640 -83
351691 -81
351717 -81
351791 -69
351814 -69
351835 -69
351899 -82
351919 -82
352000 -83
352022 -84
352103 -69
352125 -69
352200 -80
352226 -80
352299 -82
352320 -82
352394 -70
352416 -70
352439 -70
352508 -77
352530 -76
352595 -77
352616 -78
352639 -79
352715 -69
352816 -75
352836 -80
352905 -70
352935 -70
353007 -80
353035 -81
353105 -84
353132 -78
353205 -68
353230 -68
353312 -67
353333 -65
353407 -71
353431 -68
353510 -75
353539 -72
353592 -69
353616 -72
353691 -63
353711 -63
353735 -63
353802 -68
353823 -68
353903 -72
353932 -72
354007 -74
354032 -73
354104 -69
354125 -69
354198 -69
354220 -69
354303 -78
354330 -79
354410 -87
354434 -87
354513 -71
354533 -71
354604 -77
354627 -77
354709 -79
354730 -79
354804 -72
354831 -72
354900 -74
354921 -73
355115 -70
355212 -74
355240 -74
355297 -87
355404 -69
355433 -69
355502 -73
355523 -73
355595 -75
355617 -75
355695 -67
355716 -67
355809 -74
355831 -75
355901 -77
355930 -78
356016 -69
356097 -75
356127 -74
356200 -78
356225 -78
356298 -69
356320 -69
356390 -74
356413 -74
356432 -74
356509 -77
356536 -77
356607 -68
356632 -68
356708 -74
356730 -74
356799 -76
356825 -77
356891 -68
356918 -68
356997 -74
357018 -74
357091 -77
357193 -69
357220 -69
357291 -74
357320 -74
357396 -78
357419 -78
357501 -70
357530 -68
357603 -74
357707 -79
357733 -79
357806 -71
357830 -69
357905 -74
357925 -74
358004 -78
358031 -78
358135 -68
358211 -74
358236 -74
358307 -78
358327 -78
358409 -68
358439 -68
358491 -74
358514 -74
358599 -78
358628 -77
358706 -68
358728 -68
358800 -74
358826 -74
358907 -77
358932 -77
359004 -72
359030 -72
359108 -74
359133 -74
359219 -77
359293 -68
359319 -67
359392 -74
359414 -74
359436 -74
359514 -78
359600 -68
359626 -68
359696 -74
359720 -74
359797 -77
359825 -77
359894 -68
359918 -72
360010 -74
360037 -74
360102 -77
360125 -77
360205 -72
360229 -72
360293 -74
360317 -74
360400 -78
360428 -78
360502 -72
360527 -72
360599 -74
360624 -74
360705 -76
360734 -77
360804 -72
360833 -72
360905 -74
360933 -74
361001 -76
361022 -76
361093 -72
361119 -67
361139 -72
361210 -74
361236 -74
361303 -76
361324 -76
361393 -72
361413 -72
361495 -75
361523 -75
361596 -79
361620 -80
361699 -69
361720 -69
361814 -76
361838 -76
361909 -82
361930 -83
362004 -69
362030 -69
362100 -75
362122 -76
362210 -88
362237 -92
362311 -70
362395 -74
362422 -74
362602 -71
362625 -71
362700 -74
362723 -74
362805 -77
362833 -76
362914 -78
363010 -67
363039 -68
363114 -70
363136 -68
363215 -66
363237 -69
363308 -72
363337 -70
363408 -72
363428 -70
363497 -75
363526 -75
363600 -66
363622 -68
363696 -68
363795 -68
363819 -68
363906 -71
363927 -70
364003 -76
364028 -74
364106 -70
364132 -71
364204 -71
364224 -74
364311 -68
364333 -68
364409 -77
364436 -79
364514 -72
364610 -70
364634 -70
364715 -88
364818 -73
364900 -70
364930 -70
365004 -78
365031 -77
365101 -79
365123 -80
365205 -70
365226 -70
365329 -75
365401 -83
365426 -83
365500 -70
365529 -71
365604 -73
365625 -73
365700 -81
365727 -81
365808 -70
365835 -70
365913 -73
365934 -73
366019 -82
366091 -70
366112 -70
366138 -70
366195 -74
366218 -74
366298 -82
366322 -81
366398 -69
366420 -69
366538 -74
366609 -81
366634 -81
366705 -69
366727 -69
366805 -74
366832 -74
366911 -82
366938 -82
366992 -69
367015 -69
367091 -74
367118 -74
367193 -81
367219 -82
367240 -81
367316 -69
367410 -74
367503 -82
367529 -83
367599 -70
367706 -74
367728 -74
367803 -81
367831 -81
367900 -70
367922 -70
367999 -74
368021 -74
368098 -81
368122 -81
368191 -70
368216 -69
368315 -74
368336 -74
368409 -80
368437 -80
368506 -69
368530 -69
368598 -74
368622 -74
368692 -80
368715 -80
368818 -69
368892 -74
368916 -74
369013 -80
369034 -80
369113 -69
369134 -69
369216 -75
369291 -80
369321 -80
369392 -69
369418 -69
369498 -74
369520 -74
369598 -81
369626 -81
369717 -69
369792 -74
369813 -74
369894 -83
369916 -82
369994 -69
370014 -69
370038 -69
370110 -74
370139 -74
370192 -83
370220 -83
370303 -69
370328 -69
370398 -74
370421 -74
370492 -83
370516 -82
370595 -69
370620 -69
370691 -75
370712 -75
370737 -75
370810 -84
370831 -84
370910 -68
370936 -68
370994 -77
371021 -77
371099 -83
371123 -83
371202 -68
371221 -69
371300 -76
371323 -76
371401 -87
371428 -84
371499 -69
371528 -70
371617 -75
371638 -78
371709 -79
371731 -78
371810 -69
371837 -69
371893 -74
371921 -73
371993 -79
372016 -79
372040 -79
372091 -69
372119 -69
372201 -74
372223 -74
372333 -88
372409 -67
372430 -68
372500 -73
372521 -73
372636 -77
372693 -66
372718 -67
372816 -79
372892 -79
372917 -82
372995 -72
373024 -69
373101 -71
373122 -71
373200 -75
373224 -74
373297 -79
373321 -79
373394 -80
373416 -77
373498 -74
373520 -76
