58647 -43
58666 -44
58762 -47
58785 -47
58856 -45
58880 -45
58958 -48
58987 -46
59064 -47
59162 -47
59186 -47
59254 -49
59277 -50
59357 -48
59382 -47
59450 -52
59472 -53
59550 -52
59576 -52
59647 -48
59667 -48
59747 -49
59840 -50
59868 -49
59943 -48
59968 -48
60045 -50
60067 -49
60149 -50
60170 -49
60240 -49
60265 -48
60362 -49
60441 -50
60469 -49
60561 -47
60589 -47
60641 -50
60667 -48
60688 -48
60740 -47
60770 -47
60843 -47
60872 -46
60949 -47
60975 -46
61054 -48
61079 -45
61159 -46
61182 -46
61252 -47
61278 -46
61346 -45
61372 -47
61446 -46
61468 -47
61544 -47
61569 -47
61645 -47
61671 -46
61749 -50
61771 -51
61852 -47
61881 -47
61953 -47
61978 -46
62044 -47
62074 -46
62144 -47
62168 -47
62242 -47
62267 -47
62353 -47
62375 -51
62451 -49
62478 -50
62549 -48
62579 -49
62658 -47
62684 -47
62757 -48
62778 -48
62853 -47
62879 -47
62953 -52
62973 -51
63048 -48
63069 -48
63140 -47
63165 -47
63186 -47
63257 -47
63288 -47
63360 -48
63467 -48
63555 -47
63581 -47
63651 -49
63680 -49
63750 -47
63771 -47
63854 -47
63881 -46
63950 -49
63980 -50
64046 -47
64073 -47
64154 -46
64174 -46
64250 -47
64275 -50
64350 -48
64378 -48
64463 -45
64488 -46
64541 -48
64566 -50
64588 -43
64642 -47
64669 -47
64750 -46
64858 -50
64881 -49
64957 -47
64978 -47
65061 -50
65088 -46
65152 -48
65176 -48
65259 -47
65289 -47
65344 -50
65365 -46
65441 -50
65462 -51
65484 -49
65555 -48
65576 -49
65648 -45
65673 -47
65750 -49
65775 -48
65845 -47
65866 -47
65945 -46
65971 -46
66045 -47
66072 -48
66149 -47
66173 -47
66243 -49
66267 -46
66362 -48
66389 -48
66441 -47
66464 -47
66541 -47
66566 -48
66645 -47
66667 -48
66687 -48
66763 -47
66844 -44
66871 -45
66943 -47
66972 -47
67057 -46
67084 -46
67157 -46
67182 -46
67250 -50
67270 -48
67352 -47
67381 -46
67452 -46
67478 -46
67549 -47
67573 -47
67651 -47
67675 -47
67764 -47
67789 -52
67841 -48
67872 -48
67943 -47
67964 -47
68048 -50
68076 -45
68147 -50
68175 -49
68254 -48
68280 -50
68344 -48
68367 -48
68387 -48
68454 -51
68482 -51
68558 -50
68586 -49
68654 -49
68682 -51
68758 -52
68780 -52
68860 -51
68888 -50
68958 -54
68977 -50
69053 -53
69082 -53
69150 -52
69179 -52
69254 -51
69276 -52
69343 -48
69369 -49
69450 -48
69471 -48
69548 -48
69572 -49
69646 -50
69672 -50
69751 -50
69778 -50
69853 -49
69874 -49
69948 -48
69970 -49
70042 -49
70072 -50
70165 -51
70186 -50
70256 -50
70281 -51
70351 -50
70376 -50
70450 -48
70476 -50
70545 -50
70575 -50
70648 -49
70670 -49
70763 -51
70785 -47
70854 -49
70878 -50
70954 -50
70976 -50
71051 -50
71082 -50
71160 -51
71187 -51
71240 -49
71268 -49
71347 -50
71368 -50
71442 -51
71466 -52
71488 -50
71562 -50
71648 -51
71677 -50
71746 -53
71771 -51
71850 -50
71871 -50
71958 -50
71983 -50
72041 -50
72069 -50
72148 -49
72168 -49
72249 -52
72274 -53
72351 -50
72372 -50
72449 -49
72476 -50
72555 -51
72578 -51
72656 -50
72676 -50
72758 -49
72782 -49
72859 -50
72887 -50
72965 -51
73047 -50
73071 -50
73151 -50
73174 -51
73248 -50
73276 -50
73360 -50
73383 -50
73458 -51
73483 -51
73557 -53
73578 -52
73647 -50
73668 -50
73746 -51
73776 -51
73869 -52
73950 -50
73978 -50
74051 -52
74076 -52
74154 -51
74179 -52
74242 -51
74270 -54
74339 -52
74363 -54
74385 -55
74454 -53
74480 -52
74581 -50
74649 -51
74677 -51
74758 -53
74782 -51
74856 -50
74876 -50
74948 -51
74976 -51
75046 -52
75075 -52
75143 -51
75168 -51
75247 -51
75276 -51
75350 -52
75371 -52
75441 -52
75469 -51
75552 -51
75574 -51
75648 -52
75677 -52
75750 -51
75772 -51
75841 -52
75871 -52
75943 -52
75967 -52
76063 -51
76166 -51
76187 -51
76268 -52
76365 -52
76464 -54
76486 -54
76541 -53
76571 -53
76648 -52
76676 -52
76753 -56
76777 -54
76855 -54
76885 -54
76943 -53
76966 -53
77047 -59
77075 -53
77145 -55
77166 -54
77187 -55
77254 -54
77278 -54
77351 -58
77379 -53
77455 -55
77482 -55
77556 -54
77579 -56
77658 -53
77686 -53
77755 -55
77781 -55
77848 -55
77869 -55
77951 -54
77976 -54
78044 -55
78065 -55
78145 -55
78167 -55
78250 -53
78270 -53
78347 -55
78372 -55
78463 -54
78547 -52
78577 -52
78645 -50
78667 -51
78688 -51
78743 -51
78767 -51
78847 -53
78875 -53
78948 -53
78974 -53
79054 -49
79080 -52
79151 -58
79173 -53
79244 -52
79271 -52
79343 -52
79367 -53
79388 -53
79460 -54
79487 -54
79560 -54
79587 -54
79666 -52
79687 -51
79760 -50
79857 -53
79882 -53
79953 -53
79978 -50
80053 -51
80076 -51
80155 -52
80177 -52
80250 -50
80275 -50
80352 -52
80379 -52
80452 -53
80473 -51
80560 -49
80584 -49
80661 -51
80685 -50
80759 -50
80784 -50
80851 -49
80880 -50
80957 -53
80983 -50
81063 -50
81089 -50
81144 -50
81166 -50
81244 -51
81266 -53
81368 -50
81463 -50
81486 -50
81556 -51
81586 -51
81663 -56
81684 -54
81742 -52
81768 -52
81852 -52
81881 -52
81959 -54
81987 -55
82052 -52
82074 -52
82145 -55
82166 -52
82188 -52
82258 -54
82281 -54
82349 -52
82371 -52
82464 -52
82562 -55
82587 -54
82669 -52
82755 -51
82784 -51
82859 -53
82882 -53
82958 -51
82982 -50
83054 -54
83079 -51
83153 -53
83181 -53
83253 -51
83278 -51
83359 -52
83387 -52
83455 -53
83484 -53
83541 -49
83566 -51
83644 -51
83667 -51
83688 -51
83751 -52
83776 -53
83852 -51
83880 -52
83963 -52
84042 -53
84070 -53
84163 -52
84262 -51
84287 -52
84364 -53
84384 -53
84455 -53
84485 -52
84558 -57
84580 -54
84657 -53
84683 -53
84766 -52
84788 -52
84863 -52
84885 -52
84958 -53
84980 -53
85060 -51
85087 -54
85163 -51
85188 -51
85264 -53
85359 -52
85383 -53
85456 -51
85484 -50
85554 -52
85581 -52
85659 -51
85681 -51
85751 -51
85776 -51
85842 -52
85872 -52
85943 -53
85972 -51
86047 -51
86071 -51
86161 -52
86188 -52
86257 -51
86288 -51
86358 -51
86386 -51
86458 -52
86481 -52
86552 -51
86577 -51
86659 -51
86681 -51
86756 -52
86778 -52
86860 -51
86882 -51
86951 -51
86972 -51
87056 -53
87084 -53
87153 -51
87179 -53
87256 -51
87277 -51
87347 -53
87441 -51
87462 -52
87484 -53
87553 -51
87575 -51
87645 -53
87671 -53
87751 -53
87771 -52
87848 -51
87875 -51
87958 -54
87981 -55
88062 -54
88084 -56
88161 -57
88181 -52
88248 -55
88269 -55
88352 -53
88379 -52
88450 -51
88474 -50
88542 -54
88568 -54
88645 -53
88752 -52
88780 -57
88852 -57
88875 -57
88948 -56
88968 -57
89048 -57
89073 -55
89155 -57
89181 -57
89247 -55
89269 -55
89346 -58
89376 -57
89450 -65
89473 -65
89543 -58
89568 -58
89658 -56
89681 -57
89751 -64
89780 -65
89861 -61
89948 -61
89971 -62
90041 -64
90061 -64
90089 -63
90165 -58
90263 -58
90287 -55
90361 -61
90383 -61
90459 -57
90559 -54
90582 -54
90643 -58
90671 -58
90750 -56
90770 -57
90841 -55
90863 -62
90885 -61
90958 -59
90983 -59
91054 -57
91078 -57
91149 -60
91178 -55
91252 -59
91277 -59
91352 -57
91376 -57
91453 -55
91475 -59
91557 -59
91583 -58
91650 -57
91674 -57
91741 -55
91764 -58
91842 -58
91870 -58
91946 -59
91971 -57
92040 -59
92063 -57
92088 -57
92161 -58
92188 -58
92241 -57
92261 -57
92283 -57
92375 -55
92450 -59
92473 -58
92550 -57
92571 -57
92646 -55
92667 -55
92788 -58
92840 -57
92870 -58
92944 -57
92965 -59
93062 -58
93085 -58
93165 -58
93187 -58
93261 -57
93286 -57
93354 -58
93376 -59
93457 -58
93482 -58
93541 -55
93567 -55
93643 -59
93669 -59
93749 -58
93772 -58
93849 -62
93877 -55
93945 -59
93970 -59
94048 -58
94068 -58
94145 -62
94170 -61
94245 -59
94267 -60
94345 -58
94369 -59
94447 -61
94470 -56
94545 -60
94576 -61
94650 -59
94673 -59
94755 -61
94784 -61
94853 -61
94878 -61
94951 -60
94975 -59
95048 -61
95072 -56
95152 -61
95177 -61
95250 -59
95279 -59
95353 -62
95375 -61
95449 -60
95469 -60
95542 -58
95572 -58
95644 -61
95667 -55
95758 -59
95781 -59
95851 -58
95872 -58
95945 -62
95971 -55
96050 -59
96076 -59
96153 -58
96177 -58
96260 -59
96288 -60
96360 -60
96380 -60
96459 -59
96486 -59
96541 -62
96571 -61
96664 -60
96684 -60
96740 -58
96763 -58
96865 -61
96888 -61
96952 -61
96977 -61
97048 -59
97070 -59
97143 -56
97167 -62
97256 -61
97276 -61
97356 -59
97382 -59
97467 -56
97541 -60
97563 -60
97666 -59
97768 -56
97840 -61
97863 -61
97883 -61
97962 -60
97989 -60
98063 -57
98088 -56
98153 -64
98180 -64
98250 -63
98271 -63
98343 -58
98372 -64
98464 -71
98488 -72
98555 -64
98577 -64
98648 -59
98670 -60
98760 -64
98786 -63
98859 -59
98882 -60
98964 -59
98985 -61
99062 -72
99085 -72
99159 -63
99182 -63
99255 -56
99284 -61
99357 -56
99453 -56
99473 -57
99547 -59
99569 -63
99666 -61
99744 -57
99764 -57
99841 -58
99862 -57
99888 -57
99965 -58
99986 -59
100059 -59
100083 -60
100154 -57
100176 -59
100254 -63
100283 -63
100342 -61
100367 -61
100444 -61
100465 -60
100541 -61
100565 -61
100587 -61
100641 -58
100670 -58
100749 -61
100774 -56
100843 -60
100869 -60
100958 -57
100980 -57
101063 -56
101087 -56
101161 -60
101261 -57
101283 -57
101360 -56
101388 -61
101462 -60
101544 -58
101568 -58
101652 -56
101681 -56
101760 -61
101784 -61
101860 -58
101881 -58
101959 -56
101984 -56
102052 -61
102076 -61
102148 -58
102171 -58
102249 -56
102278 -56
102357 -61
102379 -61
102458 -58
102485 -58
102558 -56
102586 -56
102666 -62
102761 -59
102789 -59
102846 -57
102875 -57
102947 -63
102972 -63
103045 -59
103072 -59
103161 -57
103187 -57
103264 -63
103347 -60
103368 -60
103463 -57
103559 -63
103643 -60
103664 -60
103687 -60
103765 -57
103845 -63
103869 -63
103940 -59
103963 -59
103987 -60
104041 -57
104061 -57
104141 -62
104162 -62
104186 -62
104244 -59
104268 -59
104354 -57
104377 -57
104448 -62
104475 -62
104549 -59
104575 -59
104644 -57
104666 -57
104686 -57
104757 -62
104778 -62
104860 -59
104882 -60
104958 -57
104985 -57
105058 -63
105085 -63
105159 -59
105180 -59
105252 -59
105280 -57
105354 -63
105376 -63
105446 -59
105469 -64
105544 -58
105570 -59
105648 -63
105672 -63
105741 -59
105766 -59
105840 -57
105864 -57
105942 -62
105963 -63
105986 -62
106046 -59
106074 -59
106141 -57
106164 -57
106188 -57
106258 -62
106283 -62
106364 -59
106440 -57
106463 -57
106559 -63
106583 -64
106658 -59
106683 -59
106756 -57
106778 -57
106853 -63
106875 -63
106945 -60
106972 -61
107043 -57
107072 -57
107143 -64
107170 -64
107257 -62
107287 -63
107343 -63
107370 -61
107458 -70
107479 -69
107553 -67
107578 -66
107655 -62
107675 -62
107756 -69
107780 -69
107858 -66
107883 -66
107960 -68
107980 -66
108056 -74
108151 -71
108175 -73
108256 -63
108286 -58
108355 -61
108383 -61
108462 -57
108488 -57
108559 -57
108588 -57
108657 -60
108678 -60
108753 -58
108775 -58
108852 -59
108881 -59
108949 -59
108972 -59
109057 -61
109085 -66
109161 -74
109189 -66
109260 -69
109288 -68
109342 -63
109371 -65
109453 -67
109473 -70
109556 -64
109585 -65
109656 -64
109685 -64
109745 -69
109868 -65
109889 -65
109962 -62
110043 -67
110069 -67
110141 -65
110167 -64
110254 -62
110279 -62
110355 -70
110377 -70
110444 -64
110465 -63
110486 -63
110551 -62
110580 -61
110651 -64
110673 -64
110758 -63
110782 -64
110856 -62
110884 -62
110966 -66
110988 -65
111040 -65
111063 -64
111149 -62
111255 -64
111285 -64
111360 -64
111381 -63
111455 -62
111475 -61
111554 -68
111577 -64
111648 -64
111675 -64
111753 -61
111782 -62
111852 -64
111875 -64
111956 -64
111977 -64
112057 -61
112079 -63
112144 -63
112169 -68
112242 -64
112266 -64
112287 -64
112362 -61
112386 -61
112460 -64
112487 -63
112553 -63
112582 -63
112663 -61
112751 -68
112779 -68
112852 -63
112878 -63
112951 -61
112975 -61
113046 -68
113140 -63
113163 -63
113187 -63
113243 -61
113263 -61
113288 -61
113353 -64
113375 -68
113452 -64
113476 -64
113551 -62
113578 -66
113656 -64
113676 -64
113749 -64
113778 -64
113854 -62
113878 -62
113950 -69
113971 -68
114047 -65
114071 -64
114161 -62
114182 -62
114253 -64
114278 -64
114356 -64
114384 -64
114442 -61
114461 -61
114486 -61
114563 -64
114584 -68
114643 -63
114666 -63
114765 -61
114789 -61
114861 -64
114953 -64
114975 -63
115054 -61
115077 -61
115163 -68
115183 -64
115254 -64
115285 -64
115340 -62
115370 -62
115444 -65
115469 -65
115541 -64
115563 -64
115586 -64
115659 -62
115685 -62
115741 -67
115763 -66
115789 -65
115842 -64
115867 -64
115942 -62
115970 -62
116047 -70
116069 -65
116163 -64
116246 -62
116268 -62
116349 -65
116375 -65
116453 -63
116475 -63
116560 -61
116583 -61
116657 -65
116678 -65
116748 -63
116771 -64
116854 -62
116880 -63
116956 -66
116980 -66
117057 -65
117079 -65
117153 -63
117177 -63
117260 -66
117282 -66
117375 -65
117451 -62
117471 -62
117556 -66
117584 -66
117652 -65
117678 -64
117756 -63
117782 -63
117858 -68
117887 -66
117961 -61
118064 -63
118162 -64
118183 -63
118254 -61
118279 -61
118373 -58
118450 -65
118479 -66
118551 -62
118580 -63
118657 -58
118681 -59
118752 -59
118775 -59
118844 -57
118870 -58
118944 -63
118968 -68
119045 -73
119072 -77
119148 -73
119172 -73
119251 -69
119279 -70
119351 -66
119380 -72
119458 -65
119480 -65
119548 -79
119578 -75
119659 -71
119681 -70
119754 -68
119777 -68
119860 -64
119887 -64
119941 -69
119964 -70
119988 -70
120066 -69
120145 -65
120168 -65
120241 -73
120266 -73
120363 -70
120386 -70
120454 -64
120482 -64
120559 -69
120588 -69
120660 -68
120684 -68
120764 -63
120862 -69
120888 -70
120962 -67
120984 -67
121058 -63
121080 -63
121149 -70
121172 -70
121270 -67
121348 -63
121377 -63
121452 -71
121480 -71
121548 -67
121571 -67
121666 -63
121688 -63
121743 -71
121768 -71
121872 -67
121948 -64
121976 -64
122053 -71
122078 -71
122147 -67
122174 -68
122248 -64
122272 -64
122351 -72
122380 -72
122450 -68
122475 -68
122552 -65
122573 -65
122658 -71
122685 -71
122759 -68
122787 -68
122861 -64
122886 -65
122952 -70
122975 -70
123058 -68
123083 -68
123158 -64
123183 -64
123257 -70
123287 -70
123367 -68
123387 -68
123485 -65
123556 -71
123578 -71
123650 -69
123676 -69
123754 -65
123779 -65
123851 -71
123874 -71
123949 -70
123969 -70
124041 -65
124067 -65
124145 -71
124173 -71
124240 -70
124262 -70
124286 -71
124363 -66
124384 -66
124455 -72
124475 -72
124541 -71
124569 -71
124652 -66
124675 -66
124745 -72
124764 -72
124785 -72
124861 -71
124889 -71
124960 -67
124983 -67
125042 -71
125070 -71
125146 -71
125173 -71
125268 -67
125359 -71
125382 -71
125456 -71
125483 -71
125561 -67
125642 -71
125668 -71
125840 -68
125865 -68
125945 -72
125971 -72
126049 -75
126079 -75
126151 -70
126178 -70
126251 -72
126277 -72
126347 -77
126376 -77
126448 -71
126476 -71
126541 -72
126564 -72
126645 -78
126669 -78
126749 -71
126779 -71
126857 -72
126886 -72
126960 -77
126982 -77
127055 -71
127078 -71
127150 -71
127176 -71
127250 -75
127272 -75
127345 -70
127366 -70
127388 -70
127467 -71
127543 -76
127568 -76
127645 -70
127672 -71
127749 -71
127777 -71
127853 -79
127876 -79
127962 -72
127988 -72
128055 -71
128079 -71
128147 -81
128167 -82
128247 -72
128274 -73
128349 -72
128375 -72
128454 -85
128476 -85
128556 -73
128581 -73
128654 -71
128682 -71
128753 -79
128782 -81
128855 -72
128881 -73
128955 -75
128978 -78
129050 -79
129071 -87
129145 -73
129169 -72
129266 -72
129290 -72
129348 -77
129446 -70
129474 -68
129547 -81
129572 -83
129640 -63
