18805 -43
18831 -44
18902 -44
18927 -45
19000 -45
19025 -45
19104 -48
19132 -48
19213 -46
19312 -45
19333 -47
19413 -51
19438 -51
19512 -52
19595 -56
19618 -58
19695 -65
19722 -62
19801 -55
19823 -53
19899 -53
19920 -51
19993 -53
20014 -54
20092 -52
20113 -52
20195 -53
20215 -52
20294 -52
20320 -52
20392 -49
20419 -49
20507 -48
20535 -48
20607 -48
20704 -50
20730 -50
20809 -50
20905 -50
20925 -55
20993 -50
21022 -49
21111 -50
21209 -51
21234 -53
21310 -52
21335 -52
21410 -54
21433 -54
21509 -57
21534 -50
21602 -52
21626 -52
21708 -52
21795 -51
21820 -51
21839 -51
21919 -52
21992 -53
22020 -53
22094 -52
22123 -54
22201 -52
22223 -52
22292 -50
22319 -50
22397 -49
22420 -52
22493 -49
22522 -50
22601 -50
22625 -48
22701 -48
22723 -49
22796 -50
22818 -50
22891 -49
22915 -50
22937 -49
23011 -49
23035 -49
23117 -49
23138 -49
23217 -50
23291 -55
23315 -50
23337 -55
23410 -50
23431 -50
23503 -50
23525 -50
23600 -51
23626 -52
23695 -50
23718 -50
23793 -51
23823 -52
23895 -50
23916 -53
23992 -51
24015 -51
24039 -49
24091 -52
24115 -51
24137 -52
24193 -51
24223 -51
24317 -51
24338 -51
24412 -52
24434 -52
24505 -51
24527 -51
24600 -52
24625 -50
24708 -52
24731 -52
24810 -51
24833 -51
24907 -50
24927 -51
24998 -51
25019 -51
25117 -51
25213 -51
25238 -51
25318 -52
25392 -51
25416 -51
25506 -50
25532 -51
25608 -52
25634 -51
25707 -51
25734 -51
25810 -50
25833 -50
25911 -50
25938 -50
26018 -49
26115 -50
26191 -50
26211 -50
26235 -50
26307 -50
26334 -50
26412 -50
26439 -51
26513 -50
26539 -51
26611 -55
26634 -50
26702 -50
26725 -50
26803 -50
26826 -50
26907 -50
27012 -50
27033 -50
27108 -50
27135 -50
27208 -55
27236 -47
27309 -50
27337 -50
27409 -50
27437 -50
27504 -49
27534 -54
27601 -50
27623 -50
27695 -50
27722 -50
27795 -55
27819 -50
27896 -50
27921 -50
28010 -50
28035 -51
28107 -51
28128 -50
28203 -50
28227 -50
28301 -54
28332 -53
28405 -51
28429 -55
28502 -51
28523 -50
28595 -53
28618 -52
28638 -51
28709 -50
28735 -50
28808 -51
28831 -51
28910 -53
28932 -53
29009 -51
29038 -51
29105 -53
29126 -52
29208 -53
29237 -52
29291 -51
29317 -51
29337 -51
29406 -51
29433 -46
29506 -50
29529 -53
29613 -52
29636 -52
29704 -51
29730 -52
29806 -57
29831 -57
29899 -61
29924 -69
29996 -57
30020 -57
30103 -55
30128 -55
30210 -57
30240 -62
30314 -53
30392 -55
30420 -55
30510 -66
30536 -63
30609 -55
30633 -56
30706 -58
30729 -58
30808 -66
30835 -62
30904 -60
30924 -61
31004 -56
31030 -56
31102 -56
31128 -57
31199 -58
31228 -56
31307 -56
31331 -56
31403 -57
31515 -56
31597 -55
31623 -55
31695 -58
31723 -60
31792 -56
31815 -56
31899 -54
31921 -54
32012 -56
32108 -55
32138 -55
32192 -53
32220 -53
32300 -56
32324 -56
32390 -54
32416 -54
32495 -53
32516 -53
32539 -53
32619 -56
32695 -54
32717 -55
32738 -56
32812 -53
32836 -53
32915 -57
32937 -57
33005 -54
33031 -55
33127 -54
33202 -57
33228 -57
33411 -55
33431 -55
33500 -58
33528 -58
33605 -56
33634 -56
33706 -56
33729 -56
33807 -59
33837 -59
33903 -56
33928 -57
33999 -56
34021 -56
34094 -59
34116 -59
34217 -57
34294 -56
34321 -56
34394 -59
34422 -59
34492 -56
34522 -56
34598 -56
34623 -56
34696 -59
34723 -59
34793 -56
34817 -56
34838 -56
34890 -56
34911 -56
35019 -59
35118 -56
35192 -56
35212 -56
35236 -56
35307 -59
35332 -59
35403 -57
35430 -57
35509 -56
35531 -57
35603 -59
35627 -62
35695 -57
35716 -57
35795 -57
35818 -57
35838 -57
35891 -59
35914 -59
35992 -57
36018 -57
36098 -57
36118 -57
36219 -60
36310 -58
36331 -58
36417 -57
36515 -61
36539 -61
36615 -58
36696 -57
36718 -57
36806 -62
36833 -62
36899 -57
36928 -57
36999 -57
37019 -56
37100 -59
37124 -63
37204 -57
37230 -57
37306 -56
37332 -56
37398 -58
37420 -58
37505 -57
37530 -57
37593 -56
37622 -56
37699 -59
37728 -58
37808 -58
37835 -58
37910 -56
37932 -57
38008 -58
38035 -59
38107 -58
38135 -58
38207 -57
38237 -57
38306 -64
38334 -59
38409 -59
38430 -60
38512 -59
38591 -63
38614 -67
38695 -61
38723 -62
38803 -59
38827 -59
38899 -62
38924 -66
39000 -54
39023 -55
39098 -57
39126 -56
39207 -56
39236 -61
39308 -52
39330 -53
39404 -57
39430 -56
39510 -60
39535 -62
39609 -52
39638 -50
39710 -53
39735 -52
39801 -58
39832 -59
39907 -55
39935 -55
39992 -56
40021 -56
40103 -57
40128 -57
40203 -54
40226 -54
40308 -56
40333 -57
40414 -62
40516 -56
40610 -62
40634 -62
40713 -58
40736 -59
40809 -56
40835 -56
40911 -61
40934 -60
41015 -57
41035 -57
41110 -55
41134 -55
41201 -58
41221 -58
41301 -57
41330 -57
41399 -56
41425 -56
41502 -58
41525 -58
41596 -57
41618 -57
41716 -55
41737 -55
41812 -57
41896 -57
41917 -57
41996 -55
42021 -55
42095 -56
42120 -57
42209 -57
42230 -57
42300 -55
42321 -55
42395 -57
42500 -57
42522 -56
42593 -56
42620 -56
42706 -57
42734 -57
42811 -57
42838 -57
42910 -56
42938 -56
43014 -57
43092 -57
43115 -57
43208 -56
43237 -56
43315 -58
43400 -57
43426 -57
43493 -57
43514 -57
43596 -58
43619 -58
43640 -58
43699 -57
43727 -57
43802 -57
43826 -57
43907 -57
43937 -57
44026 -56
44094 -56
44116 -56
44215 -57
44236 -57
44308 -56
44333 -56
44399 -56
44419 -56
44495 -56
44514 -56
44593 -56
44619 -56
44639 -56
44719 -56
44811 -57
44833 -57
44905 -56
44926 -56
45005 -56
45026 -56
45098 -57
45127 -57
45201 -57
45230 -57
45299 -56
45326 -56
45402 -58
45431 -58
45504 -57
45529 -57
45599 -56
45625 -56
45693 -58
45736 -58
45803 -57
45831 -57
45906 -56
45929 -56
45995 -58
46023 -58
46093 -57
46116 -57
46212 -56
46233 -56
46308 -58
46332 -58
46417 -57
46491 -56
46516 -56
46537 -56
46610 -58
46631 -57
46704 -57
46731 -57
46806 -56
46830 -56
46910 -57
46931 -57
47010 -57
47037 -57
47119 -56
47224 -57
47305 -57
47330 -57
47408 -56
47437 -56
47515 -58
47540 -58
47592 -57
47615 -57
47636 -57
47702 -57
47728 -57
47809 -57
47833 -57
47910 -59
47931 -57
48004 -58
48033 -58
48104 -61
48130 -61
48203 -59
48227 -62
48298 -59
48329 -59
48404 -61
48429 -61
48512 -62
48592 -59
48613 -59
48636 -59
48693 -60
48713 -59
48737 -59
48791 -59
48817 -64
48893 -55
48922 -55
48997 -58
49021 -58
49114 -63
49139 -58
49211 -54
49236 -53
49312 -56
49338 -54
49411 -64
49440 -58
49504 -62
49527 -63
49594 -64
49621 -63
49691 -61
49715 -63
49810 -66
49832 -67
49902 -74
49924 -78
49995 -58
50020 -58
50098 -63
50122 -62
50193 -62
50223 -63
50300 -64
50324 -65
50412 -67
50439 -67
50515 -66
50536 -66
50592 -68
50622 -68
50715 -68
50818 -74
50891 -65
50917 -65
50991 -66
51013 -67
51039 -66
51093 -85
51113 -85
51139 -87
51197 -62
51220 -62
51294 -67
51315 -67
51335 -67
51410 -73
51440 -72
51512 -62
51537 -65
51613 -65
51637 -65
51712 -65
51739 -64
51812 -59
51836 -59
51910 -62
51938 -63
51991 -65
52021 -67
52102 -62
52125 -63
52206 -62
52230 -63
52304 -65
52325 -65
52400 -64
52422 -62
52502 -63
52524 -63
52596 -65
52625 -65
52708 -65
52737 -66
52810 -63
52832 -63
52908 -67
52928 -66
53003 -66
53029 -61
53098 -64
53124 -64
53205 -67
53228 -66
53312 -61
53415 -64
53498 -67
53528 -67
53602 -65
53629 -61
53701 -64
53724 -63
53795 -65
53825 -66
53916 -60
53998 -64
54022 -64
54105 -65
54126 -65
54205 -64
54233 -66
54310 -64
54335 -63
54392 -64
54413 -64
54437 -64
54503 -62
54530 -59
54605 -62
54633 -63
54711 -64
54740 -63
54791 -59
54819 -62
54914 -63
54935 -63
55005 -64
55030 -64
55103 -59
55125 -59
55200 -63
55222 -63
55313 -64
55338 -64
55416 -62
55436 -64
55511 -64
55540 -64
55610 -64
55635 -67
55704 -60
55727 -67
55836 -64
55893 -65
55916 -64
56014 -67
56106 -64
56129 -64
56207 -64
56310 -61
56331 -65
56394 -64
56420 -64
56494 -64
56520 -64
56592 -62
56622 -62
56691 -63
56719 -63
56810 -63
56834 -63
56911 -59
56939 -59
57004 -62
57034 -62
57110 -63
57130 -63
57212 -64
57236 -60
57291 -63
57320 -63
57397 -63
57424 -63
57506 -64
57535 -66
57602 -63
57623 -63
57692 -64
57720 -63
57796 -61
57817 -65
57896 -64
57922 -64
57997 -65
58023 -65
58095 -65
58121 -65
58216 -64
58238 -64
58312 -65
58336 -66
58417 -65
58491 -65
58596 -67
58617 -66
58639 -67
58691 -63
58711 -66
58740 -68
58818 -64
58901 -66
58923 -65
59005 -65
59029 -65
59103 -59
59126 -58
59205 -57
59233 -58
59313 -62
59335 -62
59410 -59
59437 -58
59508 -58
59531 -58
59596 -66
59621 -64
59717 -75
59794 -77
59916 -61
59996 -70
60023 -70
60104 -74
60130 -73
60208 -59
60236 -59
60314 -69
60391 -62
60418 -63
60493 -62
60513 -62
60537 -61
60600 -65
60624 -65
60704 -67
60733 -67
60811 -66
60833 -61
60910 -72
60934 -73
61004 -69
61030 -69
61104 -65
61133 -66
61221 -75
61295 -71
61325 -71
61403 -66
61432 -65
61516 -77
61612 -71
61638 -72
61715 -65
61739 -66
61791 -77
61815 -77
61839 -77
61914 -71
61939 -71
62006 -65
62028 -65
62094 -75
62124 -76
62228 -72
62308 -61
62405 -77
62427 -77
62531 -73
62607 -66
62629 -65
62709 -82
62739 -82
62839 -74
62893 -65
62922 -64
63020 -80
63100 -75
63129 -75
63202 -66
63297 -81
63323 -81
63396 -73
63418 -73
63521 -66
63616 -79
63636 -79
63713 -73
63792 -65
63821 -61
63912 -79
63937 -79
63991 -73
64018 -73
64110 -65
64137 -66
64215 -83
64297 -76
64328 -76
64406 -61
64429 -65
64537 -85
64611 -77
64632 -77
64702 -66
64722 -65
64799 -86
64824 -86
64904 -78
64929 -78
65001 -61
65029 -66
65099 -85
65128 -86
65199 -80
65300 -65
65324 -61
65500 -80
65529 -80
65604 -62
65626 -61
65813 -77
65835 -76
65910 -62
65933 -62
66008 -84
66029 -84
66100 -74
66126 -74
66209 -62
66236 -62
66308 -81
66336 -82
66408 -73
66433 -74
66506 -62
66528 -62
66593 -83
66621 -82
66704 -76
66733 -76
66807 -62
66836 -66
66921 -87
67039 -77
67090 -67
67118 -63
67210 -83
67233 -82
67314 -82
67334 -82
67392 -63
67418 -63
67494 -80
67515 -81
67598 -84
67702 -66
67722 -65
67794 -80
67816 -80
67913 -84
67992 -65
68013 -65
68097 -82
68118 -83
68140 -82
68213 -81
68239 -80
68296 -64
68326 -63
68403 -87
68425 -87
68499 -78
68521 -77
68596 -64
68624 -62
68720 -88
68795 -77
68822 -77
68899 -62
68921 -62
68996 -73
69024 -74
69104 -80
69128 -83
69201 -64
69224 -63
69294 -62
69316 -62
69337 -63
69398 -63
69423 -63
69491 -63
69515 -67
69540 -64
69612 -65
69694 -67
69717 -69
69796 -68
69823 -66
69909 -62
69932 -61
70004 -69
70028 -69
70099 -70
70127 -64
70202 -63
70224 -63
70298 -65
70325 -65
70397 -64
70418 -63
70440 -63
70504 -62
70528 -62
70600 -64
70624 -65
70695 -65
70720 -70
70793 -61
70814 -61
70835 -61
70893 -64
70914 -64
70938 -64
70993 -70
71111 -62
71131 -62
71208 -65
71238 -65
71295 -66
71324 -66
71394 -62
71423 -62
71497 -65
71526 -65
71591 -65
71621 -65
71707 -62
71733 -62
71808 -64
71838 -64
71891 -68
71914 -70
72015 -62
72039 -62
72097 -65
72123 -65
72196 -68
72292 -61
72314 -61
72334 -61
72408 -65
72430 -65
72513 -65
72539 -70
72606 -61
72633 -62
72705 -66
72801 -66
72830 -66
72893 -62
72918 -62
72997 -68
73026 -68
73109 -65
73132 -70
73203 -61
73233 -61
73303 -66
73325 -66
73410 -70
73431 -70
73501 -62
73525 -61
73622 -66
73694 -65
73717 -64
73808 -65
73833 -62
73890 -66
73918 -66
73940 -66
73996 -70
74018 -65
74098 -62
74122 -62
74192 -66
74239 -65
74294 -68
74316 -65
74410 -62
74435 -62
74516 -66
74590 -65
74611 -65
74635 -65
74706 -62
74730 -62
74801 -65
74825 -65
74900 -64
74923 -64
74993 -62
75021 -62
75093 -65
75120 -65
75198 -64
75221 -64
75307 -62
75328 -62
75406 -65
75429 -65
75500 -65
75529 -70
75597 -62
75625 -62
75712 -67
75736 -67
75791 -65
75815 -65
75912 -63
76018 -67
76100 -65
76122 -65
76210 -62
76237 -63
76308 -66
76333 -67
76402 -70
76426 -65
76492 -63
76516 -63
76539 -63
76606 -68
76706 -69
76731 -65
76801 -62
76831 -62
76905 -67
76932 -67
77006 -70
77033 -65
77113 -62
77195 -67
77221 -67
77299 -66
77327 -65
77396 -62
77416 -62
77439 -62
77508 -66
77535 -66
77614 -65
77691 -62
77717 -62
77740 -61
77799 -66
77912 -65
77935 -70
78005 -62
78029 -62
78106 -66
78128 -66
78199 -66
78228 -66
78300 -62
78321 -62
78401 -67
78423 -67
78511 -66
78535 -66
78604 -63
78625 -63
78705 -67
78730 -67
78809 -67
78835 -68
78912 -59
78938 -60
79016 -61
79102 -66
79124 -65
79211 -68
79233 -70
79308 -64
79334 -65
79414 -62
79510 -63
79538 -62
79591 -63
79613 -62
79711 -72
79735 -71
79806 -65
79833 -68
79909 -87
79938 -77
79991 -68
80016 -66
80093 -66
80121 -64
80195 -70
80224 -70
80298 -69
80319 -69
80396 -65
80420 -65
80492 -61
80518 -61
80539 -62
80591 -67
80613 -68
80637 -69
80717 -67
80739 -68
80803 -64
80831 -65
80907 -72
80936 -71
81010 -71
81035 -69
81112 -65
81138 -67
81215 -71
81291 -66
81320 -65
81393 -63
81416 -63
81498 -65
81527 -65
81606 -66
81700 -61
81723 -62
81799 -72
81823 -72
81909 -68
81938 -70
81993 -62
82014 -62
82037 -62
82110 -67
82137 -66
82207 -69
82231 -69
82307 -62
82404 -66
82430 -66
82508 -70
82530 -71
82618 -63
82638 -63
82707 -66
82730 -66
82802 -73
82827 -73
82899 -65
82920 -65
82999 -68
83021 -70
83092 -76
83138 -78
83193 -67
83223 -67
83291 -68
83314 -67
83339 -67
83415 -80
83438 -79
83510 -67
83536 -67
83615 -66
83635 -70
83711 -77
83815 -67
83890 -66
83915 -66
84016 -74
84039 -75
84116 -67
84139 -67
84199 -65
84222 -70
84291 -73
84312 -74
84333 -74
84392 -68
84498 -65
84523 -70
84590 -76
84620 -76
84698 -68
84726 -68
84804 -70
84831 -70
84907 -75
84933 -75
85005 -69
85031 -69
85107 -70
85133 -65
85210 -79
85235 -79
85302 -69
85326 -69
85404 -65
85428 -70
85504 -78
85532 -79
85608 -68
85633 -68
85705 -70
85732 -66
85798 -76
85824 -76
85899 -68
85925 -68
85999 -66
86019 -65
86095 -76
86120 -76
86209 -67
86239 -67
86318 -70
86409 -78
86434 -78
86511 -67
86536 -68
86609 -65
86629 -70
86706 -83
86729 -84
86803 -68
86824 -68
86895 -66
86920 -66
86995 -84
87018 -84
87040 -85
87095 -69
87123 -69
87200 -66
87227 -66
87302 -84
87329 -84
87411 -70
87437 -70
87512 -66
87535 -66
87609 -83
87632 -84
87713 -71
87736 -71
87812 -66
87894 -87
87923 -84
88000 -71
88021 -70
88119 -67
88139 -72
88208 -74
88238 -77
88316 -70
88399 -68
88422 -66
88517 -76
88610 -70
88631 -70
88712 -66
88739 -66
88817 -74
88904 -70
88928 -70
89001 -67
89023 -67
89096 -73
89125 -74
89209 -72
89238 -71
89302 -66
89326 -66
89411 -71
89434 -70
89512 -74
89534 -73
89609 -71
89629 -71
89698 -69
89720 -70
89800 -75
89829 -74
89902 -69
89928 -69
89992 -73
90014 -73
90036 -72
90105 -67
90133 -67
90211 -72
90309 -68
90333 -68
90411 -65
90512 -69
90540 -68
90611 -68
90631 -69
90708 -64
90729 -60
90794 -64
90819 -69
90910 -73
90938 -73
91004 -70
91027 -70
91103 -79
91131 -78
91198 -72
91220 -72
91307 -80
91329 -82
91406 -91
91427 -89
91502 -76
91532 -75
91615 -75
91718 -77
91793 -72
91823 -71
91894 -67
91921 -67
91994 -72
92024 -68
92103 -63
92125 -61
92195 -58
92217 -58
92240 -59
92291 -64
92320 -64
92397 -65
92422 -65
92506 -62
92535 -63
