740148 -64
740227 -70
740250 -69
740329 -67
740353 -68
740432 -65
740456 -65
740533 -69
740560 -69
740632 -67
740656 -68
740728 -64
740750 -65
740832 -68
740855 -68
740931 -68
740960 -68
741015 -65
741040 -65
741116 -69
741138 -69
741239 -68
741259 -68
741315 -66
741343 -66
741422 -71
741444 -71
741541 -68
741626 -66
741648 -66
741721 -71
741749 -71
741822 -68
741925 -66
741949 -66
742019 -71
742041 -71
742135 -68
742162 -68
742232 -66
742258 -66
742339 -71
742433 -68
742454 -68
742533 -66
742560 -66
742633 -69
742656 -69
742728 -68
742751 -68
742833 -65
742862 -65
742916 -70
742941 -71
743036 -68
743130 -65
743154 -65
743226 -69
743247 -70
743317 -67
743336 -67
743359 -67
743428 -65
743449 -65
743523 -69
743550 -69
743626 -68
743647 -68
743721 -65
743747 -65
743820 -69
743844 -69
743919 -67
743945 -67
744023 -65
744049 -65
744124 -69
744146 -69
744221 -68
744249 -68
744323 -65
744349 -65
744427 -69
744449 -69
744529 -68
744553 -68
744633 -65
744655 -65
744727 -69
744757 -69
744833 -68
744859 -68
744917 -65
744939 -65
745016 -70
745043 -70
745115 -68
745143 -68
745220 -66
745242 -66
745320 -73
745346 -72
745437 -67
745458 -68
745533 -65
745554 -65
745637 -71
745736 -68
745756 -69
745815 -65
745840 -65
745863 -65
745915 -72
745940 -72
745962 -72
746034 -68
746059 -68
746116 -65
746140 -65
746218 -72
746244 -72
746314 -68
746334 -68
746355 -67
746427 -65
746448 -65
746517 -71
746539 -71
746561 -71
746616 -68
746642 -68
746719 -65
746748 -65
746820 -71
746845 -71
746917 -68
746943 -68
747021 -65
747041 -65
747118 -71
747145 -71
747218 -68
747248 -68
747328 -65
747349 -65
747421 -71
747446 -71
747521 -68
747541 -68
747620 -65
747644 -65
747722 -72
747749 -72
747822 -68
747847 -68
747917 -65
747937 -65
747961 -65
748020 -71
748043 -71
748136 -68
748159 -68
748239 -65
748259 -65
748313 -71
748337 -71
748359 -71
748425 -68
748455 -67
748524 -65
748553 -65
748625 -71
748646 -71
748718 -68
748747 -68
748823 -65
748853 -65
748927 -71
748952 -71
749019 -67
749046 -68
749119 -65
749146 -65
749223 -71
749247 -71
749314 -68
749342 -68
749433 -65
749458 -65
749527 -71
749548 -71
749617 -68
749647 -68
749722 -65
749746 -65
749824 -71
749848 -71
749919 -68
749945 -68
750029 -65
750059 -65
750137 -72
750258 -68
750338 -67
750419 -73
750446 -72
750533 -68
750556 -68
750634 -69
750660 -69
750717 -70
750739 -70
750814 -67
750844 -68
750923 -69
750951 -69
751034 -71
751062 -71
751120 -69
751145 -69
751215 -68
751245 -68
751331 -70
751361 -70
751426 -69
751448 -69
751528 -70
751555 -69
751631 -73
751654 -73
751719 -70
751743 -70
751814 -70
751841 -70
751862 -69
751929 -73
751954 -73
752013 -69
752041 -69
752133 -70
752159 -70
752233 -74
752260 -73
752333 -70
752359 -70
752433 -69
752456 -70
752533 -73
752556 -73
752640 -69
752661 -69
752728 -70
752750 -70
752819 -73
752841 -73
752934 -69
753017 -69
753039 -70
753121 -73
753150 -73
753224 -70
753249 -70
753331 -70
753354 -70
753429 -74
753458 -74
753513 -70
753535 -70
753561 -70
753637 -71
753662 -71
753731 -74
753753 -74
753833 -70
753856 -70
753929 -71
753955 -71
754022 -74
754051 -74
754126 -70
754154 -70
754229 -71
754250 -71
754328 -74
754354 -74
754431 -70
754459 -70
754519 -71
754541 -71
754562 -71
754637 -73
754743 -70
754820 -71
754849 -71
754931 -73
754958 -73
755031 -70
755054 -70
755128 -71
755149 -71
755222 -73
755250 -73
755328 -70
755356 -70
755434 -71
755458 -70
755533 -73
755557 -73
755614 -70
755638 -70
755719 -70
755743 -70
755823 -73
755848 -73
755924 -70
755948 -70
756018 -70
756043 -70
756115 -73
756141 -73
756239 -70
756260 -70
756332 -70
756356 -70
756435 -73
756458 -73
756527 -70
756553 -70
756638 -70
756714 -73
756742 -73
756833 -70
756858 -70
756933 -70
757030 -73
757059 -73
757129 -70
757158 -70
757236 -70
757314 -73
757341 -72
757433 -70
757456 -70
757531 -70
757551 -70
757624 -73
757649 -73
757719 -70
757742 -70
757824 -70
757846 -70
757921 -73
757943 -73
758015 -70
758039 -70
758119 -70
758145 -70
758228 -73
758249 -73
758329 -70
758356 -70
758434 -70
758459 -70
758530 -73
758556 -73
758631 -70
758655 -70
758734 -70
758757 -70
758823 -73
758846 -73
758920 -70
758943 -70
759015 -70
759041 -70
759116 -73
759142 -73
759231 -70
759253 -70
759335 -71
759356 -70
759430 -73
759459 -73
759532 -70
759556 -70
759639 -70
759737 -73
759833 -70
759855 -70
759936 -70
759959 -70
760032 -73
760061 -73
760134 -70
760234 -70
760263 -70
760328 -73
760349 -73
760430 -69
760453 -69
760531 -68
760551 -68
760633 -72
760655 -72
760733 -70
760758 -70
760831 -70
760857 -70
760936 -68
760962 -69
761041 -70
761133 -68
761154 -68
761228 -70
761251 -71
761322 -70
761350 -70
761430 -70
761453 -70
761528 -74
761549 -74
761631 -72
761657 -72
761733 -71
761758 -71
761814 -75
761835 -75
761935 -72
761958 -72
762039 -71
762062 -71
762130 -74
762158 -74
762231 -72
762256 -72
762325 -71
762344 -71
762417 -74
762443 -74
762514 -72
762538 -71
762560 -71
762635 -71
762657 -71
762725 -74
762749 -75
762829 -72
762854 -72
762930 -72
762957 -72
763028 -75
763048 -76
763128 -71
763154 -72
763235 -72
763256 -72
763331 -76
763351 -76
763415 -72
763438 -72
763459 -72
763529 -72
763552 -72
763620 -77
763645 -77
763722 -73
763747 -73
763825 -73
763854 -73
763933 -77
763954 -77
764025 -73
764051 -73
764132 -73
764159 -73
764227 -77
764251 -77
764320 -73
764347 -73
764423 -73
764451 -73
764523 -77
764549 -77
764624 -73
764650 -73
764726 -73
764755 -73
764835 -77
764858 -77
764940 -73
764962 -73
765041 -72
765134 -76
765159 -77
765222 -73
765247 -73
765322 -72
765342 -72
765424 -76
765453 -76
765529 -72
765550 -73
765619 -72
765647 -72
765722 -76
765744 -77
765817 -73
765841 -73
765938 -72
766034 -77
766055 -77
766124 -73
766151 -73
766218 -72
766242 -72
766262 -72
766319 -77
766348 -77
766418 -73
766444 -73
766521 -73
766550 -73
766626 -77
766646 -77
766719 -73
766747 -73
766819 -72
766841 -73
766920 -77
766942 -77
767038 -73
767060 -73
767116 -72
767142 -72
767222 -76
767243 -76
767319 -73
767344 -73
767416 -72
767439 -72
767522 -75
767548 -75
767618 -72
767648 -72
767736 -72
767757 -71
767830 -74
767858 -74
767941 -72
768018 -71
768041 -71
768061 -71
768128 -74
768157 -74
768231 -72
768253 -72
768320 -71
768349 -71
768424 -74
768446 -74
768524 -72
768545 -72
768632 -71
768660 -71
768714 -74
768737 -74
768815 -72
768838 -72
768859 -72
768939 -71
768958 -71
769033 -74
769053 -74
769125 -72
769150 -72
769223 -72
769244 -71
769320 -74
769342 -74
769436 -72
769458 -72
769541 -71
769615 -74
769641 -74
769662 -74
769719 -72
769741 -72
769816 -71
769842 -71
769922 -74
769949 -74
770024 -70
770052 -70
770131 -68
770153 -68
770231 -72
770258 -72
770338 -71
770361 -71
770414 -70
770438 -70
770520 -71
770541 -71
770638 -72
770753 -72
770832 -69
770853 -69
770921 -71
770950 -71
771025 -71
771046 -71
771119 -70
771213 -73
771243 -73
771316 -71
771343 -71
771421 -72
771450 -72
771523 -74
771542 -74
771618 -70
771648 -70
771718 -73
771739 -73
771814 -75
771840 -74
771923 -70
771948 -70
772015 -73
772040 -73
772059 -73
772136 -74
772218 -70
772247 -70
772326 -73
772350 -73
772418 -74
772446 -74
772517 -70
772540 -70
772627 -73
772649 -73
772738 -74
772761 -74
772840 -70
772918 -73
772941 -73
773031 -74
773057 -74
773130 -71
773160 -70
773234 -74
773318 -74
773347 -75
773423 -71
773452 -71
773534 -74
773562 -74
773633 -75
773662 -75
773716 -71
773741 -71
773832 -74
773852 -74
773923 -75
773947 -75
774027 -70
774052 -70
774122 -73
774233 -74
774259 -74
774336 -70
774416 -73
774446 -73
774525 -74
774554 -74
774629 -70
774660 -70
774742 -73
774814 -74
774838 -74
774861 -74
774920 -70
774950 -71
775031 -73
775054 -73
775124 -74
775150 -74
775219 -70
775240 -70
775260 -70
775333 -73
775435 -74
775458 -74
775532 -71
775555 -70
775630 -73
775651 -73
775727 -74
775755 -74
775827 -71
775850 -70
775921 -74
775943 -74
776038 -75
776059 -75
776125 -70
776148 -71
776216 -74
776242 -74
776334 -75
776358 -75
776414 -70
776441 -71
776514 -74
776638 -75
776660 -75
776730 -71
776753 -71
776826 -74
776846 -74
776921 -74
776950 -74
777022 -71
777050 -71
777128 -74
777153 -74
777228 -74
777250 -74
777343 -71
777416 -74
777445 -74
777520 -74
777540 -74
777563 -74
777631 -70
777658 -71
777729 -74
777750 -74
777823 -74
777845 -74
777922 -70
777951 -70
778031 -73
778053 -73
778119 -74
778146 -74
778218 -70
778239 -70
778262 -71
778340 -74
778421 -74
778447 -74
778520 -71
778543 -70
778622 -74
778649 -74
778737 -75
778758 -75
778837 -70
778862 -70
778914 -74
778934 -74
778960 -73
779035 -75
779056 -75
779115 -70
779136 -71
779235 -73
779258 -74
779327 -75
779349 -75
779423 -70
779445 -70
779522 -73
779547 -73
779635 -75
779657 -75
779729 -71
779755 -70
779822 -73
779848 -73
779924 -74
779952 -75
780027 -71
780051 -71
780126 -73
780151 -73
780220 -74
780242 -74
780325 -70
780349 -70
780424 -73
780449 -73
780524 -73
780546 -73
780619 -69
780638 -69
780663 -69
780729 -74
780753 -74
780823 -75
780846 -75
780920 -71
780950 -71
781033 -74
781059 -73
781139 -76
781162 -76
781233 -72
781256 -73
781324 -73
781353 -73
781424 -77
781455 -77
781534 -73
781558 -73
781632 -73
781654 -73
781725 -77
781750 -77
781819 -73
781849 -73
781923 -73
781947 -72
782023 -76
782045 -76
782120 -72
782143 -72
782217 -72
782248 -72
782321 -76
782340 -77
782422 -72
782446 -72
782518 -72
782539 -72
782560 -72
782639 -76
782714 -73
782736 -73
782759 -72
782814 -72
782836 -72
782916 -77
782943 -77
783026 -72
783049 -72
783120 -72
783143 -72
783220 -77
783245 -77
783322 -72
783352 -73
783434 -72
783456 -72
783531 -77
783551 -77
783627 -72
783651 -73
783718 -72
783739 -72
783817 -77
783838 -78
783921 -73
783943 -73
784027 -72
784051 -72
784120 -77
784141 -77
784232 -73
784257 -73
784337 -72
784362 -72
784442 -77
784517 -73
784543 -73
784625 -72
784650 -72
784721 -78
784743 -77
784818 -73
784842 -72
784863 -73
784917 -72
784939 -72
785018 -77
785048 -77
785125 -73
785150 -73
785227 -72
785255 -72
785327 -77
785353 -77
785434 -73
785461 -73
785541 -72
785620 -77
785646 -77
785734 -73
785758 -73
785834 -72
785863 -73
785935 -78
785961 -78
786032 -73
786052 -73
786131 -73
786159 -73
786235 -78
786263 -78
786314 -73
786342 -73
786438 -73
786460 -73
786528 -78
786555 -78
786633 -73
786737 -73
786757 -73
786835 -78
786862 -79
786914 -73
786941 -73
787013 -73
787040 -73
787114 -78
787140 -78
787214 -73
787242 -73
787336 -73
787415 -78
787438 -78
787537 -73
787642 -73
787740 -78
787760 -78
787837 -73
787924 -73
787950 -73
788023 -78
788043 -78
788144 -73
788214 -73
788237 -73
788257 -73
788330 -78
788359 -78
788439 -73
788535 -73
788562 -73
788627 -77
788649 -78
788722 -73
788743 -73
788815 -73
788836 -74
788918 -77
788946 -77
789024 -73
789053 -73
789125 -73
789149 -73
789229 -77
789255 -77
789330 -73
789356 -73
789426 -73
789447 -73
789516 -77
789540 -77
789624 -73
789651 -73
789726 -73
789753 -72
789828 -78
789847 -77
789922 -73
789943 -73
790023 -72
790044 -72
790118 -78
790140 -78
790218 -73
790241 -75
790328 -72
790352 -71
790417 -73
790445 -73
790527 -74
790548 -74
790622 -71
790643 -72
790724 -73
790753 -73
790819 -72
790839 -72
790919 -75
790945 -75
791036 -79
791056 -79
791114 -74
791138 -74
791214 -87
791245 -85
791315 -83
791338 -83
791437 -78
791535 -80
791554 -80
791624 -77
791649 -76
791729 -75
791754 -74
791833 -76
791858 -76
791932 -76
791959 -76
792039 -75
792138 -78
792162 -78
792214 -77
792241 -77
792319 -77
792341 -77
792417 -78
792447 -78
792521 -78
792549 -77
792625 -78
792652 -79
792715 -78
792741 -79
792823 -78
792850 -77
792930 -79
792951 -79
793031 -78
793051 -78
793133 -77
793160 -77
793227 -79
793256 -79
793337 -78
793433 -78
793455 -77
793531 -79
793554 -78
793636 -79
793737 -78
793757 -78
793836 -79
793915 -78
793935 -78
793961 -79
794016 -77
794044 -77
794125 -79
794149 -79
794231 -78
794251 -78
794328 -77
794351 -78
794433 -78
794458 -78
794536 -78
794634 -77
794659 -77
794735 -78
794816 -78
794836 -78
794921 -77
794949 -77
795017 -78
795040 -78
795136 -78
795158 -78
795231 -78
795259 -77
795321 -78
795343 -78
795422 -78
795452 -78
795526 -77
795550 -77
795628 -78
795649 -78
795732 -78
795759 -78
795833 -77
795860 -77
795937 -78
795959 -78
796034 -78
796060 -78
796152 -78
796234 -78
796259 -79
796314 -78
796340 -78
796440 -77
796521 -78
796549 -78
796633 -78
796657 -78
796723 -77
796752 -77
796827 -78
796856 -78
796931 -78
796957 -78
797031 -77
797056 -77
797131 -78
797153 -78
797225 -78
797251 -79
797331 -77
797359 -77
797435 -78
797458 -78
797535 -79
797617 -77
797639 -78
797741 -78
797761 -78
797835 -79
797862 -79
797938 -78
798019 -78
798047 -78
798132 -78
798159 -79
798220 -78
798240 -77
798260 -77
798327 -78
798351 -77
798423 -78
798448 -78
798539 -78
798617 -77
798642 -77
798743 -78
798833 -78
798861 -77
798941 -77
799021 -79
799047 -79
799117 -77
799140 -77
799218 -77
799241 -77
799324 -78
799345 -78
799426 -77
799450 -77
799529 -77
799552 -77
799628 -78
799658 -78
799728 -77
799758 -77
799840 -77
799916 -78
799938 -78
799960 -78
800015 -77
800039 -77
800131 -76
800159 -76
800237 -78
800260 -77
800336 -79
800436 -74
800457 -73
800529 -80
800556 -80
800638 -83
800659 -85
800729 -75
800750 -76
800826 -83
800848 -80
800920 -80
800951 -78
801025 -77
801052 -77
801131 -82
801153 -80
801237 -86
801318 -79
801342 -78
801414 -82
801435 -82
801457 -81
801524 -76
801552 -76
801627 -77
801654 -77
801734 -81
801760 -81
801833 -75
801861 -75
801929 -77
801952 -77
802028 -84
802053 -84
802122 -78
802143 -78
802218 -79
802248 -79
802323 -81
802350 -81
802432 -79
802458 -79
802537 -79
802557 -79
802639 -83
802662 -83
802738 -79
802818 -78
802839 -77
802861 -77
802936 -84
802959 -85
803032 -78
803054 -78
803126 -77
803151 -77
803225 -85
803252 -85
803325 -78
803347 -78
803417 -77
803443 -77
803518 -86
803545 -86
803617 -78
803637 -77
803734 -77
803762 -77
803837 -86
803938 -77
803961 -78
804031 -78
804054 -77
804128 -86
804153 -86
804226 -78
804255 -78
804329 -77
804352 -77
804427 -86
804451 -86
804533 -78
804554 -78
804630 -77
804653 -77
804740 -87
804818 -78
804843 -78
804922 -77
804947 -77
805028 -86
805051 -86
805125 -78
805146 -78
805224 -77
805254 -77
805327 -86
805348 -86
805416 -78
805444 -78
805518 -77
805546 -76
805626 -86
805650 -86
805725 -78
805748 -78
805823 -76
805848 -76
805922 -87
805944 -86
806036 -78
806062 -77
806132 -76
806158 -76
806238 -87
806260 -87
806333 -78
806353 -78
806419 -76
806443 -76
806521 -87
806545 -87
806614 -78
806643 -78
806734 -76
806758 -76
806833 -87
806923 -78
806951 -77
807030 -76
807054 -76
807134 -86
807157 -87
807220 -78
807246 -77
807322 -76
807347 -77
807420 -87
807441 -87
807461 -87
807529 -78
807558 -78
807630 -76
807657 -76
807732 -87
807751 -87
807823 -78
807847 -78
807922 -76
807943 -76
808019 -87
808042 -87
808115 -78
808140 -78
808163 -78
808214 -76
808241 -76
808316 -88
808339 -88
808362 -88
808430 -78
808451 -78
808530 -76
808557 -76
808635 -87
808661 -87
808735 -78
808754 -77
808823 -76
808852 -77
808951 -87
809020 -78
809043 -77
809127 -76
809157 -76
809232 -87
809252 -87
809324 -77
809346 -77
809442 -77
809541 -87
809614 -77
809635 -77
809714 -76
809744 -76
809820 -88
809848 -88
809925 -77
809948 -77
810024 -76
810044 -76
810124 -88
810152 -88
810222 -77
810246 -77
810322 -77
810347 -76
810422 -88
810442 -88
810541 -77
810618 -77
810646 -77
810718 -88
810742 -88
810833 -77
810860 -77
810914 -77
810944 -77
811023 -88
811120 -77
811144 -77
811250 -77
811326 -85
811355 -87
811429 -83
811452 -83
811535 -80
811556 -80
811629 -85
811653 -85
811728 -81
811757 -81
811838 -79
811861 -79
811917 -82
811942 -82
812023 -82
812050 -82
812121 -82
812141 -82
