416024 -68
416047 -69
416125 -69
416147 -68
416226 -69
416253 -68
416327 -66
416356 -65
416429 -65
416451 -65
416530 -70
416553 -70
416623 -68
416651 -68
416729 -67
416755 -67
416831 -70
416930 -68
416959 -68
417033 -67
417053 -67
417123 -71
417143 -71
417231 -68
417260 -68
417337 -68
417358 -68
417433 -73
417457 -73
417534 -68
417554 -68
417629 -68
417649 -68
417727 -73
417754 -73
417826 -69
417852 -69
417923 -68
418025 -73
418046 -73
418116 -69
418142 -69
418217 -68
418247 -68
418322 -72
418416 -69
418446 -69
418527 -69
418556 -69
418636 -73
418660 -72
418731 -68
418754 -68
418821 -68
418850 -68
418925 -73
418952 -73
419022 -68
419047 -68
419121 -68
419146 -68
419233 -70
419254 -69
419323 -67
419348 -67
419428 -67
419450 -66
419530 -71
419557 -72
419628 -68
419652 -68
419728 -68
419751 -68
419823 -69
419848 -69
419921 -68
419947 -68
420023 -67
420049 -67
420124 -70
420147 -70
420224 -68
420246 -68
420327 -67
420351 -67
420429 -71
420451 -71
420525 -69
420544 -69
420634 -69
420658 -70
420728 -75
420752 -75
420815 -71
420838 -71
420918 -71
420939 -70
420960 -70
421041 -76
421140 -70
421222 -69
421246 -69
421321 -72
421343 -72
421418 -69
421440 -69
421462 -69
421518 -67
421543 -68
421617 -71
421643 -71
421733 -69
421761 -68
421831 -67
421859 -67
421930 -69
421958 -69
422037 -68
422056 -68
422131 -67
422159 -67
422229 -69
422253 -69
422331 -69
422350 -68
422428 -67
422450 -67
422522 -69
422543 -69
422625 -69
422647 -69
422725 -67
422748 -67
422823 -69
422844 -69
422916 -69
422938 -69
423040 -68
423063 -67
423120 -70
423140 -70
423161 -70
423213 -69
423237 -69
423261 -69
423332 -68
423357 -68
423427 -71
423457 -71
423528 -70
423548 -70
423627 -68
423649 -68
423724 -72
423750 -72
423828 -70
423854 -69
423930 -68
423959 -68
424014 -72
424042 -72
424063 -72
424132 -70
424153 -70
424222 -68
424251 -68
424318 -72
424340 -72
424437 -70
424457 -70
424538 -68
424616 -72
424636 -72
424660 -72
424734 -70
424818 -68
424844 -68
424914 -72
424937 -72
424961 -72
425034 -70
425056 -70
425137 -68
425162 -68
425230 -72
425252 -72
425330 -70
425358 -70
425435 -68
425462 -68
425514 -72
425536 -72
425627 -70
425655 -70
425737 -68
425757 -68
425859 -72
425920 -70
425948 -70
426027 -68
426051 -68
426125 -72
426152 -73
426236 -70
426260 -70
426333 -68
426356 -68
426428 -72
426452 -72
426528 -70
426553 -70
426625 -69
426647 -69
426725 -73
426751 -73
426822 -69
426846 -69
426916 -70
426941 -70
426962 -70
427019 -73
427040 -73
427061 -74
427134 -69
427158 -69
427238 -71
427333 -71
427353 -71
427417 -69
427445 -69
427520 -70
427544 -70
427632 -71
427654 -71
427716 -70
427742 -70
427762 -70
427818 -69
427839 -69
427863 -69
427938 -72
428029 -72
428052 -72
428125 -73
428146 -73
428215 -76
428236 -77
428256 -77
428333 -72
428358 -73
428414 -73
428441 -73
428523 -77
428544 -77
428617 -73
428646 -73
428721 -73
428744 -73
428822 -77
428848 -77
428923 -73
428950 -73
429029 -74
429051 -73
429127 -76
429152 -76
429214 -73
429241 -73
429261 -73
429329 -73
429359 -74
429437 -76
429460 -76
429515 -73
429537 -73
429563 -73
429616 -74
429643 -74
429715 -77
429745 -77
429817 -73
429842 -73
429915 -74
429936 -74
429956 -75
430030 -77
430054 -77
430134 -73
430161 -74
430230 -74
430254 -74
430323 -76
430344 -76
430417 -73
430443 -73
430513 -75
430536 -74
430557 -74
430634 -77
430655 -77
430735 -73
430841 -74
430918 -77
430943 -77
431028 -74
431050 -74
431126 -74
431154 -75
431229 -77
431251 -77
431324 -74
431422 -74
431443 -74
431515 -77
431543 -77
431616 -73
431642 -74
431727 -74
431756 -74
431838 -76
431862 -77
431927 -73
431950 -73
432027 -74
432049 -74
432127 -77
432153 -76
432235 -73
432257 -73
432330 -74
432355 -74
432434 -76
432460 -76
432538 -73
432620 -74
432646 -74
432724 -77
432753 -76
432824 -73
432851 -73
432915 -74
432939 -74
433021 -77
433115 -74
433140 -73
433237 -75
433259 -74
433314 -77
433342 -77
433416 -74
433445 -73
433532 -75
433557 -75
433634 -77
433660 -78
433733 -74
433761 -74
433813 -75
433836 -75
433861 -75
433917 -78
433938 -78
434034 -74
434055 -74
434128 -75
434150 -75
434229 -78
434259 -78
434330 -74
434353 -74
434426 -75
434451 -75
434521 -78
434541 -78
434618 -74
434638 -74
434660 -74
434718 -75
434744 -75
434828 -77
434850 -78
434919 -74
434949 -74
435029 -74
435050 -75
435121 -78
435145 -79
435236 -74
435256 -74
435331 -75
435351 -75
435438 -78
435458 -78
435529 -74
435553 -74
435630 -75
435657 -75
435713 -78
435735 -78
435761 -78
435836 -73
435859 -74
435924 -74
435948 -74
436018 -78
436041 -78
436135 -74
436158 -74
436235 -74
436335 -78
436356 -78
436429 -74
436455 -74
436537 -74
436561 -73
436617 -78
436641 -78
436713 -72
436743 -71
436822 -70
436846 -70
436925 -73
436951 -73
437029 -70
437054 -70
437129 -69
437156 -70
437220 -72
437247 -72
437321 -72
437345 -71
437414 -70
437438 -70
437459 -70
437514 -70
437536 -71
437558 -71
437632 -70
437655 -70
437731 -70
437758 -71
437816 -74
437838 -74
437862 -75
437930 -73
437953 -73
438020 -72
438047 -73
438122 -79
438143 -79
438226 -74
438255 -74
438325 -74
438351 -74
438428 -79
438455 -79
438529 -74
438556 -74
438632 -74
438663 -74
438715 -80
438745 -79
438822 -74
438852 -74
438926 -74
438947 -74
439018 -81
439040 -81
439060 -81
439131 -75
439154 -75
439214 -75
439238 -75
439321 -81
439349 -81
439428 -74
439451 -74
439520 -75
439542 -75
439624 -83
439645 -83
439716 -75
439742 -75
439821 -75
439849 -75
439927 -84
439951 -84
440028 -75
440056 -75
440126 -76
440151 -76
440226 -84
440251 -84
440324 -75
440348 -75
440433 -75
440455 -75
440527 -83
440555 -83
440640 -75
440663 -75
440715 -77
440745 -76
440816 -83
440839 -84
440863 -83
440918 -75
440940 -75
441021 -76
441042 -76
441125 -83
441147 -83
441223 -75
441246 -75
441325 -76
441346 -76
441417 -83
441439 -83
441515 -75
441539 -75
441561 -75
441628 -76
441649 -76
441727 -83
441752 -83
441823 -75
441846 -75
441928 -76
441953 -76
442028 -83
442053 -83
442131 -75
442159 -75
442213 -75
442241 -76
442335 -82
442434 -75
442458 -75
442532 -76
442561 -76
442634 -83
442661 -83
442726 -75
442748 -75
442827 -76
442848 -76
442929 -83
442951 -83
443013 -75
443038 -75
443058 -75
443138 -76
443163 -76
443219 -83
443247 -82
443323 -75
443347 -75
443428 -75
443458 -75
443541 -83
443562 -82
443613 -75
443641 -75
443725 -75
443750 -75
443827 -82
443929 -75
443954 -75
444032 -75
444053 -75
444130 -82
444157 -82
444239 -75
444316 -76
444341 -76
444425 -82
444454 -82
444527 -75
444548 -74
444618 -76
444638 -76
444719 -82
444748 -82
444815 -75
444838 -75
444943 -75
445019 -82
445045 -82
445114 -75
445143 -75
445221 -76
445244 -76
445322 -82
445348 -82
445422 -75
445449 -75
445526 -75
445550 -76
445623 -82
445650 -82
445730 -75
445756 -75
445837 -76
445860 -75
445931 -82
445954 -82
446022 -75
446044 -75
446127 -76
446152 -75
446231 -83
446255 -82
446332 -73
446361 -72
446437 -70
446517 -73
446545 -73
446617 -73
446641 -73
446662 -73
446736 -71
446830 -71
446853 -71
446930 -73
446955 -74
447026 -73
447048 -74
447122 -70
447146 -70
447215 -74
447237 -74
447339 -72
447416 -76
447436 -76
447536 -75
447638 -73
447733 -79
447755 -79
447835 -74
447915 -73
447938 -73
447958 -73
448036 -79
448059 -80
448138 -75
448219 -74
448244 -74
448338 -80
448360 -80
448425 -75
448454 -75
448525 -74
448548 -74
448626 -80
448655 -80
448728 -75
448749 -75
448831 -74
448851 -74
448933 -80
448957 -80
449028 -75
449056 -75
449136 -74
449237 -80
449261 -80
449332 -75
449355 -75
449431 -74
449457 -74
449534 -80
449562 -80
449635 -75
449658 -75
449729 -73
449754 -73
449829 -80
449850 -79
449921 -75
449946 -76
450031 -74
450055 -74
450138 -80
450239 -76
450261 -76
450330 -74
450360 -74
450428 -81
450455 -81
450524 -76
450545 -76
450622 -74
450642 -74
450723 -81
450747 -81
450817 -76
450845 -76
450922 -74
450944 -74
451015 -81
451117 -76
451145 -76
451217 -74
451241 -74
451261 -74
451336 -81
451416 -76
451446 -76
451518 -74
451546 -74
451618 -81
451643 -80
451739 -76
451760 -76
451833 -74
451854 -74
451923 -80
451947 -81
452018 -76
452045 -76
452122 -74
452146 -74
452219 -80
452242 -81
452335 -76
452357 -76
452416 -74
452445 -74
452526 -81
452548 -81
452629 -76
452652 -76
452727 -74
452747 -74
452830 -80
452860 -80
452933 -76
452961 -76
453039 -74
453060 -74
453136 -80
453161 -80
453236 -76
453260 -76
453333 -73
453362 -74
453440 -80
453514 -76
453539 -76
453619 -74
453648 -74
453714 -81
453736 -80
453760 -81
453829 -76
453857 -76
453932 -74
453955 -73
454027 -80
454055 -81
454123 -76
454151 -76
454226 -74
454250 -74
454319 -80
454342 -80
454416 -76
454437 -76
454462 -76
454516 -74
454536 -74
454560 -74
454625 -81
454655 -81
454721 -76
454744 -76
454832 -74
454855 -74
454928 -81
454950 -81
455020 -76
455043 -76
455120 -74
455145 -74
455218 -81
455248 -81
455333 -76
455360 -76
455439 -73
455461 -73
455514 -80
455542 -81
455614 -76
455643 -76
455719 -73
455744 -73
455824 -80
455848 -80
455919 -76
455942 -76
456026 -74
456052 -73
456125 -80
456146 -80
456226 -76
456255 -76
456330 -73
456358 -73
456437 -77
456515 -76
456539 -77
456560 -77
456630 -71
456651 -71
456732 -74
456754 -74
456836 -76
456860 -76
456926 -73
456949 -73
457030 -74
457052 -74
457124 -77
457152 -77
457227 -76
457249 -76
457322 -75
457350 -75
457423 -80
457448 -81
457531 -75
457554 -75
457625 -78
457654 -79
457722 -88
457751 -87
457833 -78
457854 -78
457927 -78
457957 -78
458055 -90
458128 -78
458157 -78
458234 -77
458316 -88
458336 -89
458361 -88
458416 -77
458440 -77
458522 -77
458550 -77
458619 -88
458645 -88
458725 -77
458750 -77
458823 -77
458851 -77
458921 -88
458947 -88
459024 -77
459049 -77
459125 -77
459153 -78
459227 -86
459252 -86
459330 -77
459353 -77
459432 -78
459454 -78
459522 -85
459543 -85
459619 -77
459642 -77
459713 -79
459738 -78
459759 -78
459824 -84
459849 -84
459926 -77
459949 -77
460020 -79
460049 -79
460127 -83
460152 -83
460248 -77
460324 -79
460349 -78
460425 -83
460447 -83
460529 -78
460550 -78
460628 -78
460649 -78
460721 -83
460748 -82
460833 -78
460856 -78
460936 -78
460961 -78
461027 -83
461048 -82
461124 -78
461153 -78
461234 -78
461257 -78
461332 -82
461354 -82
461531 -78
461551 -78
461625 -82
461652 -82
461725 -77
461750 -77
461829 -78
461854 -78
461927 -82
461950 -82
462038 -77
462125 -78
462150 -78
462219 -82
462240 -82
462339 -78
462434 -78
462459 -78
462536 -82
462563 -82
462633 -78
462660 -78
462714 -77
462837 -82
462930 -77
462959 -77
463032 -77
463061 -77
463114 -82
463144 -82
463213 -78
463234 -78
463256 -77
463335 -77
463431 -82
463460 -83
463529 -78
463551 -78
463620 -77
463645 -78
463742 -82
463858 -78
463936 -77
463960 -77
464030 -83
464052 -83
464125 -78
464147 -78
464317 -83
464338 -83
464417 -77
464439 -77
464530 -78
464553 -78
464632 -82
464656 -83
464738 -77
464761 -77
464837 -77
464862 -77
464931 -82
464960 -82
465037 -77
465061 -77
465136 -77
465239 -83
465261 -83
465334 -77
465432 -77
465453 -78
465524 -84
465550 -84
465623 -78
465649 -78
465725 -77
465753 -78
465828 -85
465849 -85
465924 -78
465945 -78
466018 -78
466043 -78
466132 -85
466158 -85
466232 -78
466254 -78
466328 -78
466352 -78
466426 -87
466453 -87
466529 -78
466555 -78
466631 -78
466656 -78
466731 -88
466756 -87
466831 -78
466856 -78
466936 -76
466958 -76
467031 -80
467058 -80
467136 -79
467213 -74
467237 -75
467339 -81
467363 -80
467416 -78
467442 -77
467523 -80
467546 -81
467620 -82
467647 -81
467734 -78
467758 -79
467833 -80
467854 -79
467928 -77
467957 -77
468030 -77
468156 -79
468225 -80
468245 -80
468326 -75
468349 -75
468431 -79
468459 -79
468528 -78
468554 -78
468634 -78
468654 -78
468729 -78
468750 -78
468824 -79
468846 -79
468925 -79
468948 -80
469032 -78
469056 -79
469127 -79
469154 -79
469234 -79
469261 -79
469314 -79
469341 -79
469361 -78
469430 -79
469451 -79
469517 -79
469538 -79
469559 -78
469618 -78
469647 -78
469721 -79
469742 -79
469833 -79
469854 -79
469921 -78
470044 -79
470138 -79
470236 -79
470257 -79
470327 -79
470348 -79
470430 -79
470455 -79
470535 -79
470559 -79
470629 -79
470658 -79
470736 -79
470759 -79
470833 -79
470852 -79
470933 -79
470962 -79
471016 -79
471044 -80
471115 -79
471139 -79
471215 -79
471325 -79
471354 -79
471421 -79
471444 -79
471514 -79
471539 -79
471560 -79
471637 -79
471659 -79
471715 -79
471743 -79
471763 -79
471856 -79
471921 -79
471943 -79
472017 -79
472047 -79
472123 -79
472144 -79
472216 -80
472244 -79
472326 -79
472353 -79
472414 -79
472540 -79
472623 -79
472646 -79
472713 -79
472736 -79
472762 -79
472829 -79
472858 -79
472931 -79
472953 -79
473028 -79
473128 -79
473158 -79
473237 -79
473260 -79
473332 -80
473360 -80
473429 -79
473459 -80
473533 -79
473556 -79
473631 -80
473658 -79
473714 -79
473739 -79
473758 -79
473814 -79
473836 -79
473858 -79
473930 -79
473956 -80
474028 -80
474054 -79
474137 -79
474163 -79
474237 -80
474321 -79
474345 -79
474424 -79
474450 -79
474515 -79
474540 -79
474618 -79
474646 -79
474717 -80
474738 -79
474839 -79
474916 -80
474937 -79
474962 -80
475014 -80
475043 -80
475114 -80
475136 -80
475161 -80
475216 -80
475240 -80
475318 -80
475339 -80
475436 -80
475458 -80
475532 -80
475553 -80
475634 -80
475656 -80
475717 -80
475743 -80
475814 -79
475843 -79
475914 -80
475937 -80
476015 -80
476040 -80
476125 -80
476154 -79
476223 -80
476358 -80
476414 -79
476434 -79
476516 -80
476541 -79
476562 -79
476633 -79
476658 -79
476726 -79
476748 -79
476828 -78
476856 -78
476924 -77
476946 -77
477019 -76
477041 -76
477122 -77
477143 -78
477217 -79
477237 -80
477262 -80
477330 -78
477355 -79
477431 -85
477526 -87
477556 -84
477627 -84
477650 -83
477730 -87
477755 -87
477831 -85
477853 -90
478031 -84
478056 -84
478130 -87
478155 -88
478230 -82
478259 -82
478338 -81
478360 -80
478517 -83
478542 -82
478623 -85
478645 -85
478718 -80
478745 -80
478845 -79
478918 -87
478946 -87
479024 -80
479048 -80
479126 -80
479153 -81
479229 -85
479256 -85
479327 -81
479351 -81
479433 -83
479460 -83
479515 -83
479541 -83
479562 -83
479636 -81
479714 -83
479738 -83
479837 -83
479859 -83
479933 -82
479959 -81
480015 -83
480037 -82
480059 -83
480114 -83
480136 -83
480162 -83
480232 -81
480254 -81
480333 -82
480356 -82
480415 -84
480435 -83
480634 -81
480657 -82
480757 -84
480827 -80
480855 -80
480952 -81
481030 -84
481052 -85
481125 -80
481155 -80
481232 -81
481258 -82
481339 -85
481433 -80
481455 -80
481522 -81
481548 -81
481646 -85
481715 -80
481738 -80
481820 -81
481850 -81
481919 -86
481940 -86
482017 -80
482039 -80
482116 -81
482137 -81
482162 -81
482217 -86
482238 -86
482263 -86
482332 -80
482354 -80
482428 -81
482452 -81
482527 -86
482554 -86
482622 -80
482642 -80
482736 -82
482760 -81
482831 -88
482857 -89
482933 -80
482956 -80
483035 -81
483057 -80
483163 -88
483231 -80
483256 -79
483336 -80
483362 -81
483432 -88
483461 -88
483514 -80
483540 -80
483642 -81
483662 -80
483737 -90
483942 -80
484039 -91
484139 -81
484231 -81
484251 -81
484438 -80
484462 -80
484528 -80
484553 -80
484624 -92
484646 -90
484724 -80
484749 -80
484823 -80
484851 -80
484961 -93
485030 -80
485056 -81
485134 -79
485156 -79
485314 -80
485339 -80
485421 -79
485444 -79
485629 -80
485657 -80
485735 -79
485755 -79
485933 -80
485955 -80
486046 -79
486225 -80
486251 -81
486327 -79
486356 -79
486523 -80
486550 -81
486625 -79
486650 -79
486822 -81
486847 -80
486918 -80
486943 -79
487022 -93
487118 -80
487145 -81
487221 -80
487247 -80
487347 -91
487421 -80
487444 -81
487515 -80
487538 -81
487617 -90
487646 -91
487741 -81
487825 -80
487845 -80
487922 -92
487947 -91
488029 -83
488056 -83
488135 -80
488159 -79
488238 -84
488362 -80
488437 -79
488516 -78
488541 -77
488619 -73
488647 -74
