1805291 -86
1805386 -82
1805410 -81
1805479 -86
1805507 -86
1805585 -83
1805609 -84
1805689 -82
1805714 -83
1805786 -86
1805811 -87
1806288 -89
1806307 -88
1806385 -88
1806409 -88
1806491 -90
1806595 -87
1806669 -87
1806692 -86
1806785 -89
1806813 -88
1806970 -87
1806996 -87
1807081 -88
1807106 -87
1807186 -86
1807213 -86
1807269 -88
1807387 -87
1807502 -87
1807570 -89
1807591 -89
1807614 -88
1807669 -87
1807767 -86
1807789 -86
1807866 -88
1807886 -88
1807908 -88
1807999 -87
1808080 -84
1808106 -85
1808183 -88
1808210 -88
1808288 -87
1808311 -87
1808484 -87
1808512 -87
1808585 -87
1808608 -87
1808676 -85
1808702 -84
1808781 -87
1808802 -87
1808866 -86
1808891 -87
1808967 -85
1808997 -84
1809090 -87
1809112 -87
1809208 -87
1809280 -85
1809301 -85
1809375 -87
1809399 -87
1809467 -86
1809492 -87
1809572 -85
1809598 -85
1809681 -87
1809708 -87
1809785 -86
1809812 -87
1809877 -85
1809899 -84
1809968 -87
1809994 -87
1810074 -88
1810101 -87
1810187 -85
1810269 -87
1810298 -87
1810368 -87
1810392 -87
1810488 -85
1810509 -85
1810577 -87
1810597 -87
1810702 -87
1810768 -85
1810790 -84
1810811 -85
1810893 -87
1810980 -87
1811004 -86
1811082 -84
1811104 -85
1811182 -87
1811206 -87
1811281 -87
1811301 -87
1811374 -85
1811403 -85
1811475 -87
1811496 -87
1811567 -86
1811588 -87
1811676 -84
1811703 -84
1811770 -87
1811791 -87
1811882 -86
1811903 -86
1811976 -85
1811999 -84
1812074 -87
1812101 -87
1812178 -86
1812204 -86
1812275 -84
1812300 -84
1812379 -87
1812405 -88
1812466 -87
1812490 -86
1812570 -84
1812593 -84
1812666 -87
1812687 -87
1812710 -87
1812779 -86
1812808 -86
1812883 -84
1812908 -84
1812981 -87
1813007 -87
1813076 -86
1813100 -86
1813166 -84
1813194 -84
1813290 -87
1813314 -88
1813385 -87
1813412 -86
1813487 -85
1813511 -84
1813578 -87
1813607 -88
1813684 -86
1813708 -86
1813775 -84
1813801 -84
1813879 -88
1813902 -88
1813981 -86
1814007 -86
1814083 -84
1814111 -84
1814189 -87
1814285 -87
1814313 -86
1814384 -84
1814407 -84
1814487 -88
1814586 -86
1814607 -86
1814697 -84
1814772 -89
1814802 -89
1814877 -86
1814906 -87
1814990 -85
1815009 -85
1815087 -89
1815109 -89
1815185 -86
1815214 -87
1815289 -85
1815390 -89
1815411 -88
1815480 -87
1815508 -87
1815587 -85
1815686 -88
1815766 -87
1815790 -88
1815875 -85
1815900 -85
1815970 -88
1815991 -89
1816083 -86
1816111 -87
1816181 -84
1816206 -84
1816281 -89
1816307 -88
1816382 -86
1816413 -86
1816480 -83
1816509 -84
1816581 -89
1816603 -88
1816678 -85
1816703 -84
1816784 -83
1816811 -83
1816881 -88
1816907 -87
1816976 -84
1817002 -84
1817080 -83
1817109 -83
1817180 -86
1817206 -87
1817285 -82
1817312 -82
1817386 -80
1817414 -80
1817485 -86
1817505 -85
1817575 -81
1817595 -81
1817678 -79
1817703 -80
1817781 -84
1817808 -84
1817881 -83
1817912 -82
1817989 -80
1818066 -84
1818086 -84
1818178 -82
1818205 -83
1818281 -81
1818305 -80
1818381 -83
1818409 -83
1818495 -84
1818578 -81
1818603 -80
1818686 -82
1818708 -82
1818776 -82
1818799 -82
1818874 -79
1818899 -79
1818997 -82
1819067 -81
1819091 -81
1819169 -78
1819198 -79
1819273 -82
1819295 -82
1819366 -80
1819394 -80
1819490 -78
1819573 -82
1819601 -83
1819682 -81
1819706 -81
1819777 -78
1819799 -79
1819874 -82
1819894 -82
1819992 -81
1820013 -81
1820084 -79
1820105 -79
1820183 -82
1820286 -82
1820384 -79
1820413 -79
1820495 -82
1820588 -81
1820611 -81
1820689 -79
1820788 -82
1820815 -82
1820866 -81
1820894 -81
1820967 -79
1820992 -78
1821014 -79
1821085 -83
1821113 -83
1821182 -81
1821203 -81
1821278 -78
1821298 -79
1821368 -83
1821391 -83
1821491 -81
1821569 -78
1821589 -78
1821672 -83
1821695 -83
1821785 -81
1821913 -79
1821966 -83
1821993 -83
1822074 -81
1822101 -81
1822174 -78
1822202 -78
1822275 -83
1822297 -83
1822370 -80
1822397 -80
1822471 -79
1822497 -78
1822578 -82
1822603 -82
1822678 -81
1822702 -82
1822775 -79
1822800 -79
1822881 -82
1822904 -82
1822981 -82
1823000 -82
1823075 -80
1823095 -80
1823169 -83
1823199 -83
1823269 -82
1823298 -82
1823378 -79
1823400 -79
1823470 -82
1823499 -82
1823570 -82
1823600 -82
1823669 -79
1823698 -79
1823793 -83
1823870 -82
1823891 -82
1823915 -82
1823966 -79
1823995 -79
1824077 -83
1824100 -83
1824190 -82
1824297 -79
1824371 -83
1824399 -83
1824473 -81
1824494 -82
1824567 -79
1824595 -79
1824666 -83
1824693 -83
1824770 -82
1824797 -82
1824879 -79
1824906 -79
1824979 -83
1825072 -82
1825101 -82
1825176 -79
1825198 -79
1825277 -83
1825304 -83
1825375 -82
1825398 -82
1825474 -80
1825498 -79
1825567 -83
1825591 -83
1825669 -82
1825694 -82
1825790 -80
1825869 -83
1825893 -83
1825967 -82
1825997 -82
1826076 -79
1826097 -79
1826171 -83
1826195 -83
1826266 -82
1826289 -82
1826310 -81
1826376 -79
1826396 -79
1826472 -83
1826493 -83
1826566 -81
1826595 -81
1826670 -79
1826691 -79
1826713 -79
1826770 -84
1826796 -84
1826868 -80
1826892 -81
1826913 -81
1826966 -79
1826988 -79
1827008 -79
1827083 -83
1827103 -83
1827177 -81
1827199 -81
1827268 -79
1827295 -79
1827375 -84
1827397 -83
1827474 -82
1827498 -81
1827579 -79
1827602 -79
1827677 -83
1827698 -84
1827774 -82
1827799 -82
1827879 -80
1827907 -79
1827983 -83
1828007 -83
1828091 -82
1828114 -82
1828166 -79
1828189 -79
1828212 -80
1828291 -83
1828369 -82
1828397 -82
1828479 -80
1828501 -80
1828583 -84
1828605 -83
1828678 -83
1828699 -83
1828774 -80
1828797 -80
1828868 -85
1828889 -85
1828911 -85
1828981 -82
1829001 -83
1829082 -81
1829104 -82
1829187 -87
1829211 -87
1829286 -84
1829307 -84
1829378 -82
1829399 -82
1829474 -90
1829500 -89
1829574 -83
1829602 -84
1829683 -81
1829710 -82
1829790 -90
1829811 -90
1829879 -86
1829909 -86
1830014 -84
1830083 -89
1830107 -90
1830183 -85
1830210 -85
1830275 -83
1830297 -83
1830373 -91
1830399 -91
1830471 -86
1830496 -86
1830572 -83
1830601 -83
1830678 -89
1830707 -89
1830777 -85
1830800 -85
1830885 -82
1830914 -82
1830983 -89
1831008 -89
1831090 -85
1831172 -82
1831197 -82
1831268 -90
1831296 -90
1831392 -85
1831469 -82
1831497 -82
1831580 -90
1831672 -84
1831694 -84
1831773 -81
1831796 -82
1831893 -92
1831915 -90
1831987 -84
1832009 -84
1832085 -82
1832112 -82
1832183 -91
1832208 -91
1832282 -84
1832304 -84
1832373 -82
1832395 -82
1832515 -90
1832591 -83
1832668 -82
1832695 -81
1832772 -90
1832794 -90
1832873 -83
1832898 -83
1832970 -82
1832994 -82
1833089 -90
1833111 -91
1833185 -83
1833207 -83
1833294 -82
1833373 -91
1833395 -90
1833477 -83
1833505 -83
1833583 -81
1833606 -82
1833682 -92
1833810 -83
1833888 -81
1833998 -91
1834073 -82
1834102 -83
1834190 -81
1834270 -91
1834372 -84
1834396 -83
1834466 -82
1834494 -82
1834588 -92
1834682 -83
1834709 -83
1834766 -82
1834788 -82
1834810 -82
1834909 -92
1834970 -82
1834991 -83
1835066 -82
1835091 -82
1835113 -82
1835192 -91
1835266 -83
1835291 -83
1835384 -82
1835406 -82
1835511 -91
1835585 -82
1835611 -83
1835666 -82
1835690 -82
1835711 -82
1835769 -92
1835868 -83
1835888 -83
1835969 -82
1835991 -82
1836012 -82
1836185 -83
1836210 -83
1836280 -82
1836473 -82
1836499 -83
1836571 -82
1836599 -82
1836767 -83
1836793 -83
1836868 -82
1836895 -83
1836967 -92
1836995 -92
1837083 -83
1837107 -83
1837181 -82
1837207 -82
1837287 -92
1837315 -92
1837387 -83
1837411 -83
1837492 -83
1837597 -91
1837675 -83
1837701 -83
1837780 -82
1837801 -82
1837904 -92
1837982 -83
1838010 -83
1838083 -82
1838107 -83
1838203 -92
1838268 -82
1838295 -83
1838375 -83
1838401 -82
1838502 -91
1838569 -83
1838591 -83
1838686 -84
1838911 -85
1838966 -83
1838995 -83
1839078 -94
1839175 -85
1839199 -85
1839275 -85
1839302 -85
1839476 -83
1839505 -84
1839585 -85
1839613 -85
1839787 -84
1839868 -84
1839895 -85
1840070 -84
1840091 -84
1840113 -85
1840186 -85
1840208 -85
1840291 -93
1840312 -93
1840393 -85
1840470 -85
1840494 -85
1840567 -93
1840670 -85
1840697 -84
1840769 -85
1840791 -85
1840986 -84
1841006 -83
1841083 -85
1841105 -85
1841270 -84
1841291 -84
1841315 -84
1841389 -85
1841580 -84
1841605 -84
1841684 -85
1841709 -85
1841884 -84
1841907 -84
1841982 -85
1842009 -85
1842182 -83
1842206 -83
1842284 -85
1842305 -85
1842499 -84
1842573 -85
1842598 -85
1842771 -84
1842799 -84
1842878 -85
1842904 -85
1843001 -94
1843067 -84
1843093 -84
1843174 -85
1843195 -85
1843384 -84
1843411 -84
1843481 -86
1843505 -84
1843666 -84
1843696 -84
1843766 -85
1843789 -85
1843887 -94
1844009 -84
1844068 -85
1844097 -85
1844167 -93
1844291 -84
1844366 -85
1844387 -85
1844409 -85
1844579 -83
1844608 -84
1844689 -85
1844715 -86
1844870 -84
1844896 -84
1844968 -86
1844999 -85
1845177 -84
1845206 -84
1845280 -85
1845303 -85
1845479 -84
1845504 -84
1845578 -86
1845606 -85
1845785 -84
1845810 -84
1845883 -86
1846078 -84
1846166 -86
1846211 -85
1846373 -84
1846400 -85
1846481 -86
1846500 -86
1846676 -85
1846697 -84
1846779 -87
1846804 -86
1847002 -85
1847108 -86
1847272 -84
1847302 -85
1847374 -86
1847587 -85
1847611 -84
1847685 -87
1847878 -85
1847900 -84
1847986 -88
1848012 -87
1848180 -85
1848209 -85
1848270 -87
1848298 -88
1848479 -85
1848502 -85
1848773 -88
1848793 -87
1848814 -87
1848882 -90
1849079 -87
1849173 -88
1849200 -89
1849381 -88
1849682 -87
1849703 -87
1849800 -88
1849972 -87
1849993 -88
1850092 -89
1850301 -90
1850612 -89
1850897 -88
1850969 -90
1851188 -88
1851211 -89
1851284 -89
1851305 -89
1851466 -88
1851513 -87
1851613 -89
1851786 -87
1851812 -88
1851869 -89
1851898 -88
1852073 -88
1852098 -89
1852395 -88
1852669 -87
1852803 -90
1852974 -88
1853001 -89
1853397 -91
1853614 -89
1853880 -89
1853907 -90
1854009 -90
1854207 -88
1854295 -90
1854495 -89
1854595 -91
1855403 -90
1859579 -92
1868385 -88
1868679 -89
1868992 -89
1869270 -90
1869606 -89
1870187 -89
1870211 -90
1870500 -90
1870784 -89
1870808 -90
1871078 -91
1871099 -91
1896471 -90
1896568 -87
1896877 -90
1937773 -92
1938388 -90
1938412 -90
1938489 -90
1938674 -91
1938704 -90
1938815 -91
1938886 -88
1938914 -87
1938991 -90
1939187 -88
1939208 -88
1939290 -89
1939466 -88
1939494 -88
1939568 -89
1939590 -88
1939612 -89
1939668 -90
1939694 -90
1939769 -88
1939795 -88
1939868 -88
1939890 -89
1939914 -88
1939983 -90
1940007 -89
1940188 -90
1940392 -89
1940511 -89
1940690 -88
1940711 -88
1940787 -88
1940809 -88
1940889 -89
1940988 -87
1941103 -87
1941173 -89
1941198 -89
1941275 -88
1941379 -88
1941405 -88
1941474 -90
1941495 -88
1941574 -89
1941890 -90
1941978 -90
1942000 -90
1942171 -88
1942197 -89
1942276 -89
1942368 -90
1942394 -91
1942473 -89
1942498 -88
1942567 -89
1942589 -89
1942612 -89
1942808 -89
1942887 -89
1942911 -89
1943076 -90
1943177 -89
1943202 -89
1943373 -88
1943401 -89
1943479 -89
1943505 -89
1943694 -89
1943784 -89
1943804 -89
1943974 -88
1944002 -88
1944082 -88
1944111 -88
1944286 -88
1944380 -89
1944403 -89
1944599 -88
1944667 -89
1944695 -89
1944789 -89
1944907 -88
1944972 -89
1944994 -88
1945202 -88
1945278 -89
1945305 -89
1945484 -89
1945513 -89
1945567 -89
1945589 -89
1945613 -89
1945680 -91
1945780 -89
1945882 -90
1945910 -89
1946083 -89
1946190 -89
1946282 -90
1946384 -89
1946412 -88
1946485 -89
1946615 -90
1946685 -88
1946712 -88
1946790 -88
1946815 -89
1946888 -91
1946988 -88
1947082 -90
1947102 -89
1947266 -89
1947291 -89
1947313 -89
1947366 -89
1947390 -90
1947411 -90
1947579 -89
1947683 -90
1947704 -89
1947778 -90
1947886 -89
1947907 -89
1947981 -90
1948009 -89
1948213 -88
1948294 -90
1948389 -91
1948484 -90
1948604 -90
1948785 -89
1948814 -89
1948889 -90
1948915 -90
1948981 -90
1949109 -90
1949184 -90
1949208 -90
1949274 -91
1949380 -89
1949489 -90
1949668 -88
1949772 -91
1949913 -91
1950079 -92
1950279 -90
1950301 -88
1950381 -91
1951003 -93
1956680 -93
1956709 -95
1957001 -93
1958203 -95
1963611 -94
1964476 -95
1965106 -95
1966288 -94
1967489 -93
1968680 -91
1968704 -91
1968969 -93
1968994 -92
1969212 -92
1969881 -93
1970210 -93
1970390 -89
1970668 -89
1970695 -90
1970771 -93
1970801 -92
1970975 -89
1971312 -90
1971367 -91
1971387 -91
1972266 -95
1972578 -93
2465181 -89
2465205 -88
2465276 -89
2465304 -89
2465380 -89
2465401 -88
2465470 -89
2465498 -89
2465587 -88
2465672 -87
2465695 -86
2465773 -88
2465798 -88
2465874 -88
2465900 -87
2465975 -88
2465999 -87
2466078 -89
2466107 -88
2466177 -89
2466203 -88
2466277 -87
2466302 -87
2466381 -89
2466410 -88
2466466 -87
2466494 -88
2466587 -87
2466671 -89
2466693 -89
2466791 -88
2466812 -88
2466886 -87
2466967 -89
2466993 -89
2467092 -88
2467173 -88
2467200 -88
2467276 -89
2467304 -89
2467379 -88
2467407 -88
2467483 -87
2467582 -89
2467609 -89
2467689 -89
2467710 -89
2467867 -90
2467911 -90
2467986 -89
2468013 -89
2468089 -89
2468169 -90
2468192 -90
2468214 -90
2468292 -89
2468371 -89
2468391 -88
2468471 -90
2468495 -90
2468573 -89
2468599 -90
2468674 -88
2468696 -88
2468773 -90
2468797 -91
2468886 -89
2468915 -89
2468971 -88
2468991 -89
2469079 -90
2469168 -87
2469192 -89
2469212 -90
2469291 -88
2469473 -88
2469502 -88
2469569 -88
2469593 -88
2469692 -89
2469773 -90
2469796 -89
2469887 -88
2469911 -88
2469978 -90
2470001 -91
2470081 -89
2470107 -89
2470186 -90
2470210 -89
2470266 -90
2470292 -90
2470371 -89
2470393 -88
2470471 -89
2470500 -88
2470576 -90
2470599 -91
2470882 -90
2470994 -89
2471084 -89
2471175 -90
2471196 -90
2471268 -89
2471396 -89
2471468 -90
2471490 -90
2471567 -89
2471714 -88
2471787 -90
2471809 -90
2471913 -89
2471982 -89
2472007 -88
2472077 -91
2472106 -90
2472182 -90
2472209 -89
2472277 -89
2472377 -90
2472399 -90
2472476 -89
2472499 -89
2472574 -89
2472595 -88
2472676 -90
2472701 -91
2472776 -90
2472866 -89
2472888 -89
2472913 -88
2472988 -91
2473008 -90
2473173 -89
2473198 -89
2473266 -90
2473289 -90
2473314 -90
2473388 -90
2473415 -89
2473468 -89
2473512 -88
2473584 -90
2473703 -88
2473785 -89
2473886 -90
2473910 -91
2474000 -89
2474071 -88
2474097 -89
2474169 -90
2474190 -90
2474211 -90
2474268 -89
2474378 -88
2474402 -88
2474481 -91
2474510 -90
2474615 -89
2474694 -89
2474799 -90
2474890 -89
2474911 -89
2474991 -89
2475085 -90
2475110 -90
2475194 -88
2475273 -88
2475297 -88
2475381 -90
2475410 -90
2475488 -88
2475671 -90
2475774 -89
2475796 -89
2475971 -90
2475998 -90
2476075 -88
2476097 -89
2476270 -90
2476367 -89
2476388 -88
2476473 -89
2478773 -91
2478799 -90
2478868 -89
2479666 -92
2483172 -95
2483193 -95
2484102 -94
2484378 -94
2486794 -94
2487979 -94
2489769 -91
2489797 -90
2490096 -90
2490379 -90
2490404 -90
2490707 -90
2490974 -90
2491002 -90
2491271 -91
2491291 -90
2491569 -90
2491593 -90
2491870 -90
2491892 -90
2492169 -91
2492812 -90
2493073 -90
2493097 -90
2493392 -90
2493713 -90
2493992 -90
2494302 -90
2494583 -90
2494609 -91
2494869 -89
2494897 -91
2495169 -90
2495197 -90
2495478 -91
2495503 -91
2495788 -90
2495813 -91
2496071 -90
2496094 -91
2496390 -94
2497282 -91
2498782 -97
2504767 -91
2504791 -93
2505091 -91
2505387 -91
2505411 -91
2505672 -91
2505980 -91
2506006 -92
2506272 -90
2506299 -91
2506583 -91
2508067 -92
2508400 -92
2508685 -92
2508708 -91
2508983 -92
2509005 -91
2509309 -92
2509890 -92
2509912 -92
2511083 -93
2511666 -93
2512566 -92
2512587 -91
2512612 -91
2555872 -85
2555894 -83
2555972 -80
2555993 -80
2556071 -87
2556097 -89
2556169 -84
2556194 -85
2556290 -90
2558911 -88
2559972 -92
2560275 -94
2560295 -94
2563307 -94
2563888 -95
2564214 -95
2567176 -93
2567203 -93
2567478 -94
2567502 -93
2568699 -91
2569010 -93
2615079 -89
2615099 -88
2615179 -88
2615393 -88
2615472 -88
2615494 -88
2615514 -88
2615676 -88
2615702 -89
2615774 -88
2615795 -88
2616086 -89
2616111 -89
2616301 -90
2616378 -89
2616402 -88
2616666 -89
2616695 -89
2616879 -91
2617006 -89
2617291 -88
2617471 -91
2617570 -89
2617595 -89
2617796 -89
2617873 -89
2618069 -90
2618180 -89
2618203 -89
2618374 -90
2618399 -90
2618468 -88
2618497 -88
2618714 -90
2618784 -88
2618811 -89
2618912 -92
2618988 -89
2619087 -89
2619111 -90
2619277 -91
2619298 -92
2619380 -90
2619675 -89
2619699 -90
2619890 -91
2619989 -89
2620282 -90
2620308 -89
2620582 -90
2620607 -89
2620879 -90
2620901 -90
2621207 -90
2621470 -89
2621498 -90
2621772 -90
2621799 -90
2622090 -90
2622376 -90
2622401 -90
2622686 -91
2622867 -91
2622972 -89
2622997 -89
2623285 -89
2623310 -90
2623485 -92
2623582 -90
2623610 -89
2623873 -90
2623895 -90
2624112 -91
2624189 -90
2624210 -90
2624473 -91
2624496 -89
2624774 -91
2625085 -90
2625108 -91
2625369 -90
2625393 -91
2625686 -90
2625984 -91
2626311 -91
2626575 -90
2626598 -90
2626890 -92
2648771 -93
2648972 -85
2648996 -85
2649076 -87
2649096 -87
2649175 -86
2649198 -86
2649268 -83
2649291 -84
2649314 -83
2649385 -87
2649479 -86
2649501 -86
2649576 -83
2649598 -83
2649675 -87
2649774 -85
2649804 -86
2649886 -83
2649914 -83
2649981 -89
2650002 -88
2650079 -86
2650099 -85
2650171 -83
2650201 -84
2650274 -88
2650302 -89
2650381 -85
2650479 -83
2650503 -83
2650573 -88
2650594 -89
2650669 -85
2650693 -85
2650767 -83
2650791 -83
2650814 -83
2650869 -89
2650914 -90
2650979 -84
2651004 -84
2651067 -83
2651094 -83
2651175 -90
2651206 -91
2651285 -84
2651307 -84
2651380 -83
2651409 -83
2651481 -91
2651587 -84
2651689 -83
2651713 -83
2651788 -91
2651810 -91
2651867 -84
2651887 -84
2651913 -84
2651994 -84
2652088 -92
2652184 -84
2652205 -83
2652289 -84
2652311 -84
2652409 -91
2652478 -84
2652500 -84
2652601 -84
2652696 -92
2652769 -84
2652794 -85
2652874 -84
2653077 -84
2653099 -84
2653169 -85
2653197 -84
2653311 -93
2653386 -84
2653482 -85
2653503 -84
2653669 -84
2653692 -84
2653785 -84
2653806 -85
2653908 -93
2653981 -84
2654009 -84
2654088 -85
2654110 -85
2654285 -84
2654310 -85
2654388 -85
2654409 -85
2654566 -84
2654593 -85
2654690 -85
2654766 -94
2654866 -84
2654892 -84
2654970 -85
2654992 -86
2655170 -85
2655195 -85
2655306 -85
2655383 -94
2655481 -85
2655506 -85
2655610 -87
2655783 -85
2655804 -86
2655883 -86
2655913 -87
2656065 -86
2656094 -85
2656169 -86
2656194 -86
2656388 -85
2656409 -86
2656492 -87
2656514 -88
2656679 -86
2656707 -87
2656775 -87
2656800 -88
2656981 -87
2657010 -87
2657066 -86
2657092 -87
2657113 -87
2657266 -86
2657289 -86
2657315 -87
2657391 -88
2657577 -86
2657605 -86
2657679 -86
2657702 -87
2657884 -86
2657908 -86
2658006 -87
2658203 -86
2658267 -86
2658292 -86
2658478 -86
2658502 -86
2658585 -85
2658773 -84
2658801 -86
2658875 -85
2658899 -85
2659079 -85
2659100 -86
2659193 -86
2659372 -84
2659401 -84
2659481 -87
2659508 -87
2659684 -87
2659709 -86
2659785 -86
2659805 -86
2659986 -87
2660012 -86
2660084 -87
2660111 -87
2660280 -86
2660305 -86
2660381 -88
2660410 -88
2660571 -86
2660677 -87
2660698 -87
2660892 -86
2660914 -86
2660968 -86
2660994 -86
2661169 -86
2661298 -87
2661469 -86
2661498 -86
2661580 -87
2661606 -87
2661775 -86
2661800 -86
2661876 -87
2661905 -87
2662073 -85
2662101 -87
2662180 -87
2662204 -87
2662385 -87
2662469 -87
2662499 -88
2662686 -86
2662710 -86
2662791 -87
2662813 -87
2662993 -86
2663092 -88
2663267 -86
2663295 -86
2663387 -88
2663571 -86
2663591 -87
2663666 -87
2663692 -87
2663890 -87
2663973 -87
2663997 -87
2664193 -86
2664268 -86
2664314 -87
2664479 -86
2664504 -86
2664581 -88
2664606 -87
2664772 -86
2664800 -86
2664876 -87
2665074 -86
2665099 -87
2665179 -87
2665201 -87
2665379 -86
2665403 -86
2665469 -87
2665496 -88
2665687 -87
2665711 -86
2665804 -87
2665990 -86
2666011 -86
2666083 -87
2666110 -88
2666286 -86
2666306 -86
2666385 -87
2666409 -87
2666593 -85
2666687 -87
2666708 -87
2666878 -86
2666984 -86
2667010 -87
2667167 -86
2667195 -86
2667270 -87
2667298 -88
2667478 -86
2667502 -86
2667580 -87
2667604 -87
2667779 -86
2667799 -86
2667870 -87
2667898 -88
2668074 -86
2668094 -86
2668115 -86
2668192 -87
2668214 -87
2668369 -86
2668396 -86
2668478 -88
2668502 -87
2668678 -86
2668704 -86
2668777 -87
2668976 -86
2669003 -86
2669078 -87
2669272 -86
2669293 -86
2669367 -88
2669395 -87
2669586 -86
2669609 -85
2669684 -89
2669707 -88
2669875 -86
2669897 -86
2669966 -88
2669987 -89
2670009 -88
2670184 -88
2670205 -88
2670275 -88
2670299 -87
2670499 -90
2670596 -89
2670871 -90
2670896 -91
2671066 -90
2671086 -89
2671213 -91
2674088 -90
2674672 -91
2674696 -90
2674978 -90
2675272 -90
2675988 -92
2676593 -90
2676766 -90
2676788 -91
2677209 -92
2677512 -90
2678271 -91
2678870 -91
2679309 -91
2679583 -91
2681296 -90
2682189 -91
2683382 -91
2684273 -90
2684610 -90
2684913 -90
2685272 -91
2689971 -90
2690869 -90
2690913 -90
2692071 -90
2692398 -90
2693606 -92
2695088 -91
2695378 -91
2695982 -92
2696866 -91
2696888 -92
2700784 -91
2710785 -90
2711091 -88
2711267 -92
