-57 1002493
-63 1002998
-78 1003500
-76 1004004
-84 1005009
-74 1005514
-86 1006019
-79 1006522
-76 1007026
-82 1007527
-83 1008028
-73 1008535
-87 1009034
-82 1013089
-74 1013594
-76 1014100
-73 1014607
-75 1015117
-83 1016125
-84 1016627
-85 1017128
-77 1023195
-75 1023701
-76 1024200
-71 1024705
-75 1025208
-79 1025716
-78 1026725
-80 1027232
-74 1027737
-81 1032289
-74 1032791
-80 1033299
-82 1033801
-76 1034305
-79 1034811
-83 1035318
-74 1035825
-78 1036329
-74 1045390
-74 1045898
-78 1046400
-78 1046911
-78 1047418
-83 1047926
-78 1048430
-79 1048933
-80 1053992
-82 1054491
-77 1055000
-80 1055506
-82 1056009
-82 1056515
-87 1057019
-84 1058026
-84 1058535
-89 1067099
-89 1070132
-85 1076190
-80 1076698
-82 1077204
-85 1078208
-85 1078714
-91 1079216
-83 1079716
-84 1080734
