-47
-48
-53
-48
-53
-53
-49
-49
-51
-50
-50
-50
-50
-47
-47
-49
-47
-47
-48
-51
-47
-46
-46
-46
-46
-47
-46
-45
-45
-45
-50
-46
-45
-45
-45
-46
-46
-46
-46
-46
-45
-46
-46
-47
-47
-46
-46
-46
-46
-48
-47
-46
-47
-47
-49
-48
-48
-52
-53
-52
-50
-53
-52
-53
-52
-52
-52
-57
-51
-49
-51
-51
-50
-47
-47
-50
-51
-51
-50
-48
-50
-50
-50
-51
-47
-50
-49
-49
-52
-47
-49
-49
-49
-49
-49
-45
-50
-51
-49
-49
-47
-47
-48
-51
-47
-47
-46
-46
-47
-46
-47
-46
-46
-47
-48
-45
-46
-46
-46
-47
-47
-46
-46
-46
-47
-47
-45
-45
-46
-46
-47
-47
-47
-46
-46
-50
-50
-49
-48
-48
-46
-51
-52
-50
-50
-50
-47
-47
-49
-50
-49
-49
-47
-49
-49
-49
-48
-53
-48
-53
-49
-49
-50
-49
-47
-49
-49
-49
-51
-49
-49
-49
-49
-48
-49
-49
-49
-51
-49
-51
-48
-44
-49
-49
-48
-49
-51
-47
-50
-50
-47
-47
-47
-47
-50
-50
-48
-48
-49
-48
-49
-49
-48
-47
-47
-49
-49
-52
-52
-50
-50
-49
-49
-51
-50
-49
-48
-48
-49
-49
-51
-50
-50
-49
-50
-51
-53
-49
-50
-50
-50
-51
-49
-49
-49
-50
-50
-49
-44
-50
-55
-50
-53
-50
-51
-50
-49
-50
-51
-51
-50
-50
-51
-49
-51
-53
-49
-49
-49
-49
-50
-51
-48
-50
-50
-50
-51
-50
-49
-49
-50
-48
-51
-50
-49
-49
-50
-50
-51
-50
-50
-50
-51
-50
-54
-52
-51
-52
-53
-53
-54
-54
-54
-53
-52
-52
-52
-51
-51
-51
-50
-50
-51
-51
-50
-50
-49
-50
-51
-48
-49
-48
-49
-49
-51
-54
-48
-48
-54
-49
-55
-50
-49
-49
-49
-49
-50
-51
-50
-50
-50
-50
-51
-51
-50
-50
-50
-50
-50
-51
-51
-50
-50
-52
-51
-56
-50
-51
-51
-52
-52
-52
-51
-50
-51
-53
-50
-51
-51
-51
-52
-51
-53
-50
-50
-51
-51
-51
-49
-51
-52
-51
-53
-52
-52
-50
-51
-51
-53
-53
-54
-54
-57
-53
-53
-54
-54
-53
-53
-52
-50
-51
-50
-53
-52
-55
-53
-50
-51
-51
-50
-51
-54
-57
-54
-53
-61
-61
-57
-57
-51
-51
-58
-57
-56
-55
-55
-53
-56
-53
-53
-52
-53
-52
-57
-56
-56
-52
-52
-54
-55
-52
-54
-54
-52
-53
-50
-54
-55
-55
-55
-51
-51
-55
-55
-53
-53
-51
-51
-54
-54
-53
-53
-52
-53
-53
-53
-52
-52
-50
-51
-52
-52
-52
-51
-51
-50
-51
-51
-53
-53
-52
-51
-54
-54
-53
-53
-51
-51
-51
-53
-54
-53
-53
-51
-53
-53
-52
-54
-50
-53
-53
-52
-51
-51
-53
-53
-52
-52
-50
-53
-53
-53
-52
-51
-51
-53
-53
-53
-52
-51
-51
-52
-52
-52
-53
-59
-58
-62
-61
-55
-51
-51
-60
-61
-56
-56
-52
-51
-58
-58
-57
-55
-55
-52
-51
-57
-57
-54
-51
-51
-56
-56
-56
-55
-54
-51
-51
-56
-56
-54
-55
-55
-52
-57
-57
-55
-55
-57
-51
-57
-57
-54
-54
-51
-51
-56
-56
-54
-54
-51
-51
-56
-54
-51
-51
-56
-56
-55
-51
-52
-51
-57
-57
-55
-55
-55
-52
-57
-58
-55
-55
-55
-59
-57
-57
-53
-52
-54
-54
-54
-54
-55
-55
-54
-54
-53
-54
-58
-61
-62
-61
-60
-56
-54
-60
-57
-57
-59
-58
-59
-59
-56
-56
-59
-56
-60
-58
-58
-53
-54
-59
-57
-57
-58
-53
-58
-58
-58
-56
-56
-53
-58
-58
-58
-56
-56
-53
-59
-57
-57
-56
-55
-58
-59
-58
-57
-56
-56
-59
-54
-58
-58
-57
-54
-54
-62
-62
-58
-58
-55
-59
-62
-61
-59
-59
-54
-54
-60
-60
-60
-58
-58
-59
-55
-59
-58
-57
-58
-54
-58
-59
-57
-58
-57
-53
-58
-58
-56
-56
-56
-53
-52
-58
-59
-56
-56
-55
-52
-57
-57
-56
-56
-52
-57
-58
-58
-57
-57
-58
-59
-58
-58
-57
-57
-59
-53
-59
-62
-57
-56
-58
-59
-59
-57
-57
-58
-56
-59
-59
-57
-57
-53
-59
-59
-62
-57
-58
-58
-56
-61
-59
-58
-58
-54
-58
-59
-59
-58
-58
-53
-53
-60
-59
-59
-54
-54
-59
-59
-58
-53
-53
-57
-57
-61
-61
-55
-61
-56
-57
-57
-57
-58
-63
-63
-64
-64
-60
-55
-59
-61
-61
-54
-54
-58
-59
-59
-59
-55
-63
-59
-59
-58
-58
-57
-60
-59
-58
-58
-59
-61
-60
-60
-59
-59
-62
-58
-59
-59
-61
-61
-61
-54
-57
-59
-59
-58
-58
-61
-62
-58
-58
-58
-58
-55
-62
-59
-60
-57
-54
-54
-58
-58
-56
-56
-55
-55
-58
-57
-57
-55
-55
-58
-58
-57
-57
-60
-55
-58
-58
-57
-57
-55
-59
-58
-58
-57
-57
-59
-55
-59
-59
-57
-57
-55
-62
-59
-59
-57
-57
-61
-61
-59
-59
-57
-57
-55
-55
-59
-59
-58
-58
-61
-61
-56
-60
-59
-58
-58
-58
-57
-56
-59
-59
-58
-62
-62
-59
-60
-58
-58
-56
-56
-59
-59
-58
-58
-57
-62
-59
-59
-58
-58
-55
-62
-55
-59
-59
-58
-58
-56
-61
-59
-59
-58
-58
-61
-56
-59
-59
-59
-60
-56
-61
-60
-59
-60
-61
-56
-59
-59
-59
-60
-57
-61
-59
-59
-59
-59
-57
-61
-59
-60
-60
-61
-60
-56
-56
-60
-60
-60
-62
-62
-61
-56
-61
-60
-61
-59
-56
-57
-59
-59
-60
-59
-56
-57
-57
-58
-59
-59
-59
-61
-65
-65
-64
-63
-66
-66
-77
-73
-72
-70
-69
-76
-77
-67
-66
-63
-63
-65
-65
-64
-64
-63
-67
-67
-62
-62
-60
-60
-68
-63
-61
-61
-59
-59
-67
-61
-61
-61
-61
-63
-64
-62
-62
-62
-62
-62
-70
-70
-65
-62
-62
-62
-65
-65
-65
-62
-62
-62
-68
-63
-62
-62
-60
-60
-61
-62
-62
-62
-62
-59
-60
-62
-62
-62
-61
-59
-59
-60
-61
-61
-61
-62
-60
-60
-62
-62
-62
-62
-60
-60
-62
-61
-61
-61
-59
-59
-66
-66
-61
-61
-60
-59
-61
-65
-61
-61
-59
-61
-61
-61
-61
-59
-59
-65
-61
-61
-59
-62
-61
-61
-61
-59
-59
-62
-62
-61
-61
-62
-60
-62
-61
-61
-61
-59
-59
-62
-62
-61
-61
-59
-60
-62
-62
-61
-61
-59
-59
-58
-58
-61
-61
-59
-64
-59
-59
-62
-60
-59
-62
-60
-60
-62
-62
-60
-59
-60
-64
-62
-62
-61
-61
-65
-65
-62
-62
-61
-61
-64
-63
-63
-62
-62
-64
-63
-63
-63
-62
-61
-59
-68
-66
-66
-67
-61
-62
-62
-61
-57
-57
-57
-63
-64
-63
-64
-60
-75
-81
-64
-64
-65
-64
-65
-64
-65
-66
-67
-64
-69
-72
-71
-63
-62
-69
-68
-68
-67
-60
-60
-67
-65
-65
-60
-60
-63
-66
-65
-65
-59
-59
-68
-68
-65
-66
-59
-59
-67
-67
-67
-66
-59
-59
-67
-67
-66
-66
-60
-59
-63
-68
-66
-66
-60
-59
-63
-63
-67
-66
-59
-59
-62
-66
-66
-59
-59
-65
-63
-63
-65
-66
-59
-59
-64
-67
-66
-66
-59
-60
-63
-64
-66
-66
-59
-60
-63
-63
-66
-67
-60
-60
-68
-63
-66
-67
-60
-68
-68
-67
-67
-66
-59
-63
-66
-65
-65
-58
-61
-62
-66
-67
-66
-59
-60
-59
-62
-62
-67
-67
-67
-59
-59
-62
-62
-67
-68
-60
-63
-63
-70
-69
-68
-60
-61
-64
-64
-68
-68
-59
-60
-64
-67
-69
-69
-61
-61
-66
-65
-70
-69
-69
-61
-61
-65
-69
-69
-61
-61
-65
-70
-67
-70
-70
-61
-61
-65
-65
-70
-70
-61
-64
-64
-73
-74
-75
-62
-70
-66
-71
-71
-63
-68
-69
-70
-69
-68
-68
-65
-66
-66
