18119 -48
18141 -50
18223 -57
18296 -49
18318 -49
18393 -49
18419 -47
18496 -57
18519 -56
18602 -48
18626 -48
18708 -47
18730 -49
18803 -56
18824 -56
18915 -48
18939 -47
19019 -50
19113 -56
19140 -56
19212 -43
19237 -49
19302 -50
19323 -49
19402 -58
19426 -59
19504 -44
19527 -49
19609 -50
19632 -50
19707 -61
19737 -56
19798 -48
19821 -48
19898 -50
19921 -50
20019 -62
20101 -49
20127 -48
20201 -49
20221 -49
20298 -53
20323 -53
20400 -50
20426 -47
20514 -49
20536 -48
20611 -53
20708 -48
20728 -48
20798 -48
20826 -48
20900 -54
20922 -54
20995 -48
21016 -48
21039 -49
21095 -49
21118 -48
21195 -56
21296 -50
21324 -49
21397 -48
21418 -51
21514 -56
21538 -58
21608 -49
21635 -49
21706 -48
21726 -48
21806 -57
21835 -54
21905 -49
21933 -50
22001 -48
22027 -50
22095 -54
22116 -58
22194 -44
22222 -50
22306 -50
22326 -48
22399 -57
22422 -53
22519 -44
22602 -50
22625 -48
22694 -58
22723 -58
22801 -50
22832 -48
22911 -50
22938 -49
23017 -58
23093 -50
23119 -47
23196 -48
23220 -49
23298 -55
23320 -55
23397 -48
23419 -48
23442 -47
23493 -50
23520 -48
23593 -52
23619 -52
23713 -48
23735 -48
23809 -48
23838 -48
23894 -51
23921 -56
24007 -49
24037 -49
24116 -48
24140 -48
24195 -52
24219 -52
24311 -49
24339 -49
24397 -48
24420 -48
24497 -51
24524 -52
24596 -48
24619 -48
24695 -51
24719 -50
24806 -57
24833 -54
24908 -48
24936 -48
25017 -48
25098 -52
25122 -52
25195 -47
25223 -48
25305 -48
25413 -58
25433 -52
25504 -48
25526 -48
25599 -49
25624 -48
25704 -52
25727 -54
25809 -48
25833 -48
25903 -48
25927 -48
26007 -57
26103 -49
26126 -48
26205 -51
26230 -49
26304 -59
26333 -55
26399 -50
26420 -48
26500 -49
26522 -48
26612 -56
26633 -53
26698 -49
26723 -49
26814 -49
26838 -51
26896 -59
26916 -58
26940 -57
27011 -46
27040 -50
27120 -48
27141 -49
27200 -54
27220 -58
27292 -50
27319 -49
27340 -50
27393 -48
27416 -48
27495 -52
27520 -58
27541 -55
27611 -48
27641 -48
27710 -50
27733 -48
27812 -57
27839 -58
27906 -48
27931 -48
28000 -48
28026 -49
28110 -52
28139 -58
28204 -48
28228 -50
28302 -48
28328 -48
28403 -52
28424 -59
28493 -49
28514 -49
28599 -49
28622 -48
28695 -52
28721 -56
28794 -49
28824 -50
28900 -48
28930 -48
29010 -52
29040 -52
29107 -50
29127 -50
29202 -47
29225 -51
29299 -53
29327 -54
29416 -52
29518 -52
29593 -61
29618 -61
29639 -56
29714 -52
29736 -54
29794 -52
29824 -53
29899 -61
29926 -56
29995 -52
30023 -52
30104 -53
30127 -53
30202 -56
30228 -57
30297 -53
30319 -53
30340 -54
30400 -55
30421 -55
30498 -65
30595 -55
30616 -55
30697 -55
30806 -57
30829 -57
30893 -55
30917 -54
30940 -54
31013 -55
31039 -55
31112 -57
31138 -57
31200 -54
31227 -54
31310 -55
31334 -55
31408 -57
31430 -57
31502 -54
31528 -54
31602 -54
31631 -55
31707 -57
31728 -57
31795 -54
31824 -54
31901 -55
31926 -55
31999 -57
32028 -57
32105 -50
32134 -54
32211 -55
32238 -55
32311 -57
32334 -57
32412 -54
32438 -54
32495 -55
32521 -55
32610 -57
32634 -57
32702 -55
32725 -54
32809 -55
32831 -55
32908 -57
32930 -59
32998 -54
33026 -54
33100 -55
33129 -55
33208 -57
33228 -57
33309 -54
33335 -54
33408 -55
33493 -57
33518 -57
33541 -57
33592 -54
33613 -54
33635 -52
33708 -55
33732 -54
33812 -57
33834 -57
33902 -54
33930 -54
34016 -54
34041 -56
34115 -57
34209 -55
34232 -54
34304 -55
34333 -54
34394 -57
34422 -57
34493 -54
34522 -54
34601 -58
34625 -54
34702 -57
34727 -57
34807 -54
34832 -54
34898 -55
34919 -54
34994 -57
35014 -57
35041 -57
35112 -54
35134 -54
35210 -55
35232 -54
35305 -57
35329 -57
35397 -57
35493 -54
35522 -54
35596 -57
35625 -57
35698 -54
35727 -54
35800 -54
35830 -55
35911 -57
35937 -57
36011 -56
36040 -55
36120 -55
36200 -57
36223 -57
36292 -54
36321 -56
36397 -54
36423 -54
36519 -57
36541 -57
36620 -54
36701 -55
36722 -55
36792 -59
36814 -57
36894 -54
36922 -54
37002 -55
37023 -54
37100 -57
37121 -57
37198 -55
37227 -54
37302 -55
37332 -55
37415 -57
37436 -57
37514 -54
37538 -54
37615 -54
37642 -55
37694 -57
37715 -57
37818 -54
37905 -54
37935 -55
37993 -57
38022 -59
38115 -54
38140 -54
38200 -55
38229 -54
38310 -57
38333 -57
38407 -54
38433 -54
38507 -55
38538 -55
38607 -57
38630 -62
38697 -55
38725 -54
38805 -55
38832 -55
38916 -57
39009 -56
39033 -54
39115 -55
39136 -55
39205 -58
39228 -63
39304 -55
39333 -55
39411 -57
39438 -57
39513 -68
39536 -68
39612 -56
39636 -56
39696 -58
39721 -58
39794 -58
39822 -58
39897 -58
39917 -58
39940 -58
40015 -57
40041 -57
40095 -61
40115 -64
40140 -61
40211 -57
40236 -57
40307 -57
40331 -57
40399 -63
40428 -68
40493 -56
40513 -56
40539 -56
40611 -56
40637 -56
40712 -62
40739 -62
40810 -57
40833 -57
40908 -56
40929 -56
41009 -62
41039 -62
41109 -57
41130 -57
41208 -56
41233 -56
41311 -64
41332 -62
41399 -57
41423 -57
41495 -56
41524 -56
41602 -63
41627 -62
41705 -57
41726 -57
41802 -56
41824 -56
41906 -64
41930 -62
42006 -57
42035 -57
42105 -56
42132 -56
42209 -62
42231 -62
42302 -57
42326 -57
42405 -56
42430 -56
42506 -66
42530 -62
42603 -57
42624 -58
42708 -56
42733 -56
42801 -62
42828 -62
42900 -58
42929 -57
42999 -56
43025 -56
43115 -62
43139 -62
43194 -57
43214 -57
43236 -57
43311 -56
43338 -56
43396 -62
43422 -62
43510 -57
43539 -57
43593 -56
43614 -56
43634 -56
43713 -62
43738 -62
43808 -57
43829 -57
43907 -56
43927 -56
44000 -62
44022 -62
44102 -57
44124 -57
44200 -56
44229 -56
44308 -62
44336 -66
44412 -57
44440 -57
44495 -56
44516 -56
44537 -56
44610 -62
44638 -62
44714 -57
44818 -56
44841 -56
44893 -62
44916 -62
44942 -64
44996 -57
45016 -57
45097 -56
45201 -65
45227 -64
45303 -57
45327 -57
45401 -56
45428 -56
45513 -62
45537 -62
45615 -57
45636 -57
45708 -56
45730 -56
45803 -64
45829 -63
45904 -57
45925 -57
45996 -56
46018 -56
46041 -56
46092 -62
46122 -63
46219 -57
46297 -56
46325 -56
46407 -63
46429 -64
46507 -56
46531 -56
46607 -56
46637 -56
46710 -63
46733 -63
46805 -56
46832 -56
46941 -56
46998 -63
47021 -68
47093 -56
47121 -56
47210 -56
47239 -56
47295 -66
47316 -67
47341 -63
47417 -56
47497 -56
47517 -56
47600 -63
47629 -63
47700 -56
47729 -56
47809 -56
47832 -56
47911 -68
47931 -67
48008 -56
48035 -56
48102 -56
48128 -56
48208 -68
48230 -68
48305 -56
48329 -56
48404 -56
48432 -56
48501 -68
48525 -67
48600 -56
48622 -56
48697 -56
48720 -56
48800 -62
48828 -66
48901 -56
48928 -56
49011 -56
49036 -56
49092 -65
49120 -66
49199 -58
49220 -58
49297 -58
49318 -58
49416 -61
49441 -62
49513 -58
49539 -58
49593 -62
49623 -62
49703 -60
49729 -60
49795 -60
49819 -60
49899 -62
49924 -62
50005 -64
50030 -65
50108 -61
50129 -61
50207 -59
50235 -59
50307 -67
50329 -67
50403 -62
50422 -62
50498 -60
50520 -59
50596 -67
50621 -63
50702 -61
50724 -61
50798 -59
50825 -59
50896 -62
50924 -62
50994 -61
51022 -61
51106 -59
51129 -59
51207 -62
51227 -62
51302 -61
51328 -61
51399 -59
51428 -59
51504 -67
51528 -63
51606 -61
51633 -61
51715 -59
51740 -59
51815 -62
51894 -61
52001 -59
52031 -59
52099 -62
52124 -62
52216 -61
52300 -59
52321 -59
52417 -62
52510 -61
52531 -61
52603 -59
52631 -60
52705 -62
52731 -62
52805 -61
52827 -61
52902 -59
52924 -62
53001 -62
53027 -62
53100 -61
53130 -61
53207 -59
53227 -59
53310 -62
53339 -62
53404 -61
53431 -61
53507 -59
53537 -59
53616 -62
53713 -60
53793 -59
53823 -59
53899 -62
53924 -62
53994 -60
54015 -60
54039 -60
54114 -59
54136 -59
54207 -62
54232 -62
54303 -60
54331 -60
54409 -59
54428 -59
54506 -62
54534 -62
54601 -60
54630 -60
54696 -59
54717 -59
54737 -59
54806 -62
54832 -62
54903 -60
54925 -60
54998 -59
55021 -59
55094 -62
55122 -62
55213 -60
55311 -60
55333 -60
55402 -62
55424 -62
55517 -60
55620 -59
55702 -62
55728 -62
55801 -60
55829 -60
55906 -59
55926 -59
56002 -67
56030 -62
56104 -60
56127 -60
56198 -59
56221 -59
56314 -62
56339 -62
56411 -60
56435 -60
56511 -59
56536 -59
56609 -61
56629 -62
56708 -60
56733 -60
56807 -59
56830 -59
56906 -61
56927 -61
56999 -60
57024 -60
57098 -60
57119 -59
57199 -61
57228 -62
57305 -60
57330 -60
57408 -59
57431 -59
57500 -62
57527 -61
57599 -60
57625 -60
57701 -60
57731 -59
57798 -62
57822 -62
57894 -60
57919 -60
57939 -60
58005 -58
58034 -59
58108 -62
58130 -62
58200 -60
58223 -59
58296 -58
58317 -58
58339 -58
58419 -62
58501 -60
58531 -59
58604 -58
58627 -58
58698 -62
58723 -62
58798 -61
58822 -61
58899 -60
58920 -59
58999 -63
59027 -67
59101 -62
59126 -62
59199 -63
59229 -59
59299 -64
59324 -63
59399 -59
59427 -60
59494 -58
59520 -58
59541 -58
59609 -70
59638 -70
59714 -61
59734 -61
59805 -61
59828 -61
59901 -65
59922 -65
60006 -63
60031 -63
60107 -61
60137 -61
60208 -66
60231 -72
60301 -65
60327 -65
60405 -61
60426 -61
60500 -69
60525 -66
60593 -63
60620 -63
60695 -61
60717 -61
60742 -61
60793 -66
60816 -66
60839 -66
60910 -64
60932 -64
61016 -61
61041 -62
61112 -66
61137 -67
61208 -66
61302 -62
61328 -62
61412 -66
61440 -66
61514 -66
61535 -66
61607 -62
61629 -62
61704 -66
61726 -70
61797 -66
61827 -66
61911 -63
61936 -62
62013 -66
62040 -66
62099 -65
62124 -66
62201 -63
62221 -63
62301 -66
62322 -70
62414 -65
62439 -65
62494 -63
62516 -63
62539 -63
62595 -66
62620 -70
62699 -65
62729 -65
62802 -63
62824 -62
62916 -66
62998 -65
63018 -65
63100 -62
63129 -62
63207 -65
63230 -70
63300 -65
63324 -65
63406 -62
63431 -62
63516 -70
63541 -65
63607 -65
63630 -65
63708 -62
63733 -62
63802 -70
63827 -65
63907 -65
63929 -65
64009 -62
64032 -62
64106 -70
64131 -70
64201 -66
64223 -66
64302 -62
64323 -62
64398 -65
64422 -65
64498 -65
64522 -65
64594 -64
64620 -62
64700 -70
64723 -65
64792 -65
64813 -65
64834 -66
64903 -62
65000 -70
65023 -70
65099 -65
65123 -65
65200 -63
65227 -63
65303 -65
65331 -70
65415 -65
65438 -65
65512 -65
65533 -63
65614 -70
65638 -70
65708 -65
65737 -65
65795 -62
65820 -62
65907 -70
65935 -70
66002 -65
66027 -65
66098 -62
66119 -62
66201 -70
66222 -70
66296 -66
66323 -65
66410 -62
66430 -62
66500 -66
66526 -65
66605 -66
66625 -66
66719 -62
66741 -62
66815 -66
66835 -66
66913 -66
66942 -67
67012 -62
67034 -61
67104 -70
67134 -66
67211 -66
67235 -66
67314 -61
67340 -61
67412 -70
67439 -66
67510 -66
67539 -66
67617 -61
67642 -61
67714 -70
67793 -66
67815 -66
67908 -61
67932 -62
68014 -66
68037 -70
68114 -65
68139 -65
68208 -61
68232 -61
68307 -66
68332 -66
68416 -65
68439 -64
68515 -63
68594 -68
68623 -68
68709 -61
68735 -60
68813 -61
68837 -60
68910 -63
68930 -58
69007 -59
69030 -60
69105 -59
69127 -59
69224 -61
69300 -63
69324 -64
69419 -63
69500 -63
69524 -68
69604 -62
69625 -62
69695 -63
69797 -62
69825 -66
69900 -64
69921 -64
69996 -62
70016 -61
70113 -65
70207 -64
70236 -64
70310 -64
70332 -62
70406 -74
70433 -75
70505 -64
70529 -64
70609 -65
70638 -65
70707 -83
70727 -83
70795 -64
70817 -64
70839 -64
70892 -65
70916 -65
71117 -64
71212 -65
71308 -79
71333 -78
71410 -65
71434 -65
71533 -64
71612 -74
71636 -74
71707 -64
71733 -64
71802 -65
71830 -64
71900 -72
71926 -72
72002 -64
72024 -64
72104 -64
72198 -71
72220 -71
72297 -64
72318 -64
72340 -64
72416 -65
72495 -70
72516 -70
72540 -70
72593 -64
72621 -64
72642 -64
72695 -65
72719 -65
72792 -69
72820 -69
72916 -64
72996 -65
73021 -65
73097 -69
73120 -69
73212 -64
73235 -64
73303 -65
73329 -65
73403 -69
73507 -64
73533 -64
73609 -65
73634 -65
73705 -69
73726 -69
73795 -64
73821 -64
73898 -65
73920 -65
74032 -69
74100 -63
74121 -64
74195 -65
74215 -65
74241 -65
74295 -69
74321 -69
74395 -63
74420 -64
74510 -65
74539 -65
74611 -69
74638 -69
74708 -63
74731 -64
74805 -65
74827 -65
74893 -69
74919 -69
75016 -64
75041 -64
75114 -65
75137 -65
75211 -72
75238 -69
75318 -64
75397 -65
75417 -66
75440 -65
75506 -69
75534 -72
75623 -64
75716 -65
75741 -65
75819 -69
75893 -64
75923 -64
76023 -65
76123 -69
76194 -64
76222 -64
76313 -65
76340 -65
76395 -69
76422 -69
76505 -63
76530 -64
76605 -65
76629 -65
76704 -69
76725 -69
76795 -64
76819 -64
76898 -65
76921 -65
77000 -69
77025 -69
77097 -64
77118 -64
77219 -65
77303 -69
77324 -69
77398 -64
77423 -64
77517 -65
77595 -69
77618 -69
77716 -64
77740 -64
77815 -66
77838 -65
77893 -69
77916 -69
78012 -64
78033 -64
78111 -66
78134 -66
78206 -70
78229 -69
78301 -64
78325 -64
78400 -66
78428 -66
78506 -69
78532 -70
78698 -65
78719 -65
78804 -64
78826 -64
78899 -62
78922 -62
79018 -63
79112 -70
79135 -65
79216 -65
79240 -66
79320 -64
79393 -62
79415 -63
79442 -68
79494 -64
79523 -63
79599 -64
79623 -65
79699 -65
79722 -66
79796 -72
79818 -71
79896 -66
79917 -66
79995 -69
80022 -69
80093 -63
80118 -63
80206 -65
80235 -64
80306 -70
80330 -71
80411 -64
80436 -65
80506 -64
80535 -64
80606 -69
80633 -69
80700 -65
80725 -65
80797 -64
80826 -64
80900 -68
80924 -68
81024 -65
81097 -64
81118 -64
81196 -68
81223 -69
81296 -64
81318 -64
81339 -64
81395 -63
81415 -64
81493 -68
81520 -68
81592 -64
81616 -64
81715 -63
81738 -63
81809 -69
81834 -69
81909 -64
81936 -64
82000 -63
82022 -63
82097 -69
82125 -69
82197 -64
82218 -64
82302 -63
82329 -63
82399 -69
82422 -69
82500 -63
82527 -64
82609 -63
82634 -63
82708 -68
82734 -69
82821 -63
82900 -63
82927 -63
82997 -68
83017 -68
83040 -68
83105 -64
83133 -63
83210 -62
83233 -65
83308 -68
83334 -68
83416 -63
83441 -63
83519 -63
83605 -72
83629 -68
83700 -63
83728 -63
83809 -62
83831 -62
83900 -68
83921 -68
84014 -63
84040 -63
84114 -62
84208 -68
84229 -68
84308 -64
84335 -63
84408 -63
84434 -62
84507 -69
84528 -69
84605 -64
84625 -64
84705 -62
84733 -63
84804 -69
84827 -69
84901 -63
84922 -64
85000 -63
85028 -63
85095 -69
85123 -69
85197 -64
85225 -64
85313 -63
85340 -62
85415 -69
85514 -64
85536 -64
85618 -63
85718 -69
85799 -63
85820 -63
85898 -62
85926 -63
85998 -69
86026 -69
86102 -64
86125 -64
86208 -63
86236 -63
86306 -69
86328 -69
86406 -64
86435 -64
86509 -63
86532 -63
86604 -69
86628 -69
86702 -63
86731 -64
86802 -63
86828 -63
86910 -69
86931 -69
87003 -64
87030 -64
87103 -63
87126 -63
87200 -69
87221 -68
87301 -64
87331 -63
87395 -63
87423 -62
87494 -69
87517 -70
87613 -64
87639 -63
87721 -62
87793 -69
87823 -69
87903 -63
87929 -63
88003 -62
88024 -62
88098 -69
88120 -69
88141 -69
88218 -64
88295 -63
88319 -63
88341 -63
88394 -69
88424 -69
88500 -64
88529 -64
88600 -63
88628 -63
88708 -69
88731 -69
88810 -64
88835 -64
88907 -63
88937 -63
89006 -68
89032 -70
89099 -63
89125 -62
89208 -64
89235 -63
89393 -64
89523 -64
89597 -71
89620 -71
89694 -64
89717 -63
89804 -62
89829 -61
89928 -67
