785699 -49
785775 -47
785797 -48
785893 -50
785919 -52
785985 -48
786010 -51
786083 -45
786110 -45
786184 -48
786206 -48
786279 -46
786302 -46
786323 -47
786375 -44
786405 -44
786488 -47
786514 -47
786583 -45
786610 -44
786698 -42
786721 -42
786777 -51
786805 -55
786882 -45
786912 -45
786981 -42
787003 -42
787080 -46
787102 -48
787173 -44
787196 -44
787219 -44
787289 -41
787378 -45
787399 -46
787419 -45
787575 -40
787598 -40
787675 -45
787702 -44
787721 -47
787779 -42
787805 -45
787886 -45
787913 -44
787994 -46
788019 -46
788075 -51
788096 -52
788174 -46
788201 -46
788274 -47
788296 -48
788415 -49
788487 -45
788512 -45
788585 -47
788616 -48
788693 -48
788715 -50
788797 -45
788818 -45
788895 -48
788920 -48
788990 -49
789012 -50
789092 -46
789117 -46
789217 -48
789292 -48
789317 -47
789392 -45
789413 -45
789485 -54
789508 -47
789575 -46
789602 -47
789678 -45
789702 -45
789785 -48
789807 -49
789882 -50
789909 -49
789994 -47
790020 -46
790096 -48
790123 -48
790197 -49
790218 -49
790299 -47
790323 -45
790374 -48
790396 -48
790495 -48
790515 -50
790583 -48
790613 -45
790694 -48
790719 -48
790801 -50
790885 -46
790911 -45
790978 -48
791001 -48
791090 -47
791118 -50
791187 -48
791208 -47
791286 -49
791308 -49
791383 -50
791412 -48
791485 -47
791507 -45
791582 -48
791603 -48
791688 -47
791709 -47
791780 -45
791805 -45
791876 -47
791900 -50
791923 -48
791989 -48
792015 -46
792089 -45
792113 -45
792200 -47
792274 -47
792300 -47
792375 -45
792401 -45
792500 -50
792579 -47
792604 -47
792699 -45
792784 -47
792810 -48
792877 -47
792898 -48
793000 -45
793077 -48
793100 -48
793198 -47
793279 -44
793300 -45
793377 -48
793490 -47
793516 -46
793592 -45
793622 -45
793686 -48
793712 -48
793787 -47
793806 -47
793887 -45
793916 -45
793986 -50
794007 -47
794083 -47
794103 -47
794173 -45
794203 -45
794280 -48
794305 -48
794375 -46
794401 -48
794482 -45
794502 -45
794581 -48
794603 -48
794694 -47
794717 -46
794790 -45
794819 -45
794877 -48
794906 -48
794982 -46
795002 -41
795081 -45
795102 -45
795184 -48
795214 -48
795298 -46
795399 -45
795475 -48
795498 -49
795593 -47
795621 -47
795692 -45
795715 -45
795793 -48
795822 -48
795874 -47
795902 -47
795978 -45
796000 -45
796080 -48
796103 -48
796178 -47
796205 -47
796275 -45
796295 -45
796321 -46
796375 -48
796396 -49
796420 -48
796489 -46
796511 -47
796583 -45
796605 -45
796690 -49
796718 -52
796798 -47
796822 -48
796901 -47
796979 -48
797000 -48
797022 -48
797090 -46
797117 -46
797197 -46
797219 -46
797299 -48
797400 -47
797475 -47
797501 -47
797590 -51
797701 -48
797797 -48
797822 -48
797896 -51
797917 -51
797978 -48
798007 -48
798078 -48
798106 -48
798178 -51
798208 -51
798285 -47
798307 -48
798383 -47
798410 -47
798499 -50
798595 -47
798621 -47
798677 -47
798701 -47
798774 -50
798795 -50
798821 -52
798883 -47
798912 -47
798985 -47
799007 -47
799083 -50
799107 -56
799185 -48
799208 -47
799285 -47
799308 -47
799384 -50
799412 -53
799480 -48
799505 -50
799575 -47
799623 -47
799691 -53
799711 -53
799789 -48
799812 -48
799886 -47
799909 -47
799984 -53
800009 -51
800083 -47
800108 -47
800190 -47
800212 -47
800290 -51
800310 -50
800375 -47
800404 -47
800496 -47
800516 -47
800587 -50
800611 -50
800682 -47
800710 -47
800776 -47
800804 -47
800885 -56
800906 -50
800989 -47
801013 -47
801090 -47
801115 -47
801188 -51
801215 -53
801289 -47
801315 -47
801389 -47
801416 -47
801490 -52
801516 -52
801584 -47
801613 -47
801687 -47
801717 -47
801794 -51
801814 -50
801888 -47
801916 -47
802016 -47
802085 -51
802113 -50
802185 -47
802206 -47
802280 -47
802309 -47
802386 -52
802416 -51
802487 -47
802517 -47
802575 -47
802596 -47
802620 -47
802693 -53
802721 -51
802793 -47
802815 -47
802886 -47
802914 -47
802990 -50
803012 -51
803082 -47
803103 -47
803192 -47
803219 -47
803297 -51
803380 -47
803404 -47
803575 -50
803602 -51
803700 -47
803722 -47
803775 -47
803805 -47
803880 -51
803908 -54
803978 -47
804000 -47
804076 -47
804104 -47
804183 -51
804205 -51
804279 -47
804302 -47
804378 -47
804402 -47
804481 -51
804509 -51
804587 -47
804617 -47
804696 -47
804716 -47
804784 -51
804807 -51
804887 -47
804913 -47
804992 -47
805014 -47
805095 -52
805116 -50
805191 -47
805218 -47
805291 -47
805316 -47
805390 -52
805418 -53
805483 -47
805509 -47
805591 -47
805619 -47
805699 -52
805720 -50
805791 -47
805821 -47
805892 -47
805921 -47
806000 -50
806093 -47
806191 -47
806218 -48
806275 -51
806298 -51
806319 -51
806401 -49
806482 -50
806510 -50
806588 -56
806612 -53
806695 -49
806720 -49
806794 -50
806817 -50
806875 -51
806895 -52
806921 -51
806989 -50
807015 -50
807087 -49
807118 -51
807175 -51
807201 -50
807292 -50
807322 -53
807392 -54
807416 -51
807493 -51
807513 -51
807583 -51
807612 -51
807686 -51
807711 -51
807776 -51
807797 -51
807821 -52
807893 -50
807914 -51
807981 -51
808007 -51
808083 -53
808109 -53
808190 -51
808212 -51
808294 -51
808321 -51
808376 -53
808401 -58
808477 -51
808498 -51
808577 -51
808604 -51
808678 -58
808700 -53
808722 -58
808792 -51
808818 -50
808895 -50
808919 -50
808994 -54
809096 -51
809118 -51
809188 -50
809210 -50
809286 -53
809313 -55
809388 -51
809416 -51
809493 -50
809518 -50
809584 -53
809610 -58
809678 -51
809707 -51
809784 -50
809809 -50
809892 -53
809916 -53
809987 -51
810015 -51
810083 -50
810106 -50
810184 -53
810208 -53
810288 -51
810310 -51
810390 -50
810410 -50
810505 -53
810574 -50
810598 -51
810697 -50
810778 -53
810807 -53
810878 -50
810898 -51
810922 -51
810979 -50
811000 -50
811078 -53
811098 -54
811180 -50
811208 -51
811286 -50
811313 -50
811396 -53
811421 -54
811492 -51
811519 -51
811597 -50
811619 -50
811691 -53
811716 -54
811788 -51
811817 -51
811897 -50
811919 -50
811987 -58
812015 -53
812085 -51
812113 -51
812192 -50
812220 -50
812297 -57
812322 -57
812391 -51
812419 -51
812494 -50
812514 -50
812599 -59
812622 -57
812688 -52
812715 -50
812785 -50
812814 -50
812893 -58
812918 -54
812992 -50
813014 -51
813092 -50
813118 -50
813198 -58
813220 -58
813274 -51
813302 -51
813377 -50
813406 -51
813496 -54
813518 -54
813581 -53
813601 -52
813678 -51
813703 -51
813774 -55
813793 -54
813820 -53
813891 -52
813915 -52
813988 -50
814013 -50
814091 -59
814121 -56
814188 -51
814210 -53
814282 -50
814309 -51
814382 -57
814408 -52
814496 -53
814593 -50
814622 -50
814694 -59
814716 -55
814797 -51
814823 -52
814891 -50
814917 -50
814973 -52
814996 -59
815020 -52
815094 -51
815121 -51
815192 -50
815220 -50
815283 -56
815303 -57
815397 -51
815490 -51
815514 -50
815583 -58
815610 -52
815679 -51
815707 -51
815786 -50
815809 -50
815890 -59
815918 -54
815989 -52
816009 -51
816088 -51
816114 -51
816184 -54
816211 -54
816275 -52
816304 -52
816380 -51
816408 -52
816488 -62
816516 -61
816594 -54
816619 -54
816686 -53
816710 -51
816792 -54
816820 -54
816897 -56
816978 -53
817002 -54
817074 -52
817102 -55
817181 -57
817202 -57
817297 -55
817320 -55
817378 -55
817403 -62
817475 -58
817504 -58
817586 -55
817616 -55
817687 -64
817711 -64
817790 -56
817813 -56
817889 -56
817911 -56
817984 -59
818010 -59
818083 -54
818103 -54
818181 -55
818203 -54
818274 -57
818296 -57
818392 -56
818417 -54
818490 -55
818513 -54
818589 -57
818615 -57
818690 -54
818719 -54
818794 -54
818894 -56
818989 -54
819009 -54
819086 -54
819116 -54
819191 -56
819220 -56
819290 -56
819319 -54
819399 -54
819488 -56
819514 -56
819594 -54
819694 -53
819719 -53
819791 -56
819816 -56
819895 -54
819974 -53
819998 -53
820079 -56
820103 -56
820202 -53
820278 -53
820300 -53
820321 -53
820389 -56
820416 -56
820486 -53
820587 -53
820610 -53
820696 -56
820720 -56
820793 -54
820819 -54
820896 -53
820981 -56
821006 -56
821081 -54
821107 -54
821186 -53
821213 -53
821289 -56
821317 -56
821385 -54
821407 -54
821478 -53
821500 -53
821601 -56
821622 -56
821698 -54
821719 -54
821776 -53
821799 -54
821822 -54
821889 -56
821918 -61
821990 -54
822016 -54
822093 -54
822123 -53
822173 -56
822194 -56
822215 -56
822292 -54
822319 -54
822374 -53
822397 -53
822493 -56
822517 -56
822595 -54
822673 -53
822695 -53
822715 -54
822792 -56
822817 -56
822887 -54
822914 -54
822983 -56
823003 -54
823097 -56
823189 -54
823214 -54
823285 -54
823305 -54
823380 -62
823402 -62
823500 -54
823583 -54
823607 -54
823685 -55
823709 -56
823785 -54
823806 -54
823879 -54
823907 -54
823987 -55
824014 -55
824083 -54
824108 -54
824186 -53
824208 -54
824290 -55
824313 -55
824376 -54
824399 -54
824476 -53
824498 -53
824577 -55
824602 -55
824697 -54
824723 -54
824777 -53
824806 -53
824880 -55
824909 -59
824994 -54
825016 -54
825091 -54
825114 -54
825191 -55
825219 -55
825289 -54
825310 -54
825382 -54
825406 -56
825490 -59
825515 -55
825583 -55
825608 -55
825687 -54
825709 -54
825789 -55
825815 -59
825886 -54
825907 -54
825987 -54
826016 -53
826094 -62
826116 -55
826198 -54
826274 -54
826294 -54
826317 -53
826395 -56
826495 -54
826582 -52
826609 -52
826674 -56
826703 -56
826779 -54
826805 -55
826878 -51
826900 -52
826983 -59
827077 -56
827105 -55
827177 -54
827199 -54
827279 -54
827303 -54
827375 -56
827395 -56
827417 -56
827492 -57
827513 -57
827586 -57
827607 -58
827683 -57
827711 -57
827785 -58
827812 -58
827891 -59
827919 -59
828002 -58
828080 -56
828107 -56
828191 -66
828217 -61
828290 -60
828312 -60
828396 -56
828420 -56
828495 -65
828517 -66
828588 -61
828614 -61
828691 -56
828716 -56
828791 -64
828813 -67
828880 -61
828907 -61
829018 -56
829075 -64
829098 -66
829123 -64
829190 -61
829214 -61
829291 -56
829316 -56
829395 -61
829416 -61
829478 -61
829505 -61
829582 -56
829606 -56
829688 -62
829715 -60
829795 -59
829890 -55
829919 -55
829976 -59
830000 -59
830075 -59
830102 -59
830180 -55
830205 -55
830282 -59
830311 -59
830387 -59
830413 -59
830493 -55
830517 -55
830693 -60
830713 -59
830789 -56
830812 -56
830881 -62
830904 -59
830980 -60
831009 -60
831077 -56
831102 -56
831174 -62
831199 -59
831297 -60
831321 -60
831375 -56
831395 -56
831417 -56
831496 -60
831517 -60
831589 -61
831619 -61
831674 -56
831697 -56
831774 -64
831797 -60
831819 -63
831894 -61
831922 -61
831977 -56
832006 -56
832081 -64
832104 -60
832195 -59
832219 -60
832291 -56
832318 -56
832375 -59
832398 -59
832478 -60
832502 -59
832583 -56
832610 -56
832680 -62
832709 -60
832783 -60
832807 -60
832890 -56
832915 -56
832997 -60
833021 -61
833090 -60
833118 -60
833188 -56
833208 -56
833294 -61
833320 -61
833395 -61
833417 -61
833485 -56
833506 -56
833581 -60
833608 -61
833680 -61
833703 -61
833780 -56
833805 -56
833875 -67
833900 -63
833920 -60
833973 -61
833995 -61
834015 -60
834095 -56
834116 -56
834192 -63
834217 -62
834296 -60
834377 -56
834407 -56
834480 -60
834510 -60
834587 -59
834611 -59
834696 -56
834720 -56
834775 -60
834796 -63
834877 -59
834904 -59
834974 -56
835000 -56
835020 -56
835091 -60
835121 -65
835197 -59
835217 -59
835295 -56
835379 -61
835404 -61
835475 -60
835496 -60
835516 -60
835585 -56
835615 -56
835686 -59
835711 -58
835780 -57
835800 -56
835881 -58
835911 -58
835983 -53
836010 -58
836083 -55
836105 -55
836179 -55
836204 -55
836279 -58
836298 -54
836378 -64
836406 -60
836475 -57
836504 -57
836582 -62
836606 -61
836677 -58
836699 -58
836798 -56
836819 -56
836874 -62
836895 -64
836916 -63
836985 -60
837008 -59
837082 -59
837112 -59
837188 -74
837214 -72
837285 -64
837308 -63
837383 -62
837414 -62
837479 -84
837509 -86
837589 -64
837616 -64
837700 -63
837800 -80
837900 -64
837921 -64
837976 -62
838003 -62
838079 -75
838104 -75
838180 -64
838207 -64
838280 -62
838303 -62
838382 -73
838407 -73
838485 -63
838508 -64
838583 -62
838605 -62
838677 -77
838704 -77
838778 -65
838802 -65
838881 -61
838907 -61
838991 -77
839014 -77
839083 -67
839106 -67
839187 -61
839211 -61
839292 -79
839315 -78
839384 -68
839415 -67
839494 -61
839521 -61
839594 -76
839674 -66
839701 -66
839800 -61
839821 -61
839876 -74
839906 -74
839979 -65
840001 -65
840083 -61
840103 -61
840181 -74
840208 -74
840281 -65
840306 -65
840375 -61
840400 -61
840481 -73
840505 -73
840606 -64
840776 -71
840797 -71
840823 -71
840894 -62
840922 -62
840974 -63
840998 -62
841019 -62
841093 -71
841120 -71
841185 -62
841208 -62
841287 -63
841307 -62
841384 -71
841406 -71
841480 -62
841506 -62
841591 -62
841612 -62
841684 -72
841708 -72
841776 -63
841799 -63
841891 -62
841917 -62
841992 -72
842018 -72
842087 -63
842195 -61
842217 -61
842288 -72
842316 -72
842394 -64
842499 -61
842598 -71
842673 -63
842697 -63
842717 -63
842788 -61
842809 -61
842880 -71
842903 -71
842979 -62
843001 -62
843022 -62
843075 -62
843103 -61
843185 -71
843211 -71
843289 -62
843311 -62
843387 -62
843413 -62
843493 -71
843515 -71
843578 -62
843598 -62
843619 -62
843688 -62
843711 -62
843787 -71
843813 -71
843883 -62
843909 -62
843986 -63
844007 -63
844083 -74
844113 -74
844185 -63
844211 -63
844294 -63
844316 -62
844396 -72
844497 -62
844518 -62
844589 -62
844612 -62
844687 -71
844710 -71
844783 -62
844807 -62
844884 -61
844907 -63
844979 -70
845004 -70
845098 -62
845181 -61
845209 -61
845291 -70
845312 -71
845393 -62
845420 -62
845491 -62
845518 -62
845587 -71
845610 -72
845686 -61
845712 -62
845788 -63
845809 -63
845878 -70
845902 -69
845975 -58
845997 -58
846023 -58
846087 -61
846112 -60
846192 -66
846216 -66
846311 -58
846386 -56
846415 -56
846489 -62
846518 -62
846581 -61
846601 -60
846675 -57
846696 -57
846716 -57
846791 -59
846815 -59
846886 -56
846915 -56
846994 -58
847022 -61
847076 -57
847097 -58
847121 -58
847216 -59
847292 -58
847320 -58
847399 -66
847421 -61
847488 -59
847510 -59
847581 -57
847606 -57
847697 -68
847719 -72
847790 -61
847819 -59
847896 -57
847973 -66
848000 -66
848079 -61
848105 -61
848178 -62
848202 -60
848223 -59
848296 -67
848382 -62
848404 -62
848475 -62
848501 -61
848522 -61
848589 -69
848611 -69
848685 -62
848709 -62
848786 -64
848813 -61
848898 -68
848920 -72
848988 -62
849011 -62
849096 -61
849121 -61
849196 -67
849216 -67
849288 -61
849310 -61
849381 -60
849407 -60
849501 -66
849522 -66
849590 -61
849613 -61
849683 -59
849707 -60
849781 -65
849801 -65
849875 -61
849902 -61
849979 -58
850000 -58
850099 -65
850123 -70
850176 -61
850204 -61
850275 -58
850303 -58
850375 -70
850399 -70
850420 -65
850491 -61
850516 -61
850590 -58
850616 -58
850675 -65
850703 -65
850778 -61
850799 -61
850879 -58
850901 -58
850921 -58
850975 -65
851004 -70
851076 -61
851096 -61
851122 -61
851176 -59
851198 -58
851277 -65
851302 -64
851394 -61
851420 -61
851495 -58
851517 -59
851591 -65
851615 -65
851684 -61
851710 -61
851792 -60
851820 -63
851875 -65
851903 -65
851979 -61
852000 -61
852077 -60
852102 -59
852198 -70
852297 -61
852320 -61
852377 -59
852403 -59
852485 -66
852508 -66
852591 -61
852614 -61
852690 -59
852716 -59
852780 -66
852800 -66
852874 -61
852904 -62
852980 -60
853005 -60
853089 -71
853110 -67
853182 -62
853204 -62
853282 -61
853310 -61
853382 -67
853412 -67
853483 -62
853509 -62
853584 -60
853610 -61
853692 -67
853714 -71
853786 -61
853815 -61
853898 -60
853974 -70
853999 -67
854022 -69
854096 -61
854174 -60
854202 -60
854222 -60
854294 -67
854318 -71
854387 -61
854412 -61
854481 -60
854501 -60
854583 -68
854613 -68
854685 -61
854708 -61
854784 -61
854812 -61
854880 -68
854983 -61
855008 -61
855088 -61
855116 -61
855186 -70
855208 -69
855287 -61
855309 -61
855385 -61
855412 -61
855478 -70
855501 -70
855579 -61
855604 -61
855685 -61
855708 -61
855788 -68
855810 -69
855892 -61
855916 -61
855985 -61
856005 -61
856087 -68
856110 -68
856191 -61
856211 -61
856313 -61
856394 -72
856419 -72
856487 -61
856511 -61
856586 -61
856610 -61
856689 -66
856716 -71
856780 -62
856807 -62
856879 -61
856907 -61
856985 -69
857012 -68
857083 -62
857113 -63
857188 -62
857216 -61
857289 -75
857315 -76
857383 -64
857404 -64
857486 -58
857589 -71
857611 -83
857680 -68
857706 -66
857778 -64
857805 -67
857878 -69
857904 -69
857989 -70
858015 -72
858081 -60
858104 -61
858178 -65
858206 -65
858281 -69
858309 -72
858386 -65
858414 -64
858493 -76
858518 -80
858591 -67
858617 -66
858689 -72
858718 -73
