312301 -60
312387 -59
312416 -60
312491 -61
312518 -65
312581 -62
312600 -62
312621 -62
312677 -61
312699 -61
312778 -61
312802 -66
312885 -61
312907 -61
312984 -61
313008 -61
313086 -61
313114 -62
313195 -63
313277 -63
313302 -62
313374 -68
313402 -63
313476 -63
313499 -63
313521 -62
313585 -62
313612 -62
313678 -64
313699 -62
313779 -62
313804 -62
313903 -61
313975 -68
314004 -68
314083 -64
314114 -64
314192 -63
314214 -65
314287 -62
314311 -61
314475 -64
314497 -64
314518 -64
314590 -65
314610 -61
314687 -68
314715 -66
314799 -61
314875 -58
314901 -58
314922 -63
314993 -61
315016 -61
315093 -59
315123 -59
315173 -64
315203 -64
315276 -62
315300 -62
315394 -60
315422 -60
315480 -59
315502 -59
315574 -63
315596 -63
315619 -62
315674 -60
315698 -61
315722 -61
315779 -59
315805 -64
315875 -63
315898 -62
315976 -59
316077 -64
316098 -64
316196 -63
316219 -63
316292 -62
316321 -62
316375 -59
316396 -59
316417 -59
316490 -63
316510 -62
316582 -61
316609 -61
316678 -58
316708 -58
316780 -62
316801 -62
316822 -62
316892 -60
316913 -60
316997 -58
317022 -58
317074 -61
317100 -61
317184 -59
317208 -59
317284 -59
317306 -60
317389 -65
317415 -65
317496 -61
317520 -61
317591 -59
317612 -63
317683 -61
317707 -61
317788 -58
317813 -58
317893 -59
317922 -59
317998 -60
318023 -60
318098 -59
318120 -59
318192 -62
318220 -61
318292 -61
318316 -61
318383 -60
318404 -59
318478 -61
318500 -66
318521 -65
318586 -61
318616 -61
318688 -60
318709 -60
318790 -66
318813 -61
318878 -61
318899 -61
318978 -59
319003 -59
319076 -61
319101 -66
319194 -61
319219 -61
319291 -60
319312 -60
319383 -65
319404 -61
319478 -61
319503 -61
319588 -60
319609 -60
319676 -65
319702 -65
319778 -61
319802 -61
319894 -60
319921 -60
319998 -61
320019 -61
320116 -61
320190 -60
320210 -60
320290 -61
320318 -65
320392 -61
320413 -61
320484 -60
320505 -60
320589 -61
320619 -65
320692 -60
320721 -60
320778 -60
320803 -60
320882 -61
320906 -65
320974 -60
321003 -60
321075 -60
321104 -60
321195 -65
321274 -60
321295 -60
321397 -59
321478 -61
321501 -64
321575 -60
321598 -60
321676 -59
321702 -59
321781 -66
321803 -61
321881 -60
321906 -60
321982 -60
322011 -59
322089 -65
322114 -61
322190 -60
322217 -60
322295 -59
322315 -60
322393 -65
322413 -65
322482 -59
322504 -60
322584 -60
322609 -60
322686 -61
322715 -61
322783 -59
322808 -59
322878 -60
322902 -60
322979 -65
323000 -61
323022 -65
323086 -61
323108 -61
323177 -61
323203 -61
323223 -61
323299 -62
323388 -61
323411 -61
323482 -61
323506 -61
323588 -62
323618 -61
323687 -63
323713 -63
323785 -61
323807 -61
323889 -62
323917 -62
323996 -64
324083 -61
324109 -61
324183 -63
324204 -63
324278 -62
324301 -62
324399 -61
324480 -68
324508 -63
324582 -62
324604 -62
324681 -61
324707 -61
324775 -66
324802 -68
324875 -61
324898 -61
324920 -61
324992 -61
325019 -61
325095 -63
325119 -62
325193 -61
325213 -61
325291 -61
325320 -61
325389 -62
325411 -62
325489 -61
325517 -61
325596 -61
325674 -64
325699 -62
325721 -64
325792 -61
325822 -61
325898 -61
325973 -62
326001 -62
326079 -61
326109 -61
326192 -61
326219 -61
326285 -62
326309 -62
326386 -61
326407 -61
326490 -61
326511 -61
326586 -62
326614 -62
326681 -61
326703 -61
326777 -60
326806 -61
326876 -62
326906 -62
326984 -61
327008 -61
327090 -60
327113 -60
327201 -62
327298 -61
327322 -61
327379 -60
327400 -60
327422 -60
327502 -62
327579 -61
327600 -61
327679 -60
327708 -60
327778 -62
327800 -62
327897 -61
327918 -61
327994 -60
328018 -60
328074 -66
328094 -62
328122 -64
328186 -61
328215 -61
328292 -60
328315 -60
328388 -62
328412 -64
328487 -61
328516 -61
328589 -60
328617 -60
328686 -69
328712 -62
328787 -61
328809 -61
328882 -60
328904 -60
329013 -63
329083 -61
329110 -61
329186 -60
329215 -60
329296 -64
329319 -62
329393 -61
329420 -61
329488 -60
329514 -60
329592 -62
329618 -62
329692 -61
329715 -61
329797 -60
329876 -62
329905 -62
329974 -61
330000 -61
330083 -60
330114 -60
330180 -62
330201 -62
330274 -61
330299 -61
330398 -60
330421 -60
330495 -62
330522 -62
330575 -61
330603 -61
330683 -60
330706 -60
330786 -62
330812 -62
330876 -61
330903 -61
330980 -60
331004 -60
331075 -62
331098 -62
331120 -62
331193 -61
331221 -61
331276 -60
331304 -60
331383 -62
331410 -62
331499 -61
331521 -61
331590 -60
331613 -60
331691 -62
331715 -62
331786 -61
331811 -61
331917 -60
331990 -62
332017 -62
332100 -61
332196 -60
332216 -60
332292 -65
332321 -62
332394 -61
332418 -61
332497 -61
332517 -61
332588 -64
332609 -63
332684 -62
332708 -62
332788 -61
332817 -61
332899 -61
332923 -62
332976 -65
333000 -65
333020 -65
333093 -64
333120 -64
333193 -65
333221 -67
333278 -66
333302 -65
333381 -64
333408 -64
333484 -65
333511 -70
333583 -64
333611 -63
333687 -64
333708 -64
333776 -65
333796 -68
333817 -65
333887 -63
333910 -63
333979 -63
334004 -63
334084 -64
334112 -64
334185 -64
334208 -64
334284 -63
334308 -63
334398 -64
334419 -68
334497 -64
334519 -64
334600 -63
334695 -64
334720 -64
334791 -64
334811 -64
334893 -63
334917 -63
334986 -64
335010 -64
335084 -64
335112 -64
335186 -63
335215 -63
335293 -64
335322 -64
335400 -64
335474 -63
335500 -63
335592 -64
335618 -64
335691 -64
335719 -64
335797 -63
335881 -64
335903 -64
335984 -64
336009 -64
336082 -63
336106 -63
336176 -64
336201 -64
336222 -64
336290 -64
336313 -64
336381 -64
336411 -64
336495 -64
336520 -64
336577 -64
336605 -64
336694 -63
336716 -63
336776 -64
336805 -64
336876 -64
336900 -64
336921 -64
336995 -63
337022 -63
337074 -64
337100 -64
337124 -64
337192 -64
337221 -64
337276 -63
337301 -63
337322 -63
337399 -64
337421 -64
337477 -64
337500 -64
337520 -64
337575 -63
337597 -63
337622 -63
337692 -64
337722 -64
337793 -64
337818 -64
337888 -63
337914 -63
337998 -66
338093 -64
338118 -63
338195 -63
338218 -63
338294 -64
338322 -66
338387 -64
338416 -63
338494 -63
338516 -63
338593 -64
338693 -63
338714 -63
338800 -63
338882 -64
338977 -63
339000 -63
339079 -63
339106 -63
339180 -64
339208 -64
339275 -64
339299 -63
339322 -63
339391 -63
339419 -63
339474 -64
339499 -64
339522 -64
339576 -63
339604 -64
339681 -63
339708 -63
339787 -64
339812 -64
339884 -64
339908 -64
339991 -63
340015 -63
340091 -64
340115 -64
340189 -64
340217 -63
340284 -63
340313 -63
340394 -64
340417 -64
340493 -63
340513 -63
340595 -63
340620 -63
340689 -64
340709 -64
340794 -63
340821 -63
340899 -63
340975 -64
340998 -64
341089 -63
341113 -63
341195 -63
341221 -63
341296 -64
341322 -65
341375 -63
341399 -63
341482 -63
341505 -63
341603 -64
341689 -63
341710 -63
341782 -63
341810 -63
341888 -67
341911 -69
341980 -63
342004 -63
342083 -63
342104 -63
342179 -69
342201 -65
342277 -63
342306 -63
342376 -63
342406 -63
342480 -67
342504 -64
342577 -63
342603 -64
342678 -63
342701 -62
342781 -64
342801 -64
342875 -68
342903 -68
342974 -67
342998 -65
343093 -63
343118 -64
343189 -70
343216 -70
343290 -66
343317 -66
343389 -65
343414 -65
343482 -69
343501 -68
343580 -66
343606 -66
343677 -65
343701 -70
343792 -67
343821 -67
343875 -65
343897 -65
343977 -66
344005 -66
344080 -68
344106 -68
344179 -66
344202 -66
344282 -69
344312 -69
344381 -68
344404 -68
344478 -66
344500 -66
344522 -66
344589 -70
344612 -67
344689 -68
344709 -67
344794 -66
344822 -66
344875 -70
344900 -66
344976 -68
344999 -68
345020 -68
345077 -66
345097 -67
345120 -66
345195 -66
345220 -66
345298 -67
345382 -66
345409 -66
345482 -66
345510 -66
345585 -67
345615 -68
345696 -66
345722 -66
345801 -66
345874 -67
345898 -67
345918 -67
345990 -66
346014 -66
346095 -66
346123 -66
346201 -67
346274 -66
346296 -66
346318 -66
346401 -66
346476 -66
346504 -67
346580 -66
346607 -66
346677 -66
346699 -66
346797 -66
346904 -66
346978 -66
347006 -66
347087 -66
347112 -66
347186 -66
347207 -66
347291 -66
347313 -70
347389 -67
347419 -66
347492 -66
347518 -66
347592 -66
347614 -66
347685 -66
347706 -66
347788 -66
347808 -66
347887 -66
347911 -66
347984 -66
348011 -67
348081 -66
348100 -66
348197 -70
348294 -67
348397 -66
348421 -66
348495 -66
348523 -66
348590 -67
348613 -67
348686 -66
348711 -66
348791 -70
348814 -66
348907 -66
348976 -65
349002 -66
349076 -66
349098 -66
349194 -67
349216 -66
349285 -65
349314 -66
349392 -66
349418 -66
349493 -67
349516 -66
349597 -66
349619 -65
349674 -66
349701 -66
349778 -67
349799 -67
349881 -66
349912 -66
350017 -70
350094 -66
350117 -66
350190 -66
350216 -66
350293 -66
350317 -66
350385 -66
350409 -67
350491 -66
350517 -66
350588 -66
350611 -66
350688 -66
350713 -66
350782 -66
350811 -66
350879 -66
350902 -66
350981 -67
351006 -66
351080 -65
351109 -65
351192 -66
351214 -66
351283 -66
351304 -66
351382 -65
351412 -66
351484 -66
351510 -66
351589 -66
351616 -66
351675 -65
351705 -65
351777 -70
351797 -66
351898 -66
351918 -66
351985 -65
352010 -65
352093 -66
352123 -66
352193 -66
352217 -66
352290 -65
352312 -65
352381 -70
352407 -66
352497 -67
352522 -67
352599 -65
352681 -64
352708 -64
352798 -68
352890 -66
352912 -66
352989 -66
353008 -66
353083 -74
353112 -75
353188 -74
353217 -74
353291 -68
353321 -71
353399 -75
353421 -74
353492 -72
353514 -71
353591 -68
353618 -68
353694 -71
353716 -71
353788 -68
353814 -68
353887 -72
353916 -69
353995 -70
354081 -67
354105 -67
354187 -69
354209 -71
354289 -69
354309 -70
354382 -67
354409 -66
354494 -67
354517 -67
354583 -70
354613 -70
354687 -67
354714 -67
354783 -67
354806 -67
354875 -70
354904 -70
354978 -67
355002 -67
355096 -72
355123 -68
355195 -70
355219 -70
355276 -67
355304 -67
355386 -67
355410 -72
355489 -70
355516 -70
355592 -67
355614 -67
355690 -72
355718 -68
355785 -70
355810 -70
355885 -67
355910 -67
355980 -72
356008 -72
356083 -70
356107 -70
356175 -67
356200 -67
356275 -72
356299 -72
356322 -68
356396 -70
356495 -66
356517 -67
356585 -72
356614 -72
356686 -70
356782 -67
356810 -66
356881 -68
356903 -67
356980 -70
357007 -70
357081 -67
357105 -66
357178 -72
357200 -67
357295 -70
357316 -70
357397 -67
357422 -67
357477 -72
357505 -68
357583 -70
357606 -70
357685 -67
357711 -67
357783 -67
357805 -67
357877 -70
357901 -70
357982 -67
358006 -67
358088 -72
358112 -67
358187 -70
358214 -70
358295 -67
358392 -67
358418 -67
358501 -70
358522 -70
358599 -66
358683 -67
358711 -67
358779 -70
358801 -70
358899 -66
358921 -66
358994 -67
359015 -67
359092 -70
359120 -70
359195 -66
359296 -67
359317 -67
359392 -70
359416 -70
359496 -67
359518 -67
359587 -67
359610 -67
359694 -70
359714 -70
359788 -67
359815 -67
359886 -67
359916 -67
359990 -70
360016 -70
360088 -67
360113 -67
360179 -70
360204 -67
360296 -70
360379 -67
360407 -67
360476 -67
360503 -67
360580 -70
360606 -70
360683 -67
360708 -67
360787 -67
360809 -67
360880 -69
360902 -69
360923 -69
360996 -67
361022 -67
361092 -67
361116 -67
361178 -70
361208 -70
361289 -67
361318 -67
361398 -70
361420 -67
361488 -70
361514 -70
361588 -67
361611 -67
361693 -72
361722 -67
361791 -70
361812 -70
361896 -67
361917 -67
361985 -67
362007 -68
362077 -70
362099 -70
362175 -67
362202 -67
362295 -68
362323 -68
362390 -72
362419 -72
362477 -68
362498 -68
362519 -68
362589 -65
362618 -65
362695 -73
362722 -73
362775 -73
362798 -72
362875 -70
362896 -70
363076 -72
363099 -72
363120 -72
363175 -72
363202 -72
363288 -76
363315 -76
363384 -72
363413 -72
363491 -70
363515 -70
363583 -74
363611 -74
363680 -72
363702 -72
363774 -71
363799 -72
363891 -76
363916 -76
363975 -72
363997 -72
364019 -72
364090 -73
364114 -74
364188 -76
364212 -76
364285 -72
364311 -73
364390 -73
364414 -73
364487 -76
364511 -75
364586 -73
364614 -74
364700 -74
364802 -75
364877 -74
364899 -74
364923 -75
364979 -76
365001 -76
365117 -75
365194 -74
365291 -77
365315 -77
365391 -75
365415 -75
365483 -75
365504 -74
365581 -77
365609 -77
365676 -75
365705 -75
365780 -75
365807 -75
365886 -78
365906 -78
365980 -75
366004 -75
366081 -75
366101 -75
366174 -80
366197 -80
366217 -80
366281 -76
366308 -76
366383 -74
366409 -74
366508 -82
366583 -76
366603 -76
366678 -74
366704 -74
366786 -81
366807 -81
366880 -76
366906 -76
366983 -74
367006 -74
367086 -82
367110 -82
367180 -76
367203 -76
367302 -74
367376 -80
367399 -81
367422 -80
367493 -75
367516 -75
367594 -74
367616 -74
367685 -80
367780 -75
367802 -75
367878 -73
367906 -74
367976 -79
368002 -79
368076 -75
368097 -75
368118 -75
368175 -74
368198 -74
368279 -79
368304 -79
368392 -75
368415 -75
368486 -74
368512 -74
368592 -80
368614 -80
368687 -75
368708 -75
368784 -74
368812 -74
368887 -80
368916 -80
368984 -75
369006 -75
369098 -74
369180 -80
369207 -80
369279 -75
369386 -74
369415 -74
369492 -80
369514 -80
369585 -75
369612 -75
369684 -74
369712 -74
369788 -79
369817 -79
369889 -75
369915 -75
369992 -74
370015 -74
370084 -79
370106 -79
370176 -75
370201 -75
370293 -74
370317 -74
370375 -78
370399 -78
370421 -78
370490 -75
370510 -75
370590 -74
370612 -74
370692 -78
370718 -78
370775 -74
370802 -75
370876 -74
370902 -74
370976 -77
371001 -77
371075 -74
371096 -75
371123 -75
371199 -74
371220 -74
371300 -77
371375 -75
371397 -75
371422 -74
371475 -74
371583 -77
371604 -77
371674 -75
371704 -74
371778 -74
371798 -74
371822 -74
371899 -76
371981 -74
372008 -74
372086 -74
372116 -74
372196 -76
372217 -76
372275 -75
372304 -75
372389 -74
372414 -74
372487 -78
372508 -79
372588 -76
372612 -76
372692 -72
372714 -72
372788 -75
372814 -74
372897 -73
372920 -73
372974 -78
372996 -79
373018 -79
373092 -71
373119 -71
373186 -77
373209 -80
373277 -75
373302 -76
373388 -73
373418 -77
373492 -74
373522 -76
373596 -74
373618 -75
373689 -71
373718 -71
373787 -79
373808 -80
373880 -73
373902 -73
373974 -74
373998 -74
374022 -73
374078 -79
374106 -79
374183 -74
374208 -73
374294 -73
374322 -73
374402 -74
374500 -71
374597 -76
374695 -75
374716 -75
374784 -70
374812 -70
374883 -75
374905 -74
374987 -75
375015 -76
375092 -70
375118 -70
375191 -74
375218 -74
375289 -77
375312 -77
375376 -70
375404 -70
375477 -74
375500 -74
375520 -74
375592 -77
375622 -77
375701 -70
375787 -74
375810 -74
375889 -77
375914 -77
375990 -70
376018 -70
376092 -74
376114 -74
376179 -78
376207 -78
376279 -70
376308 -71
376386 -74
376414 -74
376491 -79
376519 -79
376596 -71
376617 -71
376690 -74
376715 -74
376780 -79
376800 -79
376822 -79
376876 -71
376899 -71
376999 -74
377076 -79
377101 -79
377182 -71
377203 -71
377281 -74
377301 -74
377388 -79
377412 -79
377486 -71
377506 -71
377574 -75
377599 -75
377621 -75
377693 -79
377719 -79
377798 -71
377875 -75
377900 -75
377921 -75
377976 -79
378000 -79
378081 -71
378108 -71
378180 -75
378207 -75
378274 -79
378294 -79
378316 -79
378375 -71
378404 -71
378482 -75
378510 -75
378594 -79
378621 -79
378677 -71
378698 -71
378777 -75
378803 -75
378883 -79
378910 -79
378987 -71
379013 -71
379090 -75
379120 -75
379189 -79
379216 -79
379291 -71
379318 -71
379388 -75
379417 -75
379481 -79
379507 -79
379588 -71
379614 -71
379690 -75
379717 -75
379795 -79
379892 -71
379921 -71
379989 -75
380013 -75
380084 -79
380104 -79
380192 -72
380217 -71
380289 -75
380312 -75
380395 -78
380419 -78
380499 -71
380577 -75
380596 -75
380617 -75
380697 -78
380723 -78
380792 -71
380816 -71
380892 -75
380916 -75
380996 -78
381019 -78
381093 -71
381123 -71
381198 -75
381220 -75
381275 -78
381302 -78
381396 -71
381420 -70
381475 -75
381502 -75
381579 -78
381602 -78
381699 -71
381721 -71
381787 -75
381815 -75
381889 -78
381918 -78
381991 -70
382020 -71
382092 -75
382120 -76
382194 -78
382220 -78
382300 -70
382376 -75
382398 -75
382496 -78
382520 -78
382575 -70
382599 -70
382623 -70
382675 -75
382704 -75
382799 -78
382881 -70
382905 -70
382985 -75
383012 -75
383086 -78
383111 -77
383186 -71
383211 -71
383289 -77
383315 -76
383389 -77
383411 -79
383489 -77
383509 -75
383590 -78
383613 -79
383685 -84
383710 -88
383788 -81
383808 -80
383894 -83
383922 -83
383981 -83
384010 -82
