95715 -67
95786 -57
95811 -56
95893 -58
95916 -64
95986 -58
96013 -59
96096 -58
96181 -68
96202 -68
96299 -59
96322 -59
96399 -58
96495 -64
96516 -66
96597 -61
96622 -61
96673 -60
96695 -61
96715 -61
96787 -65
96816 -65
96889 -62
96917 -62
96993 -61
97017 -60
97094 -63
97118 -63
97190 -62
97212 -62
97289 -61
97309 -61
97385 -65
97408 -67
97474 -62
97496 -63
97517 -62
97587 -58
97610 -58
97678 -62
97702 -59
97795 -73
97817 -70
97889 -70
97910 -68
97984 -60
98006 -64
98086 -65
98106 -66
98182 -64
98203 -65
98277 -65
98305 -59
98391 -62
98415 -61
98490 -57
98514 -57
98588 -56
98609 -61
98683 -60
98709 -60
98782 -59
98803 -59
98882 -57
98911 -57
98979 -63
99003 -63
99083 -60
99110 -61
99195 -59
99223 -63
99288 -64
99317 -65
99395 -60
99421 -60
99495 -60
99521 -59
99596 -63
99621 -63
99695 -61
99722 -60
99778 -60
99804 -58
99874 -61
99902 -61
99979 -59
100002 -60
100103 -56
100197 -59
100220 -60
100293 -58
100318 -58
100395 -61
100416 -61
100478 -60
100500 -59
100576 -58
100596 -58
100621 -58
100688 -56
100712 -56
100784 -60
100810 -60
100875 -57
100902 -57
100979 -56
101004 -56
101075 -67
101103 -67
101176 -61
101199 -59
101278 -55
101301 -58
101377 -60
101398 -61
101479 -61
101508 -61
101591 -56
101613 -56
101676 -60
101703 -60
101775 -59
101797 -59
101819 -59
101889 -57
101910 -57
101985 -62
102006 -62
102083 -60
102111 -60
102198 -57
102223 -56
102279 -62
102308 -62
102385 -59
102409 -61
102481 -56
102506 -56
102579 -61
102603 -61
102675 -60
102698 -59
102722 -59
102798 -56
102892 -61
102916 -61
102994 -59
103076 -56
103099 -56
103122 -56
103195 -61
103219 -61
103288 -62
103308 -59
103387 -57
103407 -57
103479 -62
103506 -62
103594 -60
103621 -60
103677 -57
103707 -57
103791 -62
103819 -62
103875 -60
103899 -60
103994 -59
104015 -57
104080 -63
104108 -63
104188 -61
104214 -61
104291 -59
104315 -57
104383 -63
104404 -63
104480 -61
104502 -61
104578 -58
104599 -59
104697 -64
104776 -60
104804 -60
104881 -59
104990 -64
105014 -64
105091 -61
105121 -61
105177 -63
105198 -64
105274 -65
105299 -64
105322 -64
105396 -62
105416 -62
105499 -59
105574 -68
105600 -68
105675 -63
105696 -62
105716 -62
105791 -63
105819 -63
105885 -69
105912 -69
105989 -62
106009 -63
106082 -65
106104 -65
106196 -65
106284 -62
106312 -62
106392 -63
106414 -64
106493 -64
106516 -64
106597 -61
106623 -61
106696 -59
106721 -59
106789 -60
106817 -58
106875 -58
106905 -58
106982 -65
107005 -61
107078 -62
107101 -62
107199 -60
107276 -62
107297 -61
107379 -60
107404 -61
107479 -62
107506 -62
107587 -63
107614 -62
107680 -65
107702 -66
107779 -63
107807 -64
107885 -62
107915 -62
107994 -64
108020 -65
108092 -65
108118 -65
108198 -67
108294 -67
108319 -67
108400 -63
108479 -66
108499 -66
108583 -64
108612 -65
108686 -64
108708 -64
108782 -63
108806 -63
108875 -65
108904 -65
108978 -65
109001 -64
109081 -63
109104 -63
109179 -63
109200 -64
109288 -61
109308 -61
109387 -62
109416 -61
109498 -63
109522 -63
109576 -62
109599 -62
109677 -62
109703 -62
109782 -64
109810 -64
109880 -62
109909 -62
109993 -63
110021 -67
110096 -65
110174 -63
110204 -63
110278 -68
110307 -68
110387 -65
110413 -65
110496 -64
110522 -64
110577 -68
110600 -64
110621 -64
110692 -65
110713 -65
110780 -64
110800 -64
110892 -64
110919 -64
110996 -65
111016 -65
111086 -64
111107 -64
111203 -64
111279 -65
111303 -65
111376 -64
111403 -64
111478 -63
111503 -64
111581 -65
111603 -65
111678 -64
111704 -64
111781 -63
111802 -63
111896 -65
111917 -65
111991 -65
112016 -64
112101 -64
112173 -66
112197 -66
112217 -65
112293 -64
112316 -64
112382 -63
112403 -64
112478 -66
112500 -66
112578 -65
112600 -65
112674 -64
112698 -64
112722 -64
112797 -67
112875 -65
112897 -65
112974 -64
113002 -64
113099 -66
113183 -65
113208 -65
113291 -64
113315 -64
113391 -66
113414 -66
113488 -65
113514 -65
113588 -64
113610 -64
113676 -66
113700 -66
113783 -65
113808 -64
113882 -64
113905 -64
113975 -66
114000 -66
114021 -66
114102 -64
114181 -63
114202 -68
114274 -65
114298 -65
114323 -65
114374 -64
114404 -64
114482 -63
114504 -64
114576 -65
114602 -66
114678 -64
114708 -64
114789 -63
114816 -64
114890 -65
114914 -65
114982 -65
115006 -65
115083 -64
115106 -64
115191 -66
115213 -66
115278 -65
115300 -65
115322 -65
115391 -64
115412 -64
115476 -67
115500 -67
115583 -65
115607 -65
115679 -65
115704 -64
115778 -67
115806 -67
115884 -66
115909 -66
115986 -65
116016 -65
116093 -69
116120 -69
116173 -68
116200 -68
116221 -68
116274 -64
116299 -64
116321 -64
116386 -69
116411 -70
116494 -66
116516 -67
116588 -68
116609 -63
116682 -73
116708 -74
116779 -74
116808 -72
116876 -64
116899 -70
116977 -64
117000 -65
117099 -63
117120 -63
117201 -68
117281 -68
117301 -68
117381 -68
117412 -68
117484 -64
117506 -63
117580 -71
117604 -71
117678 -70
117703 -70
117779 -64
117803 -64
117875 -70
117904 -69
117983 -67
118006 -67
118083 -67
118108 -68
118180 -67
118203 -66
118276 -66
118296 -65
118321 -66
118374 -63
118399 -64
118420 -63
118496 -65
118522 -65
118574 -66
118597 -66
118688 -62
118708 -62
118779 -64
118807 -64
118884 -66
118915 -66
118996 -62
119020 -62
119093 -66
119118 -65
119195 -67
119215 -67
119299 -62
119375 -66
119404 -66
119481 -67
119501 -67
119522 -68
119587 -63
119612 -63
119688 -67
119710 -67
119796 -68
119817 -68
119896 -67
119975 -67
120000 -68
120083 -69
120104 -69
120188 -63
120215 -68
120291 -68
120314 -68
120388 -69
120416 -68
120496 -68
120523 -68
120594 -68
120621 -68
120697 -68
120721 -68
120775 -63
120804 -63
120895 -67
120999 -67
121021 -67
121074 -68
121102 -64
121191 -65
121215 -65
121287 -66
121310 -66
121386 -62
121409 -62
121494 -66
121523 -66
121582 -66
121610 -67
121683 -62
121704 -68
121774 -67
121800 -67
121886 -67
121907 -67
121990 -67
122019 -68
122092 -67
122118 -67
122194 -68
122217 -68
122274 -63
122300 -67
122375 -68
122402 -68
122476 -68
122499 -68
122578 -68
122598 -67
122623 -68
122697 -68
122718 -68
122788 -68
122816 -68
122893 -68
122921 -68
122996 -68
123076 -67
123105 -68
123181 -68
123205 -68
123278 -66
123302 -67
123395 -67
123421 -68
123495 -67
123600 -66
123679 -67
123705 -67
123778 -69
123804 -63
123896 -66
123923 -66
123981 -69
124004 -67
124079 -68
124103 -68
124199 -67
124293 -68
124319 -68
124375 -68
124402 -68
124478 -68
124507 -68
124588 -68
124613 -68
124692 -63
124712 -68
124789 -68
124813 -68
124885 -68
124907 -68
124982 -63
125094 -68
125123 -68
125173 -69
125199 -69
125279 -63
125307 -67
125375 -68
125399 -68
125423 -68
125477 -69
125504 -69
125575 -68
125601 -68
125696 -67
125775 -68
125801 -68
125822 -68
125882 -63
125909 -67
125980 -68
126004 -69
126080 -69
126106 -70
126175 -68
126197 -64
126221 -64
126293 -77
126320 -78
126397 -66
126480 -64
126505 -65
126597 -70
126619 -71
126693 -68
126714 -67
126791 -65
126811 -66
126887 -78
126912 -77
126995 -75
127097 -66
127123 -66
127190 -85
127218 -78
127276 -71
127303 -71
127374 -65
127399 -70
127490 -87
127512 -84
127586 -72
127611 -72
127678 -67
127705 -68
127786 -86
127811 -87
127888 -76
127915 -76
127991 -67
128013 -67
128083 -83
128107 -82
128174 -75
128195 -75
128223 -75
128275 -66
128296 -66
128321 -66
128391 -79
128419 -78
128498 -76
128574 -66
128600 -66
128681 -76
128708 -76
128785 -74
128813 -74
128890 -70
128910 -65
128989 -75
129012 -75
129082 -76
129102 -76
129123 -75
129182 -65
129209 -65
129284 -73
129311 -74
129385 -73
129483 -70
129506 -70
129590 -74
129617 -74
129681 -73
129710 -74
129776 -65
129875 -75
129896 -75
129979 -75
130003 -75
130074 -64
130102 -70
130178 -76
130208 -76
130288 -75
130313 -74
130401 -70
130484 -77
130514 -77
130595 -77
130623 -77
130690 -70
130715 -65
130781 -77
130802 -78
130881 -77
130907 -77
130984 -70
131008 -66
131077 -79
131101 -79
131180 -79
131203 -79
131297 -66
131318 -66
131375 -85
131395 -86
131422 -85
131479 -84
131507 -83
131579 -68
131601 -66
131682 -79
131708 -79
131786 -76
131814 -76
131892 -70
131916 -70
132002 -76
132080 -75
132176 -70
132206 -65
132288 -76
132310 -76
132385 -75
132410 -75
132489 -70
132510 -70
132580 -76
132602 -76
132679 -76
132702 -75
132800 -65
132821 -65
132891 -77
132914 -77
132984 -77
133006 -76
133079 -66
133104 -66
133178 -76
133204 -76
133282 -76
133307 -76
133384 -66
133406 -66
133478 -77
133502 -77
133592 -78
133620 -78
133691 -66
133713 -66
133793 -77
133823 -77
133896 -77
133920 -77
133980 -66
134001 -66
134077 -78
134104 -77
134182 -78
134204 -78
134274 -66
134302 -66
134400 -77
134423 -77
134475 -78
134499 -78
134579 -70
134608 -66
134680 -78
134709 -78
134791 -78
134814 -78
134901 -67
134993 -82
135018 -81
135176 -68
135199 -72
135291 -78
135320 -77
135397 -87
135498 -69
135519 -69
135600 -90
135674 -74
135704 -71
135774 -69
135797 -69
135875 -69
135897 -70
135920 -70
135995 -77
136098 -69
136193 -73
136221 -71
136291 -71
136312 -71
136377 -72
136399 -68
136500 -73
136593 -73
136613 -73
136689 -72
136710 -71
136820 -86
136893 -71
136918 -70
137000 -70
137084 -86
137113 -82
137187 -70
137209 -70
137290 -71
137316 -71
137391 -78
137416 -79
137493 -71
137516 -71
137597 -70
137621 -70
137686 -76
137712 -77
137791 -70
137822 -70
137901 -71
137994 -77
138076 -70
138097 -70
138119 -70
138175 -71
138196 -71
138220 -71
138290 -76
138318 -76
138396 -70
138423 -70
138496 -71
138520 -71
138594 -76
138617 -76
138690 -71
138711 -71
138784 -70
138808 -70
138877 -76
138906 -75
138983 -71
139009 -71
139082 -70
139101 -70
139177 -76
139198 -76
139275 -71
139300 -71
139323 -71
139399 -69
139497 -76
139523 -76
139580 -71
139684 -69
139705 -70
139779 -75
139805 -75
139879 -71
139909 -70
139986 -70
140014 -70
140096 -76
140123 -76
140178 -71
140201 -71
140223 -71
140282 -70
140306 -70
140383 -76
140411 -76
140484 -71
140509 -71
140586 -70
140612 -71
140690 -75
140715 -75
140790 -70
140814 -70
140893 -70
140920 -70
140991 -75
141017 -75
141077 -70
141097 -71
141122 -71
141195 -70
141216 -70
141287 -75
141310 -75
141376 -71
141402 -71
141480 -70
141500 -69
141598 -76
141621 -76
141691 -71
141716 -71
141788 -72
141816 -69
141893 -75
141915 -75
141993 -71
142022 -71
142080 -69
142101 -69
142191 -75
142217 -75
142274 -70
142302 -70
142399 -70
142508 -75
142584 -70
142614 -70
142699 -70
142777 -74
142799 -74
142875 -70
142900 -70
142921 -70
142999 -70
143093 -75
143115 -75
143183 -71
143208 -71
143292 -69
143317 -69
143384 -75
143415 -74
143490 -71
143514 -72
143588 -69
143613 -69
143685 -74
143711 -74
143784 -71
143812 -71
143887 -69
143916 -69
143987 -74
144007 -74
144087 -71
144112 -71
144183 -69
144210 -69
144305 -74
144383 -71
144404 -71
144479 -69
144578 -74
144605 -74
144685 -71
144788 -69
144812 -69
144892 -74
144913 -74
144990 -71
145011 -71
145083 -70
145107 -70
145179 -74
145201 -74
145299 -71
145401 -69
145421 -69
145494 -75
145520 -75
145615 -71
145674 -69
145702 -69
145774 -75
145793 -75
145820 -75
145875 -70
145902 -70
145977 -70
145998 -71
146094 -77
146123 -77
146191 -72
146211 -73
146288 -72
146309 -72
146386 -81
146411 -81
146484 -84
146506 -87
146584 -75
146612 -77
146682 -76
146703 -77
146783 -77
146803 -77
146879 -74
146906 -75
146978 -73
146999 -72
147082 -66
147108 -65
147178 -69
147206 -69
147297 -70
147321 -70
147393 -74
147416 -73
147476 -69
147503 -69
147574 -70
147594 -70
147619 -70
147684 -68
147709 -68
147786 -74
147812 -74
147878 -89
147982 -76
148011 -77
148087 -72
148115 -72
148389 -74
148410 -74
148683 -75
148708 -75
148888 -81
148916 -81
148974 -77
149000 -77
149197 -79
149217 -79
149281 -76
149310 -76
149484 -77
149509 -77
149577 -74
149601 -74
149691 -90
149719 -88
149795 -75
149816 -75
149895 -74
149998 -89
150089 -76
150116 -76
150194 -74
150221 -74
150299 -89
150375 -76
150401 -76
150498 -74
150583 -89
150693 -75
150715 -75
150792 -73
150822 -73
150890 -87
150913 -86
150984 -75
151008 -75
151086 -73
151112 -73
151192 -86
151213 -85
151291 -75
151315 -76
151394 -73
151419 -73
151500 -85
151522 -84
151599 -75
151699 -73
151722 -73
151791 -85
151887 -76
151910 -76
151979 -73
152003 -73
152079 -87
152104 -86
152196 -76
152220 -76
152276 -73
152301 -73
152394 -84
152422 -85
152498 -75
152578 -74
152606 -74
152684 -86
152706 -86
152776 -75
152797 -76
152897 -74
153099 -76
153120 -76
153191 -74
153212 -74
153285 -88
153380 -75
153410 -75
153482 -74
153506 -74
153580 -89
153607 -87
153683 -75
153711 -75
153785 -73
153810 -73
153887 -84
153910 -84
153984 -75
154004 -75
154096 -73
154177 -84
154200 -84
154219 -84
154276 -75
154297 -75
154318 -75
154376 -73
154398 -73
154499 -83
154522 -83
154596 -75
154622 -75
154673 -72
154695 -72
154776 -82
154796 -82
154817 -82
154891 -74
154919 -74
154991 -73
155013 -73
155097 -83
155174 -74
155205 -74
155280 -74
155301 -74
155375 -86
155403 -86
155485 -75
155509 -75
155586 -75
155611 -75
155679 -89
155778 -75
155802 -75
155822 -75
155915 -74
155980 -90
156007 -88
156085 -77
156109 -79
156202 -79
156274 -81
156299 -79
156375 -77
156401 -82
156475 -77
156502 -78
156613 -72
156695 -75
156717 -74
156792 -72
156814 -71
156875 -73
156905 -80
156976 -72
157001 -70
157080 -74
157101 -73
157179 -71
157203 -71
157283 -70
157305 -70
157376 -70
157398 -70
157423 -70
157477 -75
157500 -74
157521 -74
157592 -68
157621 -68
157675 -72
157698 -68
157719 -69
157795 -71
157880 -73
157904 -73
157978 -75
158002 -74
158093 -75
158115 -75
158190 -72
158209 -72
158280 -78
158303 -78
158375 -76
158396 -76
158422 -77
158498 -71
158522 -71
158595 -77
158621 -77
158688 -76
158712 -75
158794 -71
158876 -79
158906 -79
158975 -77
159001 -77
159078 -73
159101 -73
159123 -73
159198 -82
159221 -82
159291 -78
159320 -78
159388 -74
159416 -74
159496 -83
159516 -83
159588 -77
159609 -78
159680 -73
159701 -73
159782 -82
159806 -82
159876 -78
159902 -77
159922 -78
159975 -74
160004 -74
160078 -83
160098 -83
160191 -79
160211 -79
160294 -74
160318 -74
160394 -82
160422 -81
160497 -78
160518 -79
160575 -74
160596 -74
160617 -74
160691 -81
160714 -80
160784 -79
160809 -78
160878 -74
160901 -73
160983 -79
161004 -79
161079 -78
161108 -78
161192 -73
161216 -73
161295 -79
161396 -78
161416 -78
161473 -73
161495 -74
161516 -74
161587 -79
161613 -79
161688 -78
161711 -78
161783 -74
161811 -74
161887 -79
161912 -80
161980 -79
162009 -79
162076 -74
162101 -74
162178 -79
162204 -79
162283 -79
162303 -78
162403 -74
162481 -80
162503 -80
162580 -79
162601 -79
162623 -79
162692 -75
162717 -74
162788 -79
162813 -80
162888 -79
162910 -79
162981 -74
163002 -74
163083 -79
163107 -79
163194 -79
163220 -79
163291 -74
163389 -79
163414 -79
163487 -79
163510 -79
163586 -73
163611 -74
163691 -78
163715 -78
163780 -78
163803 -78
163876 -73
163905 -73
163976 -78
164000 -78
164023 -78
164075 -78
164096 -78
164118 -78
164190 -73
164219 -73
164289 -78
164311 -78
164381 -78
164404 -78
164488 -73
164514 -73
164595 -79
164623 -79
164692 -78
164718 -79
164789 -74
164818 -74
164874 -79
164903 -79
164980 -79
165007 -79
165082 -73
165108 -74
165184 -79
165211 -79
165283 -79
165307 -79
165379 -73
165401 -73
165484 -78
165510 -78
165586 -79
165612 -78
165692 -73
165721 -72
165798 -78
165821 -78
165891 -78
165912 -78
165983 -72
166011 -72
166093 -78
166117 -77
166195 -80
166218 -78
166295 -71
166323 -72
166383 -75
166406 -75
166478 -79
166502 -77
166579 -70
166607 -70
166682 -76
166704 -77
166800 -74
166876 -71
