525293 -63
525323 -63
525375 -62
525396 -62
525499 -65
525521 -70
525592 -64
525617 -64
525675 -62
525705 -65
525788 -68
525810 -68
525891 -65
525913 -65
525991 -63
526014 -63
526095 -67
526117 -68
526180 -65
526201 -65
526284 -64
526313 -64
526394 -69
526417 -69
526493 -65
526518 -66
526575 -63
526600 -64
526696 -69
526716 -69
526789 -66
526814 -66
526892 -64
526918 -64
526991 -71
527014 -71
527086 -66
527113 -66
527183 -65
527211 -65
527289 -73
527316 -74
527390 -66
527419 -67
527490 -65
527512 -65
527582 -71
527608 -71
527686 -65
527714 -65
527788 -64
527890 -68
527913 -72
527984 -66
528009 -66
528084 -63
528113 -63
528214 -69
528294 -67
528322 -67
528399 -64
528420 -64
528495 -70
528515 -67
528585 -68
528609 -68
528687 -65
528708 -65
528785 -69
528812 -69
528881 -70
528981 -66
529001 -66
529084 -70
529109 -70
529175 -71
529202 -71
529303 -67
529398 -70
529495 -72
529519 -72
529596 -67
529617 -67
529684 -71
529707 -71
529789 -74
529816 -74
529885 -68
529915 -69
529993 -71
530017 -71
530095 -74
530122 -74
530194 -68
530223 -69
530277 -71
530297 -71
530391 -74
530414 -74
530492 -68
530520 -68
530577 -71
530599 -71
530677 -74
530703 -74
530777 -69
530796 -69
530876 -72
530982 -74
531003 -74
531100 -69
531182 -72
531208 -72
531280 -74
531307 -74
531397 -68
531420 -68
531498 -71
531583 -74
531607 -73
531683 -68
531704 -68
531777 -71
531807 -71
531876 -73
531906 -73
531982 -68
532003 -68
532087 -71
532112 -71
532186 -73
532208 -73
532286 -68
532307 -68
532392 -71
532413 -71
532480 -73
532503 -73
532582 -69
532605 -69
532677 -72
532700 -72
532777 -73
532800 -73
532897 -69
532975 -72
533001 -71
533093 -73
533120 -73
533221 -69
533274 -71
533302 -71
533374 -72
533403 -73
533485 -69
533506 -69
533584 -70
533605 -71
533690 -72
533717 -72
533794 -69
533814 -68
533899 -70
533919 -70
533986 -72
534012 -72
534089 -68
534109 -68
534184 -70
534205 -71
534275 -72
534297 -73
534393 -69
534421 -69
534479 -71
534500 -71
534601 -73
534622 -73
534675 -68
534701 -68
534780 -71
534805 -71
534880 -73
534910 -73
534990 -68
535019 -68
535096 -71
535121 -71
535191 -73
535218 -73
535295 -68
535318 -68
535388 -71
535414 -71
535479 -73
535507 -73
535598 -69
535697 -71
535717 -71
535789 -77
535809 -78
535882 -71
535980 -72
536000 -72
536023 -72
536079 -81
536106 -80
536180 -74
536209 -73
536290 -76
536316 -75
536386 -79
536412 -78
536489 -74
536518 -74
536575 -76
536596 -77
536624 -77
536698 -84
536719 -85
536790 -79
536813 -78
536898 -77
536918 -77
537001 -84
537089 -77
537117 -76
537184 -76
537207 -76
537278 -80
537298 -80
537375 -75
537480 -75
537505 -75
537580 -78
537603 -77
537686 -73
537712 -73
537788 -74
537809 -74
537875 -77
537979 -73
538009 -73
538081 -74
538106 -74
538186 -77
538209 -78
538287 -73
538307 -73
538381 -74
538410 -74
538480 -77
538507 -77
538583 -73
538613 -73
538691 -74
538720 -74
538796 -76
538820 -76
538877 -72
538908 -72
538980 -74
539007 -74
539093 -76
539123 -76
539178 -72
539206 -72
539276 -74
539305 -74
539375 -76
539402 -76
539474 -72
539495 -72
539520 -72
539600 -74
539697 -76
539717 -76
539789 -72
539812 -72
539892 -74
539918 -74
540011 -75
540079 -72
540099 -72
540123 -72
540188 -73
540217 -73
540296 -75
540323 -75
540376 -71
540422 -72
540500 -73
540523 -73
540599 -75
540681 -71
540705 -71
540786 -73
540811 -73
540883 -75
540910 -75
540988 -71
541012 -71
541091 -73
541120 -73
541173 -75
541218 -75
541275 -71
541295 -71
541322 -71
541399 -73
541474 -75
541495 -75
541518 -75
541574 -71
541601 -71
541685 -73
541713 -73
541786 -75
541808 -75
541875 -71
541905 -71
541986 -73
542006 -73
542080 -75
542103 -75
542176 -71
542285 -73
542307 -73
542385 -74
542411 -75
542488 -71
542512 -71
542584 -73
542612 -73
542682 -74
542710 -75
542779 -71
542805 -71
542880 -73
542981 -74
543007 -74
543079 -71
543104 -71
543188 -73
543211 -73
543279 -74
543307 -74
543383 -71
543408 -71
543482 -73
543512 -73
543702 -71
543777 -73
543796 -73
543875 -74
543904 -74
543993 -70
544017 -70
544090 -72
544208 -74
544284 -70
544304 -70
544379 -72
544402 -72
544500 -74
544585 -70
544610 -70
544684 -72
544713 -72
544779 -74
544807 -74
544884 -70
544905 -70
544984 -72
545007 -72
545074 -74
545100 -74
545201 -70
545278 -73
545306 -73
545380 -74
545410 -75
545485 -71
545512 -71
545592 -74
545614 -74
545688 -78
545709 -79
545793 -74
545820 -74
545890 -72
545915 -71
545991 -81
546019 -81
546097 -72
546176 -70
546197 -70
546220 -71
546274 -84
546294 -85
546319 -84
546392 -76
546421 -76
546489 -74
546511 -75
546581 -81
546602 -80
546681 -76
546709 -75
546786 -76
546812 -76
546881 -78
546904 -78
546979 -73
547004 -74
547087 -78
547116 -78
547186 -79
547215 -79
547317 -74
547418 -78
547484 -79
547506 -79
547587 -73
547613 -73
547690 -79
547716 -79
547791 -80
547815 -81
547890 -73
547916 -74
548089 -80
548114 -81
548197 -73
548219 -73
548300 -78
548382 -81
548406 -81
548484 -73
548513 -73
548585 -77
548611 -77
548679 -81
548704 -81
548783 -74
548812 -74
548898 -77
548921 -79
548990 -80
549019 -80
549075 -74
549095 -73
549120 -73
549193 -77
549221 -77
549276 -81
549303 -81
549386 -74
549414 -74
549485 -77
549507 -78
549580 -81
549604 -81
549675 -74
549704 -74
549778 -78
549803 -78
549877 -82
549898 -82
549921 -82
549999 -74
550023 -74
550097 -77
550122 -77
550195 -81
550218 -82
550274 -74
550296 -74
550381 -77
550406 -77
550484 -80
550507 -81
550609 -74
550680 -77
550708 -77
550790 -80
550816 -80
550891 -73
550913 -74
550993 -77
551016 -76
551091 -80
551120 -80
551194 -74
551217 -74
551291 -77
551317 -77
551392 -81
551413 -81
551483 -74
551509 -73
551584 -77
551609 -77
551699 -82
551776 -74
551796 -74
551818 -74
551887 -78
551912 -77
551986 -82
552012 -82
552081 -74
552105 -74
552179 -77
552201 -77
552279 -82
552298 -82
552322 -81
552389 -74
552414 -74
552490 -77
552513 -77
552674 -74
552697 -75
552800 -78
552892 -82
552916 -81
552990 -74
553016 -74
553092 -77
553186 -81
553216 -81
553273 -74
553296 -74
553317 -74
553398 -77
553419 -77
553496 -81
553580 -73
553604 -74
553683 -77
553706 -77
553778 -81
553804 -82
553881 -74
553903 -74
553986 -77
554009 -78
554083 -81
554104 -82
554179 -75
554206 -74
554282 -78
554303 -78
554375 -84
554399 -84
554474 -75
554499 -75
554521 -75
554602 -78
554693 -83
554718 -84
554798 -75
554881 -79
554909 -78
554982 -85
555002 -84
555078 -75
555099 -74
555122 -75
555179 -79
555203 -79
555276 -81
555303 -81
555378 -74
555400 -74
555479 -73
555506 -72
555600 -81
555678 -74
555703 -74
555776 -72
555804 -72
555894 -89
555992 -77
556019 -77
556084 -75
556113 -75
556287 -78
556308 -78
556379 -79
556407 -79
556485 -86
556511 -85
556592 -78
556614 -78
556690 -80
556710 -80
556784 -84
556813 -83
556889 -79
556909 -79
556992 -80
557020 -80
557098 -81
557121 -81
557197 -78
557310 -79
557387 -81
557413 -81
557480 -77
557505 -77
557583 -79
557606 -78
557681 -80
557701 -80
557784 -77
557811 -77
557918 -78
557981 -79
558008 -79
558084 -76
558113 -77
558197 -78
558223 -78
558294 -80
558323 -80
558377 -77
558402 -77
558480 -79
558503 -78
558580 -80
558601 -81
558681 -77
558707 -77
558776 -79
558800 -79
558879 -81
558901 -80
558980 -77
559007 -77
559086 -79
559111 -79
559186 -81
559211 -80
559280 -77
559309 -77
559378 -79
559405 -79
559479 -81
559500 -80
559522 -80
559593 -77
559622 -77
559673 -79
559701 -78
559778 -80
559802 -80
559885 -77
559979 -79
560009 -79
560083 -79
560111 -80
560186 -77
560209 -77
560283 -79
560307 -79
560380 -80
560410 -80
560487 -77
560515 -77
560599 -78
560623 -78
560689 -80
560712 -80
560791 -77
560816 -77
560892 -79
560920 -78
561000 -80
561076 -77
561102 -77
561181 -78
561209 -78
561302 -80
561376 -77
561399 -77
561482 -79
561507 -79
561607 -80
561689 -77
561714 -77
561796 -79
561820 -78
561874 -80
561901 -80
561975 -77
562083 -78
562113 -79
562177 -80
562208 -80
562282 -77
562312 -77
562391 -79
562412 -79
562500 -80
562581 -77
562611 -77
562681 -78
562710 -78
562788 -80
562816 -80
562900 -77
562996 -78
563092 -80
563122 -80
563179 -77
563200 -77
563274 -78
563296 -79
563392 -81
563414 -80
563487 -77
563512 -77
563577 -78
563597 -78
563622 -78
563695 -80
563775 -77
563798 -77
563820 -77
563903 -79
563977 -81
564083 -77
564111 -76
564188 -78
564211 -78
564288 -81
564314 -81
564381 -77
564401 -77
564422 -77
564490 -79
564516 -79
564594 -80
564623 -81
564676 -77
564703 -77
564789 -79
564813 -79
564897 -81
564921 -81
564974 -77
565000 -77
565078 -79
565107 -79
565178 -81
565199 -81
565220 -81
565301 -77
565377 -79
565400 -79
565490 -80
565511 -80
565615 -76
565693 -76
565722 -76
565792 -86
565817 -86
565892 -73
565917 -73
565993 -74
566020 -74
566098 -79
566119 -79
566195 -75
566217 -75
566287 -76
566314 -76
566387 -84
566412 -83
566486 -80
566508 -79
566590 -80
566617 -80
566693 -84
566716 -84
566774 -79
566796 -79
566818 -79
566887 -80
566909 -80
566979 -83
567008 -83
567084 -77
567113 -77
567189 -79
567210 -80
567279 -84
567303 -84
567386 -77
567412 -76
567487 -79
567514 -79
567592 -85
567619 -85
567694 -78
567717 -77
567791 -79
567819 -79
567882 -85
567909 -86
568004 -78
568085 -79
568112 -79
568209 -87
568292 -78
568319 -78
568389 -79
568415 -79
568490 -85
568512 -86
568583 -78
568609 -78
568693 -79
568718 -79
568790 -86
568814 -85
568894 -78
568921 -78
568974 -79
569000 -79
569023 -79
569079 -86
569109 -86
569184 -78
569206 -78
569300 -79
569397 -86
569421 -86
569488 -78
569508 -78
569587 -80
569617 -80
569693 -86
569715 -86
569783 -77
569811 -77
569889 -80
569911 -80
569982 -85
570004 -85
570082 -77
570105 -77
570174 -79
570195 -79
570219 -79
570287 -84
570392 -77
570413 -77
570480 -79
570509 -79
570588 -84
570611 -83
570684 -77
570705 -77
570781 -79
570807 -79
570876 -84
570899 -84
570921 -83
570975 -77
571000 -77
571100 -78
571173 -83
571195 -83
571218 -83
571295 -77
571316 -77
571391 -79
571416 -79
571477 -83
571501 -83
571574 -76
571601 -77
571680 -78
571703 -79
571776 -83
571800 -83
571882 -77
571904 -77
571988 -79
572017 -78
572091 -83
572121 -83
572200 -76
572282 -79
572301 -79
572377 -83
572402 -83
572477 -76
572581 -78
572605 -78
572676 -83
572705 -83
572780 -76
572803 -76
572885 -78
572915 -78
572985 -82
573014 -83
573090 -76
573114 -77
573193 -78
573215 -78
573291 -83
573318 -83
573396 -77
573421 -77
573474 -79
573578 -83
573599 -83
573620 -83
573676 -77
573704 -77
573781 -79
573802 -79
573874 -83
573894 -83
573919 -82
573994 -77
574015 -77
574093 -79
574115 -79
574183 -83
574208 -83
574280 -76
574300 -76
574375 -78
574475 -82
574499 -83
574522 -82
574598 -76
574621 -76
574696 -78
574721 -78
574795 -82
574877 -76
574906 -76
574986 -78
575007 -78
575087 -82
575114 -82
575193 -77
575221 -77
575292 -78
575317 -78
575391 -84
575416 -84
575487 -77
575516 -78
575599 -75
575622 -75
575720 -84
575792 -77
575817 -77
575892 -73
575921 -73
575991 -81
576095 -79
576121 -80
576200 -78
576220 -79
576297 -86
576380 -84
576411 -83
576488 -85
576511 -86
576608 -89
576680 -80
576702 -79
576774 -81
576796 -80
576821 -80
576886 -87
576915 -88
576993 -78
577023 -77
577075 -80
577103 -80
577181 -86
577210 -86
577290 -83
577320 -83
577395 -87
577416 -87
577486 -86
577507 -85
577585 -83
577613 -83
577689 -88
577717 -88
577785 -84
577809 -84
577885 -82
577907 -82
577977 -88
578000 -89
578074 -84
578100 -84
578122 -85
578175 -83
578199 -83
578384 -85
578408 -85
578480 -82
578505 -83
578685 -86
578705 -86
578786 -82
578809 -81
578989 -87
579009 -86
579081 -81
579110 -81
579194 -87
579215 -87
579286 -86
579385 -81
579412 -81
579484 -87
579506 -87
579580 -85
579601 -85
579674 -81
579700 -81
579721 -80
579786 -87
579814 -87
579894 -86
579919 -86
579994 -81
580020 -81
580089 -85
580116 -85
580279 -81
580309 -81
580384 -85
580407 -85
580502 -85
580584 -81
580614 -81
580685 -85
580707 -85
580783 -86
580811 -85
580883 -81
580911 -81
580981 -84
581001 -84
581077 -84
581098 -85
581178 -81
581201 -81
581279 -85
581299 -85
581323 -84
581397 -85
581419 -84
581496 -81
581517 -81
581592 -85
581616 -84
581685 -85
581709 -85
581784 -81
581804 -81
581881 -84
581904 -85
581975 -85
582000 -85
582074 -81
582098 -81
582123 -81
582199 -85
582277 -85
582305 -85
582405 -81
582485 -84
582512 -85
582591 -85
582615 -84
582681 -82
582704 -82
582783 -85
582804 -84
582883 -84
582907 -84
582977 -82
583001 -81
583093 -84
583121 -84
583174 -84
583195 -84
583299 -81
583376 -85
583397 -84
583418 -84
583494 -84
583576 -82
583606 -82
583681 -85
583785 -84
583806 -84
583876 -81
583902 -81
583980 -84
584001 -84
584023 -84
584074 -83
584094 -83
584193 -82
584221 -81
584295 -85
584318 -85
584382 -84
584407 -84
584486 -81
584508 -81
584579 -84
584605 -84
584678 -84
584704 -84
584775 -82
584799 -82
584881 -84
584903 -84
584974 -84
585001 -84
585083 -81
585103 -81
585177 -85
585198 -84
585220 -84
585293 -81
585316 -81
585388 -86
585411 -86
585479 -82
585506 -81
585591 -81
585613 -82
585692 -78
585720 -77
585791 -78
585818 -79
585882 -89
585976 -79
586001 -80
586092 -80
586114 -81
586183 -84
586208 -87
586283 -84
586308 -84
586383 -86
586407 -87
586506 -88
586582 -84
586607 -86
586679 -87
586709 -86
586881 -83
586906 -82
586975 -85
586998 -85
587021 -85
587179 -82
587204 -82
587275 -84
587297 -84
587490 -82
587518 -81
587598 -85
587622 -85
587676 -90
587698 -90
587722 -91
587774 -80
587794 -80
587821 -81
587894 -87
587919 -87
588087 -81
588110 -82
588176 -88
588203 -87
588391 -82
588418 -81
588476 -87
588497 -87
588522 -87
588698 -81
588718 -81
588791 -88
588812 -87
588991 -81
589021 -81
589096 -88
589119 -88
589196 -90
589298 -81
589380 -87
589496 -90
589574 -81
589602 -81
589673 -87
589694 -88
589721 -88
589791 -90
589813 -89
589890 -80
589913 -81
589984 -87
590005 -87
590079 -89
590105 -88
590181 -80
590205 -80
590284 -87
590310 -87
590417 -89
590600 -87
590675 -88
590699 -88
590780 -80
590807 -80
590881 -87
590905 -87
590979 -89
591000 -88
591102 -80
591208 -86
591279 -88
591307 -88
591384 -79
591411 -80
591484 -87
591510 -87
591592 -89
591621 -88
591697 -80
591721 -80
591796 -87
591820 -87
591922 -89
591976 -80
592005 -80
592081 -87
592103 -87
592200 -89
592279 -80
592305 -80
592383 -87
592408 -87
592485 -89
592579 -80
592608 -80
592679 -86
592700 -86
592775 -87
592804 -89
592885 -80
592911 -80
592991 -87
593017 -87
593112 -89
593191 -80
593211 -80
593288 -86
593308 -87
593377 -88
593474 -80
593500 -79
593576 -87
593601 -86
593623 -87
593701 -88
593723 -88
593814 -80
593886 -87
593908 -87
594091 -80
594117 -80
594192 -87
594216 -87
594282 -89
594308 -89
594386 -80
594411 -80
594488 -87
594513 -87
594613 -89
594685 -79
594708 -80
594781 -87
594807 -87
594878 -89
594903 -88
594982 -80
595006 -79
595076 -86
595102 -87
595176 -88
595281 -80
595309 -80
595378 -87
595401 -87
595499 -88
595522 -89
595589 -80
595611 -80
595675 -87
595699 -87
595722 -87
595895 -80
595921 -80
595995 -87
596020 -87
596094 -88
596117 -88
596194 -83
596217 -84
596295 -92
596317 -89
596486 -82
596515 -83
596678 -83
596707 -82
596779 -84
596808 -82
596878 -87
596923 -87
596998 -85
597020 -81
597097 -76
597178 -83
597199 -83
597219 -82
597290 -69
597314 -87
597483 -91
597506 -86
597580 -77
