294551 -67
295552 -67
296556 -65
297565 -68
298570 -68
299575 -66
300583 -72
301583 -68
302585 -66
303589 -69
304597 -72
305600 -68
306607 -77
307616 -74
308619 -71
309625 -76
311635 -71
313647 -71
314652 -77
315660 -74
316662 -71
317663 -72
318667 -73
319671 -71
320674 -73
321678 -73
322688 -71
323698 -73
324697 -73
325702 -71
326708 -77
327712 -73
328721 -73
329725 -76
330724 -72
331730 -71
332732 -77
333740 -73
334742 -72
335746 -77
336753 -73
337757 -73
338765 -76
339772 -73
340775 -73
341776 -76
342777 -74
343779 -72
344786 -77
345792 -74
346795 -82
347796 -82
348805 -83
350815 -82
352830 -79
353833 -83
354844 -80
355846 -79
356851 -79
358862 -79
359865 -79
360875 -80
361873 -79
362879 -81
364889 -79
365893 -75
