138848 -61
139348 -58
139849 -60
140358 -61
140863 -59
141373 -61
141877 -61
142380 -59
142884 -61
143389 -62
143893 -59
144396 -61
144899 -62
145400 -59
145907 -59
146916 -61
147422 -59
147923 -61
148428 -61
148935 -59
149437 -63
149939 -63
150440 -64
150942 -66
151451 -66
151959 -63
152462 -65
152972 -66
153478 -63
153984 -65
154487 -70
154987 -63
155486 -66
155998 -66
156499 -63
157000 -65
158006 -66
158515 -63
159019 -67
159528 -69
160033 -64
160539 -68
161047 -66
161552 -67
162059 -69
162570 -66
163075 -67
163578 -69
164086 -66
164592 -67
165095 -69
165598 -66
166101 -67
166609 -67
167114 -69
167619 -66
168125 -68
168628 -69
169133 -69
169638 -67
170137 -67
170641 -66
171146 -67
171646 -67
172153 -66
172659 -67
173159 -67
173663 -66
174166 -67
174671 -67
175173 -66
175682 -67
176191 -67
176696 -66
177205 -66
177706 -67
178205 -67
178708 -66
179211 -66
179716 -70
180222 -67
180732 -69
181232 -68
181742 -65
182242 -68
182748 -69
183257 -70
183761 -68
184264 -69
184767 -70
185272 -68
185773 -69
186275 -66
186784 -68
187288 -68
187798 -66
188298 -68
188804 -68
189304 -69
189806 -69
190306 -69
190812 -71
191321 -70
191827 -72
192331 -74
192836 -70
193338 -73
193847 -74
194356 -70
194864 -73
195369 -74
195874 -70
196377 -72
196885 -74
197394 -70
197898 -72
198403 -72
198906 -74
199416 -71
199921 -72
200426 -81
200930 -70
201436 -77
201942 -74
202454 -75
202962 -76
203469 -74
203979 -75
204484 -76
204985 -74
205488 -75
205991 -76
206494 -74
208011 -76
208510 -74
209016 -75
209521 -76
210024 -71
210535 -77
