28616 -63
29123 -61
29623 -62
30126 -65
30630 -68
31133 -62
31635 -65
32145 -63
32649 -63
33151 -65
33656 -64
34159 -63
34666 -65
35671 -63
36177 -65
36689 -67
37189 -63
37690 -65
38199 -65
38703 -63
39208 -65
39708 -68
40217 -69
41232 -70
41737 -69
42243 -68
42744 -71
43254 -69
43755 -68
44255 -71
44760 -69
45269 -68
45773 -71
46282 -69
46784 -68
47283 -71
47788 -69
48292 -69
48799 -68
49299 -71
49804 -71
50303 -68
50810 -70
51319 -69
51822 -69
52324 -70
52833 -69
53339 -67
53848 -70
54357 -68
54865 -67
55373 -70
55875 -69
56382 -68
56883 -70
57389 -69
57899 -69
58407 -67
58911 -71
59419 -79
59921 -69
60422 -70
60928 -71
61431 -68
61933 -69
62440 -71
62943 -68
63448 -69
63955 -71
64463 -68
64970 -69
65474 -71
65979 -68
66485 -68
66994 -68
67501 -72
68010 -68
68517 -68
69026 -72
69531 -68
70032 -71
70541 -69
71042 -70
71543 -77
72045 -72
72550 -70
73054 -73
73566 -71
74074 -70
74575 -73
75084 -71
75586 -70
76090 -72
77098 -71
77600 -70
78105 -73
78612 -71
79113 -70
79619 -71
80129 -74
80630 -75
81138 -77
81648 -76
82148 -73
82647 -78
83158 -76
83666 -74
84173 -78
84675 -76
85179 -74
85680 -77
86190 -77
86698 -76
87205 -74
87708 -77
88218 -76
88723 -74
89231 -77
89743 -81
90249 -69
90756 -75
91258 -77
91761 -74
92264 -74
92770 -75
93273 -76
93772 -74
94280 -75
94785 -78
95289 -74
95794 -74
96296 -76
96796 -77
97299 -74
97809 -76
98811 -74
99318 -75
99826 -81
