168347 -57
168847 -57
169358 -56
169859 -56
170358 -59
170867 -57
171369 -57
171876 -60
172386 -57
172894 -58
173402 -61
173914 -62
175428 -61
175930 -59
176433 -60
176941 -60
177445 -59
177950 -59
178453 -61
178962 -66
179467 -61
179973 -63
180482 -65
180983 -64
181492 -66
181995 -66
182497 -64
182999 -66
183508 -66
184011 -64
184512 -66
185531 -66
186040 -64
186543 -66
187054 -66
187558 -64
188064 -66
188576 -66
189079 -64
189578 -67
190084 -66
190593 -68
191100 -68
191611 -66
193630 -66
194132 -68
194634 -70
195146 -66
195648 -68
196156 -69
196660 -70
197159 -68
197667 -69
198173 -70
198678 -69
199178 -70
199682 -69
200189 -67
200691 -71
201203 -68
201703 -70
202209 -70
203725 -71
204230 -71
204741 -67
205249 -71
205748 -71
206251 -67
206756 -71
207259 -72
207768 -69
208277 -71
208779 -72
209288 -67
209794 -68
210294 -73
210798 -69
211306 -70
211807 -72
212313 -67
213828 -71
214333 -70
214832 -70
215332 -71
215834 -67
216336 -70
216842 -71
217351 -72
217855 -70
218360 -70
219379 -71
219887 -79
220392 -71
220896 -72
221398 -78
221908 -72
222407 -75
222907 -78
224926 -78
225430 -72
225932 -74
226434 -77
226944 -72
227451 -74
227955 -77
228463 -72
228970 -74
229475 -83
229982 -76
230484 -79
230985 -76
231489 -76
231992 -78
232495 -77
233004 -74
235030 -74
235533 -76
236037 -78
237041 -76
237548 -78
238056 -74
238558 -76
239063 -78
239566 -75
240075 -79
