40812 -69
46370 -66
46872 -68
47376 -76
47884 -66
48389 -68
48890 -76
49395 -67
50399 -77
50909 -72
51416 -72
57976 -71
58482 -81
58992 -71
59497 -73
60002 -81
60508 -72
61011 -76
67571 -84
68072 -81
68581 -72
69089 -84
69598 -81
70100 -73
70607 -84
71114 -83
71617 -82
77669 -76
78177 -76
78680 -79
79182 -76
79686 -77
80191 -78
80693 -76
81198 -79
81703 -75
82204 -79
82711 -73
83214 -76
89768 -77
90270 -79
90779 -72
91287 -76
91790 -76
92298 -77
92800 -80
93301 -84
93812 -78
100376 -77
100878 -85
101386 -85
101888 -80
102393 -84
102893 -80
103402 -81
103906 -87
104406 -82
104912 -81
110970 -81
111476 -82
