-44
-43
-43
-47
-46
-43
-48
-47
-41
-47
-43
-47
-41
-43
-40
-51
-48
-43
-45
-48
-46
-47
-40
-45
-43
-46
-44
-46
-40
-42
-45
-40
-43
-43
-42
-47
-52
-46
-45
-42
-47
-40
-46
-48
-47
-40
-44
-42
-48
-51
-40
-41
-46
-44
-46
-40
-46
-47
-46
-48
-48
-42
-48
-47
-42
-43
-41
-49
-46
-43
-45
-43
-47
-49
-48
-50
-41
-45
-43
-44
-46
-50
-55
-54
-45
-46
-49
-47
-52
-53
-54
-58
-58
-49
-49
-52
-49
-50
-48
-49
-57
-56
-52
-46
-46
-49
-51
-50
-51
-53
-53
-55
-51
-50
-50
-48
-45
-45
-46
-51
-46
-55
-53
-56
-55
-52
-53
-56
-59
-55
-55
-57
-53
-53
-53
-59
-59
-61
-57
-50
-55
-54
-55
-57
-60
-56
-57
-57
-74
-63
-73
-58
-64
-63
-55
-51
-62
-49
-56
-56
-50
-53
-51
-51
-52
-49
-52
-50
-47
-49
-51
-53
-53
-51
-55
-55
-53
-53
-53
-54
-50
-49
-47
-47
-46
-45
-45
-45
-46
-47
-52
-48
-47
-51
-46
-45
-46
-58
-47
-47
-47
-46
-43
-44
-47
-46
-48
-42
-46
-47
-47
-51
-54
-47
-49
-48
-47
-47
-44
-48
-44
-47
-46
-46
-47
-46
-44
-42
-46
-44
-45
-44
-45
-45
-45
-41
-42
-45
-45
-44
-45
-46
-43
-45
-44
-44
-43
-44
-44
-42
-40
-42
-42
-45
-42
-44
-44
-44
-43
-44
-45
-44
-44
-49
-40
-41
-44
-41
-44
-45
-42
-45
-45
-44
-44
-42
-44
-42
-42
-45
-43
-41
-42
-41
-42
-46
-40
-42
-45
-41
-44
-45
-44
-42
-44
-44
-45
-48
-44
-45
-44
-48
-45
-48
-44
-48
-45
-47
-46
-46
-45
-44
-47
-48
-46
-48
-44
-44
-45
-44
-43
-43
-47
-45
-50
-44
-45
-45
-45
-46
-49
-46
-47
-52
-47
-50
-54
-55
-55
-48
-50
-46
-44
-44
-46
-50
-47
-51
-43
-43
-42
-44
-41
-43
-44
-45
-51
-44
-44
-45
-45
-47
-47
-47
-47
-46
-53
-47
-49
-47
-47
-50
-50
-53
-55
-56
-58
-56
-57
-49
-67
-49
-53
-48
-45
-46
-53
-54
-55
-55
-56
-58
-65
-54
-51
-49
-46
-50
-50
-48
-44
-48
-45
-44
-47
-43
-43
-45
-42
-46
-41
-41
-42
-43
-44
-47
-44
-45
-44
-46
-45
-44
-46
-45
-42
-44
-46
-44
-46
-45
-43
-43
-44
-46
-43
-47
-45
-46
-51
-46
-45
-45
-44
-46
-45
-45
-46
-45
-44
-45
-44
-44
-45
-45
-47
-44
-44
-45
-44
-46
-44
-44
-45
-47
-44
-45
-44
-43
-49
-46
-46
-45
-46
-44
-43
-45
-44
-44
-45
-45
-51
-45
-46
-44
-46
-47
-47
-48
-45
-46
-47
-45
-46
-45
-44
-48
-47
-48
-44
-48
-52
-45
-49
-47
-45
-47
-46
-45
-47
-46
-44
-45
-47
-49
-45
-46
-47
-52
-46
-45
-46
-46
-44
-49
-45
-48
-44
-51
-48
-44
-48
-47
-48
-44
-47
-44
-46
-47
-44
-44
-51
-44
-48
-47
-47
-45
-47
-48
-47
-46
-46
-46
-44
-52
-46
-46
-46
-48
-45
-46
-51
-45
-47
-48
-46
-46
-45
-48
-48
-47
-45
-46
-55
-47
-47
-47
-47
-44
-45
-44
-48
-47
-47
-47
-47
-57
-46
-48
-46
-47
-48
-45
-50
-49
-51
-46
-47
-48
-48
-48
-48
-49
-54
-46
-49
-48
-50
-58
-50
-47
-49
-47
-47
-49
-47
-46
-47
-47
-46
-49
-48
-47
-47
-51
-46
-48
-50
-47
-48
-47
-47
-47
-48
-46
-46
-47
-47
-45
-49
-48
-48
-47
-57
-47
-51
-51
-49
-45
-49
-47
-46
-54
-46
-47
-54
-49
-49
-45
-47
-46
-48
-45
-46
-47
-45
-46
-47
-46
-48
-47
-54
-48
-48
-49
-46
-49
-46
-45
-47
-48
-47
-45
-44
-50
-46
-55
-45
-45
-45
-45
-47
-46
-49
-48
-44
-46
-47
-47
-49
-50
-45
-46
-48
-45
-48
-47
-48
-48
-44
-45
-48
-45
-47
-48
-46
-48
-48
-45
-47
-48
-45
-46
-45
-45
-48
-45
-48
-46
-48
-48
-46
-45
-47
-48
-47
-45
-46
-48
-47
-46
-45
-45
-48
-48
-46
-48
-48
-45
-47
-47
-46
-48
-48
-55
-47
-45
-46
-45
-46
-48
-45
-45
-54
-46
-48
-46
-49
-45
-47
-46
-45
-48
-45
-46
-48
-48
-48
-51
-48
-47
-45
-47
-47
-48
-46
-46
-45
-46
-45
-46
-50
-48
-45
-48
-49
-47
-47
-48
-48
-48
-48
-45
-47
-45
-46
-46
-44
-45
-45
-48
-45
-44
-46
-47
-46
-47
-47
-47
-48
-47
-45
-55
-45
-45
-47
-45
-48
-47
-45
-49
-44
-46
-47
-46
-45
-46
-48
-47
-47
-48
-46
-47
-48
-46
-46
-46
-51
-48
-44
-45
-46
-48
-46
-46
-47
-47
-46
-48
-47
-45
-44
-44
-47
-48
-47
-47
-48
-48
-46
-48
-48
-48
-51
-48
-48
-50
-50
-50
-57
-47
-48
-49
-50
-53
-52
-53
-54
-52
-55
-48
-48
-53
-48
-53
-54
-52
-50
-50
-54
-58
-51
-52
-53
-56
-50
-52
-49
-49
-57
-51
-62
-58
-51
-62
-50
-53
-62
-61
-49
-50
-50
-50
-58
-57
-57
-54
-50
-52
-62
-51
-50
-51
-50
-50
-61
-60
-49
-49
-58
-55
-49
-50
-50
-60
-59
-49
-48
-49
-60
-48
-52
-57
-48
-55
-47
-47
-57
-49
-48
-48
-52
-47
-56
-48
-51
-49
-49
-50
-48
-49
-50
-49
-57
-48
-47
-52
-49
-59
-49
-47
-48
-49
-57
-50
-53
-49
-58
-49
-48
-48
-58
-48
-55
-47
-47
-58
-47
-49
-47
-49
-47