-58
-65
-55
-58
-62
-57
-51
-52
-58
-55
-55
-57
-55
-57
-53
-53
-58
-59
-57
-60
-60
-55
-53
-59
-55
-66
-58
-53
-66
-57
-55
-56
-58
-57
-54
-59
-59
-59
-53
-64
-52
-62
-56
-54
-56
-53
-53
-53
-56
-57
-57
-66
-58
-51
-55
-57
-73
-62
-53
-60
-58
-53
-55
-59
-58
-61
-53
-53
-55
-56
-54
-57
-66
-56
-51
-60
-55
-58
-56
-53
-56
-50
-47
-47
-56
-62
-55
-61
-58
-60
-67
-46
-61
-48
-51
-50
-61
-51
-70
-63
-52
-48
-47
-60
-66
-53
-54
-55
-54
-51
-53
-50
-53
-55
-55
-56
-53
-59
-56
-60
-53
-55
-52
-47
-57
-53
-51
-46
-45
-47
-47
-61
-60
-53
-55
-52
-58
-46
-46
-49
-60
-48
-64
-62
-64
-53
-57
-62
-58
-64
-59
-62
-69
-52
-45
-73
-51
-45
-48
-52
-61
-73
-48
-48
-44
-70
-48
-59
-59
-46
-48
-62
-57
-47
-55
-53
-62
-50
-47
-57
-45
-61
-61
-45
-47
-51
-58
-60
-53
-58
-61
-61
-48
-47
-53
-55
-62
-58
-56
-54
-55
-46
-45
-55
-52
-47
-49
-47
-58
-55
-47
-62
-50
-48
-60
-51
-55
-62
-54
-60
-46
-46
-56
-55
-70
-58
-54
-69
-67
-51
-50
-49
-67
-46
-64
-55
-65
-48
-45
-56
-46
-45
-48
-58
-61
-58
-52
-52
-55
-57
-57
-52
-63
-56
-67
-51
-58
-52
-53
-67
-54
-53
-53
-54
-63
-64
-56
-55
-57
-54
-55
-58
-55
-62
-62
-63
-53
-54
-53
-58
-59
-53
-55
-69
-60
-60
-64
-55
-76
-55
-56
-55
-62
-70
-59
-59
-59
-66
-64
-54
-54
-67
-54
-58
-58
-59
-66
-69
-63
-62
-60
-64
-64
-58
-70
-81
-62
-68
-61
-63
-57
-64
-63
-58
-58
-56
-55
-60
-58
-56
-56
-55
-58
-56
-61
-60
-55
-56
-60
-61
-55
-53
-54
-56
-54
-56
-61
-61
-53
-61
-59
-55
-59
-61
-61
-60
-53
-61
-61
-55
-62
-56
-62
-55
-55
-61
-62
-55
-61
-61
-60
-59
-53
-61
-56
-60
-54
-61
-61
-59
-60
-61
-61
-54
-57
-62
-61
-53
-61
-53
-52
-56
-61
-53
-52
-59
-57
-60
-53
-62
-55
-63
-59
-58
-58
-65
-58
-62
-64
-66
-70
-63
-61
-61
-64
-68
-61
-62
-62
-64
-62
-63
-61
-64
-62
-64
-57
-63
-70
-65
-63
-64
-63
-64
-61
-61
-77
-66
-60
-64
-63
-59
-57
-61
-61
-52
-51
-50
-49
-49
-48
-47
-48
-47
-48
-44
-45
-48
-49
-43
-44
-47
-45
-46
-45
-43
-43
-43
-44
-43
-44
-43
-39
-38
-39
-42
-40
-44
-43
-45
-46
-53
-45
-44
-51
-59
-51
-45
-49
-48
-46
-45
-47
-49
-47
-45
-42
-44
-40
-42
-47
-47
-44
-45
-48
-44
-60
-50
-53
-45
-49
-52
-53
-61
-58
-54
-55
-58
-59
-55
-52
-57
-60
-49
-62
-64
-50
-52
-63
-47
-48
-61
-66
-61
-60
-51
-61
-47
-54
-62
-52
-67
-48
-47
-61
-75
-54
-54
-56
-51
-51
-49
-72
-52
-55
-55
-55
-56
-65
-47
-52
-64
-64
-65
-65
-62
-61
-66
-68
-71
-61
-56
-51
-61
-69
-47
-72
-58
-79
-55
-46
-83
-51
-47
-58
-52
-86
-82
-56
-47
-48
-61
-85
-70
-52
-75
-60
-55
-68
-54
-59
-77
-56
-49
-66
-46
-66
-47
-58
-64
-56
-60
-58
-50
-59
-56
-59
-46
-58
-48
-63
-59
-48
-50
-48
-61
-52
-60
-62
-56
-62
-46
-45
-46
-60
-56
-59
-48
-54
-45
-58
-54
-45
-58
-58
-51
-57
-58
-57
-48
-57
-56
-56
-58
-58
-49
-53
-47
-54
-44
-54
-44
-53
-43
-57
-51
-48
-50
-51
-51
-54
-44
-45
-52
-49
-50
-46
-54
-53
-46
-46
-46
-50
-52
-44
-60
-60
-57
-52
-57
-66
-45
-45
-47
-54
-62
-55
-59
-58
-62
-58
-49
-45
-59
-63
-60
-72
-61
-58
-47
-46
-42
-40
-41
-38
-39
-38
-44
-37
-38
-39
-38
-36
-40
-36
-33
-32
-42
-38
-31
-37
-32
-32
-35
-35
-33
-32
-33
-32
-33
-34
-33
-34
-32
-32
-32
-31
-31
-32
-30
-29
-30
-30
-29
-29
-29
-28
-28
-28
-29
-30
-27
-26
-29
-26
-28
-28
-27
-30
-29
-30
-27
-28
-31
-27
-27
-28
-28
-30
-29
-27
-28
-27
-26
-26
-28
-29
-29
-30
-26
-29
-30
-27
-30
-29
-29
-28
-29
-27
-27
-27
-29
-27
-27
-26
-28
-32
-30
-29
-29
-28
-27
-28
-29
-27
-26
-27
-27
-28
-30
-29
-29
-27
-29
-28
-27
-27
-27
-30
-30
-29
-27
-31
-28
-26
-31
-27
-27
-27
-29
-31
-31
-31
-30
-28
-32
-32
-38
-29
-32
-32
-36
-37
-40
-34
-39
-35
-36
-39
-45
-37
-44
-46
-45
-45
-45
-46
-51
-49
-50
-43
-44
-40
-41
-43
-44
-45
-47
-46
-47
-48
-49
-50
-50
-51
-52
-54
-54
-54
-55
-57
-63
-53
-52
-55
-55
-52
-65
-57
-52
-63
-53
-59
-52
-57
-54
-55
-55
-52
-53
-56
-55
-53
-54
-54
-56
-52
-60
-53
-54
-52
-54
-52
-53
-56
-57
-54
-60
-56
-53
-52
-57
-54
-56
-54
-52
-52
-51
-54
-52
-53
-57
-54
-59
-53
-52
-52
-51
-54
-53
-52
-52
-51
-57
-56
-52
-53
-52
-53
-53
-53
-52
-52
-52
-53
-52
-52
-54
-53
-52
-54
-53
-53
-52
-53
-57
-52
-54
-58
-53
-53
-51
-51
-56
-53
-51
-52
-52
-53
-51
-52
-56
-52
-54
-51
-55
-53
-52
-51
-52
-52
-53
-53
-53
-51
-51
-52
-53
-52
-53
-52
-51
-51
-55
-53
-52
-52
-55
-52
-51
-54
-54
-50
-51
-51
-51
-53
-50
-53
-51
-52
-54
-51
-51
-50
-52
-52
-50
-52
-51
-53
-52
-52
-55
-50
-50
-57
-50
-51
-51
-52
-53
-52
-50
-51
-51
-52
-52
-50
-52
-52
-50
-52
-50
-51
-51
-55
-52
-52
-52
-51
-51
-50
-51
-52
-52
-53
-52
-50
-55
-55
-52
-52
-52
-51
-53
-52
-53
-55
-51
-52
-51
-52
-51
-53
-52
-53
-51
-52
-50
-50
-52
-53
-52
-52
-50
-53
-52
-50
-52
-53
-52
-50
-53
-52
-54
-55
-51
-50
-52
-51
-51
-51
-52
-52
-50
-50
-55
-50
-51
-52
-51
-52
-52
-52
-52
-51
-58
-51
-50
-53
-51
-52
-50
-49
-49
-50
-50
-51
-54
-52
-52
-50
-51
-50
-50
-52
-50
-50
-51
-52
-51
-60
-50
-51
-53
-51
-50
-52
-54
-51
-50
-50
-54
-51
-52
-51
-51
-52
-59
-50
-54
-50
-50
-50
-50
-50
-53
-52
-51
-50
-52
-52
-51
-54
-52
-51
-51
-52
-50
-52
-52
-52
-50
-54
-50
-51
-52
-50
-50
-51
-49
-52
-50
-57
-50
-51
-52
-52
-50
-50
-50
-53
-50
-53
-50
-53
-52
-53
-51
-51
-51
-50
-52
-50
-50
-53
-52
-53
-51
-52
-51
-50
-51
-51
-53
-53
-52
-51
-52
-53
-51
-54
-51
-53
-50
-52
-53
-51
-50
-52
-51
-51
-52
-50
-50
-52
-51
-52
-50
-52
-51
-52
-52
-52
-52
-51
-54
-54
-52
-51
-52
-52
-54
-51
-53
-52
-52
-54
-52
-51
-53
-51
-51
-51
-52
-53
-54
-55
-54
-52
-51
-54
-52
-54
-51
-51
-52
-52
-52
-52
-51
-54
-54
-52
-51
-51
-55
-52
-51
-51
-51
-51
-53
-53
-53
-51
-51
-52
-53
-51
-52
-55
-52
-53
-52
-52
-52
-52
-53
-53
-54
-54
-53
-51
-52
-52
-53
-55
-54
-52
-50
-53
-51
-52
-53
-52
-51
-54
-53
-52
-53
-51
-53
-54
-51
-51
-52
-52
-53
-52
-51
-53
-52
-54
-52
-54
-55
-52
-52
-53
-52
-53
-51
-51
-53
-52
-52
-51
-54
-52
-51
-53
-53
-52
-52
-52
-53
-53
-52
-51
-54
-53
-53
-50
-52
-53
-53
-52
-53
-52
-54
-51
-52
-51
-53
-52
-51
-52
-51
-53
-53
-52
-54
-51
-55
-52
-54
-53
-52
-53
-54
-52
-53
-54
-54
-53
-54
-53
-54
-52
-55
-51
-51
-54
-51
-54
-53
-51
-51
-53
-52
-50
-51
-51
-54
-51
-50
-50
-51
-51
-50
-51
-50
-53
-53
-52
-53
-50
-50
-50
-53
-50
-58
-53
-52
-52
-50
-50
-51
-51
-49
-51
-52
-51
-50
-52
-51
-52
-51
-51
-54
-50
-52
-53
-53
-52
-54
-52
-53
-51
-53
-51
-52
-55
-55
-51
-51
-55
-53
-52
-51
-52
-53
-53
-52
-53
-56
-54
-53
-55
-56
-54
-54
-56
-53
-52
-54
-53
-52
-52
-56
-56
-54
-53
-52
-53
-53
-51
-52
-52
-53
-51
-52
-54
-52
-56
-52
-53
-54
-52
-53
-52
-52
-55
-52
-52
-52
-54
-52
-54
-53
-52
-54
-52
-52
-53
-56
-53
-53
-53
-54
-54
-54
-52
-52
-52
-52
-55
-52
-55
-54
-53
-52
-55
-54
-54
-52
-54
-57
-55
-55
-53
-54
-52
-54
-52
-55
-54
-55
-54
-54
-53
-52
-54
-56
-54
-52
-53
-54
-54
-54
-52
-52
-54
-53
-52
-55
-52
-54
-53
-52
-53
-52
-55
-53
-52
-53
-54
-53
-54
-55
-55
-54
-52
-52
-52
-55
-54
-52
-53
-52
-55
-52
-54
-56
-52
-52
-54
-56
-57
-55
-56
-53
-53
-52
-54
-55
-53
-56
-53
-52
-54
-54
-52
-53
-52
-53
-53
-52
-54
-52
-54
-52
-52
-53
-54
-52
-51
-52
-53
-52
-53
-54
-52
-55
-53
-50
-53
-55
-52
-53
-50
-51
-52
-51
-54
-51
-53
-52
-51
-52
-54
-53
-53
-54
-51
-51
-50
-54
-53
-52
-54
-55
-52
-52
-53
-53
-53
-52
-55
-57
-53
-52
-54
-54
-53
-52
-53
-55
-54
-53
-53
-54
-53
-52
-52
-55
-54
-56
-55
-54
-55
-55
-62
-62
-53
-55
-55
-57
-57
-53
-53
-54
-56
-54
-55
-53
-53
-55
-53
-52
-56
-54
-55
-54
-55
-55
-53
-55
-53
-52
-53
-56
-52
-55
-53
-54
-53
-54
-56
-55
-54
-53
-53
-54
-57
-56
-53
-52
-54
-57
-53
-53
-54
-55
-55
-53
-55
-56
-56
-55
-54
-54
-53
-53
-56
-54
-53
-53
-53
-54
-53
-55
-54
-56
-55
-52
-53
-55
-55
-54
-53
-55
-54
-57
-53
-55
-57
-55
-53
-54
-56
-56
-55
-55
-54
-58
-57
-57
-55
-55
-54
-54
-61
-54
-60
-55
-60
-57
-56
-53
-54
-54
-56
-54
-57
-58
-58
-55
-55
-57
-53
-55
-55
-55
-54
-59
-55
-56
-54
-54
-55
-55
-55
-63
-59
-56
-56
-57
-57
-58
-55
-59
-62
-56
-57
-55
-55
-57
-57
-53
-52
-52
-51
-53
-53
-49
-49
-50
-50
-52
-51
-50
-50
-49
-49
-52
-48
-51
-51
-53
-47
-44
-45
-46
-50
-46
-40
-46
-63
-69
-50
-46
-44
-46
-46
-41
-41
-52
-53
-60
-62
-46
-42
-40
-39
-45
-43
-40
-39
-40
-45
-41
-40
-35
-33
-35
-38
-44
-48
-43
-43
-43
-42
-44
-44
-43
-41
-44
-41
-42
-39
-42
-42
