21685 -63
22438 -62
23191 -63
23943 -62
24696 -63
25452 -62
26204 -63
26956 -62
27712 -63
28470 -65
29220 -63
29975 -67
30733 -63
31488 -63
32240 -67
33000 -69
33753 -67
34508 -69
35265 -66
36025 -69
36775 -66
37527 -69
38279 -67
39038 -69
39796 -66
40552 -71
41304 -66
42058 -73
42819 -75
43574 -73
44333 -71
45089 -72
45850 -69
46601 -73
47363 -69
48120 -73
48873 -69
49625 -73
50384 -69
51140 -73
51902 -71
52658 -71
53415 -71
54168 -72
54921 -70
55672 -72
56427 -71
57186 -72
58696 -72
59453 -71
60207 -72
60958 -71
61710 -73
62469 -75
63227 -72
63982 -74
64739 -71
65493 -74
66253 -70
67002 -74
67755 -69
68512 -74
69265 -69
70018 -74
70771 -69
71525 -75
72285 -74
73038 -79
73792 -74
74548 -79
75304 -74
76061 -80
76820 -73
77575 -80
78335 -74
79090 -79
79841 -73
80596 -81
81352 -79
82104 -80
82857 -77
83608 -77
84363 -77
85118 -80
85868 -80
86619 -81
87372 -79
88124 -84
88875 -80
89628 -86
90380 -81
91131 -87
91886 -80
92645 -76
93398 -79
94159 -75
