368677 -67
368934 -63
369192 -59
369445 -58
369694 -61
369952 -60
370202 -61
370457 -66
370708 -62
370965 -59
371217 -60
371474 -61
371733 -61
371993 -64
372250 -62
372506 -63
372761 -62
373015 -61
373271 -62
373531 -62
373788 -67
374039 -67
374292 -60
374551 -60
374801 -61
375058 -62
375315 -62
375570 -62
375825 -62
376077 -61
376330 -61
376586 -62
376839 -62
377093 -62
377350 -62
377604 -62
377856 -61
378115 -62
378370 -63
378622 -64
378875 -65
379129 -66
379383 -63
379633 -65
379890 -67
380148 -69
380408 -69
380668 -68
380922 -72
381176 -65
381433 -65
381683 -68
381939 -67
382446 -66
382705 -66
382957 -65
383217 -65
383471 -68
383728 -67
383981 -66
384236 -66
384493 -65
384752 -65
385005 -65
385255 -68
385515 -68
385773 -67
386029 -71
386287 -65
386541 -65
386791 -68
387041 -68
387300 -68
387560 -69
387820 -66
388077 -65
388327 -65
388583 -69
389092 -73
389343 -70
389599 -67
389856 -68
390115 -69
390371 -75
390621 -74
390876 -65
391130 -65
391383 -69
391638 -69
391893 -73
392144 -73
392651 -67
392911 -71
393168 -69
393426 -69
393676 -73
393929 -72
394187 -65
394444 -64
394695 -69
395201 -68
395457 -72
395711 -72
395966 -69
396223 -66
396478 -69
396730 -69
396981 -73
397239 -73
397492 -70
397748 -65
398007 -65
398259 -69
398518 -69
398777 -74
399036 -74
399296 -80
399553 -78
399809 -66
400063 -69
400317 -69
400572 -68
400831 -68
401088 -68
401345 -68
401594 -70
401851 -70
402104 -70
402355 -67
402615 -67
402874 -69
403127 -69
403376 -71
403629 -71
404133 -68
404392 -68
404644 -69
404894 -70
405151 -70
405409 -70
405659 -67
405916 -67
406177 -69
406431 -69
406684 -71
406942 -71
407194 -68
407447 -68
407952 -68
408208 -68
408459 -71
408713 -69
408964 -72
409224 -72
409479 -71
409735 -69
409987 -72
410243 -72
410496 -70
410750 -69
411005 -69
411264 -67
411523 -69
411778 -69
412035 -69
412285 -70
412536 -70
412794 -69
413051 -68
413309 -67
413568 -70
413823 -70
414075 -69
414327 -69
414587 -71
414838 -70
415091 -70
415351 -70
415601 -70
415860 -69
416120 -69
416373 -67
416629 -69
416886 -70
417145 -70
417396 -70
417649 -70
417902 -70
418155 -67
418410 -72
418664 -71
418916 -68
419173 -72
419424 -75
419680 -72
419931 -76
420184 -70
420438 -71
420692 -77
420945 -78
421457 -73
421716 -73
421975 -78
422229 -78
422479 -77
422736 -77
422990 -74
423242 -74
423496 -78
423752 -78
424003 -78
424259 -77
424517 -77
424772 -73
425022 -73
425274 -79
425528 -78
425781 -77
426037 -77
426293 -73
426544 -73
426802 -73
427056 -78
427315 -78
427565 -77
427819 -77
428079 -73
428330 -73
428583 -79
428838 -78
429097 -77
429350 -75
429601 -73
429858 -76
430375 -76
430628 -79
430886 -72
431141 -73
431401 -74
431915 -74
432169 -76
432423 -76
432677 -72
432932 -72
433192 -74
433449 -74
433708 -74
433966 -77
434226 -77
434478 -72
434730 -72
434982 -75
435235 -75
435494 -76
436002 -76
436258 -72
436513 -72
436771 -75
437026 -75
437281 -77
437533 -77
437791 -73
438310 -72
438568 -75
438825 -75
439079 -77
439332 -77
439586 -73
439841 -72
440094 -77
440346 -89
440599 -85
