61621 -69
61723 -70
61828 -71
61929 -69
62039 -66
62141 -73
62250 -74
62352 -70
62453 -73
62563 -73
62666 -68
62774 -72
62876 -71
62986 -69
63092 -73
63204 -70
63302 -74
63410 -70
63515 -68
63623 -73
63730 -71
63836 -69
63937 -73
64042 -72
64144 -71
64251 -73
64357 -71
64463 -69
64564 -73
64674 -72
64783 -69
64884 -73
64989 -74
65201 -74
65309 -69
65414 -72
65521 -73
65630 -69
65729 -71
65837 -73
65940 -69
66041 -70
66147 -72
66256 -68
66363 -72
66469 -72
66572 -67
66675 -71
66777 -72
66883 -67
66990 -73
67093 -72
67297 -73
67405 -72
67505 -73
67607 -69
67708 -67
67807 -73
67914 -69
68024 -66
68125 -71
68227 -70
68336 -69
68439 -70
68547 -69
68653 -68
68759 -71
68870 -71
68975 -71
69077 -71
69180 -72
69284 -69
69389 -73
69597 -68
69703 -71
69810 -68
69916 -73
70020 -72
70123 -72
70221 -73
70332 -72
70439 -69
70538 -74
70643 -71
70750 -68
70848 -73
70950 -71
71052 -69
71155 -74
71256 -71
71357 -69
71457 -73
71559 -71
71667 -69
71776 -72
71884 -70
71988 -75
72091 -75
72200 -72
72300 -77
72408 -80
72514 -90
72619 -79
72720 -85
72925 -81
73028 -80
73133 -78
73235 -81
73340 -78
73449 -76
73551 -79
73662 -77
73768 -75
73870 -79
73975 -76
74083 -75
74190 -79
74291 -76
74610 -75
74715 -80
74822 -77
74924 -75
75024 -80
75128 -77
75235 -75
75341 -79
75450 -77
75552 -75
75660 -79
75770 -77
75877 -75
75980 -79
76082 -77
76189 -75
76289 -79
76398 -77
76500 -79
76603 -77
76707 -75
76813 -79
76916 -78
77018 -75
77123 -79
77228 -77
77330 -75
77436 -79
77541 -77
77651 -75
77749 -79
77860 -77
77970 -75
78077 -79
78291 -75
78399 -77
78507 -75
78610 -79
78720 -77
78825 -75
78923 -80
79032 -77
79143 -75
79244 -80
79349 -77
79454 -75
79558 -80
79660 -77
79765 -75
79867 -80
79971 -77
80075 -75
80177 -79
80382 -75
80482 -80
80692 -75
80792 -80
80894 -77
81002 -79
81110 -77
81212 -75
81320 -80
81422 -76
81532 -75
81639 -82
81750 -74
81854 -79
81959 -84
82061 -76
82169 -79
82271 -82
82375 -83
82475 -81
82575 -75
82676 -75
82782 -80
82886 -77
82990 -80
83096 -77
83196 -77
83300 -77
83401 -77
83506 -80
83611 -75
83714 -79
83817 -82
83918 -75
84018 -79
84125 -83
84233 -74
84341 -79
84446 -83
84552 -75
84652 -79
84757 -83
84864 -74
84964 -80
85073 -83
85176 -75
85285 -80
85389 -82
85493 -74
85591 -80
85701 -74
85805 -80
85907 -81
86017 -74
86120 -80
86226 -81
86332 -74
86437 -80
86542 -82
86649 -74
86757 -80
86865 -82
86974 -74
87078 -80
87187 -83
87289 -74
87395 -79
87497 -82
87703 -83
87813 -74
87920 -80
88024 -83
88134 -74
88237 -80
88341 -83
88449 -74
88548 -80
88659 -83
88864 -80
88970 -83
89080 -74
89179 -80
89290 -84
89397 -74
89505 -83
89712 -80
89814 -84
89916 -74
90017 -80
90125 -83
90226 -74
90333 -80
90443 -83
90552 -74
90660 -80
90761 -83
90866 -74
90971 -80
91080 -83
91187 -74
91286 -80
91393 -83
91495 -74
91595 -80
91697 -83
91805 -79
91915 -80
92023 -77
92123 -75
92228 -74
92332 -78
92435 -79
92544 -74
92655 -77
92763 -75
92873 -75
92978 -72
93076 -77
93185 -75
93287 -75
93390 -75
93495 -77
93708 -77
93817 -79
93917 -75
94019 -77
94127 -79
94235 -75
94341 -78
94452 -79
94553 -76
94664 -78
94774 -78
94878 -76
94980 -77
95086 -78
95195 -76
95296 -77
95400 -76
95509 -78
95611 -78
95717 -76
95825 -78
95926 -79
96032 -76
96136 -79
96241 -79
96344 -76
96453 -78
96554 -80
96654 -76
96762 -79
96863 -80
96961 -76
97068 -79
97170 -80
97269 -76
97376 -79
97480 -81
97581 -76
97685 -79
97895 -76
98004 -80
98107 -76
98209 -79
98311 -80
98412 -76
98518 -79
98728 -76
98830 -79
98937 -80
99037 -76
99140 -79
99243 -80
99342 -76
99447 -78
99556 -80
99660 -76
99870 -80
99969 -76
100072 -79
100181 -80
100283 -76
100387 -79
100493 -79
100601 -79
100706 -79
100812 -76
100913 -79
101019 -79
101121 -76
101225 -79
101327 -78
101427 -76
101535 -78
101637 -79
101741 -76
101847 -77
101955 -80
102055 -80
102158 -76
102261 -80
102367 -77
102473 -77
102583 -75
102681 -79
102792 -76
102893 -76
103001 -77
103111 -75
103210 -80
103319 -78
103423 -75
103523 -81
103630 -79
103737 -75
103837 -82
103940 -80
104048 -75
104149 -82
104254 -80
104360 -75
104460 -82
104562 -80
104672 -75
104775 -82
104885 -80
104987 -75
105089 -82
105198 -80
105404 -81
105511 -75
105617 -82
105722 -81
105827 -75
105933 -82
106043 -81
106155 -75
106256 -83
106357 -81
106463 -75
106568 -83
106678 -81
106785 -75
106893 -83
107003 -75
107109 -83
107215 -81
107324 -75
107425 -82
107528 -80
107637 -75
107744 -82
107854 -80
107958 -75
108058 -82
108162 -80
108264 -75
108373 -82
108480 -80
108584 -75
108683 -82
108789 -80
108892 -75
109000 -80
109108 -75
109207 -83
109314 -81
109418 -75
109527 -83
109840 -82
109946 -81
110048 -75
110151 -82
110258 -80
110362 -75
110460 -82
110568 -80
110672 -75
110780 -82
110886 -80
110997 -75
111104 -80
111208 -75
111313 -82
111421 -81
111527 -75
111631 -83
111738 -81
111846 -79
111950 -82
112051 -81
112162 -82
112265 -83
112370 -78
112473 -82
112578 -81
112681 -83
112788 -81
112890 -80
112996 -78
113099 -83
113204 -80
113312 -87
113415 -84
113519 -83
113625 -83
113731 -86
113948 -80
114268 -79
114374 -90
114581 -80
114680 -88
114894 -80
115097 -90
115204 -88
115410 -80
115515 -89
115727 -80
115829 -89
116039 -80
116246 -91
116355 -80
116668 -79
116980 -79
117289 -79
117805 -77
117910 -84
118015 -82
118121 -77
118223 -85
118333 -83
118439 -77
118540 -86
118641 -83
118750 -77
118855 -87
118959 -85
119062 -77
119165 -87
119273 -85
119383 -78
119590 -85
119697 -78
119802 -85
119904 -78
120008 -89
120112 -85
120221 -77
120329 -87
120434 -85
120541 -78
120750 -84
120857 -78
120960 -88
121070 -85
121174 -78
121277 -90
121385 -84
121487 -78
121589 -89
121691 -85
121902 -88
122006 -79
122316 -84
122416 -82
122521 -81
122625 -89
122731 -87
122840 -84
122944 -81
123046 -81
123266 -84
123373 -86
123481 -85
123584 -90
123692 -81
124001 -83
124212 -83
124323 -84
124529 -84
124633 -84
124848 -83
124952 -84
125056 -90
125158 -84
125264 -84
125367 -90
125472 -84
125582 -84
125686 -91
125786 -84
125890 -84
126000 -84
126106 -84
126208 -89
126314 -84
126419 -85
126524 -89
126624 -84
126726 -85
126832 -91
126935 -83
127037 -85
127138 -91
127239 -83
127552 -83
127661 -86
127864 -83
127973 -85
128178 -83
128288 -85
128397 -94
128500 -85
128707 -83
128816 -86
128916 -92
129019 -83
129124 -86
129227 -92
129333 -83
129440 -86
129551 -91
129658 -83
129765 -85
129977 -84
130079 -85
130189 -91
130291 -84
130398 -85
130601 -85
130708 -91
130815 -84
130917 -85
131023 -91
131125 -83
131233 -86
131338 -89
131446 -84
131555 -86
131659 -89
131762 -84
131873 -86
131974 -89
132076 -84
132179 -85
132283 -88
132386 -84
132490 -79
132700 -73
132802 -80
133117 -82
