236270 -71
236777 -68
237289 -77
237795 -71
238298 -70
238809 -71
239309 -72
239815 -71
240319 -72
240819 -72
241322 -71
241829 -71
242330 -72
242831 -70
243340 -71
243841 -72
244347 -70
244858 -71
245362 -72
245862 -70
246877 -71
247386 -72
247890 -70
248400 -72
248900 -72
249409 -70
249912 -72
250417 -72
250926 -70
251430 -71
251937 -71
252437 -70
252942 -72
253444 -71
253947 -70
254961 -71
255463 -70
255971 -71
256970 -70
257475 -70
257984 -71
258489 -71
258995 -70
259500 -71
260002 -71
260503 -70
261012 -71
261517 -71
262022 -70
262533 -71
263036 -70
263541 -70
264046 -71
264553 -71
265054 -70
265560 -72
266061 -71
266563 -70
267070 -71
267571 -71
268079 -71
268580 -75
269083 -77
269587 -74
270093 -76
270601 -79
271103 -73
271610 -76
272115 -77
272624 -73
273129 -77
273637 -76
274137 -72
274643 -76
275148 -76
275650 -72
276152 -76
276656 -77
277164 -72
277665 -76
278675 -77
279182 -73
280194 -76
280694 -72
281200 -77
281704 -76
282208 -73
283213 -76
283717 -73
284220 -77
284732 -76
285232 -72
285737 -77
286243 -76
286743 -73
287250 -77
287751 -76
288259 -73
288762 -77
289271 -76
289770 -73
290270 -77
290777 -77
291284 -75
291791 -72
292297 -77
292808 -76
293310 -73
293813 -77
295336 -77
295842 -76
296348 -72
296853 -77
297357 -77
297865 -77
298370 -86
298877 -80
299387 -86
299886 -80
300394 -79
300900 -87
301404 -79
301908 -79
302412 -89
302914 -79
303416 -79
303925 -88
304433 -79
304942 -80
305454 -89
305956 -79
306458 -79
306965 -88
307467 -79
307976 -79
308478 -79
308984 -87
309484 -79
309984 -79
310488 -88
310991 -79
311493 -79
312004 -86
313014 -79
313519 -86
314026 -81
314529 -79
315035 -88
315543 -80
316050 -79
316555 -86
317059 -80
317567 -79
318574 -87
319074 -80
319579 -79
320089 -88
320595 -80
321104 -79
321610 -87
322118 -80
322621 -80
323131 -87
323634 -80
324141 -79
324646 -86
325149 -79
325656 -80
326166 -87
326668 -80
327175 -80
327684 -80
328193 -81
328693 -82
329198 -82
330208 -77
330716 -80
331225 -82
331733 -77
332237 -82
333754 -82
334256 -82
334761 -77
335268 -81
336280 -84
336782 -76
337283 -81
337792 -84
338294 -77
338796 -82
339305 -84
339814 -77
340318 -82
340825 -82
341330 -78
341835 -81
342342 -81
342845 -79
343348 -81
343859 -81
344359 -78
344859 -81
345367 -81
345867 -78
346370 -81
347373 -81
347880 -78
348379 -81
348890 -82
349391 -78
349899 -81
350408 -81
350912 -78
351416 -81
351918 -81
352425 -78
352933 -80
353441 -81
353943 -78
354451 -80
354958 -80
355459 -78
355959 -80
356467 -80
356977 -81
357482 -77
