291550 -73
292053 -75
292561 -73
293068 -75
293577 -76
294080 -73
294580 -76
295084 -76
296097 -74
296599 -77
297105 -76
297609 -74
298113 -77
298615 -77
299125 -74
299629 -77
300131 -77
300638 -74
301141 -77
301643 -77
302153 -74
302657 -77
303161 -77
303663 -74
304167 -77
304675 -77
305186 -74
305687 -78
306196 -78
306702 -77
307212 -74
307721 -78
308223 -77
308734 -74
309241 -78
309747 -77
310255 -74
310760 -77
311265 -77
311768 -75
312273 -77
312782 -77
313290 -74
313794 -75
314300 -77
314802 -77
315311 -74
315812 -77
316321 -77
316825 -75
317325 -77
317824 -77
318333 -75
318834 -76
319335 -77
319843 -75
320346 -76
320845 -77
321351 -75
321858 -76
322364 -77
322872 -76
323377 -75
323884 -72
