405781 -67
406290 -67
406791 -65
407299 -65
407807 -69
408315 -66
408816 -67
409317 -68
409821 -65
410325 -65
410829 -69
411339 -65
411839 -65
412343 -68
412845 -70
413349 -65
413853 -67
414357 -66
414864 -64
415373 -68
415880 -66
416379 -66
416881 -73
417897 -76
418404 -70
418906 -80
419412 -75
419913 -71
420421 -76
420930 -75
421431 -71
421933 -76
422435 -75
422940 -70
423448 -77
423958 -75
424466 -70
424974 -77
425477 -76
425983 -70
426991 -77
427498 -71
428003 -73
429016 -73
429520 -70
430021 -73
430527 -73
431033 -70
431536 -73
432043 -73
432548 -69
433056 -72
433564 -71
434068 -70
434569 -72
435079 -72
435585 -69
436087 -73
436590 -73
437091 -70
437594 -70
438099 -72
438609 -74
439114 -72
439619 -72
440123 -77
440625 -72
441133 -73
442145 -71
442646 -72
443156 -75
443663 -72
444166 -71
444673 -75
445172 -72
445674 -72
446183 -75
446692 -72
447195 -73
447698 -75
448205 -73
448710 -73
449212 -76
449723 -73
450224 -74
450729 -76
451235 -73
451738 -72
452240 -75
452745 -72
453249 -73
453751 -75
454254 -73
454761 -73
455266 -76
455778 -73
456283 -73
456786 -83
457294 -79
457804 -78
458307 -77
458815 -80
459318 -82
459826 -80
460329 -83
460835 -84
461335 -79
461843 -85
462345 -80
462848 -80
463348 -84
463856 -82
464364 -78
464869 -85
465371 -81
466383 -84
466889 -80
467396 -80
467898 -83
468404 -81
468906 -82
469414 -81
469915 -78
470426 -82
470932 -78
471437 -79
471940 -82
472446 -79
472954 -79
473464 -82
473970 -78
474475 -79
474986 -83
475495 -83
476003 -76
476505 -76
477015 -79
