187349 -72
187855 -69
188358 -70
188861 -69
189365 -68
189873 -69
190382 -71
190885 -71
191390 -68
191891 -71
192393 -71
192898 -69
193400 -71
194415 -69
194920 -71
195420 -71
195927 -69
196430 -71
196936 -71
197440 -69
197942 -72
198447 -71
198954 -72
199455 -71
199954 -71
200458 -69
200965 -71
201471 -71
201977 -68
202482 -69
202981 -71
203481 -71
203992 -68
204496 -71
204998 -71
205503 -68
206005 -71
206511 -71
207019 -68
207521 -71
208024 -71
208527 -68
209035 -71
209537 -71
210041 -70
210541 -71
211048 -71
211551 -68
212057 -71
212559 -72
213063 -69
213564 -71
214068 -72
214571 -68
215076 -71
215583 -71
216082 -72
216585 -68
217088 -71
218099 -72
218603 -71
219104 -71
219606 -69
220106 -71
220606 -71
221114 -68
221624 -71
222131 -71
222637 -69
223138 -71
223645 -71
224150 -69
224653 -72
225157 -71
225663 -69
226171 -71
226675 -71
227687 -72
228193 -71
228698 -71
229206 -69
229708 -71
230213 -71
230716 -69
231218 -72
231725 -71
232230 -68
232737 -72
233242 -71
233751 -69
234257 -72
234759 -71
235263 -69
235764 -72
236270 -71
236776 -69
237282 -69
237782 -72
238288 -71
238796 -69
239296 -71
239804 -71
240313 -69
240821 -72
241322 -71
241827 -69
242331 -72
242838 -72
243345 -69
243846 -72
244347 -72
244857 -69
245362 -72
245862 -71
246374 -69
246878 -72
247378 -71
247885 -71
248389 -68
248893 -70
249395 -78
249904 -77
250411 -75
250911 -82
251417 -77
251926 -76
252427 -79
252933 -78
253436 -77
253939 -82
254447 -78
254955 -77
255463 -82
255970 -78
256478 -77
256984 -77
257492 -81
258001 -78
258509 -77
259011 -81
259520 -78
260021 -77
260524 -81
261028 -78
261533 -77
262546 -78
263053 -77
263554 -82
264058 -79
264565 -77
265075 -82
265580 -78
266088 -78
266593 -76
267101 -82
267605 -78
268614 -82
269123 -78
270132 -82
270642 -78
271144 -77
272151 -79
272656 -76
273160 -82
273664 -78
274671 -82
275175 -78
275682 -78
276191 -76
276696 -82
277205 -78
277708 -76
278210 -82
278714 -78
279216 -76
279719 -82
280221 -78
280727 -76
281230 -82
281734 -78
282242 -76
282750 -82
283258 -78
283767 -76
284268 -82
284774 -78
285274 -76
285779 -82
286793 -79
287302 -76
287809 -82
288315 -79
288819 -77
289322 -83
289828 -79
290332 -77
290836 -82
291343 -80
291843 -77
292343 -82
292855 -78
293356 -77
294370 -78
294874 -77
295374 -81
296387 -79
296893 -77
297396 -81
297899 -79
298402 -77
298908 -81
299415 -79
299922 -77
300424 -82
300932 -79
301432 -77
301940 -81
302446 -79
302953 -78
303455 -80
303961 -79
304469 -78
304968 -81
305472 -79
305975 -77
306484 -78
306984 -81
307486 -79
307986 -77
308492 -81
309001 -80
309506 -78
310014 -79
310517 -79
311019 -88
311525 -78
312036 -79
312543 -77
313051 -86
313557 -78
314063 -79
314565 -89
315068 -78
315568 -78
316575 -80
317074 -77
317581 -77
318088 -85
318594 -80
319100 -77
319602 -85
320106 -80
320608 -76
321112 -84
321615 -80
322116 -76
322621 -84
323130 -80
323632 -77
324136 -85
324640 -80
325143 -77
325650 -84
326156 -80
326662 -76
327164 -83
327666 -81
328169 -77
328676 -83
329181 -83
329691 -81
330193 -76
330695 -82
331198 -81
331707 -76
332209 -83
332717 -80
333218 -77
333719 -83
334228 -81
334728 -77
335234 -84
335736 -80
336244 -77
336752 -85
337263 -81
337766 -77
338269 -86
338772 -79
339275 -78
339779 -86
340283 -86
340790 -79
341292 -77
341801 -86
342312 -80
342818 -77
343322 -85
343832 -80
344340 -77
344845 -86
345350 -81
345850 -77
346352 -84
346864 -81
347369 -77
347869 -83
348375 -81
348875 -76
349375 -83
349876 -81
350377 -76
350878 -83
351386 -84
351890 -81
352399 -76
352898 -84
353409 -80
353913 -77
354416 -84
354925 -80
355430 -77
355929 -85
356433 -80
356934 -77
357443 -85
357945 -80
358447 -77
358955 -84
359465 -81
359970 -77
360478 -85
361486 -78
361988 -77
362488 -85
362995 -79
363500 -77
364006 -85
364512 -79
365017 -77
365526 -85
366034 -79
367035 -85
367538 -80
368044 -76
368548 -85
369052 -79
370574 -83
371082 -85
371589 -87
372094 -86
372598 -82
373102 -82
373604 -84
374113 -86
374617 -83
375623 -85
376123 -83
376631 -86
377143 -86
377650 -83
378159 -85
378662 -86
379163 -83
379669 -85
380176 -86
380678 -83
381187 -82
381694 -86
382202 -85
382701 -83
383205 -86
383713 -86
384215 -83
384721 -85
385228 -85
385729 -82
386234 -85
386744 -85
387250 -82
387759 -86
388262 -86
388765 -82
389267 -85
389771 -86
390279 -84
390783 -84
391291 -87
391802 -87
392307 -83
392810 -87
393321 -86
393825 -82
394834 -87
395343 -83
395846 -87
396350 -86
396857 -83
397363 -87
397867 -87
398370 -83
399383 -87
399889 -87
400393 -83
400894 -88
401908 -83
402410 -87
402921 -87
403422 -83
403928 -89
404431 -88
404931 -83
405436 -87
405943 -88
406451 -83
406953 -87
407461 -88
407969 -83
408473 -89
409489 -88
409993 -84
411000 -89
411507 -85
413022 -84
413529 -90
414039 -89
414540 -84
415046 -90
415550 -89
416059 -84
416558 -88
417061 -86
417570 -84
418076 -89
418581 -89
419089 -86
419591 -84
420601 -87
421101 -84
422114 -86
422624 -84
423125 -89
423630 -87
424637 -88
425139 -86
425642 -84
426652 -88
427155 -83
427655 -89
428163 -88
428665 -83
429169 -91
429677 -85
