1661306 -64
1661809 -67
1662312 -68
1662815 -65
1663315 -67
1663825 -66
1664328 -64
1664828 -66
1665338 -66
1665839 -64
1666343 -68
1666848 -69
1667356 -66
1667863 -69
1668370 -68
1668870 -66
1669371 -69
1669877 -69
1670376 -66
1670879 -68
1671381 -68
1671888 -66
1672393 -70
1672896 -71
1673402 -69
1673902 -72
1674402 -74
1674906 -71
1675413 -70
1675917 -73
1676424 -71
1676928 -71
1677437 -73
1677944 -71
1678453 -71
1678954 -73
1679458 -71
1679959 -71
1680463 -73
1680973 -72
1681478 -70
1681979 -72
1682485 -71
1682984 -71
1683487 -76
1683993 -78
1684497 -74
1684999 -73
1686011 -78
1686512 -73
1687016 -78
1687518 -78
1688018 -73
1688525 -78
1689035 -78
1689534 -73
1690035 -78
1690541 -78
1691043 -73
1691543 -78
1692545 -73
1693051 -81
1693557 -84
1694058 -76
1694559 -81
1695065 -78
1695572 -74
1696082 -89
1696587 -77
1697095 -77
1697601 -75
1698110 -87
1698616 -77
1699117 -75
1699622 -87
1700131 -77
1700638 -75
1701143 -87
1701650 -77
